Removed Pin From Net: NetName=GND Pin=C18-1
Removed Pin From Net: NetName=+24 Pin=C18-2
Removed Pin From Net: NetName=+24 Pin=C19-1
Removed Pin From Net: NetName=GND Pin=C19-2
Removed Pin From Net: NetName=GND Pin=C20-1
Removed Pin From Net: NetName=+12_1 Pin=C20-2
Removed Pin From Net: NetName=GND Pin=C22-1
Removed Pin From Net: NetName=+24 Pin=C22-2
Removed Pin From Net: NetName=+24 Pin=C23-1
Removed Pin From Net: NetName=GND Pin=C23-2
Removed Pin From Net: NetName=GND Pin=C24-1
Removed Pin From Net: NetName=+12_2 Pin=C24-2
Removed Pin From Net: NetName=GND Pin=C27-1
Removed Pin From Net: NetName=+24 Pin=C27-2
Removed Pin From Net: NetName=+24 Pin=C28-1
Removed Pin From Net: NetName=GND Pin=C28-2
Removed Pin From Net: NetName=GND Pin=C29-1
Removed Pin From Net: NetName=+12_3 Pin=C29-2
Removed Pin From Net: NetName=GND Pin=C31-1
Removed Pin From Net: NetName=+24 Pin=C31-2
Removed Pin From Net: NetName=+24 Pin=C32-1
Removed Pin From Net: NetName=GND Pin=C32-2
Removed Pin From Net: NetName=GND Pin=C33-1
Removed Pin From Net: NetName=+12_4 Pin=C33-2
Removed Pin From Net: NetName=GND Pin=D23-2
Removed Pin From Net: NetName=GND Pin=D24-2
Removed Pin From Net: NetName=GND Pin=D25-2
Removed Pin From Net: NetName=GND Pin=D26-2
Removed Pin From Net: NetName=+12_1 Pin=L3-2
Removed Pin From Net: NetName=+12_2 Pin=L4-2
Removed Pin From Net: NetName=+12_3 Pin=L5-2
Removed Pin From Net: NetName=+12_4 Pin=L6-2
Removed Pin From Net: NetName=+24 Pin=U13-1
Removed Pin From Net: NetName=GND Pin=U13-3
Removed Pin From Net: NetName=+12_1 Pin=U13-4
Removed Pin From Net: NetName=GND Pin=U13-5
Removed Pin From Net: NetName=GND Pin=U13-6
Removed Pin From Net: NetName=+24 Pin=U14-1
Removed Pin From Net: NetName=GND Pin=U14-3
Removed Pin From Net: NetName=+12_2 Pin=U14-4
Removed Pin From Net: NetName=GND Pin=U14-5
Removed Pin From Net: NetName=GND Pin=U14-6
Removed Pin From Net: NetName=+24 Pin=U15-1
Removed Pin From Net: NetName=GND Pin=U15-3
Removed Pin From Net: NetName=+12_3 Pin=U15-4
Removed Pin From Net: NetName=GND Pin=U15-5
Removed Pin From Net: NetName=GND Pin=U15-6
Removed Pin From Net: NetName=+24 Pin=U16-1
Removed Pin From Net: NetName=GND Pin=U16-3
Removed Pin From Net: NetName=+12_4 Pin=U16-4
Removed Pin From Net: NetName=GND Pin=U16-5
Removed Pin From Net: NetName=GND Pin=U16-6
Removed Member From Class: ClassName=Power Member=C18
Removed Member From Class: ClassName=Power Member=C19
Removed Member From Class: ClassName=Power Member=C20
Removed Member From Class: ClassName=Power Member=C22
Removed Member From Class: ClassName=Power Member=C23
Removed Member From Class: ClassName=Power Member=C24
Removed Member From Class: ClassName=Power Member=C27
Removed Member From Class: ClassName=Power Member=C28
Removed Member From Class: ClassName=Power Member=C29
Removed Member From Class: ClassName=Power Member=C31
Removed Member From Class: ClassName=Power Member=C32
Removed Member From Class: ClassName=Power Member=C33
Removed Member From Class: ClassName=Power Member=D23
Removed Member From Class: ClassName=Power Member=D24
Removed Member From Class: ClassName=Power Member=D25
Removed Member From Class: ClassName=Power Member=D26
Removed Member From Class: ClassName=Power Member=L3
Removed Member From Class: ClassName=Power Member=L4
Removed Member From Class: ClassName=Power Member=L5
Removed Member From Class: ClassName=Power Member=L6
Removed Member From Class: ClassName=Power Member=U13
Removed Member From Class: ClassName=Power Member=U14
Removed Member From Class: ClassName=Power Member=U15
Removed Member From Class: ClassName=Power Member=U16
Added Member To Class: ClassName=Motor_Drivers Member=Component J4 61300511121
