ARM GAS  /var/folders/8x/_y6g3dfs0698dfd49y4vcg_w0000gn/T//ccI0psBN.s 			page 1


   1              		.cpu cortex-m4
   2              		.arch armv7e-m
   3              		.fpu fpv4-sp-d16
   4              		.eabi_attribute 27, 1
   5              		.eabi_attribute 28, 1
   6              		.eabi_attribute 20, 1
   7              		.eabi_attribute 21, 1
   8              		.eabi_attribute 23, 3
   9              		.eabi_attribute 24, 1
  10              		.eabi_attribute 25, 1
  11              		.eabi_attribute 26, 1
  12              		.eabi_attribute 30, 1
  13              		.eabi_attribute 34, 1
  14              		.eabi_attribute 18, 4
  15              		.file	"gpio.c"
  16              		.text
  17              	.Ltext0:
  18              		.cfi_sections	.debug_frame
  19              		.file 1 "Core/Src/gpio.c"
  20              		.section	.text.MX_GPIO_Init,"ax",%progbits
  21              		.align	1
  22              		.global	MX_GPIO_Init
  23              		.syntax unified
  24              		.thumb
  25              		.thumb_func
  27              	MX_GPIO_Init:
  28              	.LFB134:
   1:Core/Src/gpio.c **** /* USER CODE BEGIN Header */
   2:Core/Src/gpio.c **** /**
   3:Core/Src/gpio.c ****   ******************************************************************************
   4:Core/Src/gpio.c ****   * @file    gpio.c
   5:Core/Src/gpio.c ****   * @brief   This file provides code for the configuration
   6:Core/Src/gpio.c ****   *          of all used GPIO pins.
   7:Core/Src/gpio.c ****   ******************************************************************************
   8:Core/Src/gpio.c ****   * @attention
   9:Core/Src/gpio.c ****   *
  10:Core/Src/gpio.c ****   * Copyright (c) 2025 STMicroelectronics.
  11:Core/Src/gpio.c ****   * All rights reserved.
  12:Core/Src/gpio.c ****   *
  13:Core/Src/gpio.c ****   * This software is licensed under terms that can be found in the LICENSE file
  14:Core/Src/gpio.c ****   * in the root directory of this software component.
  15:Core/Src/gpio.c ****   * If no LICENSE file comes with this software, it is provided AS-IS.
  16:Core/Src/gpio.c ****   *
  17:Core/Src/gpio.c ****   ******************************************************************************
  18:Core/Src/gpio.c ****   */
  19:Core/Src/gpio.c **** /* USER CODE END Header */
  20:Core/Src/gpio.c **** 
  21:Core/Src/gpio.c **** /* Includes ------------------------------------------------------------------*/
  22:Core/Src/gpio.c **** #include "gpio.h"
  23:Core/Src/gpio.c **** 
  24:Core/Src/gpio.c **** /* USER CODE BEGIN 0 */
  25:Core/Src/gpio.c **** 
  26:Core/Src/gpio.c **** /* USER CODE END 0 */
  27:Core/Src/gpio.c **** 
  28:Core/Src/gpio.c **** /*----------------------------------------------------------------------------*/
  29:Core/Src/gpio.c **** /* Configure GPIO                                                             */
  30:Core/Src/gpio.c **** /*----------------------------------------------------------------------------*/
ARM GAS  /var/folders/8x/_y6g3dfs0698dfd49y4vcg_w0000gn/T//ccI0psBN.s 			page 2


  31:Core/Src/gpio.c **** /* USER CODE BEGIN 1 */
  32:Core/Src/gpio.c **** 
  33:Core/Src/gpio.c **** /* USER CODE END 1 */
  34:Core/Src/gpio.c **** 
  35:Core/Src/gpio.c **** /** Configure pins as
  36:Core/Src/gpio.c ****         * Analog
  37:Core/Src/gpio.c ****         * Input
  38:Core/Src/gpio.c ****         * Output
  39:Core/Src/gpio.c ****         * EVENT_OUT
  40:Core/Src/gpio.c ****         * EXTI
  41:Core/Src/gpio.c ****      PC3   ------> I2S2_SD
  42:Core/Src/gpio.c ****      PB10   ------> I2S2_CK
  43:Core/Src/gpio.c **** */
  44:Core/Src/gpio.c **** void MX_GPIO_Init(void)
  45:Core/Src/gpio.c **** {
  29              		.loc 1 45 1 view -0
  30              		.cfi_startproc
  31              		@ args = 0, pretend = 0, frame = 48
  32              		@ frame_needed = 0, uses_anonymous_args = 0
  33 0000 2DE9F04F 		push	{r4, r5, r6, r7, r8, r9, r10, fp, lr}
  34              	.LCFI0:
  35              		.cfi_def_cfa_offset 36
  36              		.cfi_offset 4, -36
  37              		.cfi_offset 5, -32
  38              		.cfi_offset 6, -28
  39              		.cfi_offset 7, -24
  40              		.cfi_offset 8, -20
  41              		.cfi_offset 9, -16
  42              		.cfi_offset 10, -12
  43              		.cfi_offset 11, -8
  44              		.cfi_offset 14, -4
  45 0004 8DB0     		sub	sp, sp, #52
  46              	.LCFI1:
  47              		.cfi_def_cfa_offset 88
  46:Core/Src/gpio.c **** 
  47:Core/Src/gpio.c ****   GPIO_InitTypeDef GPIO_InitStruct = {0};
  48              		.loc 1 47 3 view .LVU1
  49              		.loc 1 47 20 is_stmt 0 view .LVU2
  50 0006 0024     		movs	r4, #0
  51 0008 0794     		str	r4, [sp, #28]
  52 000a 0894     		str	r4, [sp, #32]
  53 000c 0994     		str	r4, [sp, #36]
  54 000e 0A94     		str	r4, [sp, #40]
  55 0010 0B94     		str	r4, [sp, #44]
  48:Core/Src/gpio.c **** 
  49:Core/Src/gpio.c ****   /* GPIO Ports Clock Enable */
  50:Core/Src/gpio.c ****   __HAL_RCC_GPIOE_CLK_ENABLE();
  56              		.loc 1 50 3 is_stmt 1 view .LVU3
  57              	.LBB2:
  58              		.loc 1 50 3 view .LVU4
  59 0012 0194     		str	r4, [sp, #4]
  60              		.loc 1 50 3 view .LVU5
  61 0014 564B     		ldr	r3, .L3
  62 0016 1A6B     		ldr	r2, [r3, #48]
  63 0018 42F01002 		orr	r2, r2, #16
  64 001c 1A63     		str	r2, [r3, #48]
  65              		.loc 1 50 3 view .LVU6
ARM GAS  /var/folders/8x/_y6g3dfs0698dfd49y4vcg_w0000gn/T//ccI0psBN.s 			page 3


  66 001e 1A6B     		ldr	r2, [r3, #48]
  67 0020 02F01002 		and	r2, r2, #16
  68 0024 0192     		str	r2, [sp, #4]
  69              		.loc 1 50 3 view .LVU7
  70 0026 019A     		ldr	r2, [sp, #4]
  71              	.LBE2:
  72              		.loc 1 50 3 view .LVU8
  51:Core/Src/gpio.c ****   __HAL_RCC_GPIOC_CLK_ENABLE();
  73              		.loc 1 51 3 view .LVU9
  74              	.LBB3:
  75              		.loc 1 51 3 view .LVU10
  76 0028 0294     		str	r4, [sp, #8]
  77              		.loc 1 51 3 view .LVU11
  78 002a 1A6B     		ldr	r2, [r3, #48]
  79 002c 42F00402 		orr	r2, r2, #4
  80 0030 1A63     		str	r2, [r3, #48]
  81              		.loc 1 51 3 view .LVU12
  82 0032 1A6B     		ldr	r2, [r3, #48]
  83 0034 02F00402 		and	r2, r2, #4
  84 0038 0292     		str	r2, [sp, #8]
  85              		.loc 1 51 3 view .LVU13
  86 003a 029A     		ldr	r2, [sp, #8]
  87              	.LBE3:
  88              		.loc 1 51 3 view .LVU14
  52:Core/Src/gpio.c ****   __HAL_RCC_GPIOH_CLK_ENABLE();
  89              		.loc 1 52 3 view .LVU15
  90              	.LBB4:
  91              		.loc 1 52 3 view .LVU16
  92 003c 0394     		str	r4, [sp, #12]
  93              		.loc 1 52 3 view .LVU17
  94 003e 1A6B     		ldr	r2, [r3, #48]
  95 0040 42F08002 		orr	r2, r2, #128
  96 0044 1A63     		str	r2, [r3, #48]
  97              		.loc 1 52 3 view .LVU18
  98 0046 1A6B     		ldr	r2, [r3, #48]
  99 0048 02F08002 		and	r2, r2, #128
 100 004c 0392     		str	r2, [sp, #12]
 101              		.loc 1 52 3 view .LVU19
 102 004e 039A     		ldr	r2, [sp, #12]
 103              	.LBE4:
 104              		.loc 1 52 3 view .LVU20
  53:Core/Src/gpio.c ****   __HAL_RCC_GPIOA_CLK_ENABLE();
 105              		.loc 1 53 3 view .LVU21
 106              	.LBB5:
 107              		.loc 1 53 3 view .LVU22
 108 0050 0494     		str	r4, [sp, #16]
 109              		.loc 1 53 3 view .LVU23
 110 0052 1A6B     		ldr	r2, [r3, #48]
 111 0054 42F00102 		orr	r2, r2, #1
 112 0058 1A63     		str	r2, [r3, #48]
 113              		.loc 1 53 3 view .LVU24
 114 005a 1A6B     		ldr	r2, [r3, #48]
 115 005c 02F00102 		and	r2, r2, #1
 116 0060 0492     		str	r2, [sp, #16]
 117              		.loc 1 53 3 view .LVU25
 118 0062 049A     		ldr	r2, [sp, #16]
 119              	.LBE5:
ARM GAS  /var/folders/8x/_y6g3dfs0698dfd49y4vcg_w0000gn/T//ccI0psBN.s 			page 4


 120              		.loc 1 53 3 view .LVU26
  54:Core/Src/gpio.c ****   __HAL_RCC_GPIOB_CLK_ENABLE();
 121              		.loc 1 54 3 view .LVU27
 122              	.LBB6:
 123              		.loc 1 54 3 view .LVU28
 124 0064 0594     		str	r4, [sp, #20]
 125              		.loc 1 54 3 view .LVU29
 126 0066 1A6B     		ldr	r2, [r3, #48]
 127 0068 42F00202 		orr	r2, r2, #2
 128 006c 1A63     		str	r2, [r3, #48]
 129              		.loc 1 54 3 view .LVU30
 130 006e 1A6B     		ldr	r2, [r3, #48]
 131 0070 02F00202 		and	r2, r2, #2
 132 0074 0592     		str	r2, [sp, #20]
 133              		.loc 1 54 3 view .LVU31
 134 0076 059A     		ldr	r2, [sp, #20]
 135              	.LBE6:
 136              		.loc 1 54 3 view .LVU32
  55:Core/Src/gpio.c ****   __HAL_RCC_GPIOD_CLK_ENABLE();
 137              		.loc 1 55 3 view .LVU33
 138              	.LBB7:
 139              		.loc 1 55 3 view .LVU34
 140 0078 0694     		str	r4, [sp, #24]
 141              		.loc 1 55 3 view .LVU35
 142 007a 1A6B     		ldr	r2, [r3, #48]
 143 007c 42F00802 		orr	r2, r2, #8
 144 0080 1A63     		str	r2, [r3, #48]
 145              		.loc 1 55 3 view .LVU36
 146 0082 1B6B     		ldr	r3, [r3, #48]
 147 0084 03F00803 		and	r3, r3, #8
 148 0088 0693     		str	r3, [sp, #24]
 149              		.loc 1 55 3 view .LVU37
 150 008a 069B     		ldr	r3, [sp, #24]
 151              	.LBE7:
 152              		.loc 1 55 3 view .LVU38
  56:Core/Src/gpio.c **** 
  57:Core/Src/gpio.c ****   /*Configure GPIO pin Output Level */
  58:Core/Src/gpio.c ****   HAL_GPIO_WritePin(CS_I2C_SPI_GPIO_Port, CS_I2C_SPI_Pin, GPIO_PIN_RESET);
 153              		.loc 1 58 3 view .LVU39
 154 008c 394E     		ldr	r6, .L3+4
 155 008e 2246     		mov	r2, r4
 156 0090 0821     		movs	r1, #8
 157 0092 3046     		mov	r0, r6
 158 0094 FFF7FEFF 		bl	HAL_GPIO_WritePin
 159              	.LVL0:
  59:Core/Src/gpio.c **** 
  60:Core/Src/gpio.c ****   /*Configure GPIO pin Output Level */
  61:Core/Src/gpio.c ****   HAL_GPIO_WritePin(OTG_FS_PowerSwitchOn_GPIO_Port, OTG_FS_PowerSwitchOn_Pin, GPIO_PIN_SET);
 160              		.loc 1 61 3 view .LVU40
 161 0098 DFF8E090 		ldr	r9, .L3+12
 162 009c 0122     		movs	r2, #1
 163 009e 1146     		mov	r1, r2
 164 00a0 4846     		mov	r0, r9
 165 00a2 FFF7FEFF 		bl	HAL_GPIO_WritePin
 166              	.LVL1:
  62:Core/Src/gpio.c **** 
  63:Core/Src/gpio.c ****   /*Configure GPIO pin Output Level */
ARM GAS  /var/folders/8x/_y6g3dfs0698dfd49y4vcg_w0000gn/T//ccI0psBN.s 			page 5


  64:Core/Src/gpio.c ****   HAL_GPIO_WritePin(GPIOD, LED1_Pin|LED2_Pin|LED3_Pin|LED4_Pin
 167              		.loc 1 64 3 view .LVU41
 168 00a6 DFF8D880 		ldr	r8, .L3+16
 169 00aa 2246     		mov	r2, r4
 170 00ac 4FF21001 		movw	r1, #61456
 171 00b0 4046     		mov	r0, r8
 172 00b2 FFF7FEFF 		bl	HAL_GPIO_WritePin
 173              	.LVL2:
  65:Core/Src/gpio.c ****                           |Audio_RST_Pin, GPIO_PIN_RESET);
  66:Core/Src/gpio.c **** 
  67:Core/Src/gpio.c ****   /*Configure GPIO pin : CS_I2C_SPI_Pin */
  68:Core/Src/gpio.c ****   GPIO_InitStruct.Pin = CS_I2C_SPI_Pin;
 174              		.loc 1 68 3 view .LVU42
 175              		.loc 1 68 23 is_stmt 0 view .LVU43
 176 00b6 0827     		movs	r7, #8
 177 00b8 0797     		str	r7, [sp, #28]
  69:Core/Src/gpio.c ****   GPIO_InitStruct.Mode = GPIO_MODE_OUTPUT_PP;
 178              		.loc 1 69 3 is_stmt 1 view .LVU44
 179              		.loc 1 69 24 is_stmt 0 view .LVU45
 180 00ba 0125     		movs	r5, #1
 181 00bc 0895     		str	r5, [sp, #32]
  70:Core/Src/gpio.c ****   GPIO_InitStruct.Pull = GPIO_NOPULL;
 182              		.loc 1 70 3 is_stmt 1 view .LVU46
 183              		.loc 1 70 24 is_stmt 0 view .LVU47
 184 00be 0994     		str	r4, [sp, #36]
  71:Core/Src/gpio.c ****   GPIO_InitStruct.Speed = GPIO_SPEED_FREQ_LOW;
 185              		.loc 1 71 3 is_stmt 1 view .LVU48
 186              		.loc 1 71 25 is_stmt 0 view .LVU49
 187 00c0 0A94     		str	r4, [sp, #40]
  72:Core/Src/gpio.c ****   HAL_GPIO_Init(CS_I2C_SPI_GPIO_Port, &GPIO_InitStruct);
 188              		.loc 1 72 3 is_stmt 1 view .LVU50
 189 00c2 07A9     		add	r1, sp, #28
 190 00c4 3046     		mov	r0, r6
 191 00c6 FFF7FEFF 		bl	HAL_GPIO_Init
 192              	.LVL3:
  73:Core/Src/gpio.c **** 
  74:Core/Src/gpio.c ****   /*Configure GPIO pin : OTG_FS_PowerSwitchOn_Pin */
  75:Core/Src/gpio.c ****   GPIO_InitStruct.Pin = OTG_FS_PowerSwitchOn_Pin;
 193              		.loc 1 75 3 view .LVU51
 194              		.loc 1 75 23 is_stmt 0 view .LVU52
 195 00ca 0795     		str	r5, [sp, #28]
  76:Core/Src/gpio.c ****   GPIO_InitStruct.Mode = GPIO_MODE_OUTPUT_PP;
 196              		.loc 1 76 3 is_stmt 1 view .LVU53
 197              		.loc 1 76 24 is_stmt 0 view .LVU54
 198 00cc 0895     		str	r5, [sp, #32]
  77:Core/Src/gpio.c ****   GPIO_InitStruct.Pull = GPIO_NOPULL;
 199              		.loc 1 77 3 is_stmt 1 view .LVU55
 200              		.loc 1 77 24 is_stmt 0 view .LVU56
 201 00ce 0994     		str	r4, [sp, #36]
  78:Core/Src/gpio.c ****   GPIO_InitStruct.Speed = GPIO_SPEED_FREQ_LOW;
 202              		.loc 1 78 3 is_stmt 1 view .LVU57
 203              		.loc 1 78 25 is_stmt 0 view .LVU58
 204 00d0 0A94     		str	r4, [sp, #40]
  79:Core/Src/gpio.c ****   HAL_GPIO_Init(OTG_FS_PowerSwitchOn_GPIO_Port, &GPIO_InitStruct);
 205              		.loc 1 79 3 is_stmt 1 view .LVU59
 206 00d2 07A9     		add	r1, sp, #28
 207 00d4 4846     		mov	r0, r9
ARM GAS  /var/folders/8x/_y6g3dfs0698dfd49y4vcg_w0000gn/T//ccI0psBN.s 			page 6


 208 00d6 FFF7FEFF 		bl	HAL_GPIO_Init
 209              	.LVL4:
  80:Core/Src/gpio.c **** 
  81:Core/Src/gpio.c ****   /*Configure GPIO pin : PDM_OUT_Pin */
  82:Core/Src/gpio.c ****   GPIO_InitStruct.Pin = PDM_OUT_Pin;
 210              		.loc 1 82 3 view .LVU60
 211              		.loc 1 82 23 is_stmt 0 view .LVU61
 212 00da 0797     		str	r7, [sp, #28]
  83:Core/Src/gpio.c ****   GPIO_InitStruct.Mode = GPIO_MODE_AF_PP;
 213              		.loc 1 83 3 is_stmt 1 view .LVU62
 214              		.loc 1 83 24 is_stmt 0 view .LVU63
 215 00dc 0227     		movs	r7, #2
 216 00de 0897     		str	r7, [sp, #32]
  84:Core/Src/gpio.c ****   GPIO_InitStruct.Pull = GPIO_NOPULL;
 217              		.loc 1 84 3 is_stmt 1 view .LVU64
 218              		.loc 1 84 24 is_stmt 0 view .LVU65
 219 00e0 0994     		str	r4, [sp, #36]
  85:Core/Src/gpio.c ****   GPIO_InitStruct.Speed = GPIO_SPEED_FREQ_LOW;
 220              		.loc 1 85 3 is_stmt 1 view .LVU66
 221              		.loc 1 85 25 is_stmt 0 view .LVU67
 222 00e2 0A94     		str	r4, [sp, #40]
  86:Core/Src/gpio.c ****   GPIO_InitStruct.Alternate = GPIO_AF5_SPI2;
 223              		.loc 1 86 3 is_stmt 1 view .LVU68
 224              		.loc 1 86 29 is_stmt 0 view .LVU69
 225 00e4 4FF0050A 		mov	r10, #5
 226 00e8 CDF82CA0 		str	r10, [sp, #44]
  87:Core/Src/gpio.c ****   HAL_GPIO_Init(PDM_OUT_GPIO_Port, &GPIO_InitStruct);
 227              		.loc 1 87 3 is_stmt 1 view .LVU70
 228 00ec 07A9     		add	r1, sp, #28
 229 00ee 4846     		mov	r0, r9
 230 00f0 FFF7FEFF 		bl	HAL_GPIO_Init
 231              	.LVL5:
  88:Core/Src/gpio.c **** 
  89:Core/Src/gpio.c ****   /*Configure GPIO pin : B1_Pin */
  90:Core/Src/gpio.c ****   GPIO_InitStruct.Pin = B1_Pin;
 232              		.loc 1 90 3 view .LVU71
 233              		.loc 1 90 23 is_stmt 0 view .LVU72
 234 00f4 0795     		str	r5, [sp, #28]
  91:Core/Src/gpio.c ****   GPIO_InitStruct.Mode = GPIO_MODE_EVT_RISING;
 235              		.loc 1 91 3 is_stmt 1 view .LVU73
 236              		.loc 1 91 24 is_stmt 0 view .LVU74
 237 00f6 4FF49019 		mov	r9, #1179648
 238 00fa CDF82090 		str	r9, [sp, #32]
  92:Core/Src/gpio.c ****   GPIO_InitStruct.Pull = GPIO_NOPULL;
 239              		.loc 1 92 3 is_stmt 1 view .LVU75
 240              		.loc 1 92 24 is_stmt 0 view .LVU76
 241 00fe 0994     		str	r4, [sp, #36]
  93:Core/Src/gpio.c ****   HAL_GPIO_Init(B1_GPIO_Port, &GPIO_InitStruct);
 242              		.loc 1 93 3 is_stmt 1 view .LVU77
 243 0100 07A9     		add	r1, sp, #28
 244 0102 1D48     		ldr	r0, .L3+8
 245 0104 FFF7FEFF 		bl	HAL_GPIO_Init
 246              	.LVL6:
  94:Core/Src/gpio.c **** 
  95:Core/Src/gpio.c ****   /*Configure GPIO pin : BOOT1_Pin */
  96:Core/Src/gpio.c ****   GPIO_InitStruct.Pin = BOOT1_Pin;
 247              		.loc 1 96 3 view .LVU78
ARM GAS  /var/folders/8x/_y6g3dfs0698dfd49y4vcg_w0000gn/T//ccI0psBN.s 			page 7


 248              		.loc 1 96 23 is_stmt 0 view .LVU79
 249 0108 0423     		movs	r3, #4
 250 010a 0793     		str	r3, [sp, #28]
  97:Core/Src/gpio.c ****   GPIO_InitStruct.Mode = GPIO_MODE_INPUT;
 251              		.loc 1 97 3 is_stmt 1 view .LVU80
 252              		.loc 1 97 24 is_stmt 0 view .LVU81
 253 010c 0894     		str	r4, [sp, #32]
  98:Core/Src/gpio.c ****   GPIO_InitStruct.Pull = GPIO_NOPULL;
 254              		.loc 1 98 3 is_stmt 1 view .LVU82
 255              		.loc 1 98 24 is_stmt 0 view .LVU83
 256 010e 0994     		str	r4, [sp, #36]
  99:Core/Src/gpio.c ****   HAL_GPIO_Init(BOOT1_GPIO_Port, &GPIO_InitStruct);
 257              		.loc 1 99 3 is_stmt 1 view .LVU84
 258 0110 DFF870B0 		ldr	fp, .L3+20
 259 0114 07A9     		add	r1, sp, #28
 260 0116 5846     		mov	r0, fp
 261 0118 FFF7FEFF 		bl	HAL_GPIO_Init
 262              	.LVL7:
 100:Core/Src/gpio.c **** 
 101:Core/Src/gpio.c ****   /*Configure GPIO pin : CLK_IN_Pin */
 102:Core/Src/gpio.c ****   GPIO_InitStruct.Pin = CLK_IN_Pin;
 263              		.loc 1 102 3 view .LVU85
 264              		.loc 1 102 23 is_stmt 0 view .LVU86
 265 011c 4FF48063 		mov	r3, #1024
 266 0120 0793     		str	r3, [sp, #28]
 103:Core/Src/gpio.c ****   GPIO_InitStruct.Mode = GPIO_MODE_AF_PP;
 267              		.loc 1 103 3 is_stmt 1 view .LVU87
 268              		.loc 1 103 24 is_stmt 0 view .LVU88
 269 0122 0897     		str	r7, [sp, #32]
 104:Core/Src/gpio.c ****   GPIO_InitStruct.Pull = GPIO_NOPULL;
 270              		.loc 1 104 3 is_stmt 1 view .LVU89
 271              		.loc 1 104 24 is_stmt 0 view .LVU90
 272 0124 0994     		str	r4, [sp, #36]
 105:Core/Src/gpio.c ****   GPIO_InitStruct.Speed = GPIO_SPEED_FREQ_LOW;
 273              		.loc 1 105 3 is_stmt 1 view .LVU91
 274              		.loc 1 105 25 is_stmt 0 view .LVU92
 275 0126 0A94     		str	r4, [sp, #40]
 106:Core/Src/gpio.c ****   GPIO_InitStruct.Alternate = GPIO_AF5_SPI2;
 276              		.loc 1 106 3 is_stmt 1 view .LVU93
 277              		.loc 1 106 29 is_stmt 0 view .LVU94
 278 0128 CDF82CA0 		str	r10, [sp, #44]
 107:Core/Src/gpio.c ****   HAL_GPIO_Init(CLK_IN_GPIO_Port, &GPIO_InitStruct);
 279              		.loc 1 107 3 is_stmt 1 view .LVU95
 280 012c 07A9     		add	r1, sp, #28
 281 012e 5846     		mov	r0, fp
 282 0130 FFF7FEFF 		bl	HAL_GPIO_Init
 283              	.LVL8:
 108:Core/Src/gpio.c **** 
 109:Core/Src/gpio.c ****   /*Configure GPIO pins : LED1_Pin LED2_Pin LED3_Pin LED4_Pin
 110:Core/Src/gpio.c ****                            Audio_RST_Pin */
 111:Core/Src/gpio.c ****   GPIO_InitStruct.Pin = LED1_Pin|LED2_Pin|LED3_Pin|LED4_Pin
 284              		.loc 1 111 3 view .LVU96
 285              		.loc 1 111 23 is_stmt 0 view .LVU97
 286 0134 4FF21003 		movw	r3, #61456
 287 0138 0793     		str	r3, [sp, #28]
 112:Core/Src/gpio.c ****                           |Audio_RST_Pin;
 113:Core/Src/gpio.c ****   GPIO_InitStruct.Mode = GPIO_MODE_OUTPUT_PP;
ARM GAS  /var/folders/8x/_y6g3dfs0698dfd49y4vcg_w0000gn/T//ccI0psBN.s 			page 8


 288              		.loc 1 113 3 is_stmt 1 view .LVU98
 289              		.loc 1 113 24 is_stmt 0 view .LVU99
 290 013a 0895     		str	r5, [sp, #32]
 114:Core/Src/gpio.c ****   GPIO_InitStruct.Pull = GPIO_NOPULL;
 291              		.loc 1 114 3 is_stmt 1 view .LVU100
 292              		.loc 1 114 24 is_stmt 0 view .LVU101
 293 013c 0994     		str	r4, [sp, #36]
 115:Core/Src/gpio.c ****   GPIO_InitStruct.Speed = GPIO_SPEED_FREQ_LOW;
 294              		.loc 1 115 3 is_stmt 1 view .LVU102
 295              		.loc 1 115 25 is_stmt 0 view .LVU103
 296 013e 0A94     		str	r4, [sp, #40]
 116:Core/Src/gpio.c ****   HAL_GPIO_Init(GPIOD, &GPIO_InitStruct);
 297              		.loc 1 116 3 is_stmt 1 view .LVU104
 298 0140 07A9     		add	r1, sp, #28
 299 0142 4046     		mov	r0, r8
 300 0144 FFF7FEFF 		bl	HAL_GPIO_Init
 301              	.LVL9:
 117:Core/Src/gpio.c **** 
 118:Core/Src/gpio.c ****   /*Configure GPIO pin : OTG_FS_OverCurrent_Pin */
 119:Core/Src/gpio.c ****   GPIO_InitStruct.Pin = OTG_FS_OverCurrent_Pin;
 302              		.loc 1 119 3 view .LVU105
 303              		.loc 1 119 23 is_stmt 0 view .LVU106
 304 0148 2023     		movs	r3, #32
 305 014a 0793     		str	r3, [sp, #28]
 120:Core/Src/gpio.c ****   GPIO_InitStruct.Mode = GPIO_MODE_INPUT;
 306              		.loc 1 120 3 is_stmt 1 view .LVU107
 307              		.loc 1 120 24 is_stmt 0 view .LVU108
 308 014c 0894     		str	r4, [sp, #32]
 121:Core/Src/gpio.c ****   GPIO_InitStruct.Pull = GPIO_NOPULL;
 309              		.loc 1 121 3 is_stmt 1 view .LVU109
 310              		.loc 1 121 24 is_stmt 0 view .LVU110
 311 014e 0994     		str	r4, [sp, #36]
 122:Core/Src/gpio.c ****   HAL_GPIO_Init(OTG_FS_OverCurrent_GPIO_Port, &GPIO_InitStruct);
 312              		.loc 1 122 3 is_stmt 1 view .LVU111
 313 0150 07A9     		add	r1, sp, #28
 314 0152 4046     		mov	r0, r8
 315 0154 FFF7FEFF 		bl	HAL_GPIO_Init
 316              	.LVL10:
 123:Core/Src/gpio.c **** 
 124:Core/Src/gpio.c ****   /*Configure GPIO pin : MEMS_INT2_Pin */
 125:Core/Src/gpio.c ****   GPIO_InitStruct.Pin = MEMS_INT2_Pin;
 317              		.loc 1 125 3 view .LVU112
 318              		.loc 1 125 23 is_stmt 0 view .LVU113
 319 0158 0797     		str	r7, [sp, #28]
 126:Core/Src/gpio.c ****   GPIO_InitStruct.Mode = GPIO_MODE_EVT_RISING;
 320              		.loc 1 126 3 is_stmt 1 view .LVU114
 321              		.loc 1 126 24 is_stmt 0 view .LVU115
 322 015a CDF82090 		str	r9, [sp, #32]
 127:Core/Src/gpio.c ****   GPIO_InitStruct.Pull = GPIO_NOPULL;
 323              		.loc 1 127 3 is_stmt 1 view .LVU116
 324              		.loc 1 127 24 is_stmt 0 view .LVU117
 325 015e 0994     		str	r4, [sp, #36]
 128:Core/Src/gpio.c ****   HAL_GPIO_Init(MEMS_INT2_GPIO_Port, &GPIO_InitStruct);
 326              		.loc 1 128 3 is_stmt 1 view .LVU118
 327 0160 07A9     		add	r1, sp, #28
 328 0162 3046     		mov	r0, r6
 329 0164 FFF7FEFF 		bl	HAL_GPIO_Init
ARM GAS  /var/folders/8x/_y6g3dfs0698dfd49y4vcg_w0000gn/T//ccI0psBN.s 			page 9


 330              	.LVL11:
 129:Core/Src/gpio.c **** 
 130:Core/Src/gpio.c **** }
 331              		.loc 1 130 1 is_stmt 0 view .LVU119
 332 0168 0DB0     		add	sp, sp, #52
 333              	.LCFI2:
 334              		.cfi_def_cfa_offset 36
 335              		@ sp needed
 336 016a BDE8F08F 		pop	{r4, r5, r6, r7, r8, r9, r10, fp, pc}
 337              	.L4:
 338 016e 00BF     		.align	2
 339              	.L3:
 340 0170 00380240 		.word	1073887232
 341 0174 00100240 		.word	1073876992
 342 0178 00000240 		.word	1073872896
 343 017c 00080240 		.word	1073874944
 344 0180 000C0240 		.word	1073875968
 345 0184 00040240 		.word	1073873920
 346              		.cfi_endproc
 347              	.LFE134:
 349              		.text
 350              	.Letext0:
 351              		.file 2 "/Applications/ArmGNUToolchain/13.3.rel1/arm-none-eabi/arm-none-eabi/include/machine/_defa
 352              		.file 3 "/Applications/ArmGNUToolchain/13.3.rel1/arm-none-eabi/arm-none-eabi/include/sys/_stdint.h
 353              		.file 4 "Drivers/CMSIS/Device/ST/STM32F4xx/Include/stm32f407xx.h"
 354              		.file 5 "Drivers/STM32F4xx_HAL_Driver/Inc/stm32f4xx_hal_gpio.h"
ARM GAS  /var/folders/8x/_y6g3dfs0698dfd49y4vcg_w0000gn/T//ccI0psBN.s 			page 10


DEFINED SYMBOLS
                            *ABS*:00000000 gpio.c
/var/folders/8x/_y6g3dfs0698dfd49y4vcg_w0000gn/T//ccI0psBN.s:21     .text.MX_GPIO_Init:00000000 $t
/var/folders/8x/_y6g3dfs0698dfd49y4vcg_w0000gn/T//ccI0psBN.s:27     .text.MX_GPIO_Init:00000000 MX_GPIO_Init
/var/folders/8x/_y6g3dfs0698dfd49y4vcg_w0000gn/T//ccI0psBN.s:340    .text.MX_GPIO_Init:00000170 $d

UNDEFINED SYMBOLS
HAL_GPIO_WritePin
HAL_GPIO_Init
