ARM GAS  /var/folders/8x/_y6g3dfs0698dfd49y4vcg_w0000gn/T//ccvFu8BH.s 			page 1


   1              		.cpu cortex-m4
   2              		.arch armv7e-m
   3              		.fpu fpv4-sp-d16
   4              		.eabi_attribute 27, 1
   5              		.eabi_attribute 28, 1
   6              		.eabi_attribute 20, 1
   7              		.eabi_attribute 21, 1
   8              		.eabi_attribute 23, 3
   9              		.eabi_attribute 24, 1
  10              		.eabi_attribute 25, 1
  11              		.eabi_attribute 26, 1
  12              		.eabi_attribute 30, 1
  13              		.eabi_attribute 34, 1
  14              		.eabi_attribute 18, 4
  15              		.file	"usart.c"
  16              		.text
  17              	.Ltext0:
  18              		.cfi_sections	.debug_frame
  19              		.file 1 "Core/Src/usart.c"
  20              		.section	.text.MX_USART2_UART_Init,"ax",%progbits
  21              		.align	1
  22              		.global	MX_USART2_UART_Init
  23              		.syntax unified
  24              		.thumb
  25              		.thumb_func
  27              	MX_USART2_UART_Init:
  28              	.LFB134:
   1:Core/Src/usart.c **** /* USER CODE BEGIN Header */
   2:Core/Src/usart.c **** /**
   3:Core/Src/usart.c ****   ******************************************************************************
   4:Core/Src/usart.c ****   * @file    usart.c
   5:Core/Src/usart.c ****   * @brief   This file provides code for the configuration
   6:Core/Src/usart.c ****   *          of the USART instances.
   7:Core/Src/usart.c ****   ******************************************************************************
   8:Core/Src/usart.c ****   * @attention
   9:Core/Src/usart.c ****   *
  10:Core/Src/usart.c ****   * Copyright (c) 2025 STMicroelectronics.
  11:Core/Src/usart.c ****   * All rights reserved.
  12:Core/Src/usart.c ****   *
  13:Core/Src/usart.c ****   * This software is licensed under terms that can be found in the LICENSE file
  14:Core/Src/usart.c ****   * in the root directory of this software component.
  15:Core/Src/usart.c ****   * If no LICENSE file comes with this software, it is provided AS-IS.
  16:Core/Src/usart.c ****   *
  17:Core/Src/usart.c ****   ******************************************************************************
  18:Core/Src/usart.c ****   */
  19:Core/Src/usart.c **** /* USER CODE END Header */
  20:Core/Src/usart.c **** /* Includes ------------------------------------------------------------------*/
  21:Core/Src/usart.c **** #include "usart.h"
  22:Core/Src/usart.c **** 
  23:Core/Src/usart.c **** /* USER CODE BEGIN 0 */
  24:Core/Src/usart.c **** 
  25:Core/Src/usart.c **** /* USER CODE END 0 */
  26:Core/Src/usart.c **** 
  27:Core/Src/usart.c **** UART_HandleTypeDef huart2;
  28:Core/Src/usart.c **** UART_HandleTypeDef huart3;
  29:Core/Src/usart.c **** UART_HandleTypeDef huart6;
  30:Core/Src/usart.c **** 
ARM GAS  /var/folders/8x/_y6g3dfs0698dfd49y4vcg_w0000gn/T//ccvFu8BH.s 			page 2


  31:Core/Src/usart.c **** /* USART2 init function */
  32:Core/Src/usart.c **** 
  33:Core/Src/usart.c **** void MX_USART2_UART_Init(void)
  34:Core/Src/usart.c **** {
  29              		.loc 1 34 1 view -0
  30              		.cfi_startproc
  31              		@ args = 0, pretend = 0, frame = 0
  32              		@ frame_needed = 0, uses_anonymous_args = 0
  33 0000 08B5     		push	{r3, lr}
  34              	.LCFI0:
  35              		.cfi_def_cfa_offset 8
  36              		.cfi_offset 3, -8
  37              		.cfi_offset 14, -4
  35:Core/Src/usart.c **** 
  36:Core/Src/usart.c ****   /* USER CODE BEGIN USART2_Init 0 */
  37:Core/Src/usart.c **** 
  38:Core/Src/usart.c ****   /* USER CODE END USART2_Init 0 */
  39:Core/Src/usart.c **** 
  40:Core/Src/usart.c ****   /* USER CODE BEGIN USART2_Init 1 */
  41:Core/Src/usart.c **** 
  42:Core/Src/usart.c ****   /* USER CODE END USART2_Init 1 */
  43:Core/Src/usart.c ****   huart2.Instance = USART2;
  38              		.loc 1 43 3 view .LVU1
  39              		.loc 1 43 19 is_stmt 0 view .LVU2
  40 0002 0A48     		ldr	r0, .L5
  41 0004 0A4B     		ldr	r3, .L5+4
  42 0006 0360     		str	r3, [r0]
  44:Core/Src/usart.c ****   huart2.Init.BaudRate = 115200;
  43              		.loc 1 44 3 is_stmt 1 view .LVU3
  44              		.loc 1 44 24 is_stmt 0 view .LVU4
  45 0008 4FF4E133 		mov	r3, #115200
  46 000c 4360     		str	r3, [r0, #4]
  45:Core/Src/usart.c ****   huart2.Init.WordLength = UART_WORDLENGTH_8B;
  47              		.loc 1 45 3 is_stmt 1 view .LVU5
  48              		.loc 1 45 26 is_stmt 0 view .LVU6
  49 000e 0023     		movs	r3, #0
  50 0010 8360     		str	r3, [r0, #8]
  46:Core/Src/usart.c ****   huart2.Init.StopBits = UART_STOPBITS_1;
  51              		.loc 1 46 3 is_stmt 1 view .LVU7
  52              		.loc 1 46 24 is_stmt 0 view .LVU8
  53 0012 C360     		str	r3, [r0, #12]
  47:Core/Src/usart.c ****   huart2.Init.Parity = UART_PARITY_NONE;
  54              		.loc 1 47 3 is_stmt 1 view .LVU9
  55              		.loc 1 47 22 is_stmt 0 view .LVU10
  56 0014 0361     		str	r3, [r0, #16]
  48:Core/Src/usart.c ****   huart2.Init.Mode = UART_MODE_TX_RX;
  57              		.loc 1 48 3 is_stmt 1 view .LVU11
  58              		.loc 1 48 20 is_stmt 0 view .LVU12
  59 0016 0C22     		movs	r2, #12
  60 0018 4261     		str	r2, [r0, #20]
  49:Core/Src/usart.c ****   huart2.Init.HwFlowCtl = UART_HWCONTROL_NONE;
  61              		.loc 1 49 3 is_stmt 1 view .LVU13
  62              		.loc 1 49 25 is_stmt 0 view .LVU14
  63 001a 8361     		str	r3, [r0, #24]
  50:Core/Src/usart.c ****   huart2.Init.OverSampling = UART_OVERSAMPLING_16;
  64              		.loc 1 50 3 is_stmt 1 view .LVU15
  65              		.loc 1 50 28 is_stmt 0 view .LVU16
ARM GAS  /var/folders/8x/_y6g3dfs0698dfd49y4vcg_w0000gn/T//ccvFu8BH.s 			page 3


  66 001c C361     		str	r3, [r0, #28]
  51:Core/Src/usart.c ****   if (HAL_UART_Init(&huart2) != HAL_OK)
  67              		.loc 1 51 3 is_stmt 1 view .LVU17
  68              		.loc 1 51 7 is_stmt 0 view .LVU18
  69 001e FFF7FEFF 		bl	HAL_UART_Init
  70              	.LVL0:
  71              		.loc 1 51 6 discriminator 1 view .LVU19
  72 0022 00B9     		cbnz	r0, .L4
  73              	.L1:
  52:Core/Src/usart.c ****   {
  53:Core/Src/usart.c ****     Error_Handler();
  54:Core/Src/usart.c ****   }
  55:Core/Src/usart.c ****   /* USER CODE BEGIN USART2_Init 2 */
  56:Core/Src/usart.c **** 
  57:Core/Src/usart.c ****   /* USER CODE END USART2_Init 2 */
  58:Core/Src/usart.c **** 
  59:Core/Src/usart.c **** }
  74              		.loc 1 59 1 view .LVU20
  75 0024 08BD     		pop	{r3, pc}
  76              	.L4:
  53:Core/Src/usart.c ****   }
  77              		.loc 1 53 5 is_stmt 1 view .LVU21
  78 0026 FFF7FEFF 		bl	Error_Handler
  79              	.LVL1:
  80              		.loc 1 59 1 is_stmt 0 view .LVU22
  81 002a FBE7     		b	.L1
  82              	.L6:
  83              		.align	2
  84              	.L5:
  85 002c 00000000 		.word	huart2
  86 0030 00440040 		.word	1073759232
  87              		.cfi_endproc
  88              	.LFE134:
  90              		.section	.text.MX_USART3_UART_Init,"ax",%progbits
  91              		.align	1
  92              		.global	MX_USART3_UART_Init
  93              		.syntax unified
  94              		.thumb
  95              		.thumb_func
  97              	MX_USART3_UART_Init:
  98              	.LFB135:
  60:Core/Src/usart.c **** /* USART3 init function */
  61:Core/Src/usart.c **** 
  62:Core/Src/usart.c **** void MX_USART3_UART_Init(void)
  63:Core/Src/usart.c **** {
  99              		.loc 1 63 1 is_stmt 1 view -0
 100              		.cfi_startproc
 101              		@ args = 0, pretend = 0, frame = 0
 102              		@ frame_needed = 0, uses_anonymous_args = 0
 103 0000 08B5     		push	{r3, lr}
 104              	.LCFI1:
 105              		.cfi_def_cfa_offset 8
 106              		.cfi_offset 3, -8
 107              		.cfi_offset 14, -4
  64:Core/Src/usart.c **** 
  65:Core/Src/usart.c ****   /* USER CODE BEGIN USART3_Init 0 */
  66:Core/Src/usart.c **** 
ARM GAS  /var/folders/8x/_y6g3dfs0698dfd49y4vcg_w0000gn/T//ccvFu8BH.s 			page 4


  67:Core/Src/usart.c ****   /* USER CODE END USART3_Init 0 */
  68:Core/Src/usart.c **** 
  69:Core/Src/usart.c ****   /* USER CODE BEGIN USART3_Init 1 */
  70:Core/Src/usart.c **** 
  71:Core/Src/usart.c ****   /* USER CODE END USART3_Init 1 */
  72:Core/Src/usart.c ****   huart3.Instance = USART3;
 108              		.loc 1 72 3 view .LVU24
 109              		.loc 1 72 19 is_stmt 0 view .LVU25
 110 0002 0A48     		ldr	r0, .L11
 111 0004 0A4B     		ldr	r3, .L11+4
 112 0006 0360     		str	r3, [r0]
  73:Core/Src/usart.c ****   huart3.Init.BaudRate = 115200;
 113              		.loc 1 73 3 is_stmt 1 view .LVU26
 114              		.loc 1 73 24 is_stmt 0 view .LVU27
 115 0008 4FF4E133 		mov	r3, #115200
 116 000c 4360     		str	r3, [r0, #4]
  74:Core/Src/usart.c ****   huart3.Init.WordLength = UART_WORDLENGTH_8B;
 117              		.loc 1 74 3 is_stmt 1 view .LVU28
 118              		.loc 1 74 26 is_stmt 0 view .LVU29
 119 000e 0023     		movs	r3, #0
 120 0010 8360     		str	r3, [r0, #8]
  75:Core/Src/usart.c ****   huart3.Init.StopBits = UART_STOPBITS_1;
 121              		.loc 1 75 3 is_stmt 1 view .LVU30
 122              		.loc 1 75 24 is_stmt 0 view .LVU31
 123 0012 C360     		str	r3, [r0, #12]
  76:Core/Src/usart.c ****   huart3.Init.Parity = UART_PARITY_NONE;
 124              		.loc 1 76 3 is_stmt 1 view .LVU32
 125              		.loc 1 76 22 is_stmt 0 view .LVU33
 126 0014 0361     		str	r3, [r0, #16]
  77:Core/Src/usart.c ****   huart3.Init.Mode = UART_MODE_TX_RX;
 127              		.loc 1 77 3 is_stmt 1 view .LVU34
 128              		.loc 1 77 20 is_stmt 0 view .LVU35
 129 0016 0C22     		movs	r2, #12
 130 0018 4261     		str	r2, [r0, #20]
  78:Core/Src/usart.c ****   huart3.Init.HwFlowCtl = UART_HWCONTROL_NONE;
 131              		.loc 1 78 3 is_stmt 1 view .LVU36
 132              		.loc 1 78 25 is_stmt 0 view .LVU37
 133 001a 8361     		str	r3, [r0, #24]
  79:Core/Src/usart.c ****   huart3.Init.OverSampling = UART_OVERSAMPLING_16;
 134              		.loc 1 79 3 is_stmt 1 view .LVU38
 135              		.loc 1 79 28 is_stmt 0 view .LVU39
 136 001c C361     		str	r3, [r0, #28]
  80:Core/Src/usart.c ****   if (HAL_UART_Init(&huart3) != HAL_OK)
 137              		.loc 1 80 3 is_stmt 1 view .LVU40
 138              		.loc 1 80 7 is_stmt 0 view .LVU41
 139 001e FFF7FEFF 		bl	HAL_UART_Init
 140              	.LVL2:
 141              		.loc 1 80 6 discriminator 1 view .LVU42
 142 0022 00B9     		cbnz	r0, .L10
 143              	.L7:
  81:Core/Src/usart.c ****   {
  82:Core/Src/usart.c ****     Error_Handler();
  83:Core/Src/usart.c ****   }
  84:Core/Src/usart.c ****   /* USER CODE BEGIN USART3_Init 2 */
  85:Core/Src/usart.c **** 
  86:Core/Src/usart.c ****   /* USER CODE END USART3_Init 2 */
  87:Core/Src/usart.c **** 
ARM GAS  /var/folders/8x/_y6g3dfs0698dfd49y4vcg_w0000gn/T//ccvFu8BH.s 			page 5


  88:Core/Src/usart.c **** }
 144              		.loc 1 88 1 view .LVU43
 145 0024 08BD     		pop	{r3, pc}
 146              	.L10:
  82:Core/Src/usart.c ****   }
 147              		.loc 1 82 5 is_stmt 1 view .LVU44
 148 0026 FFF7FEFF 		bl	Error_Handler
 149              	.LVL3:
 150              		.loc 1 88 1 is_stmt 0 view .LVU45
 151 002a FBE7     		b	.L7
 152              	.L12:
 153              		.align	2
 154              	.L11:
 155 002c 00000000 		.word	huart3
 156 0030 00480040 		.word	1073760256
 157              		.cfi_endproc
 158              	.LFE135:
 160              		.section	.text.MX_USART6_UART_Init,"ax",%progbits
 161              		.align	1
 162              		.global	MX_USART6_UART_Init
 163              		.syntax unified
 164              		.thumb
 165              		.thumb_func
 167              	MX_USART6_UART_Init:
 168              	.LFB136:
  89:Core/Src/usart.c **** /* USART6 init function */
  90:Core/Src/usart.c **** 
  91:Core/Src/usart.c **** void MX_USART6_UART_Init(void)
  92:Core/Src/usart.c **** {
 169              		.loc 1 92 1 is_stmt 1 view -0
 170              		.cfi_startproc
 171              		@ args = 0, pretend = 0, frame = 0
 172              		@ frame_needed = 0, uses_anonymous_args = 0
 173 0000 08B5     		push	{r3, lr}
 174              	.LCFI2:
 175              		.cfi_def_cfa_offset 8
 176              		.cfi_offset 3, -8
 177              		.cfi_offset 14, -4
  93:Core/Src/usart.c **** 
  94:Core/Src/usart.c ****   /* USER CODE BEGIN USART6_Init 0 */
  95:Core/Src/usart.c **** 
  96:Core/Src/usart.c ****   /* USER CODE END USART6_Init 0 */
  97:Core/Src/usart.c **** 
  98:Core/Src/usart.c ****   /* USER CODE BEGIN USART6_Init 1 */
  99:Core/Src/usart.c **** 
 100:Core/Src/usart.c ****   /* USER CODE END USART6_Init 1 */
 101:Core/Src/usart.c ****   huart6.Instance = USART6;
 178              		.loc 1 101 3 view .LVU47
 179              		.loc 1 101 19 is_stmt 0 view .LVU48
 180 0002 0A48     		ldr	r0, .L17
 181 0004 0A4B     		ldr	r3, .L17+4
 182 0006 0360     		str	r3, [r0]
 102:Core/Src/usart.c ****   huart6.Init.BaudRate = 115200;
 183              		.loc 1 102 3 is_stmt 1 view .LVU49
 184              		.loc 1 102 24 is_stmt 0 view .LVU50
 185 0008 4FF4E133 		mov	r3, #115200
 186 000c 4360     		str	r3, [r0, #4]
ARM GAS  /var/folders/8x/_y6g3dfs0698dfd49y4vcg_w0000gn/T//ccvFu8BH.s 			page 6


 103:Core/Src/usart.c ****   huart6.Init.WordLength = UART_WORDLENGTH_8B;
 187              		.loc 1 103 3 is_stmt 1 view .LVU51
 188              		.loc 1 103 26 is_stmt 0 view .LVU52
 189 000e 0023     		movs	r3, #0
 190 0010 8360     		str	r3, [r0, #8]
 104:Core/Src/usart.c ****   huart6.Init.StopBits = UART_STOPBITS_1;
 191              		.loc 1 104 3 is_stmt 1 view .LVU53
 192              		.loc 1 104 24 is_stmt 0 view .LVU54
 193 0012 C360     		str	r3, [r0, #12]
 105:Core/Src/usart.c ****   huart6.Init.Parity = UART_PARITY_NONE;
 194              		.loc 1 105 3 is_stmt 1 view .LVU55
 195              		.loc 1 105 22 is_stmt 0 view .LVU56
 196 0014 0361     		str	r3, [r0, #16]
 106:Core/Src/usart.c ****   huart6.Init.Mode = UART_MODE_TX_RX;
 197              		.loc 1 106 3 is_stmt 1 view .LVU57
 198              		.loc 1 106 20 is_stmt 0 view .LVU58
 199 0016 0C22     		movs	r2, #12
 200 0018 4261     		str	r2, [r0, #20]
 107:Core/Src/usart.c ****   huart6.Init.HwFlowCtl = UART_HWCONTROL_NONE;
 201              		.loc 1 107 3 is_stmt 1 view .LVU59
 202              		.loc 1 107 25 is_stmt 0 view .LVU60
 203 001a 8361     		str	r3, [r0, #24]
 108:Core/Src/usart.c ****   huart6.Init.OverSampling = UART_OVERSAMPLING_16;
 204              		.loc 1 108 3 is_stmt 1 view .LVU61
 205              		.loc 1 108 28 is_stmt 0 view .LVU62
 206 001c C361     		str	r3, [r0, #28]
 109:Core/Src/usart.c ****   if (HAL_HalfDuplex_Init(&huart6) != HAL_OK)
 207              		.loc 1 109 3 is_stmt 1 view .LVU63
 208              		.loc 1 109 7 is_stmt 0 view .LVU64
 209 001e FFF7FEFF 		bl	HAL_HalfDuplex_Init
 210              	.LVL4:
 211              		.loc 1 109 6 discriminator 1 view .LVU65
 212 0022 00B9     		cbnz	r0, .L16
 213              	.L13:
 110:Core/Src/usart.c ****   {
 111:Core/Src/usart.c ****     Error_Handler();
 112:Core/Src/usart.c ****   }
 113:Core/Src/usart.c ****   /* USER CODE BEGIN USART6_Init 2 */
 114:Core/Src/usart.c **** 
 115:Core/Src/usart.c ****   /* USER CODE END USART6_Init 2 */
 116:Core/Src/usart.c **** 
 117:Core/Src/usart.c **** }
 214              		.loc 1 117 1 view .LVU66
 215 0024 08BD     		pop	{r3, pc}
 216              	.L16:
 111:Core/Src/usart.c ****   }
 217              		.loc 1 111 5 is_stmt 1 view .LVU67
 218 0026 FFF7FEFF 		bl	Error_Handler
 219              	.LVL5:
 220              		.loc 1 117 1 is_stmt 0 view .LVU68
 221 002a FBE7     		b	.L13
 222              	.L18:
 223              		.align	2
 224              	.L17:
 225 002c 00000000 		.word	huart6
 226 0030 00140140 		.word	1073812480
 227              		.cfi_endproc
ARM GAS  /var/folders/8x/_y6g3dfs0698dfd49y4vcg_w0000gn/T//ccvFu8BH.s 			page 7


 228              	.LFE136:
 230              		.section	.text.HAL_UART_MspInit,"ax",%progbits
 231              		.align	1
 232              		.global	HAL_UART_MspInit
 233              		.syntax unified
 234              		.thumb
 235              		.thumb_func
 237              	HAL_UART_MspInit:
 238              	.LVL6:
 239              	.LFB137:
 118:Core/Src/usart.c **** 
 119:Core/Src/usart.c **** void HAL_UART_MspInit(UART_HandleTypeDef* uartHandle)
 120:Core/Src/usart.c **** {
 240              		.loc 1 120 1 is_stmt 1 view -0
 241              		.cfi_startproc
 242              		@ args = 0, pretend = 0, frame = 48
 243              		@ frame_needed = 0, uses_anonymous_args = 0
 244              		.loc 1 120 1 is_stmt 0 view .LVU70
 245 0000 F0B5     		push	{r4, r5, r6, r7, lr}
 246              	.LCFI3:
 247              		.cfi_def_cfa_offset 20
 248              		.cfi_offset 4, -20
 249              		.cfi_offset 5, -16
 250              		.cfi_offset 6, -12
 251              		.cfi_offset 7, -8
 252              		.cfi_offset 14, -4
 253 0002 8DB0     		sub	sp, sp, #52
 254              	.LCFI4:
 255              		.cfi_def_cfa_offset 72
 121:Core/Src/usart.c **** 
 122:Core/Src/usart.c ****   GPIO_InitTypeDef GPIO_InitStruct = {0};
 256              		.loc 1 122 3 is_stmt 1 view .LVU71
 257              		.loc 1 122 20 is_stmt 0 view .LVU72
 258 0004 0023     		movs	r3, #0
 259 0006 0793     		str	r3, [sp, #28]
 260 0008 0893     		str	r3, [sp, #32]
 261 000a 0993     		str	r3, [sp, #36]
 262 000c 0A93     		str	r3, [sp, #40]
 263 000e 0B93     		str	r3, [sp, #44]
 123:Core/Src/usart.c ****   if(uartHandle->Instance==USART2)
 264              		.loc 1 123 3 is_stmt 1 view .LVU73
 265              		.loc 1 123 16 is_stmt 0 view .LVU74
 266 0010 0368     		ldr	r3, [r0]
 267              		.loc 1 123 5 view .LVU75
 268 0012 514A     		ldr	r2, .L27
 269 0014 9342     		cmp	r3, r2
 270 0016 07D0     		beq	.L24
 124:Core/Src/usart.c ****   {
 125:Core/Src/usart.c ****   /* USER CODE BEGIN USART2_MspInit 0 */
 126:Core/Src/usart.c **** 
 127:Core/Src/usart.c ****   /* USER CODE END USART2_MspInit 0 */
 128:Core/Src/usart.c ****     /* USART2 clock enable */
 129:Core/Src/usart.c ****     __HAL_RCC_USART2_CLK_ENABLE();
 130:Core/Src/usart.c **** 
 131:Core/Src/usart.c ****     __HAL_RCC_GPIOA_CLK_ENABLE();
 132:Core/Src/usart.c ****     /**USART2 GPIO Configuration
 133:Core/Src/usart.c ****     PA2     ------> USART2_TX
ARM GAS  /var/folders/8x/_y6g3dfs0698dfd49y4vcg_w0000gn/T//ccvFu8BH.s 			page 8


 134:Core/Src/usart.c ****     PA3     ------> USART2_RX
 135:Core/Src/usart.c ****     */
 136:Core/Src/usart.c ****     GPIO_InitStruct.Pin = GPIO_PIN_2|GPIO_PIN_3;
 137:Core/Src/usart.c ****     GPIO_InitStruct.Mode = GPIO_MODE_AF_PP;
 138:Core/Src/usart.c ****     GPIO_InitStruct.Pull = GPIO_NOPULL;
 139:Core/Src/usart.c ****     GPIO_InitStruct.Speed = GPIO_SPEED_FREQ_VERY_HIGH;
 140:Core/Src/usart.c ****     GPIO_InitStruct.Alternate = GPIO_AF7_USART2;
 141:Core/Src/usart.c ****     HAL_GPIO_Init(GPIOA, &GPIO_InitStruct);
 142:Core/Src/usart.c **** 
 143:Core/Src/usart.c ****     /* USART2 interrupt Init */
 144:Core/Src/usart.c ****     HAL_NVIC_SetPriority(USART2_IRQn, 0, 0);
 145:Core/Src/usart.c ****     HAL_NVIC_EnableIRQ(USART2_IRQn);
 146:Core/Src/usart.c ****   /* USER CODE BEGIN USART2_MspInit 1 */
 147:Core/Src/usart.c **** 
 148:Core/Src/usart.c ****   /* USER CODE END USART2_MspInit 1 */
 149:Core/Src/usart.c ****   }
 150:Core/Src/usart.c ****   else if(uartHandle->Instance==USART3)
 271              		.loc 1 150 8 is_stmt 1 view .LVU76
 272              		.loc 1 150 10 is_stmt 0 view .LVU77
 273 0018 504A     		ldr	r2, .L27+4
 274 001a 9342     		cmp	r3, r2
 275 001c 2FD0     		beq	.L25
 151:Core/Src/usart.c ****   {
 152:Core/Src/usart.c ****   /* USER CODE BEGIN USART3_MspInit 0 */
 153:Core/Src/usart.c **** 
 154:Core/Src/usart.c ****   /* USER CODE END USART3_MspInit 0 */
 155:Core/Src/usart.c ****     /* USART3 clock enable */
 156:Core/Src/usart.c ****     __HAL_RCC_USART3_CLK_ENABLE();
 157:Core/Src/usart.c **** 
 158:Core/Src/usart.c ****     __HAL_RCC_GPIOB_CLK_ENABLE();
 159:Core/Src/usart.c ****     __HAL_RCC_GPIOD_CLK_ENABLE();
 160:Core/Src/usart.c ****     /**USART3 GPIO Configuration
 161:Core/Src/usart.c ****     PB11     ------> USART3_RX
 162:Core/Src/usart.c ****     PD8     ------> USART3_TX
 163:Core/Src/usart.c ****     */
 164:Core/Src/usart.c ****     GPIO_InitStruct.Pin = GPIO_PIN_11;
 165:Core/Src/usart.c ****     GPIO_InitStruct.Mode = GPIO_MODE_AF_PP;
 166:Core/Src/usart.c ****     GPIO_InitStruct.Pull = GPIO_NOPULL;
 167:Core/Src/usart.c ****     GPIO_InitStruct.Speed = GPIO_SPEED_FREQ_VERY_HIGH;
 168:Core/Src/usart.c ****     GPIO_InitStruct.Alternate = GPIO_AF7_USART3;
 169:Core/Src/usart.c ****     HAL_GPIO_Init(GPIOB, &GPIO_InitStruct);
 170:Core/Src/usart.c **** 
 171:Core/Src/usart.c ****     GPIO_InitStruct.Pin = GPIO_PIN_8;
 172:Core/Src/usart.c ****     GPIO_InitStruct.Mode = GPIO_MODE_AF_PP;
 173:Core/Src/usart.c ****     GPIO_InitStruct.Pull = GPIO_NOPULL;
 174:Core/Src/usart.c ****     GPIO_InitStruct.Speed = GPIO_SPEED_FREQ_VERY_HIGH;
 175:Core/Src/usart.c ****     GPIO_InitStruct.Alternate = GPIO_AF7_USART3;
 176:Core/Src/usart.c ****     HAL_GPIO_Init(GPIOD, &GPIO_InitStruct);
 177:Core/Src/usart.c **** 
 178:Core/Src/usart.c ****     /* USART3 interrupt Init */
 179:Core/Src/usart.c ****     HAL_NVIC_SetPriority(USART3_IRQn, 0, 0);
 180:Core/Src/usart.c ****     HAL_NVIC_EnableIRQ(USART3_IRQn);
 181:Core/Src/usart.c ****   /* USER CODE BEGIN USART3_MspInit 1 */
 182:Core/Src/usart.c **** 
 183:Core/Src/usart.c ****   /* USER CODE END USART3_MspInit 1 */
 184:Core/Src/usart.c ****   }
 185:Core/Src/usart.c ****   else if(uartHandle->Instance==USART6)
ARM GAS  /var/folders/8x/_y6g3dfs0698dfd49y4vcg_w0000gn/T//ccvFu8BH.s 			page 9


 276              		.loc 1 185 8 is_stmt 1 view .LVU78
 277              		.loc 1 185 10 is_stmt 0 view .LVU79
 278 001e 504A     		ldr	r2, .L27+8
 279 0020 9342     		cmp	r3, r2
 280 0022 6DD0     		beq	.L26
 281              	.LVL7:
 282              	.L19:
 186:Core/Src/usart.c ****   {
 187:Core/Src/usart.c ****   /* USER CODE BEGIN USART6_MspInit 0 */
 188:Core/Src/usart.c **** 
 189:Core/Src/usart.c ****   /* USER CODE END USART6_MspInit 0 */
 190:Core/Src/usart.c ****     /* USART6 clock enable */
 191:Core/Src/usart.c ****     __HAL_RCC_USART6_CLK_ENABLE();
 192:Core/Src/usart.c **** 
 193:Core/Src/usart.c ****     __HAL_RCC_GPIOC_CLK_ENABLE();
 194:Core/Src/usart.c ****     /**USART6 GPIO Configuration
 195:Core/Src/usart.c ****     PC6     ------> USART6_TX
 196:Core/Src/usart.c ****     */
 197:Core/Src/usart.c ****     GPIO_InitStruct.Pin = GPIO_PIN_6;
 198:Core/Src/usart.c ****     GPIO_InitStruct.Mode = GPIO_MODE_AF_OD;
 199:Core/Src/usart.c ****     GPIO_InitStruct.Pull = GPIO_NOPULL;
 200:Core/Src/usart.c ****     GPIO_InitStruct.Speed = GPIO_SPEED_FREQ_VERY_HIGH;
 201:Core/Src/usart.c ****     GPIO_InitStruct.Alternate = GPIO_AF8_USART6;
 202:Core/Src/usart.c ****     HAL_GPIO_Init(GPIOC, &GPIO_InitStruct);
 203:Core/Src/usart.c **** 
 204:Core/Src/usart.c ****     /* USART6 interrupt Init */
 205:Core/Src/usart.c ****     HAL_NVIC_SetPriority(USART6_IRQn, 0, 0);
 206:Core/Src/usart.c ****     HAL_NVIC_EnableIRQ(USART6_IRQn);
 207:Core/Src/usart.c ****   /* USER CODE BEGIN USART6_MspInit 1 */
 208:Core/Src/usart.c **** 
 209:Core/Src/usart.c ****   /* USER CODE END USART6_MspInit 1 */
 210:Core/Src/usart.c ****   }
 211:Core/Src/usart.c **** }
 283              		.loc 1 211 1 view .LVU80
 284 0024 0DB0     		add	sp, sp, #52
 285              	.LCFI5:
 286              		.cfi_remember_state
 287              		.cfi_def_cfa_offset 20
 288              		@ sp needed
 289 0026 F0BD     		pop	{r4, r5, r6, r7, pc}
 290              	.LVL8:
 291              	.L24:
 292              	.LCFI6:
 293              		.cfi_restore_state
 129:Core/Src/usart.c **** 
 294              		.loc 1 129 5 is_stmt 1 view .LVU81
 295              	.LBB2:
 129:Core/Src/usart.c **** 
 296              		.loc 1 129 5 view .LVU82
 297 0028 0024     		movs	r4, #0
 298 002a 0094     		str	r4, [sp]
 129:Core/Src/usart.c **** 
 299              		.loc 1 129 5 view .LVU83
 300 002c 4D4B     		ldr	r3, .L27+12
 301 002e 1A6C     		ldr	r2, [r3, #64]
 302 0030 42F40032 		orr	r2, r2, #131072
 303 0034 1A64     		str	r2, [r3, #64]
ARM GAS  /var/folders/8x/_y6g3dfs0698dfd49y4vcg_w0000gn/T//ccvFu8BH.s 			page 10


 129:Core/Src/usart.c **** 
 304              		.loc 1 129 5 view .LVU84
 305 0036 1A6C     		ldr	r2, [r3, #64]
 306 0038 02F40032 		and	r2, r2, #131072
 307 003c 0092     		str	r2, [sp]
 129:Core/Src/usart.c **** 
 308              		.loc 1 129 5 view .LVU85
 309 003e 009A     		ldr	r2, [sp]
 310              	.LBE2:
 129:Core/Src/usart.c **** 
 311              		.loc 1 129 5 view .LVU86
 131:Core/Src/usart.c ****     /**USART2 GPIO Configuration
 312              		.loc 1 131 5 view .LVU87
 313              	.LBB3:
 131:Core/Src/usart.c ****     /**USART2 GPIO Configuration
 314              		.loc 1 131 5 view .LVU88
 315 0040 0194     		str	r4, [sp, #4]
 131:Core/Src/usart.c ****     /**USART2 GPIO Configuration
 316              		.loc 1 131 5 view .LVU89
 317 0042 1A6B     		ldr	r2, [r3, #48]
 318 0044 42F00102 		orr	r2, r2, #1
 319 0048 1A63     		str	r2, [r3, #48]
 131:Core/Src/usart.c ****     /**USART2 GPIO Configuration
 320              		.loc 1 131 5 view .LVU90
 321 004a 1B6B     		ldr	r3, [r3, #48]
 322 004c 03F00103 		and	r3, r3, #1
 323 0050 0193     		str	r3, [sp, #4]
 131:Core/Src/usart.c ****     /**USART2 GPIO Configuration
 324              		.loc 1 131 5 view .LVU91
 325 0052 019B     		ldr	r3, [sp, #4]
 326              	.LBE3:
 131:Core/Src/usart.c ****     /**USART2 GPIO Configuration
 327              		.loc 1 131 5 view .LVU92
 136:Core/Src/usart.c ****     GPIO_InitStruct.Mode = GPIO_MODE_AF_PP;
 328              		.loc 1 136 5 view .LVU93
 136:Core/Src/usart.c ****     GPIO_InitStruct.Mode = GPIO_MODE_AF_PP;
 329              		.loc 1 136 25 is_stmt 0 view .LVU94
 330 0054 0C23     		movs	r3, #12
 331 0056 0793     		str	r3, [sp, #28]
 137:Core/Src/usart.c ****     GPIO_InitStruct.Pull = GPIO_NOPULL;
 332              		.loc 1 137 5 is_stmt 1 view .LVU95
 137:Core/Src/usart.c ****     GPIO_InitStruct.Pull = GPIO_NOPULL;
 333              		.loc 1 137 26 is_stmt 0 view .LVU96
 334 0058 0223     		movs	r3, #2
 335 005a 0893     		str	r3, [sp, #32]
 138:Core/Src/usart.c ****     GPIO_InitStruct.Speed = GPIO_SPEED_FREQ_VERY_HIGH;
 336              		.loc 1 138 5 is_stmt 1 view .LVU97
 139:Core/Src/usart.c ****     GPIO_InitStruct.Alternate = GPIO_AF7_USART2;
 337              		.loc 1 139 5 view .LVU98
 139:Core/Src/usart.c ****     GPIO_InitStruct.Alternate = GPIO_AF7_USART2;
 338              		.loc 1 139 27 is_stmt 0 view .LVU99
 339 005c 0323     		movs	r3, #3
 340 005e 0A93     		str	r3, [sp, #40]
 140:Core/Src/usart.c ****     HAL_GPIO_Init(GPIOA, &GPIO_InitStruct);
 341              		.loc 1 140 5 is_stmt 1 view .LVU100
 140:Core/Src/usart.c ****     HAL_GPIO_Init(GPIOA, &GPIO_InitStruct);
 342              		.loc 1 140 31 is_stmt 0 view .LVU101
ARM GAS  /var/folders/8x/_y6g3dfs0698dfd49y4vcg_w0000gn/T//ccvFu8BH.s 			page 11


 343 0060 0723     		movs	r3, #7
 344 0062 0B93     		str	r3, [sp, #44]
 141:Core/Src/usart.c **** 
 345              		.loc 1 141 5 is_stmt 1 view .LVU102
 346 0064 07A9     		add	r1, sp, #28
 347 0066 4048     		ldr	r0, .L27+16
 348              	.LVL9:
 141:Core/Src/usart.c **** 
 349              		.loc 1 141 5 is_stmt 0 view .LVU103
 350 0068 FFF7FEFF 		bl	HAL_GPIO_Init
 351              	.LVL10:
 144:Core/Src/usart.c ****     HAL_NVIC_EnableIRQ(USART2_IRQn);
 352              		.loc 1 144 5 is_stmt 1 view .LVU104
 353 006c 2246     		mov	r2, r4
 354 006e 2146     		mov	r1, r4
 355 0070 2620     		movs	r0, #38
 356 0072 FFF7FEFF 		bl	HAL_NVIC_SetPriority
 357              	.LVL11:
 145:Core/Src/usart.c ****   /* USER CODE BEGIN USART2_MspInit 1 */
 358              		.loc 1 145 5 view .LVU105
 359 0076 2620     		movs	r0, #38
 360 0078 FFF7FEFF 		bl	HAL_NVIC_EnableIRQ
 361              	.LVL12:
 362 007c D2E7     		b	.L19
 363              	.LVL13:
 364              	.L25:
 156:Core/Src/usart.c **** 
 365              		.loc 1 156 5 view .LVU106
 366              	.LBB4:
 156:Core/Src/usart.c **** 
 367              		.loc 1 156 5 view .LVU107
 368 007e 0024     		movs	r4, #0
 369 0080 0294     		str	r4, [sp, #8]
 156:Core/Src/usart.c **** 
 370              		.loc 1 156 5 view .LVU108
 371 0082 384B     		ldr	r3, .L27+12
 372 0084 1A6C     		ldr	r2, [r3, #64]
 373 0086 42F48022 		orr	r2, r2, #262144
 374 008a 1A64     		str	r2, [r3, #64]
 156:Core/Src/usart.c **** 
 375              		.loc 1 156 5 view .LVU109
 376 008c 1A6C     		ldr	r2, [r3, #64]
 377 008e 02F48022 		and	r2, r2, #262144
 378 0092 0292     		str	r2, [sp, #8]
 156:Core/Src/usart.c **** 
 379              		.loc 1 156 5 view .LVU110
 380 0094 029A     		ldr	r2, [sp, #8]
 381              	.LBE4:
 156:Core/Src/usart.c **** 
 382              		.loc 1 156 5 view .LVU111
 158:Core/Src/usart.c ****     __HAL_RCC_GPIOD_CLK_ENABLE();
 383              		.loc 1 158 5 view .LVU112
 384              	.LBB5:
 158:Core/Src/usart.c ****     __HAL_RCC_GPIOD_CLK_ENABLE();
 385              		.loc 1 158 5 view .LVU113
 386 0096 0394     		str	r4, [sp, #12]
 158:Core/Src/usart.c ****     __HAL_RCC_GPIOD_CLK_ENABLE();
ARM GAS  /var/folders/8x/_y6g3dfs0698dfd49y4vcg_w0000gn/T//ccvFu8BH.s 			page 12


 387              		.loc 1 158 5 view .LVU114
 388 0098 1A6B     		ldr	r2, [r3, #48]
 389 009a 42F00202 		orr	r2, r2, #2
 390 009e 1A63     		str	r2, [r3, #48]
 158:Core/Src/usart.c ****     __HAL_RCC_GPIOD_CLK_ENABLE();
 391              		.loc 1 158 5 view .LVU115
 392 00a0 1A6B     		ldr	r2, [r3, #48]
 393 00a2 02F00202 		and	r2, r2, #2
 394 00a6 0392     		str	r2, [sp, #12]
 158:Core/Src/usart.c ****     __HAL_RCC_GPIOD_CLK_ENABLE();
 395              		.loc 1 158 5 view .LVU116
 396 00a8 039A     		ldr	r2, [sp, #12]
 397              	.LBE5:
 158:Core/Src/usart.c ****     __HAL_RCC_GPIOD_CLK_ENABLE();
 398              		.loc 1 158 5 view .LVU117
 159:Core/Src/usart.c ****     /**USART3 GPIO Configuration
 399              		.loc 1 159 5 view .LVU118
 400              	.LBB6:
 159:Core/Src/usart.c ****     /**USART3 GPIO Configuration
 401              		.loc 1 159 5 view .LVU119
 402 00aa 0494     		str	r4, [sp, #16]
 159:Core/Src/usart.c ****     /**USART3 GPIO Configuration
 403              		.loc 1 159 5 view .LVU120
 404 00ac 1A6B     		ldr	r2, [r3, #48]
 405 00ae 42F00802 		orr	r2, r2, #8
 406 00b2 1A63     		str	r2, [r3, #48]
 159:Core/Src/usart.c ****     /**USART3 GPIO Configuration
 407              		.loc 1 159 5 view .LVU121
 408 00b4 1B6B     		ldr	r3, [r3, #48]
 409 00b6 03F00803 		and	r3, r3, #8
 410 00ba 0493     		str	r3, [sp, #16]
 159:Core/Src/usart.c ****     /**USART3 GPIO Configuration
 411              		.loc 1 159 5 view .LVU122
 412 00bc 049B     		ldr	r3, [sp, #16]
 413              	.LBE6:
 159:Core/Src/usart.c ****     /**USART3 GPIO Configuration
 414              		.loc 1 159 5 view .LVU123
 164:Core/Src/usart.c ****     GPIO_InitStruct.Mode = GPIO_MODE_AF_PP;
 415              		.loc 1 164 5 view .LVU124
 164:Core/Src/usart.c ****     GPIO_InitStruct.Mode = GPIO_MODE_AF_PP;
 416              		.loc 1 164 25 is_stmt 0 view .LVU125
 417 00be 4FF40063 		mov	r3, #2048
 418 00c2 0793     		str	r3, [sp, #28]
 165:Core/Src/usart.c ****     GPIO_InitStruct.Pull = GPIO_NOPULL;
 419              		.loc 1 165 5 is_stmt 1 view .LVU126
 165:Core/Src/usart.c ****     GPIO_InitStruct.Pull = GPIO_NOPULL;
 420              		.loc 1 165 26 is_stmt 0 view .LVU127
 421 00c4 0227     		movs	r7, #2
 422 00c6 0897     		str	r7, [sp, #32]
 166:Core/Src/usart.c ****     GPIO_InitStruct.Speed = GPIO_SPEED_FREQ_VERY_HIGH;
 423              		.loc 1 166 5 is_stmt 1 view .LVU128
 167:Core/Src/usart.c ****     GPIO_InitStruct.Alternate = GPIO_AF7_USART3;
 424              		.loc 1 167 5 view .LVU129
 167:Core/Src/usart.c ****     GPIO_InitStruct.Alternate = GPIO_AF7_USART3;
 425              		.loc 1 167 27 is_stmt 0 view .LVU130
 426 00c8 0326     		movs	r6, #3
 427 00ca 0A96     		str	r6, [sp, #40]
ARM GAS  /var/folders/8x/_y6g3dfs0698dfd49y4vcg_w0000gn/T//ccvFu8BH.s 			page 13


 168:Core/Src/usart.c ****     HAL_GPIO_Init(GPIOB, &GPIO_InitStruct);
 428              		.loc 1 168 5 is_stmt 1 view .LVU131
 168:Core/Src/usart.c ****     HAL_GPIO_Init(GPIOB, &GPIO_InitStruct);
 429              		.loc 1 168 31 is_stmt 0 view .LVU132
 430 00cc 0725     		movs	r5, #7
 431 00ce 0B95     		str	r5, [sp, #44]
 169:Core/Src/usart.c **** 
 432              		.loc 1 169 5 is_stmt 1 view .LVU133
 433 00d0 07A9     		add	r1, sp, #28
 434 00d2 2648     		ldr	r0, .L27+20
 435              	.LVL14:
 169:Core/Src/usart.c **** 
 436              		.loc 1 169 5 is_stmt 0 view .LVU134
 437 00d4 FFF7FEFF 		bl	HAL_GPIO_Init
 438              	.LVL15:
 171:Core/Src/usart.c ****     GPIO_InitStruct.Mode = GPIO_MODE_AF_PP;
 439              		.loc 1 171 5 is_stmt 1 view .LVU135
 171:Core/Src/usart.c ****     GPIO_InitStruct.Mode = GPIO_MODE_AF_PP;
 440              		.loc 1 171 25 is_stmt 0 view .LVU136
 441 00d8 4FF48073 		mov	r3, #256
 442 00dc 0793     		str	r3, [sp, #28]
 172:Core/Src/usart.c ****     GPIO_InitStruct.Pull = GPIO_NOPULL;
 443              		.loc 1 172 5 is_stmt 1 view .LVU137
 172:Core/Src/usart.c ****     GPIO_InitStruct.Pull = GPIO_NOPULL;
 444              		.loc 1 172 26 is_stmt 0 view .LVU138
 445 00de 0897     		str	r7, [sp, #32]
 173:Core/Src/usart.c ****     GPIO_InitStruct.Speed = GPIO_SPEED_FREQ_VERY_HIGH;
 446              		.loc 1 173 5 is_stmt 1 view .LVU139
 173:Core/Src/usart.c ****     GPIO_InitStruct.Speed = GPIO_SPEED_FREQ_VERY_HIGH;
 447              		.loc 1 173 26 is_stmt 0 view .LVU140
 448 00e0 0994     		str	r4, [sp, #36]
 174:Core/Src/usart.c ****     GPIO_InitStruct.Alternate = GPIO_AF7_USART3;
 449              		.loc 1 174 5 is_stmt 1 view .LVU141
 174:Core/Src/usart.c ****     GPIO_InitStruct.Alternate = GPIO_AF7_USART3;
 450              		.loc 1 174 27 is_stmt 0 view .LVU142
 451 00e2 0A96     		str	r6, [sp, #40]
 175:Core/Src/usart.c ****     HAL_GPIO_Init(GPIOD, &GPIO_InitStruct);
 452              		.loc 1 175 5 is_stmt 1 view .LVU143
 175:Core/Src/usart.c ****     HAL_GPIO_Init(GPIOD, &GPIO_InitStruct);
 453              		.loc 1 175 31 is_stmt 0 view .LVU144
 454 00e4 0B95     		str	r5, [sp, #44]
 176:Core/Src/usart.c **** 
 455              		.loc 1 176 5 is_stmt 1 view .LVU145
 456 00e6 07A9     		add	r1, sp, #28
 457 00e8 2148     		ldr	r0, .L27+24
 458 00ea FFF7FEFF 		bl	HAL_GPIO_Init
 459              	.LVL16:
 179:Core/Src/usart.c ****     HAL_NVIC_EnableIRQ(USART3_IRQn);
 460              		.loc 1 179 5 view .LVU146
 461 00ee 2246     		mov	r2, r4
 462 00f0 2146     		mov	r1, r4
 463 00f2 2720     		movs	r0, #39
 464 00f4 FFF7FEFF 		bl	HAL_NVIC_SetPriority
 465              	.LVL17:
 180:Core/Src/usart.c ****   /* USER CODE BEGIN USART3_MspInit 1 */
 466              		.loc 1 180 5 view .LVU147
 467 00f8 2720     		movs	r0, #39
ARM GAS  /var/folders/8x/_y6g3dfs0698dfd49y4vcg_w0000gn/T//ccvFu8BH.s 			page 14


 468 00fa FFF7FEFF 		bl	HAL_NVIC_EnableIRQ
 469              	.LVL18:
 470 00fe 91E7     		b	.L19
 471              	.LVL19:
 472              	.L26:
 191:Core/Src/usart.c **** 
 473              		.loc 1 191 5 view .LVU148
 474              	.LBB7:
 191:Core/Src/usart.c **** 
 475              		.loc 1 191 5 view .LVU149
 476 0100 0024     		movs	r4, #0
 477 0102 0594     		str	r4, [sp, #20]
 191:Core/Src/usart.c **** 
 478              		.loc 1 191 5 view .LVU150
 479 0104 174B     		ldr	r3, .L27+12
 480 0106 5A6C     		ldr	r2, [r3, #68]
 481 0108 42F02002 		orr	r2, r2, #32
 482 010c 5A64     		str	r2, [r3, #68]
 191:Core/Src/usart.c **** 
 483              		.loc 1 191 5 view .LVU151
 484 010e 5A6C     		ldr	r2, [r3, #68]
 485 0110 02F02002 		and	r2, r2, #32
 486 0114 0592     		str	r2, [sp, #20]
 191:Core/Src/usart.c **** 
 487              		.loc 1 191 5 view .LVU152
 488 0116 059A     		ldr	r2, [sp, #20]
 489              	.LBE7:
 191:Core/Src/usart.c **** 
 490              		.loc 1 191 5 view .LVU153
 193:Core/Src/usart.c ****     /**USART6 GPIO Configuration
 491              		.loc 1 193 5 view .LVU154
 492              	.LBB8:
 193:Core/Src/usart.c ****     /**USART6 GPIO Configuration
 493              		.loc 1 193 5 view .LVU155
 494 0118 0694     		str	r4, [sp, #24]
 193:Core/Src/usart.c ****     /**USART6 GPIO Configuration
 495              		.loc 1 193 5 view .LVU156
 496 011a 1A6B     		ldr	r2, [r3, #48]
 497 011c 42F00402 		orr	r2, r2, #4
 498 0120 1A63     		str	r2, [r3, #48]
 193:Core/Src/usart.c ****     /**USART6 GPIO Configuration
 499              		.loc 1 193 5 view .LVU157
 500 0122 1B6B     		ldr	r3, [r3, #48]
 501 0124 03F00403 		and	r3, r3, #4
 502 0128 0693     		str	r3, [sp, #24]
 193:Core/Src/usart.c ****     /**USART6 GPIO Configuration
 503              		.loc 1 193 5 view .LVU158
 504 012a 069B     		ldr	r3, [sp, #24]
 505              	.LBE8:
 193:Core/Src/usart.c ****     /**USART6 GPIO Configuration
 506              		.loc 1 193 5 view .LVU159
 197:Core/Src/usart.c ****     GPIO_InitStruct.Mode = GPIO_MODE_AF_OD;
 507              		.loc 1 197 5 view .LVU160
 197:Core/Src/usart.c ****     GPIO_InitStruct.Mode = GPIO_MODE_AF_OD;
 508              		.loc 1 197 25 is_stmt 0 view .LVU161
 509 012c 4023     		movs	r3, #64
 510 012e 0793     		str	r3, [sp, #28]
ARM GAS  /var/folders/8x/_y6g3dfs0698dfd49y4vcg_w0000gn/T//ccvFu8BH.s 			page 15


 198:Core/Src/usart.c ****     GPIO_InitStruct.Pull = GPIO_NOPULL;
 511              		.loc 1 198 5 is_stmt 1 view .LVU162
 198:Core/Src/usart.c ****     GPIO_InitStruct.Pull = GPIO_NOPULL;
 512              		.loc 1 198 26 is_stmt 0 view .LVU163
 513 0130 1223     		movs	r3, #18
 514 0132 0893     		str	r3, [sp, #32]
 199:Core/Src/usart.c ****     GPIO_InitStruct.Speed = GPIO_SPEED_FREQ_VERY_HIGH;
 515              		.loc 1 199 5 is_stmt 1 view .LVU164
 200:Core/Src/usart.c ****     GPIO_InitStruct.Alternate = GPIO_AF8_USART6;
 516              		.loc 1 200 5 view .LVU165
 200:Core/Src/usart.c ****     GPIO_InitStruct.Alternate = GPIO_AF8_USART6;
 517              		.loc 1 200 27 is_stmt 0 view .LVU166
 518 0134 0323     		movs	r3, #3
 519 0136 0A93     		str	r3, [sp, #40]
 201:Core/Src/usart.c ****     HAL_GPIO_Init(GPIOC, &GPIO_InitStruct);
 520              		.loc 1 201 5 is_stmt 1 view .LVU167
 201:Core/Src/usart.c ****     HAL_GPIO_Init(GPIOC, &GPIO_InitStruct);
 521              		.loc 1 201 31 is_stmt 0 view .LVU168
 522 0138 0823     		movs	r3, #8
 523 013a 0B93     		str	r3, [sp, #44]
 202:Core/Src/usart.c **** 
 524              		.loc 1 202 5 is_stmt 1 view .LVU169
 525 013c 07A9     		add	r1, sp, #28
 526 013e 0D48     		ldr	r0, .L27+28
 527              	.LVL20:
 202:Core/Src/usart.c **** 
 528              		.loc 1 202 5 is_stmt 0 view .LVU170
 529 0140 FFF7FEFF 		bl	HAL_GPIO_Init
 530              	.LVL21:
 205:Core/Src/usart.c ****     HAL_NVIC_EnableIRQ(USART6_IRQn);
 531              		.loc 1 205 5 is_stmt 1 view .LVU171
 532 0144 2246     		mov	r2, r4
 533 0146 2146     		mov	r1, r4
 534 0148 4720     		movs	r0, #71
 535 014a FFF7FEFF 		bl	HAL_NVIC_SetPriority
 536              	.LVL22:
 206:Core/Src/usart.c ****   /* USER CODE BEGIN USART6_MspInit 1 */
 537              		.loc 1 206 5 view .LVU172
 538 014e 4720     		movs	r0, #71
 539 0150 FFF7FEFF 		bl	HAL_NVIC_EnableIRQ
 540              	.LVL23:
 541              		.loc 1 211 1 is_stmt 0 view .LVU173
 542 0154 66E7     		b	.L19
 543              	.L28:
 544 0156 00BF     		.align	2
 545              	.L27:
 546 0158 00440040 		.word	1073759232
 547 015c 00480040 		.word	1073760256
 548 0160 00140140 		.word	1073812480
 549 0164 00380240 		.word	1073887232
 550 0168 00000240 		.word	1073872896
 551 016c 00040240 		.word	1073873920
 552 0170 000C0240 		.word	1073875968
 553 0174 00080240 		.word	1073874944
 554              		.cfi_endproc
 555              	.LFE137:
 557              		.section	.text.HAL_UART_MspDeInit,"ax",%progbits
ARM GAS  /var/folders/8x/_y6g3dfs0698dfd49y4vcg_w0000gn/T//ccvFu8BH.s 			page 16


 558              		.align	1
 559              		.global	HAL_UART_MspDeInit
 560              		.syntax unified
 561              		.thumb
 562              		.thumb_func
 564              	HAL_UART_MspDeInit:
 565              	.LVL24:
 566              	.LFB138:
 212:Core/Src/usart.c **** 
 213:Core/Src/usart.c **** void HAL_UART_MspDeInit(UART_HandleTypeDef* uartHandle)
 214:Core/Src/usart.c **** {
 567              		.loc 1 214 1 is_stmt 1 view -0
 568              		.cfi_startproc
 569              		@ args = 0, pretend = 0, frame = 0
 570              		@ frame_needed = 0, uses_anonymous_args = 0
 571              		.loc 1 214 1 is_stmt 0 view .LVU175
 572 0000 08B5     		push	{r3, lr}
 573              	.LCFI7:
 574              		.cfi_def_cfa_offset 8
 575              		.cfi_offset 3, -8
 576              		.cfi_offset 14, -4
 215:Core/Src/usart.c **** 
 216:Core/Src/usart.c ****   if(uartHandle->Instance==USART2)
 577              		.loc 1 216 3 is_stmt 1 view .LVU176
 578              		.loc 1 216 16 is_stmt 0 view .LVU177
 579 0002 0368     		ldr	r3, [r0]
 580              		.loc 1 216 5 view .LVU178
 581 0004 1C4A     		ldr	r2, .L37
 582 0006 9342     		cmp	r3, r2
 583 0008 06D0     		beq	.L34
 217:Core/Src/usart.c ****   {
 218:Core/Src/usart.c ****   /* USER CODE BEGIN USART2_MspDeInit 0 */
 219:Core/Src/usart.c **** 
 220:Core/Src/usart.c ****   /* USER CODE END USART2_MspDeInit 0 */
 221:Core/Src/usart.c ****     /* Peripheral clock disable */
 222:Core/Src/usart.c ****     __HAL_RCC_USART2_CLK_DISABLE();
 223:Core/Src/usart.c **** 
 224:Core/Src/usart.c ****     /**USART2 GPIO Configuration
 225:Core/Src/usart.c ****     PA2     ------> USART2_TX
 226:Core/Src/usart.c ****     PA3     ------> USART2_RX
 227:Core/Src/usart.c ****     */
 228:Core/Src/usart.c ****     HAL_GPIO_DeInit(GPIOA, GPIO_PIN_2|GPIO_PIN_3);
 229:Core/Src/usart.c **** 
 230:Core/Src/usart.c ****     /* USART2 interrupt Deinit */
 231:Core/Src/usart.c ****     HAL_NVIC_DisableIRQ(USART2_IRQn);
 232:Core/Src/usart.c ****   /* USER CODE BEGIN USART2_MspDeInit 1 */
 233:Core/Src/usart.c **** 
 234:Core/Src/usart.c ****   /* USER CODE END USART2_MspDeInit 1 */
 235:Core/Src/usart.c ****   }
 236:Core/Src/usart.c ****   else if(uartHandle->Instance==USART3)
 584              		.loc 1 236 8 is_stmt 1 view .LVU179
 585              		.loc 1 236 10 is_stmt 0 view .LVU180
 586 000a 1C4A     		ldr	r2, .L37+4
 587 000c 9342     		cmp	r3, r2
 588 000e 11D0     		beq	.L35
 237:Core/Src/usart.c ****   {
 238:Core/Src/usart.c ****   /* USER CODE BEGIN USART3_MspDeInit 0 */
ARM GAS  /var/folders/8x/_y6g3dfs0698dfd49y4vcg_w0000gn/T//ccvFu8BH.s 			page 17


 239:Core/Src/usart.c **** 
 240:Core/Src/usart.c ****   /* USER CODE END USART3_MspDeInit 0 */
 241:Core/Src/usart.c ****     /* Peripheral clock disable */
 242:Core/Src/usart.c ****     __HAL_RCC_USART3_CLK_DISABLE();
 243:Core/Src/usart.c **** 
 244:Core/Src/usart.c ****     /**USART3 GPIO Configuration
 245:Core/Src/usart.c ****     PB11     ------> USART3_RX
 246:Core/Src/usart.c ****     PD8     ------> USART3_TX
 247:Core/Src/usart.c ****     */
 248:Core/Src/usart.c ****     HAL_GPIO_DeInit(GPIOB, GPIO_PIN_11);
 249:Core/Src/usart.c **** 
 250:Core/Src/usart.c ****     HAL_GPIO_DeInit(GPIOD, GPIO_PIN_8);
 251:Core/Src/usart.c **** 
 252:Core/Src/usart.c ****     /* USART3 interrupt Deinit */
 253:Core/Src/usart.c ****     HAL_NVIC_DisableIRQ(USART3_IRQn);
 254:Core/Src/usart.c ****   /* USER CODE BEGIN USART3_MspDeInit 1 */
 255:Core/Src/usart.c **** 
 256:Core/Src/usart.c ****   /* USER CODE END USART3_MspDeInit 1 */
 257:Core/Src/usart.c ****   }
 258:Core/Src/usart.c ****   else if(uartHandle->Instance==USART6)
 589              		.loc 1 258 8 is_stmt 1 view .LVU181
 590              		.loc 1 258 10 is_stmt 0 view .LVU182
 591 0010 1B4A     		ldr	r2, .L37+8
 592 0012 9342     		cmp	r3, r2
 593 0014 22D0     		beq	.L36
 594              	.LVL25:
 595              	.L29:
 259:Core/Src/usart.c ****   {
 260:Core/Src/usart.c ****   /* USER CODE BEGIN USART6_MspDeInit 0 */
 261:Core/Src/usart.c **** 
 262:Core/Src/usart.c ****   /* USER CODE END USART6_MspDeInit 0 */
 263:Core/Src/usart.c ****     /* Peripheral clock disable */
 264:Core/Src/usart.c ****     __HAL_RCC_USART6_CLK_DISABLE();
 265:Core/Src/usart.c **** 
 266:Core/Src/usart.c ****     /**USART6 GPIO Configuration
 267:Core/Src/usart.c ****     PC6     ------> USART6_TX
 268:Core/Src/usart.c ****     */
 269:Core/Src/usart.c ****     HAL_GPIO_DeInit(GPIOC, GPIO_PIN_6);
 270:Core/Src/usart.c **** 
 271:Core/Src/usart.c ****     /* USART6 interrupt Deinit */
 272:Core/Src/usart.c ****     HAL_NVIC_DisableIRQ(USART6_IRQn);
 273:Core/Src/usart.c ****   /* USER CODE BEGIN USART6_MspDeInit 1 */
 274:Core/Src/usart.c **** 
 275:Core/Src/usart.c ****   /* USER CODE END USART6_MspDeInit 1 */
 276:Core/Src/usart.c ****   }
 277:Core/Src/usart.c **** }
 596              		.loc 1 277 1 view .LVU183
 597 0016 08BD     		pop	{r3, pc}
 598              	.LVL26:
 599              	.L34:
 222:Core/Src/usart.c **** 
 600              		.loc 1 222 5 is_stmt 1 view .LVU184
 601 0018 02F5FA32 		add	r2, r2, #128000
 602 001c 136C     		ldr	r3, [r2, #64]
 603 001e 23F40033 		bic	r3, r3, #131072
 604 0022 1364     		str	r3, [r2, #64]
 228:Core/Src/usart.c **** 
ARM GAS  /var/folders/8x/_y6g3dfs0698dfd49y4vcg_w0000gn/T//ccvFu8BH.s 			page 18


 605              		.loc 1 228 5 view .LVU185
 606 0024 0C21     		movs	r1, #12
 607 0026 1748     		ldr	r0, .L37+12
 608              	.LVL27:
 228:Core/Src/usart.c **** 
 609              		.loc 1 228 5 is_stmt 0 view .LVU186
 610 0028 FFF7FEFF 		bl	HAL_GPIO_DeInit
 611              	.LVL28:
 231:Core/Src/usart.c ****   /* USER CODE BEGIN USART2_MspDeInit 1 */
 612              		.loc 1 231 5 is_stmt 1 view .LVU187
 613 002c 2620     		movs	r0, #38
 614 002e FFF7FEFF 		bl	HAL_NVIC_DisableIRQ
 615              	.LVL29:
 616 0032 F0E7     		b	.L29
 617              	.LVL30:
 618              	.L35:
 242:Core/Src/usart.c **** 
 619              		.loc 1 242 5 view .LVU188
 620 0034 02F5F832 		add	r2, r2, #126976
 621 0038 136C     		ldr	r3, [r2, #64]
 622 003a 23F48023 		bic	r3, r3, #262144
 623 003e 1364     		str	r3, [r2, #64]
 248:Core/Src/usart.c **** 
 624              		.loc 1 248 5 view .LVU189
 625 0040 4FF40061 		mov	r1, #2048
 626 0044 1048     		ldr	r0, .L37+16
 627              	.LVL31:
 248:Core/Src/usart.c **** 
 628              		.loc 1 248 5 is_stmt 0 view .LVU190
 629 0046 FFF7FEFF 		bl	HAL_GPIO_DeInit
 630              	.LVL32:
 250:Core/Src/usart.c **** 
 631              		.loc 1 250 5 is_stmt 1 view .LVU191
 632 004a 4FF48071 		mov	r1, #256
 633 004e 0F48     		ldr	r0, .L37+20
 634 0050 FFF7FEFF 		bl	HAL_GPIO_DeInit
 635              	.LVL33:
 253:Core/Src/usart.c ****   /* USER CODE BEGIN USART3_MspDeInit 1 */
 636              		.loc 1 253 5 view .LVU192
 637 0054 2720     		movs	r0, #39
 638 0056 FFF7FEFF 		bl	HAL_NVIC_DisableIRQ
 639              	.LVL34:
 640 005a DCE7     		b	.L29
 641              	.LVL35:
 642              	.L36:
 264:Core/Src/usart.c **** 
 643              		.loc 1 264 5 view .LVU193
 644 005c 02F59232 		add	r2, r2, #74752
 645 0060 536C     		ldr	r3, [r2, #68]
 646 0062 23F02003 		bic	r3, r3, #32
 647 0066 5364     		str	r3, [r2, #68]
 269:Core/Src/usart.c **** 
 648              		.loc 1 269 5 view .LVU194
 649 0068 4021     		movs	r1, #64
 650 006a 0948     		ldr	r0, .L37+24
 651              	.LVL36:
 269:Core/Src/usart.c **** 
ARM GAS  /var/folders/8x/_y6g3dfs0698dfd49y4vcg_w0000gn/T//ccvFu8BH.s 			page 19


 652              		.loc 1 269 5 is_stmt 0 view .LVU195
 653 006c FFF7FEFF 		bl	HAL_GPIO_DeInit
 654              	.LVL37:
 272:Core/Src/usart.c ****   /* USER CODE BEGIN USART6_MspDeInit 1 */
 655              		.loc 1 272 5 is_stmt 1 view .LVU196
 656 0070 4720     		movs	r0, #71
 657 0072 FFF7FEFF 		bl	HAL_NVIC_DisableIRQ
 658              	.LVL38:
 659              		.loc 1 277 1 is_stmt 0 view .LVU197
 660 0076 CEE7     		b	.L29
 661              	.L38:
 662              		.align	2
 663              	.L37:
 664 0078 00440040 		.word	1073759232
 665 007c 00480040 		.word	1073760256
 666 0080 00140140 		.word	1073812480
 667 0084 00000240 		.word	1073872896
 668 0088 00040240 		.word	1073873920
 669 008c 000C0240 		.word	1073875968
 670 0090 00080240 		.word	1073874944
 671              		.cfi_endproc
 672              	.LFE138:
 674              		.global	huart6
 675              		.section	.bss.huart6,"aw",%nobits
 676              		.align	2
 679              	huart6:
 680 0000 00000000 		.space	72
 680      00000000 
 680      00000000 
 680      00000000 
 680      00000000 
 681              		.global	huart3
 682              		.section	.bss.huart3,"aw",%nobits
 683              		.align	2
 686              	huart3:
 687 0000 00000000 		.space	72
 687      00000000 
 687      00000000 
 687      00000000 
 687      00000000 
 688              		.global	huart2
 689              		.section	.bss.huart2,"aw",%nobits
 690              		.align	2
 693              	huart2:
 694 0000 00000000 		.space	72
 694      00000000 
 694      00000000 
 694      00000000 
 694      00000000 
 695              		.text
 696              	.Letext0:
 697              		.file 2 "Drivers/CMSIS/Device/ST/STM32F4xx/Include/stm32f407xx.h"
 698              		.file 3 "/Applications/ArmGNUToolchain/13.3.rel1/arm-none-eabi/arm-none-eabi/include/machine/_defa
 699              		.file 4 "/Applications/ArmGNUToolchain/13.3.rel1/arm-none-eabi/arm-none-eabi/include/sys/_stdint.h
 700              		.file 5 "Drivers/STM32F4xx_HAL_Driver/Inc/stm32f4xx_hal_def.h"
 701              		.file 6 "Drivers/STM32F4xx_HAL_Driver/Inc/stm32f4xx_hal_gpio.h"
 702              		.file 7 "Drivers/STM32F4xx_HAL_Driver/Inc/stm32f4xx_hal_dma.h"
ARM GAS  /var/folders/8x/_y6g3dfs0698dfd49y4vcg_w0000gn/T//ccvFu8BH.s 			page 20


 703              		.file 8 "Drivers/STM32F4xx_HAL_Driver/Inc/stm32f4xx_hal_uart.h"
 704              		.file 9 "Core/Inc/usart.h"
 705              		.file 10 "Drivers/STM32F4xx_HAL_Driver/Inc/stm32f4xx_hal_cortex.h"
 706              		.file 11 "Core/Inc/main.h"
ARM GAS  /var/folders/8x/_y6g3dfs0698dfd49y4vcg_w0000gn/T//ccvFu8BH.s 			page 21


DEFINED SYMBOLS
                            *ABS*:00000000 usart.c
/var/folders/8x/_y6g3dfs0698dfd49y4vcg_w0000gn/T//ccvFu8BH.s:21     .text.MX_USART2_UART_Init:00000000 $t
/var/folders/8x/_y6g3dfs0698dfd49y4vcg_w0000gn/T//ccvFu8BH.s:27     .text.MX_USART2_UART_Init:00000000 MX_USART2_UART_Init
/var/folders/8x/_y6g3dfs0698dfd49y4vcg_w0000gn/T//ccvFu8BH.s:85     .text.MX_USART2_UART_Init:0000002c $d
/var/folders/8x/_y6g3dfs0698dfd49y4vcg_w0000gn/T//ccvFu8BH.s:693    .bss.huart2:00000000 huart2
/var/folders/8x/_y6g3dfs0698dfd49y4vcg_w0000gn/T//ccvFu8BH.s:91     .text.MX_USART3_UART_Init:00000000 $t
/var/folders/8x/_y6g3dfs0698dfd49y4vcg_w0000gn/T//ccvFu8BH.s:97     .text.MX_USART3_UART_Init:00000000 MX_USART3_UART_Init
/var/folders/8x/_y6g3dfs0698dfd49y4vcg_w0000gn/T//ccvFu8BH.s:155    .text.MX_USART3_UART_Init:0000002c $d
/var/folders/8x/_y6g3dfs0698dfd49y4vcg_w0000gn/T//ccvFu8BH.s:686    .bss.huart3:00000000 huart3
/var/folders/8x/_y6g3dfs0698dfd49y4vcg_w0000gn/T//ccvFu8BH.s:161    .text.MX_USART6_UART_Init:00000000 $t
/var/folders/8x/_y6g3dfs0698dfd49y4vcg_w0000gn/T//ccvFu8BH.s:167    .text.MX_USART6_UART_Init:00000000 MX_USART6_UART_Init
/var/folders/8x/_y6g3dfs0698dfd49y4vcg_w0000gn/T//ccvFu8BH.s:225    .text.MX_USART6_UART_Init:0000002c $d
/var/folders/8x/_y6g3dfs0698dfd49y4vcg_w0000gn/T//ccvFu8BH.s:679    .bss.huart6:00000000 huart6
/var/folders/8x/_y6g3dfs0698dfd49y4vcg_w0000gn/T//ccvFu8BH.s:231    .text.HAL_UART_MspInit:00000000 $t
/var/folders/8x/_y6g3dfs0698dfd49y4vcg_w0000gn/T//ccvFu8BH.s:237    .text.HAL_UART_MspInit:00000000 HAL_UART_MspInit
/var/folders/8x/_y6g3dfs0698dfd49y4vcg_w0000gn/T//ccvFu8BH.s:546    .text.HAL_UART_MspInit:00000158 $d
/var/folders/8x/_y6g3dfs0698dfd49y4vcg_w0000gn/T//ccvFu8BH.s:558    .text.HAL_UART_MspDeInit:00000000 $t
/var/folders/8x/_y6g3dfs0698dfd49y4vcg_w0000gn/T//ccvFu8BH.s:564    .text.HAL_UART_MspDeInit:00000000 HAL_UART_MspDeInit
/var/folders/8x/_y6g3dfs0698dfd49y4vcg_w0000gn/T//ccvFu8BH.s:664    .text.HAL_UART_MspDeInit:00000078 $d
/var/folders/8x/_y6g3dfs0698dfd49y4vcg_w0000gn/T//ccvFu8BH.s:676    .bss.huart6:00000000 $d
/var/folders/8x/_y6g3dfs0698dfd49y4vcg_w0000gn/T//ccvFu8BH.s:683    .bss.huart3:00000000 $d
/var/folders/8x/_y6g3dfs0698dfd49y4vcg_w0000gn/T//ccvFu8BH.s:690    .bss.huart2:00000000 $d

UNDEFINED SYMBOLS
HAL_UART_Init
Error_Handler
HAL_HalfDuplex_Init
HAL_GPIO_Init
HAL_NVIC_SetPriority
HAL_NVIC_EnableIRQ
HAL_GPIO_DeInit
HAL_NVIC_DisableIRQ
