ARM GAS  /var/folders/8x/_y6g3dfs0698dfd49y4vcg_w0000gn/T//ccOayFp0.s 			page 1


   1              		.cpu cortex-m4
   2              		.arch armv7e-m
   3              		.fpu fpv4-sp-d16
   4              		.eabi_attribute 27, 1
   5              		.eabi_attribute 28, 1
   6              		.eabi_attribute 20, 1
   7              		.eabi_attribute 21, 1
   8              		.eabi_attribute 23, 3
   9              		.eabi_attribute 24, 1
  10              		.eabi_attribute 25, 1
  11              		.eabi_attribute 26, 1
  12              		.eabi_attribute 30, 1
  13              		.eabi_attribute 34, 1
  14              		.eabi_attribute 18, 4
  15              		.file	"adc.c"
  16              		.text
  17              	.Ltext0:
  18              		.cfi_sections	.debug_frame
  19              		.file 1 "Core/Src/adc.c"
  20              		.section	.text.MX_ADC1_Init,"ax",%progbits
  21              		.align	1
  22              		.global	MX_ADC1_Init
  23              		.syntax unified
  24              		.thumb
  25              		.thumb_func
  27              	MX_ADC1_Init:
  28              	.LFB239:
   1:Core/Src/adc.c **** /* USER CODE BEGIN Header */
   2:Core/Src/adc.c **** /**
   3:Core/Src/adc.c ****   ******************************************************************************
   4:Core/Src/adc.c ****   * @file    adc.c
   5:Core/Src/adc.c ****   * @brief   This file provides code for the configuration
   6:Core/Src/adc.c ****   *          of the ADC instances.
   7:Core/Src/adc.c ****   ******************************************************************************
   8:Core/Src/adc.c ****   * @attention
   9:Core/Src/adc.c ****   *
  10:Core/Src/adc.c ****   * Copyright (c) 2024 STMicroelectronics.
  11:Core/Src/adc.c ****   * All rights reserved.
  12:Core/Src/adc.c ****   *
  13:Core/Src/adc.c ****   * This software is licensed under terms that can be found in the LICENSE file
  14:Core/Src/adc.c ****   * in the root directory of this software component.
  15:Core/Src/adc.c ****   * If no LICENSE file comes with this software, it is provided AS-IS.
  16:Core/Src/adc.c ****   *
  17:Core/Src/adc.c ****   ******************************************************************************
  18:Core/Src/adc.c ****   */
  19:Core/Src/adc.c **** /* USER CODE END Header */
  20:Core/Src/adc.c **** /* Includes ------------------------------------------------------------------*/
  21:Core/Src/adc.c **** #include "adc.h"
  22:Core/Src/adc.c **** 
  23:Core/Src/adc.c **** /* USER CODE BEGIN 0 */
  24:Core/Src/adc.c **** 
  25:Core/Src/adc.c **** /* USER CODE END 0 */
  26:Core/Src/adc.c **** 
  27:Core/Src/adc.c **** ADC_HandleTypeDef hadc1;
  28:Core/Src/adc.c **** 
  29:Core/Src/adc.c **** /* ADC1 init function */
  30:Core/Src/adc.c **** void MX_ADC1_Init(void)
ARM GAS  /var/folders/8x/_y6g3dfs0698dfd49y4vcg_w0000gn/T//ccOayFp0.s 			page 2


  31:Core/Src/adc.c **** {
  29              		.loc 1 31 1 view -0
  30              		.cfi_startproc
  31              		@ args = 0, pretend = 0, frame = 16
  32              		@ frame_needed = 0, uses_anonymous_args = 0
  33 0000 00B5     		push	{lr}
  34              	.LCFI0:
  35              		.cfi_def_cfa_offset 4
  36              		.cfi_offset 14, -4
  37 0002 85B0     		sub	sp, sp, #20
  38              	.LCFI1:
  39              		.cfi_def_cfa_offset 24
  32:Core/Src/adc.c **** 
  33:Core/Src/adc.c ****   /* USER CODE BEGIN ADC1_Init 0 */
  34:Core/Src/adc.c **** 
  35:Core/Src/adc.c ****   /* USER CODE END ADC1_Init 0 */
  36:Core/Src/adc.c **** 
  37:Core/Src/adc.c ****   ADC_ChannelConfTypeDef sConfig = {0};
  40              		.loc 1 37 3 view .LVU1
  41              		.loc 1 37 26 is_stmt 0 view .LVU2
  42 0004 0023     		movs	r3, #0
  43 0006 0093     		str	r3, [sp]
  44 0008 0193     		str	r3, [sp, #4]
  45 000a 0293     		str	r3, [sp, #8]
  46 000c 0393     		str	r3, [sp, #12]
  38:Core/Src/adc.c **** 
  39:Core/Src/adc.c ****   /* USER CODE BEGIN ADC1_Init 1 */
  40:Core/Src/adc.c **** 
  41:Core/Src/adc.c ****   /* USER CODE END ADC1_Init 1 */
  42:Core/Src/adc.c **** 
  43:Core/Src/adc.c ****   /** Configure the global features of the ADC (Clock, Resolution, Data Alignment and number of con
  44:Core/Src/adc.c ****   */
  45:Core/Src/adc.c ****   hadc1.Instance = ADC1;
  47              		.loc 1 45 3 is_stmt 1 view .LVU3
  48              		.loc 1 45 18 is_stmt 0 view .LVU4
  49 000e 1448     		ldr	r0, .L7
  50 0010 144A     		ldr	r2, .L7+4
  51 0012 0260     		str	r2, [r0]
  46:Core/Src/adc.c ****   hadc1.Init.ClockPrescaler = ADC_CLOCK_SYNC_PCLK_DIV2;
  52              		.loc 1 46 3 is_stmt 1 view .LVU5
  53              		.loc 1 46 29 is_stmt 0 view .LVU6
  54 0014 4360     		str	r3, [r0, #4]
  47:Core/Src/adc.c ****   hadc1.Init.Resolution = ADC_RESOLUTION_12B;
  55              		.loc 1 47 3 is_stmt 1 view .LVU7
  56              		.loc 1 47 25 is_stmt 0 view .LVU8
  57 0016 8360     		str	r3, [r0, #8]
  48:Core/Src/adc.c ****   hadc1.Init.ScanConvMode = DISABLE;
  58              		.loc 1 48 3 is_stmt 1 view .LVU9
  59              		.loc 1 48 27 is_stmt 0 view .LVU10
  60 0018 0361     		str	r3, [r0, #16]
  49:Core/Src/adc.c ****   hadc1.Init.ContinuousConvMode = DISABLE;
  61              		.loc 1 49 3 is_stmt 1 view .LVU11
  62              		.loc 1 49 33 is_stmt 0 view .LVU12
  63 001a 0376     		strb	r3, [r0, #24]
  50:Core/Src/adc.c ****   hadc1.Init.DiscontinuousConvMode = DISABLE;
  64              		.loc 1 50 3 is_stmt 1 view .LVU13
  65              		.loc 1 50 36 is_stmt 0 view .LVU14
ARM GAS  /var/folders/8x/_y6g3dfs0698dfd49y4vcg_w0000gn/T//ccOayFp0.s 			page 3


  66 001c 80F82030 		strb	r3, [r0, #32]
  51:Core/Src/adc.c ****   hadc1.Init.ExternalTrigConvEdge = ADC_EXTERNALTRIGCONVEDGE_NONE;
  67              		.loc 1 51 3 is_stmt 1 view .LVU15
  68              		.loc 1 51 35 is_stmt 0 view .LVU16
  69 0020 C362     		str	r3, [r0, #44]
  52:Core/Src/adc.c ****   hadc1.Init.ExternalTrigConv = ADC_SOFTWARE_START;
  70              		.loc 1 52 3 is_stmt 1 view .LVU17
  71              		.loc 1 52 31 is_stmt 0 view .LVU18
  72 0022 114A     		ldr	r2, .L7+8
  73 0024 8262     		str	r2, [r0, #40]
  53:Core/Src/adc.c ****   hadc1.Init.DataAlign = ADC_DATAALIGN_RIGHT;
  74              		.loc 1 53 3 is_stmt 1 view .LVU19
  75              		.loc 1 53 24 is_stmt 0 view .LVU20
  76 0026 C360     		str	r3, [r0, #12]
  54:Core/Src/adc.c ****   hadc1.Init.NbrOfConversion = 1;
  77              		.loc 1 54 3 is_stmt 1 view .LVU21
  78              		.loc 1 54 30 is_stmt 0 view .LVU22
  79 0028 0122     		movs	r2, #1
  80 002a C261     		str	r2, [r0, #28]
  55:Core/Src/adc.c ****   hadc1.Init.DMAContinuousRequests = DISABLE;
  81              		.loc 1 55 3 is_stmt 1 view .LVU23
  82              		.loc 1 55 36 is_stmt 0 view .LVU24
  83 002c 80F83030 		strb	r3, [r0, #48]
  56:Core/Src/adc.c ****   hadc1.Init.EOCSelection = ADC_EOC_SINGLE_CONV;
  84              		.loc 1 56 3 is_stmt 1 view .LVU25
  85              		.loc 1 56 27 is_stmt 0 view .LVU26
  86 0030 4261     		str	r2, [r0, #20]
  57:Core/Src/adc.c ****   if (HAL_ADC_Init(&hadc1) != HAL_OK)
  87              		.loc 1 57 3 is_stmt 1 view .LVU27
  88              		.loc 1 57 7 is_stmt 0 view .LVU28
  89 0032 FFF7FEFF 		bl	HAL_ADC_Init
  90              	.LVL0:
  91              		.loc 1 57 6 discriminator 1 view .LVU29
  92 0036 60B9     		cbnz	r0, .L5
  93              	.L2:
  58:Core/Src/adc.c ****   {
  59:Core/Src/adc.c ****     Error_Handler();
  60:Core/Src/adc.c ****   }
  61:Core/Src/adc.c **** 
  62:Core/Src/adc.c ****   /** Configure for the selected ADC regular channel its corresponding rank in the sequencer and it
  63:Core/Src/adc.c ****   */
  64:Core/Src/adc.c ****   sConfig.Channel = ADC_CHANNEL_0;
  94              		.loc 1 64 3 is_stmt 1 view .LVU30
  95              		.loc 1 64 19 is_stmt 0 view .LVU31
  96 0038 0023     		movs	r3, #0
  97 003a 0093     		str	r3, [sp]
  65:Core/Src/adc.c ****   sConfig.Rank = 1;
  98              		.loc 1 65 3 is_stmt 1 view .LVU32
  99              		.loc 1 65 16 is_stmt 0 view .LVU33
 100 003c 0122     		movs	r2, #1
 101 003e 0192     		str	r2, [sp, #4]
  66:Core/Src/adc.c ****   sConfig.SamplingTime = ADC_SAMPLETIME_3CYCLES;
 102              		.loc 1 66 3 is_stmt 1 view .LVU34
 103              		.loc 1 66 24 is_stmt 0 view .LVU35
 104 0040 0293     		str	r3, [sp, #8]
  67:Core/Src/adc.c ****   if (HAL_ADC_ConfigChannel(&hadc1, &sConfig) != HAL_OK)
 105              		.loc 1 67 3 is_stmt 1 view .LVU36
ARM GAS  /var/folders/8x/_y6g3dfs0698dfd49y4vcg_w0000gn/T//ccOayFp0.s 			page 4


 106              		.loc 1 67 7 is_stmt 0 view .LVU37
 107 0042 6946     		mov	r1, sp
 108 0044 0648     		ldr	r0, .L7
 109 0046 FFF7FEFF 		bl	HAL_ADC_ConfigChannel
 110              	.LVL1:
 111              		.loc 1 67 6 discriminator 1 view .LVU38
 112 004a 28B9     		cbnz	r0, .L6
 113              	.L1:
  68:Core/Src/adc.c ****   {
  69:Core/Src/adc.c ****     Error_Handler();
  70:Core/Src/adc.c ****   }
  71:Core/Src/adc.c ****   /* USER CODE BEGIN ADC1_Init 2 */
  72:Core/Src/adc.c **** 
  73:Core/Src/adc.c ****   /* USER CODE END ADC1_Init 2 */
  74:Core/Src/adc.c **** 
  75:Core/Src/adc.c **** }
 114              		.loc 1 75 1 view .LVU39
 115 004c 05B0     		add	sp, sp, #20
 116              	.LCFI2:
 117              		.cfi_remember_state
 118              		.cfi_def_cfa_offset 4
 119              		@ sp needed
 120 004e 5DF804FB 		ldr	pc, [sp], #4
 121              	.L5:
 122              	.LCFI3:
 123              		.cfi_restore_state
  59:Core/Src/adc.c ****   }
 124              		.loc 1 59 5 is_stmt 1 view .LVU40
 125 0052 FFF7FEFF 		bl	Error_Handler
 126              	.LVL2:
 127 0056 EFE7     		b	.L2
 128              	.L6:
  69:Core/Src/adc.c ****   }
 129              		.loc 1 69 5 view .LVU41
 130 0058 FFF7FEFF 		bl	Error_Handler
 131              	.LVL3:
 132              		.loc 1 75 1 is_stmt 0 view .LVU42
 133 005c F6E7     		b	.L1
 134              	.L8:
 135 005e 00BF     		.align	2
 136              	.L7:
 137 0060 00000000 		.word	hadc1
 138 0064 00200140 		.word	1073815552
 139 0068 0100000F 		.word	251658241
 140              		.cfi_endproc
 141              	.LFE239:
 143              		.section	.text.HAL_ADC_MspInit,"ax",%progbits
 144              		.align	1
 145              		.global	HAL_ADC_MspInit
 146              		.syntax unified
 147              		.thumb
 148              		.thumb_func
 150              	HAL_ADC_MspInit:
 151              	.LVL4:
 152              	.LFB240:
  76:Core/Src/adc.c **** 
  77:Core/Src/adc.c **** void HAL_ADC_MspInit(ADC_HandleTypeDef* adcHandle)
ARM GAS  /var/folders/8x/_y6g3dfs0698dfd49y4vcg_w0000gn/T//ccOayFp0.s 			page 5


  78:Core/Src/adc.c **** {
 153              		.loc 1 78 1 is_stmt 1 view -0
 154              		.cfi_startproc
 155              		@ args = 0, pretend = 0, frame = 32
 156              		@ frame_needed = 0, uses_anonymous_args = 0
 157              		.loc 1 78 1 is_stmt 0 view .LVU44
 158 0000 00B5     		push	{lr}
 159              	.LCFI4:
 160              		.cfi_def_cfa_offset 4
 161              		.cfi_offset 14, -4
 162 0002 89B0     		sub	sp, sp, #36
 163              	.LCFI5:
 164              		.cfi_def_cfa_offset 40
  79:Core/Src/adc.c **** 
  80:Core/Src/adc.c ****   GPIO_InitTypeDef GPIO_InitStruct = {0};
 165              		.loc 1 80 3 is_stmt 1 view .LVU45
 166              		.loc 1 80 20 is_stmt 0 view .LVU46
 167 0004 0023     		movs	r3, #0
 168 0006 0393     		str	r3, [sp, #12]
 169 0008 0493     		str	r3, [sp, #16]
 170 000a 0593     		str	r3, [sp, #20]
 171 000c 0693     		str	r3, [sp, #24]
 172 000e 0793     		str	r3, [sp, #28]
  81:Core/Src/adc.c ****   if(adcHandle->Instance==ADC1)
 173              		.loc 1 81 3 is_stmt 1 view .LVU47
 174              		.loc 1 81 15 is_stmt 0 view .LVU48
 175 0010 0268     		ldr	r2, [r0]
 176              		.loc 1 81 5 view .LVU49
 177 0012 03F18043 		add	r3, r3, #1073741824
 178 0016 03F59033 		add	r3, r3, #73728
 179 001a 9A42     		cmp	r2, r3
 180 001c 02D0     		beq	.L12
 181              	.LVL5:
 182              	.L9:
  82:Core/Src/adc.c ****   {
  83:Core/Src/adc.c ****   /* USER CODE BEGIN ADC1_MspInit 0 */
  84:Core/Src/adc.c **** 
  85:Core/Src/adc.c ****   /* USER CODE END ADC1_MspInit 0 */
  86:Core/Src/adc.c ****     /* ADC1 clock enable */
  87:Core/Src/adc.c ****     __HAL_RCC_ADC1_CLK_ENABLE();
  88:Core/Src/adc.c **** 
  89:Core/Src/adc.c ****     __HAL_RCC_GPIOA_CLK_ENABLE();
  90:Core/Src/adc.c ****     /**ADC1 GPIO Configuration
  91:Core/Src/adc.c ****     PA0-WKUP     ------> ADC1_IN0
  92:Core/Src/adc.c ****     PA1     ------> ADC1_IN1
  93:Core/Src/adc.c ****     PA2     ------> ADC1_IN2
  94:Core/Src/adc.c ****     */
  95:Core/Src/adc.c ****     GPIO_InitStruct.Pin = ADC1_IN0_ACT_Pin|ADC1_IN1_ROT1_Pin|ADC1_IN2_ROT2_Pin;
  96:Core/Src/adc.c ****     GPIO_InitStruct.Mode = GPIO_MODE_ANALOG;
  97:Core/Src/adc.c ****     GPIO_InitStruct.Pull = GPIO_NOPULL;
  98:Core/Src/adc.c ****     HAL_GPIO_Init(GPIOA, &GPIO_InitStruct);
  99:Core/Src/adc.c **** 
 100:Core/Src/adc.c ****   /* USER CODE BEGIN ADC1_MspInit 1 */
 101:Core/Src/adc.c **** 
 102:Core/Src/adc.c ****   /* USER CODE END ADC1_MspInit 1 */
 103:Core/Src/adc.c ****   }
 104:Core/Src/adc.c **** }
ARM GAS  /var/folders/8x/_y6g3dfs0698dfd49y4vcg_w0000gn/T//ccOayFp0.s 			page 6


 183              		.loc 1 104 1 view .LVU50
 184 001e 09B0     		add	sp, sp, #36
 185              	.LCFI6:
 186              		.cfi_remember_state
 187              		.cfi_def_cfa_offset 4
 188              		@ sp needed
 189 0020 5DF804FB 		ldr	pc, [sp], #4
 190              	.LVL6:
 191              	.L12:
 192              	.LCFI7:
 193              		.cfi_restore_state
  87:Core/Src/adc.c **** 
 194              		.loc 1 87 5 is_stmt 1 view .LVU51
 195              	.LBB2:
  87:Core/Src/adc.c **** 
 196              		.loc 1 87 5 view .LVU52
 197 0024 0021     		movs	r1, #0
 198 0026 0191     		str	r1, [sp, #4]
  87:Core/Src/adc.c **** 
 199              		.loc 1 87 5 view .LVU53
 200 0028 03F58C33 		add	r3, r3, #71680
 201 002c 5A6C     		ldr	r2, [r3, #68]
 202 002e 42F48072 		orr	r2, r2, #256
 203 0032 5A64     		str	r2, [r3, #68]
  87:Core/Src/adc.c **** 
 204              		.loc 1 87 5 view .LVU54
 205 0034 5A6C     		ldr	r2, [r3, #68]
 206 0036 02F48072 		and	r2, r2, #256
 207 003a 0192     		str	r2, [sp, #4]
  87:Core/Src/adc.c **** 
 208              		.loc 1 87 5 view .LVU55
 209 003c 019A     		ldr	r2, [sp, #4]
 210              	.LBE2:
  87:Core/Src/adc.c **** 
 211              		.loc 1 87 5 view .LVU56
  89:Core/Src/adc.c ****     /**ADC1 GPIO Configuration
 212              		.loc 1 89 5 view .LVU57
 213              	.LBB3:
  89:Core/Src/adc.c ****     /**ADC1 GPIO Configuration
 214              		.loc 1 89 5 view .LVU58
 215 003e 0291     		str	r1, [sp, #8]
  89:Core/Src/adc.c ****     /**ADC1 GPIO Configuration
 216              		.loc 1 89 5 view .LVU59
 217 0040 1A6B     		ldr	r2, [r3, #48]
 218 0042 42F00102 		orr	r2, r2, #1
 219 0046 1A63     		str	r2, [r3, #48]
  89:Core/Src/adc.c ****     /**ADC1 GPIO Configuration
 220              		.loc 1 89 5 view .LVU60
 221 0048 1B6B     		ldr	r3, [r3, #48]
 222 004a 03F00103 		and	r3, r3, #1
 223 004e 0293     		str	r3, [sp, #8]
  89:Core/Src/adc.c ****     /**ADC1 GPIO Configuration
 224              		.loc 1 89 5 view .LVU61
 225 0050 029B     		ldr	r3, [sp, #8]
 226              	.LBE3:
  89:Core/Src/adc.c ****     /**ADC1 GPIO Configuration
 227              		.loc 1 89 5 view .LVU62
ARM GAS  /var/folders/8x/_y6g3dfs0698dfd49y4vcg_w0000gn/T//ccOayFp0.s 			page 7


  95:Core/Src/adc.c ****     GPIO_InitStruct.Mode = GPIO_MODE_ANALOG;
 228              		.loc 1 95 5 view .LVU63
  95:Core/Src/adc.c ****     GPIO_InitStruct.Mode = GPIO_MODE_ANALOG;
 229              		.loc 1 95 25 is_stmt 0 view .LVU64
 230 0052 0723     		movs	r3, #7
 231 0054 0393     		str	r3, [sp, #12]
  96:Core/Src/adc.c ****     GPIO_InitStruct.Pull = GPIO_NOPULL;
 232              		.loc 1 96 5 is_stmt 1 view .LVU65
  96:Core/Src/adc.c ****     GPIO_InitStruct.Pull = GPIO_NOPULL;
 233              		.loc 1 96 26 is_stmt 0 view .LVU66
 234 0056 0323     		movs	r3, #3
 235 0058 0493     		str	r3, [sp, #16]
  97:Core/Src/adc.c ****     HAL_GPIO_Init(GPIOA, &GPIO_InitStruct);
 236              		.loc 1 97 5 is_stmt 1 view .LVU67
  98:Core/Src/adc.c **** 
 237              		.loc 1 98 5 view .LVU68
 238 005a 03A9     		add	r1, sp, #12
 239 005c 0148     		ldr	r0, .L13
 240              	.LVL7:
  98:Core/Src/adc.c **** 
 241              		.loc 1 98 5 is_stmt 0 view .LVU69
 242 005e FFF7FEFF 		bl	HAL_GPIO_Init
 243              	.LVL8:
 244              		.loc 1 104 1 view .LVU70
 245 0062 DCE7     		b	.L9
 246              	.L14:
 247              		.align	2
 248              	.L13:
 249 0064 00000240 		.word	1073872896
 250              		.cfi_endproc
 251              	.LFE240:
 253              		.section	.text.HAL_ADC_MspDeInit,"ax",%progbits
 254              		.align	1
 255              		.global	HAL_ADC_MspDeInit
 256              		.syntax unified
 257              		.thumb
 258              		.thumb_func
 260              	HAL_ADC_MspDeInit:
 261              	.LVL9:
 262              	.LFB241:
 105:Core/Src/adc.c **** 
 106:Core/Src/adc.c **** void HAL_ADC_MspDeInit(ADC_HandleTypeDef* adcHandle)
 107:Core/Src/adc.c **** {
 263              		.loc 1 107 1 is_stmt 1 view -0
 264              		.cfi_startproc
 265              		@ args = 0, pretend = 0, frame = 0
 266              		@ frame_needed = 0, uses_anonymous_args = 0
 267              		.loc 1 107 1 is_stmt 0 view .LVU72
 268 0000 08B5     		push	{r3, lr}
 269              	.LCFI8:
 270              		.cfi_def_cfa_offset 8
 271              		.cfi_offset 3, -8
 272              		.cfi_offset 14, -4
 108:Core/Src/adc.c **** 
 109:Core/Src/adc.c ****   if(adcHandle->Instance==ADC1)
 273              		.loc 1 109 3 is_stmt 1 view .LVU73
 274              		.loc 1 109 15 is_stmt 0 view .LVU74
ARM GAS  /var/folders/8x/_y6g3dfs0698dfd49y4vcg_w0000gn/T//ccOayFp0.s 			page 8


 275 0002 0268     		ldr	r2, [r0]
 276              		.loc 1 109 5 view .LVU75
 277 0004 064B     		ldr	r3, .L19
 278 0006 9A42     		cmp	r2, r3
 279 0008 00D0     		beq	.L18
 280              	.LVL10:
 281              	.L15:
 110:Core/Src/adc.c ****   {
 111:Core/Src/adc.c ****   /* USER CODE BEGIN ADC1_MspDeInit 0 */
 112:Core/Src/adc.c **** 
 113:Core/Src/adc.c ****   /* USER CODE END ADC1_MspDeInit 0 */
 114:Core/Src/adc.c ****     /* Peripheral clock disable */
 115:Core/Src/adc.c ****     __HAL_RCC_ADC1_CLK_DISABLE();
 116:Core/Src/adc.c **** 
 117:Core/Src/adc.c ****     /**ADC1 GPIO Configuration
 118:Core/Src/adc.c ****     PA0-WKUP     ------> ADC1_IN0
 119:Core/Src/adc.c ****     PA1     ------> ADC1_IN1
 120:Core/Src/adc.c ****     PA2     ------> ADC1_IN2
 121:Core/Src/adc.c ****     */
 122:Core/Src/adc.c ****     HAL_GPIO_DeInit(GPIOA, ADC1_IN0_ACT_Pin|ADC1_IN1_ROT1_Pin|ADC1_IN2_ROT2_Pin);
 123:Core/Src/adc.c **** 
 124:Core/Src/adc.c ****   /* USER CODE BEGIN ADC1_MspDeInit 1 */
 125:Core/Src/adc.c **** 
 126:Core/Src/adc.c ****   /* USER CODE END ADC1_MspDeInit 1 */
 127:Core/Src/adc.c ****   }
 128:Core/Src/adc.c **** }
 282              		.loc 1 128 1 view .LVU76
 283 000a 08BD     		pop	{r3, pc}
 284              	.LVL11:
 285              	.L18:
 115:Core/Src/adc.c **** 
 286              		.loc 1 115 5 is_stmt 1 view .LVU77
 287 000c 054A     		ldr	r2, .L19+4
 288 000e 536C     		ldr	r3, [r2, #68]
 289 0010 23F48073 		bic	r3, r3, #256
 290 0014 5364     		str	r3, [r2, #68]
 122:Core/Src/adc.c **** 
 291              		.loc 1 122 5 view .LVU78
 292 0016 0721     		movs	r1, #7
 293 0018 0348     		ldr	r0, .L19+8
 294              	.LVL12:
 122:Core/Src/adc.c **** 
 295              		.loc 1 122 5 is_stmt 0 view .LVU79
 296 001a FFF7FEFF 		bl	HAL_GPIO_DeInit
 297              	.LVL13:
 298              		.loc 1 128 1 view .LVU80
 299 001e F4E7     		b	.L15
 300              	.L20:
 301              		.align	2
 302              	.L19:
 303 0020 00200140 		.word	1073815552
 304 0024 00380240 		.word	1073887232
 305 0028 00000240 		.word	1073872896
 306              		.cfi_endproc
 307              	.LFE241:
 309              		.global	hadc1
 310              		.section	.bss.hadc1,"aw",%nobits
ARM GAS  /var/folders/8x/_y6g3dfs0698dfd49y4vcg_w0000gn/T//ccOayFp0.s 			page 9


 311              		.align	2
 314              	hadc1:
 315 0000 00000000 		.space	72
 315      00000000 
 315      00000000 
 315      00000000 
 315      00000000 
 316              		.text
 317              	.Letext0:
 318              		.file 2 "/Applications/ArmGNUToolchain/13.3.rel1/arm-none-eabi/arm-none-eabi/include/machine/_defa
 319              		.file 3 "/Applications/ArmGNUToolchain/13.3.rel1/arm-none-eabi/arm-none-eabi/include/sys/_stdint.h
 320              		.file 4 "Drivers/CMSIS/Device/ST/STM32F4xx/Include/stm32f407xx.h"
 321              		.file 5 "Drivers/CMSIS/Device/ST/STM32F4xx/Include/stm32f4xx.h"
 322              		.file 6 "Drivers/STM32F4xx_HAL_Driver/Inc/stm32f4xx_hal_def.h"
 323              		.file 7 "Drivers/STM32F4xx_HAL_Driver/Inc/stm32f4xx_hal_gpio.h"
 324              		.file 8 "Drivers/STM32F4xx_HAL_Driver/Inc/stm32f4xx_hal_dma.h"
 325              		.file 9 "Drivers/STM32F4xx_HAL_Driver/Inc/stm32f4xx_hal_adc.h"
 326              		.file 10 "Core/Inc/adc.h"
 327              		.file 11 "Core/Inc/main.h"
ARM GAS  /var/folders/8x/_y6g3dfs0698dfd49y4vcg_w0000gn/T//ccOayFp0.s 			page 10


DEFINED SYMBOLS
                            *ABS*:00000000 adc.c
/var/folders/8x/_y6g3dfs0698dfd49y4vcg_w0000gn/T//ccOayFp0.s:21     .text.MX_ADC1_Init:00000000 $t
/var/folders/8x/_y6g3dfs0698dfd49y4vcg_w0000gn/T//ccOayFp0.s:27     .text.MX_ADC1_Init:00000000 MX_ADC1_Init
/var/folders/8x/_y6g3dfs0698dfd49y4vcg_w0000gn/T//ccOayFp0.s:137    .text.MX_ADC1_Init:00000060 $d
/var/folders/8x/_y6g3dfs0698dfd49y4vcg_w0000gn/T//ccOayFp0.s:314    .bss.hadc1:00000000 hadc1
/var/folders/8x/_y6g3dfs0698dfd49y4vcg_w0000gn/T//ccOayFp0.s:144    .text.HAL_ADC_MspInit:00000000 $t
/var/folders/8x/_y6g3dfs0698dfd49y4vcg_w0000gn/T//ccOayFp0.s:150    .text.HAL_ADC_MspInit:00000000 HAL_ADC_MspInit
/var/folders/8x/_y6g3dfs0698dfd49y4vcg_w0000gn/T//ccOayFp0.s:249    .text.HAL_ADC_MspInit:00000064 $d
/var/folders/8x/_y6g3dfs0698dfd49y4vcg_w0000gn/T//ccOayFp0.s:254    .text.HAL_ADC_MspDeInit:00000000 $t
/var/folders/8x/_y6g3dfs0698dfd49y4vcg_w0000gn/T//ccOayFp0.s:260    .text.HAL_ADC_MspDeInit:00000000 HAL_ADC_MspDeInit
/var/folders/8x/_y6g3dfs0698dfd49y4vcg_w0000gn/T//ccOayFp0.s:303    .text.HAL_ADC_MspDeInit:00000020 $d
/var/folders/8x/_y6g3dfs0698dfd49y4vcg_w0000gn/T//ccOayFp0.s:311    .bss.hadc1:00000000 $d

UNDEFINED SYMBOLS
HAL_ADC_Init
HAL_ADC_ConfigChannel
Error_Handler
HAL_GPIO_Init
HAL_GPIO_DeInit
