ARM GAS  /var/folders/8x/_y6g3dfs0698dfd49y4vcg_w0000gn/T//ccE6NFCb.s 			page 1


   1              		.cpu cortex-m4
   2              		.arch armv7e-m
   3              		.fpu fpv4-sp-d16
   4              		.eabi_attribute 27, 1
   5              		.eabi_attribute 28, 1
   6              		.eabi_attribute 20, 1
   7              		.eabi_attribute 21, 1
   8              		.eabi_attribute 23, 3
   9              		.eabi_attribute 24, 1
  10              		.eabi_attribute 25, 1
  11              		.eabi_attribute 26, 1
  12              		.eabi_attribute 30, 1
  13              		.eabi_attribute 34, 1
  14              		.eabi_attribute 18, 4
  15              		.file	"gpio.c"
  16              		.text
  17              	.Ltext0:
  18              		.cfi_sections	.debug_frame
  19              		.file 1 "Core/Src/gpio.c"
  20              		.section	.text.MX_GPIO_Init,"ax",%progbits
  21              		.align	1
  22              		.global	MX_GPIO_Init
  23              		.syntax unified
  24              		.thumb
  25              		.thumb_func
  27              	MX_GPIO_Init:
  28              	.LFB239:
   1:Core/Src/gpio.c **** /* USER CODE BEGIN Header */
   2:Core/Src/gpio.c **** /**
   3:Core/Src/gpio.c ****   ******************************************************************************
   4:Core/Src/gpio.c ****   * @file    gpio.c
   5:Core/Src/gpio.c ****   * @brief   This file provides code for the configuration
   6:Core/Src/gpio.c ****   *          of all used GPIO pins.
   7:Core/Src/gpio.c ****   ******************************************************************************
   8:Core/Src/gpio.c ****   * @attention
   9:Core/Src/gpio.c ****   *
  10:Core/Src/gpio.c ****   * Copyright (c) 2024 STMicroelectronics.
  11:Core/Src/gpio.c ****   * All rights reserved.
  12:Core/Src/gpio.c ****   *
  13:Core/Src/gpio.c ****   * This software is licensed under terms that can be found in the LICENSE file
  14:Core/Src/gpio.c ****   * in the root directory of this software component.
  15:Core/Src/gpio.c ****   * If no LICENSE file comes with this software, it is provided AS-IS.
  16:Core/Src/gpio.c ****   *
  17:Core/Src/gpio.c ****   ******************************************************************************
  18:Core/Src/gpio.c ****   */
  19:Core/Src/gpio.c **** /* USER CODE END Header */
  20:Core/Src/gpio.c **** 
  21:Core/Src/gpio.c **** /* Includes ------------------------------------------------------------------*/
  22:Core/Src/gpio.c **** #include "gpio.h"
  23:Core/Src/gpio.c **** 
  24:Core/Src/gpio.c **** /* USER CODE BEGIN 0 */
  25:Core/Src/gpio.c **** 
  26:Core/Src/gpio.c **** /* USER CODE END 0 */
  27:Core/Src/gpio.c **** 
  28:Core/Src/gpio.c **** /*----------------------------------------------------------------------------*/
  29:Core/Src/gpio.c **** /* Configure GPIO                                                             */
  30:Core/Src/gpio.c **** /*----------------------------------------------------------------------------*/
ARM GAS  /var/folders/8x/_y6g3dfs0698dfd49y4vcg_w0000gn/T//ccE6NFCb.s 			page 2


  31:Core/Src/gpio.c **** /* USER CODE BEGIN 1 */
  32:Core/Src/gpio.c **** 
  33:Core/Src/gpio.c **** /* USER CODE END 1 */
  34:Core/Src/gpio.c **** 
  35:Core/Src/gpio.c **** /** Configure pins as
  36:Core/Src/gpio.c ****         * Analog
  37:Core/Src/gpio.c ****         * Input
  38:Core/Src/gpio.c ****         * Output
  39:Core/Src/gpio.c ****         * EVENT_OUT
  40:Core/Src/gpio.c ****         * EXTI
  41:Core/Src/gpio.c **** */
  42:Core/Src/gpio.c **** void MX_GPIO_Init(void)
  43:Core/Src/gpio.c **** {
  29              		.loc 1 43 1 view -0
  30              		.cfi_startproc
  31              		@ args = 0, pretend = 0, frame = 48
  32              		@ frame_needed = 0, uses_anonymous_args = 0
  33 0000 2DE9F047 		push	{r4, r5, r6, r7, r8, r9, r10, lr}
  34              	.LCFI0:
  35              		.cfi_def_cfa_offset 32
  36              		.cfi_offset 4, -32
  37              		.cfi_offset 5, -28
  38              		.cfi_offset 6, -24
  39              		.cfi_offset 7, -20
  40              		.cfi_offset 8, -16
  41              		.cfi_offset 9, -12
  42              		.cfi_offset 10, -8
  43              		.cfi_offset 14, -4
  44 0004 8CB0     		sub	sp, sp, #48
  45              	.LCFI1:
  46              		.cfi_def_cfa_offset 80
  44:Core/Src/gpio.c **** 
  45:Core/Src/gpio.c ****   GPIO_InitTypeDef GPIO_InitStruct = {0};
  47              		.loc 1 45 3 view .LVU1
  48              		.loc 1 45 20 is_stmt 0 view .LVU2
  49 0006 0024     		movs	r4, #0
  50 0008 0794     		str	r4, [sp, #28]
  51 000a 0894     		str	r4, [sp, #32]
  52 000c 0994     		str	r4, [sp, #36]
  53 000e 0A94     		str	r4, [sp, #40]
  54 0010 0B94     		str	r4, [sp, #44]
  46:Core/Src/gpio.c **** 
  47:Core/Src/gpio.c ****   /* GPIO Ports Clock Enable */
  48:Core/Src/gpio.c ****   __HAL_RCC_GPIOC_CLK_ENABLE();
  55              		.loc 1 48 3 is_stmt 1 view .LVU3
  56              	.LBB2:
  57              		.loc 1 48 3 view .LVU4
  58 0012 0194     		str	r4, [sp, #4]
  59              		.loc 1 48 3 view .LVU5
  60 0014 484B     		ldr	r3, .L3
  61 0016 1A6B     		ldr	r2, [r3, #48]
  62 0018 42F00402 		orr	r2, r2, #4
  63 001c 1A63     		str	r2, [r3, #48]
  64              		.loc 1 48 3 view .LVU6
  65 001e 1A6B     		ldr	r2, [r3, #48]
  66 0020 02F00402 		and	r2, r2, #4
  67 0024 0192     		str	r2, [sp, #4]
ARM GAS  /var/folders/8x/_y6g3dfs0698dfd49y4vcg_w0000gn/T//ccE6NFCb.s 			page 3


  68              		.loc 1 48 3 view .LVU7
  69 0026 019A     		ldr	r2, [sp, #4]
  70              	.LBE2:
  71              		.loc 1 48 3 view .LVU8
  49:Core/Src/gpio.c ****   __HAL_RCC_GPIOH_CLK_ENABLE();
  72              		.loc 1 49 3 view .LVU9
  73              	.LBB3:
  74              		.loc 1 49 3 view .LVU10
  75 0028 0294     		str	r4, [sp, #8]
  76              		.loc 1 49 3 view .LVU11
  77 002a 1A6B     		ldr	r2, [r3, #48]
  78 002c 42F08002 		orr	r2, r2, #128
  79 0030 1A63     		str	r2, [r3, #48]
  80              		.loc 1 49 3 view .LVU12
  81 0032 1A6B     		ldr	r2, [r3, #48]
  82 0034 02F08002 		and	r2, r2, #128
  83 0038 0292     		str	r2, [sp, #8]
  84              		.loc 1 49 3 view .LVU13
  85 003a 029A     		ldr	r2, [sp, #8]
  86              	.LBE3:
  87              		.loc 1 49 3 view .LVU14
  50:Core/Src/gpio.c ****   __HAL_RCC_GPIOA_CLK_ENABLE();
  88              		.loc 1 50 3 view .LVU15
  89              	.LBB4:
  90              		.loc 1 50 3 view .LVU16
  91 003c 0394     		str	r4, [sp, #12]
  92              		.loc 1 50 3 view .LVU17
  93 003e 1A6B     		ldr	r2, [r3, #48]
  94 0040 42F00102 		orr	r2, r2, #1
  95 0044 1A63     		str	r2, [r3, #48]
  96              		.loc 1 50 3 view .LVU18
  97 0046 1A6B     		ldr	r2, [r3, #48]
  98 0048 02F00102 		and	r2, r2, #1
  99 004c 0392     		str	r2, [sp, #12]
 100              		.loc 1 50 3 view .LVU19
 101 004e 039A     		ldr	r2, [sp, #12]
 102              	.LBE4:
 103              		.loc 1 50 3 view .LVU20
  51:Core/Src/gpio.c ****   __HAL_RCC_GPIOB_CLK_ENABLE();
 104              		.loc 1 51 3 view .LVU21
 105              	.LBB5:
 106              		.loc 1 51 3 view .LVU22
 107 0050 0494     		str	r4, [sp, #16]
 108              		.loc 1 51 3 view .LVU23
 109 0052 1A6B     		ldr	r2, [r3, #48]
 110 0054 42F00202 		orr	r2, r2, #2
 111 0058 1A63     		str	r2, [r3, #48]
 112              		.loc 1 51 3 view .LVU24
 113 005a 1A6B     		ldr	r2, [r3, #48]
 114 005c 02F00202 		and	r2, r2, #2
 115 0060 0492     		str	r2, [sp, #16]
 116              		.loc 1 51 3 view .LVU25
 117 0062 049A     		ldr	r2, [sp, #16]
 118              	.LBE5:
 119              		.loc 1 51 3 view .LVU26
  52:Core/Src/gpio.c ****   __HAL_RCC_GPIOE_CLK_ENABLE();
 120              		.loc 1 52 3 view .LVU27
ARM GAS  /var/folders/8x/_y6g3dfs0698dfd49y4vcg_w0000gn/T//ccE6NFCb.s 			page 4


 121              	.LBB6:
 122              		.loc 1 52 3 view .LVU28
 123 0064 0594     		str	r4, [sp, #20]
 124              		.loc 1 52 3 view .LVU29
 125 0066 1A6B     		ldr	r2, [r3, #48]
 126 0068 42F01002 		orr	r2, r2, #16
 127 006c 1A63     		str	r2, [r3, #48]
 128              		.loc 1 52 3 view .LVU30
 129 006e 1A6B     		ldr	r2, [r3, #48]
 130 0070 02F01002 		and	r2, r2, #16
 131 0074 0592     		str	r2, [sp, #20]
 132              		.loc 1 52 3 view .LVU31
 133 0076 059A     		ldr	r2, [sp, #20]
 134              	.LBE6:
 135              		.loc 1 52 3 view .LVU32
  53:Core/Src/gpio.c ****   __HAL_RCC_GPIOD_CLK_ENABLE();
 136              		.loc 1 53 3 view .LVU33
 137              	.LBB7:
 138              		.loc 1 53 3 view .LVU34
 139 0078 0694     		str	r4, [sp, #24]
 140              		.loc 1 53 3 view .LVU35
 141 007a 1A6B     		ldr	r2, [r3, #48]
 142 007c 42F00802 		orr	r2, r2, #8
 143 0080 1A63     		str	r2, [r3, #48]
 144              		.loc 1 53 3 view .LVU36
 145 0082 1B6B     		ldr	r3, [r3, #48]
 146 0084 03F00803 		and	r3, r3, #8
 147 0088 0693     		str	r3, [sp, #24]
 148              		.loc 1 53 3 view .LVU37
 149 008a 069B     		ldr	r3, [sp, #24]
 150              	.LBE7:
 151              		.loc 1 53 3 view .LVU38
  54:Core/Src/gpio.c **** 
  55:Core/Src/gpio.c ****   /*Configure GPIO pin Output Level */
  56:Core/Src/gpio.c ****   HAL_GPIO_WritePin(GPIOC, LED_Pin|IN1_Pin, GPIO_PIN_RESET);
 152              		.loc 1 56 3 view .LVU39
 153 008c DFF8B4A0 		ldr	r10, .L3+12
 154 0090 2246     		mov	r2, r4
 155 0092 42F22001 		movw	r1, #8224
 156 0096 5046     		mov	r0, r10
 157 0098 FFF7FEFF 		bl	HAL_GPIO_WritePin
 158              	.LVL0:
  57:Core/Src/gpio.c **** 
  58:Core/Src/gpio.c ****   /*Configure GPIO pin Output Level */
  59:Core/Src/gpio.c ****   HAL_GPIO_WritePin(DIR5_GPIO_Port, DIR5_Pin, GPIO_PIN_RESET);
 159              		.loc 1 59 3 view .LVU40
 160 009c DFF8A890 		ldr	r9, .L3+16
 161 00a0 2246     		mov	r2, r4
 162 00a2 4021     		movs	r1, #64
 163 00a4 4846     		mov	r0, r9
 164 00a6 FFF7FEFF 		bl	HAL_GPIO_WritePin
 165              	.LVL1:
  60:Core/Src/gpio.c **** 
  61:Core/Src/gpio.c ****   /*Configure GPIO pin Output Level */
  62:Core/Src/gpio.c ****   HAL_GPIO_WritePin(IN2_GPIO_Port, IN2_Pin, GPIO_PIN_RESET);
 166              		.loc 1 62 3 view .LVU41
 167 00aa DFF8A080 		ldr	r8, .L3+20
ARM GAS  /var/folders/8x/_y6g3dfs0698dfd49y4vcg_w0000gn/T//ccE6NFCb.s 			page 5


 168 00ae 2246     		mov	r2, r4
 169 00b0 0121     		movs	r1, #1
 170 00b2 4046     		mov	r0, r8
 171 00b4 FFF7FEFF 		bl	HAL_GPIO_WritePin
 172              	.LVL2:
  63:Core/Src/gpio.c **** 
  64:Core/Src/gpio.c ****   /*Configure GPIO pin Output Level */
  65:Core/Src/gpio.c ****   HAL_GPIO_WritePin(GPIOE, DIR3_Pin|DIR1_Pin|DIR2_Pin|DIR4_Pin, GPIO_PIN_RESET);
 173              		.loc 1 65 3 view .LVU42
 174 00b8 204F     		ldr	r7, .L3+4
 175 00ba 2246     		mov	r2, r4
 176 00bc 4FF41541 		mov	r1, #38144
 177 00c0 3846     		mov	r0, r7
 178 00c2 FFF7FEFF 		bl	HAL_GPIO_WritePin
 179              	.LVL3:
  66:Core/Src/gpio.c **** 
  67:Core/Src/gpio.c ****   /*Configure GPIO pin Output Level */
  68:Core/Src/gpio.c ****   HAL_GPIO_WritePin(DIR6_GPIO_Port, DIR6_Pin, GPIO_PIN_RESET);
 180              		.loc 1 68 3 view .LVU43
 181 00c6 1E4E     		ldr	r6, .L3+8
 182 00c8 2246     		mov	r2, r4
 183 00ca 8021     		movs	r1, #128
 184 00cc 3046     		mov	r0, r6
 185 00ce FFF7FEFF 		bl	HAL_GPIO_WritePin
 186              	.LVL4:
  69:Core/Src/gpio.c **** 
  70:Core/Src/gpio.c ****   /*Configure GPIO pins : PCPin PCPin */
  71:Core/Src/gpio.c ****   GPIO_InitStruct.Pin = LED_Pin|IN1_Pin;
 187              		.loc 1 71 3 view .LVU44
 188              		.loc 1 71 23 is_stmt 0 view .LVU45
 189 00d2 42F22003 		movw	r3, #8224
 190 00d6 0793     		str	r3, [sp, #28]
  72:Core/Src/gpio.c ****   GPIO_InitStruct.Mode = GPIO_MODE_OUTPUT_PP;
 191              		.loc 1 72 3 is_stmt 1 view .LVU46
 192              		.loc 1 72 24 is_stmt 0 view .LVU47
 193 00d8 0125     		movs	r5, #1
 194 00da 0895     		str	r5, [sp, #32]
  73:Core/Src/gpio.c ****   GPIO_InitStruct.Pull = GPIO_NOPULL;
 195              		.loc 1 73 3 is_stmt 1 view .LVU48
 196              		.loc 1 73 24 is_stmt 0 view .LVU49
 197 00dc 0994     		str	r4, [sp, #36]
  74:Core/Src/gpio.c ****   GPIO_InitStruct.Speed = GPIO_SPEED_FREQ_LOW;
 198              		.loc 1 74 3 is_stmt 1 view .LVU50
 199              		.loc 1 74 25 is_stmt 0 view .LVU51
 200 00de 0A94     		str	r4, [sp, #40]
  75:Core/Src/gpio.c ****   HAL_GPIO_Init(GPIOC, &GPIO_InitStruct);
 201              		.loc 1 75 3 is_stmt 1 view .LVU52
 202 00e0 07A9     		add	r1, sp, #28
 203 00e2 5046     		mov	r0, r10
 204 00e4 FFF7FEFF 		bl	HAL_GPIO_Init
 205              	.LVL5:
  76:Core/Src/gpio.c **** 
  77:Core/Src/gpio.c ****   /*Configure GPIO pin : PtPin */
  78:Core/Src/gpio.c ****   GPIO_InitStruct.Pin = DIR5_Pin;
 206              		.loc 1 78 3 view .LVU53
 207              		.loc 1 78 23 is_stmt 0 view .LVU54
 208 00e8 4023     		movs	r3, #64
ARM GAS  /var/folders/8x/_y6g3dfs0698dfd49y4vcg_w0000gn/T//ccE6NFCb.s 			page 6


 209 00ea 0793     		str	r3, [sp, #28]
  79:Core/Src/gpio.c ****   GPIO_InitStruct.Mode = GPIO_MODE_OUTPUT_PP;
 210              		.loc 1 79 3 is_stmt 1 view .LVU55
 211              		.loc 1 79 24 is_stmt 0 view .LVU56
 212 00ec 0895     		str	r5, [sp, #32]
  80:Core/Src/gpio.c ****   GPIO_InitStruct.Pull = GPIO_NOPULL;
 213              		.loc 1 80 3 is_stmt 1 view .LVU57
 214              		.loc 1 80 24 is_stmt 0 view .LVU58
 215 00ee 0994     		str	r4, [sp, #36]
  81:Core/Src/gpio.c ****   GPIO_InitStruct.Speed = GPIO_SPEED_FREQ_LOW;
 216              		.loc 1 81 3 is_stmt 1 view .LVU59
 217              		.loc 1 81 25 is_stmt 0 view .LVU60
 218 00f0 0A94     		str	r4, [sp, #40]
  82:Core/Src/gpio.c ****   HAL_GPIO_Init(DIR5_GPIO_Port, &GPIO_InitStruct);
 219              		.loc 1 82 3 is_stmt 1 view .LVU61
 220 00f2 07A9     		add	r1, sp, #28
 221 00f4 4846     		mov	r0, r9
 222 00f6 FFF7FEFF 		bl	HAL_GPIO_Init
 223              	.LVL6:
  83:Core/Src/gpio.c **** 
  84:Core/Src/gpio.c ****   /*Configure GPIO pin : PtPin */
  85:Core/Src/gpio.c ****   GPIO_InitStruct.Pin = IN2_Pin;
 224              		.loc 1 85 3 view .LVU62
 225              		.loc 1 85 23 is_stmt 0 view .LVU63
 226 00fa 0795     		str	r5, [sp, #28]
  86:Core/Src/gpio.c ****   GPIO_InitStruct.Mode = GPIO_MODE_OUTPUT_PP;
 227              		.loc 1 86 3 is_stmt 1 view .LVU64
 228              		.loc 1 86 24 is_stmt 0 view .LVU65
 229 00fc 0895     		str	r5, [sp, #32]
  87:Core/Src/gpio.c ****   GPIO_InitStruct.Pull = GPIO_NOPULL;
 230              		.loc 1 87 3 is_stmt 1 view .LVU66
 231              		.loc 1 87 24 is_stmt 0 view .LVU67
 232 00fe 0994     		str	r4, [sp, #36]
  88:Core/Src/gpio.c ****   GPIO_InitStruct.Speed = GPIO_SPEED_FREQ_LOW;
 233              		.loc 1 88 3 is_stmt 1 view .LVU68
 234              		.loc 1 88 25 is_stmt 0 view .LVU69
 235 0100 0A94     		str	r4, [sp, #40]
  89:Core/Src/gpio.c ****   HAL_GPIO_Init(IN2_GPIO_Port, &GPIO_InitStruct);
 236              		.loc 1 89 3 is_stmt 1 view .LVU70
 237 0102 07A9     		add	r1, sp, #28
 238 0104 4046     		mov	r0, r8
 239 0106 FFF7FEFF 		bl	HAL_GPIO_Init
 240              	.LVL7:
  90:Core/Src/gpio.c **** 
  91:Core/Src/gpio.c ****   /*Configure GPIO pins : PEPin PEPin PEPin PEPin */
  92:Core/Src/gpio.c ****   GPIO_InitStruct.Pin = DIR3_Pin|DIR1_Pin|DIR2_Pin|DIR4_Pin;
 241              		.loc 1 92 3 view .LVU71
 242              		.loc 1 92 23 is_stmt 0 view .LVU72
 243 010a 4FF41543 		mov	r3, #38144
 244 010e 0793     		str	r3, [sp, #28]
  93:Core/Src/gpio.c ****   GPIO_InitStruct.Mode = GPIO_MODE_OUTPUT_PP;
 245              		.loc 1 93 3 is_stmt 1 view .LVU73
 246              		.loc 1 93 24 is_stmt 0 view .LVU74
 247 0110 0895     		str	r5, [sp, #32]
  94:Core/Src/gpio.c ****   GPIO_InitStruct.Pull = GPIO_NOPULL;
 248              		.loc 1 94 3 is_stmt 1 view .LVU75
 249              		.loc 1 94 24 is_stmt 0 view .LVU76
ARM GAS  /var/folders/8x/_y6g3dfs0698dfd49y4vcg_w0000gn/T//ccE6NFCb.s 			page 7


 250 0112 0994     		str	r4, [sp, #36]
  95:Core/Src/gpio.c ****   GPIO_InitStruct.Speed = GPIO_SPEED_FREQ_LOW;
 251              		.loc 1 95 3 is_stmt 1 view .LVU77
 252              		.loc 1 95 25 is_stmt 0 view .LVU78
 253 0114 0A94     		str	r4, [sp, #40]
  96:Core/Src/gpio.c ****   HAL_GPIO_Init(GPIOE, &GPIO_InitStruct);
 254              		.loc 1 96 3 is_stmt 1 view .LVU79
 255 0116 07A9     		add	r1, sp, #28
 256 0118 3846     		mov	r0, r7
 257 011a FFF7FEFF 		bl	HAL_GPIO_Init
 258              	.LVL8:
  97:Core/Src/gpio.c **** 
  98:Core/Src/gpio.c ****   /*Configure GPIO pin : PtPin */
  99:Core/Src/gpio.c ****   GPIO_InitStruct.Pin = DIR6_Pin;
 259              		.loc 1 99 3 view .LVU80
 260              		.loc 1 99 23 is_stmt 0 view .LVU81
 261 011e 8023     		movs	r3, #128
 262 0120 0793     		str	r3, [sp, #28]
 100:Core/Src/gpio.c ****   GPIO_InitStruct.Mode = GPIO_MODE_OUTPUT_PP;
 263              		.loc 1 100 3 is_stmt 1 view .LVU82
 264              		.loc 1 100 24 is_stmt 0 view .LVU83
 265 0122 0895     		str	r5, [sp, #32]
 101:Core/Src/gpio.c ****   GPIO_InitStruct.Pull = GPIO_NOPULL;
 266              		.loc 1 101 3 is_stmt 1 view .LVU84
 267              		.loc 1 101 24 is_stmt 0 view .LVU85
 268 0124 0994     		str	r4, [sp, #36]
 102:Core/Src/gpio.c ****   GPIO_InitStruct.Speed = GPIO_SPEED_FREQ_LOW;
 269              		.loc 1 102 3 is_stmt 1 view .LVU86
 270              		.loc 1 102 25 is_stmt 0 view .LVU87
 271 0126 0A94     		str	r4, [sp, #40]
 103:Core/Src/gpio.c ****   HAL_GPIO_Init(DIR6_GPIO_Port, &GPIO_InitStruct);
 272              		.loc 1 103 3 is_stmt 1 view .LVU88
 273 0128 07A9     		add	r1, sp, #28
 274 012a 3046     		mov	r0, r6
 275 012c FFF7FEFF 		bl	HAL_GPIO_Init
 276              	.LVL9:
 104:Core/Src/gpio.c **** 
 105:Core/Src/gpio.c **** }
 277              		.loc 1 105 1 is_stmt 0 view .LVU89
 278 0130 0CB0     		add	sp, sp, #48
 279              	.LCFI2:
 280              		.cfi_def_cfa_offset 32
 281              		@ sp needed
 282 0132 BDE8F087 		pop	{r4, r5, r6, r7, r8, r9, r10, pc}
 283              	.L4:
 284 0136 00BF     		.align	2
 285              	.L3:
 286 0138 00380240 		.word	1073887232
 287 013c 00100240 		.word	1073876992
 288 0140 000C0240 		.word	1073875968
 289 0144 00080240 		.word	1073874944
 290 0148 00000240 		.word	1073872896
 291 014c 00040240 		.word	1073873920
 292              		.cfi_endproc
 293              	.LFE239:
 295              		.text
 296              	.Letext0:
ARM GAS  /var/folders/8x/_y6g3dfs0698dfd49y4vcg_w0000gn/T//ccE6NFCb.s 			page 8


 297              		.file 2 "/Applications/ArmGNUToolchain/13.3.rel1/arm-none-eabi/arm-none-eabi/include/machine/_defa
 298              		.file 3 "/Applications/ArmGNUToolchain/13.3.rel1/arm-none-eabi/arm-none-eabi/include/sys/_stdint.h
 299              		.file 4 "Drivers/CMSIS/Device/ST/STM32F4xx/Include/stm32f407xx.h"
 300              		.file 5 "Drivers/STM32F4xx_HAL_Driver/Inc/stm32f4xx_hal_gpio.h"
ARM GAS  /var/folders/8x/_y6g3dfs0698dfd49y4vcg_w0000gn/T//ccE6NFCb.s 			page 9


DEFINED SYMBOLS
                            *ABS*:00000000 gpio.c
/var/folders/8x/_y6g3dfs0698dfd49y4vcg_w0000gn/T//ccE6NFCb.s:21     .text.MX_GPIO_Init:00000000 $t
/var/folders/8x/_y6g3dfs0698dfd49y4vcg_w0000gn/T//ccE6NFCb.s:27     .text.MX_GPIO_Init:00000000 MX_GPIO_Init
/var/folders/8x/_y6g3dfs0698dfd49y4vcg_w0000gn/T//ccE6NFCb.s:286    .text.MX_GPIO_Init:00000138 $d

UNDEFINED SYMBOLS
HAL_GPIO_WritePin
HAL_GPIO_Init
