ARM GAS  /var/folders/8x/_y6g3dfs0698dfd49y4vcg_w0000gn/T//ccPMt20O.s 			page 1


   1              		.cpu cortex-m4
   2              		.arch armv7e-m
   3              		.fpu fpv4-sp-d16
   4              		.eabi_attribute 27, 1
   5              		.eabi_attribute 28, 1
   6              		.eabi_attribute 20, 1
   7              		.eabi_attribute 21, 1
   8              		.eabi_attribute 23, 3
   9              		.eabi_attribute 24, 1
  10              		.eabi_attribute 25, 1
  11              		.eabi_attribute 26, 1
  12              		.eabi_attribute 30, 1
  13              		.eabi_attribute 34, 1
  14              		.eabi_attribute 18, 4
  15              		.file	"usart.c"
  16              		.text
  17              	.Ltext0:
  18              		.cfi_sections	.debug_frame
  19              		.file 1 "Core/Src/usart.c"
  20              		.section	.text.MX_UART4_Init,"ax",%progbits
  21              		.align	1
  22              		.global	MX_UART4_Init
  23              		.syntax unified
  24              		.thumb
  25              		.thumb_func
  27              	MX_UART4_Init:
  28              	.LFB239:
   1:Core/Src/usart.c **** /* USER CODE BEGIN Header */
   2:Core/Src/usart.c **** /**
   3:Core/Src/usart.c ****   ******************************************************************************
   4:Core/Src/usart.c ****   * @file    usart.c
   5:Core/Src/usart.c ****   * @brief   This file provides code for the configuration
   6:Core/Src/usart.c ****   *          of the USART instances.
   7:Core/Src/usart.c ****   ******************************************************************************
   8:Core/Src/usart.c ****   * @attention
   9:Core/Src/usart.c ****   *
  10:Core/Src/usart.c ****   * Copyright (c) 2024 STMicroelectronics.
  11:Core/Src/usart.c ****   * All rights reserved.
  12:Core/Src/usart.c ****   *
  13:Core/Src/usart.c ****   * This software is licensed under terms that can be found in the LICENSE file
  14:Core/Src/usart.c ****   * in the root directory of this software component.
  15:Core/Src/usart.c ****   * If no LICENSE file comes with this software, it is provided AS-IS.
  16:Core/Src/usart.c ****   *
  17:Core/Src/usart.c ****   ******************************************************************************
  18:Core/Src/usart.c ****   */
  19:Core/Src/usart.c **** /* USER CODE END Header */
  20:Core/Src/usart.c **** /* Includes ------------------------------------------------------------------*/
  21:Core/Src/usart.c **** #include "usart.h"
  22:Core/Src/usart.c **** 
  23:Core/Src/usart.c **** /* USER CODE BEGIN 0 */
  24:Core/Src/usart.c **** 
  25:Core/Src/usart.c **** /* USER CODE END 0 */
  26:Core/Src/usart.c **** 
  27:Core/Src/usart.c **** UART_HandleTypeDef huart4;
  28:Core/Src/usart.c **** UART_HandleTypeDef huart5;
  29:Core/Src/usart.c **** UART_HandleTypeDef huart1;
  30:Core/Src/usart.c **** UART_HandleTypeDef huart2;
ARM GAS  /var/folders/8x/_y6g3dfs0698dfd49y4vcg_w0000gn/T//ccPMt20O.s 			page 2


  31:Core/Src/usart.c **** UART_HandleTypeDef huart3;
  32:Core/Src/usart.c **** UART_HandleTypeDef huart6;
  33:Core/Src/usart.c **** 
  34:Core/Src/usart.c **** /* UART4 init function */
  35:Core/Src/usart.c **** void MX_UART4_Init(void)
  36:Core/Src/usart.c **** {
  29              		.loc 1 36 1 view -0
  30              		.cfi_startproc
  31              		@ args = 0, pretend = 0, frame = 0
  32              		@ frame_needed = 0, uses_anonymous_args = 0
  33 0000 08B5     		push	{r3, lr}
  34              	.LCFI0:
  35              		.cfi_def_cfa_offset 8
  36              		.cfi_offset 3, -8
  37              		.cfi_offset 14, -4
  37:Core/Src/usart.c **** 
  38:Core/Src/usart.c ****   /* USER CODE BEGIN UART4_Init 0 */
  39:Core/Src/usart.c **** 
  40:Core/Src/usart.c ****   /* USER CODE END UART4_Init 0 */
  41:Core/Src/usart.c **** 
  42:Core/Src/usart.c ****   /* USER CODE BEGIN UART4_Init 1 */
  43:Core/Src/usart.c **** 
  44:Core/Src/usart.c ****   /* USER CODE END UART4_Init 1 */
  45:Core/Src/usart.c ****   huart4.Instance = UART4;
  38              		.loc 1 45 3 view .LVU1
  39              		.loc 1 45 19 is_stmt 0 view .LVU2
  40 0002 0A48     		ldr	r0, .L5
  41 0004 0A4B     		ldr	r3, .L5+4
  42 0006 0360     		str	r3, [r0]
  46:Core/Src/usart.c ****   huart4.Init.BaudRate = 115200;
  43              		.loc 1 46 3 is_stmt 1 view .LVU3
  44              		.loc 1 46 24 is_stmt 0 view .LVU4
  45 0008 4FF4E133 		mov	r3, #115200
  46 000c 4360     		str	r3, [r0, #4]
  47:Core/Src/usart.c ****   huart4.Init.WordLength = UART_WORDLENGTH_8B;
  47              		.loc 1 47 3 is_stmt 1 view .LVU5
  48              		.loc 1 47 26 is_stmt 0 view .LVU6
  49 000e 0023     		movs	r3, #0
  50 0010 8360     		str	r3, [r0, #8]
  48:Core/Src/usart.c ****   huart4.Init.StopBits = UART_STOPBITS_1;
  51              		.loc 1 48 3 is_stmt 1 view .LVU7
  52              		.loc 1 48 24 is_stmt 0 view .LVU8
  53 0012 C360     		str	r3, [r0, #12]
  49:Core/Src/usart.c ****   huart4.Init.Parity = UART_PARITY_NONE;
  54              		.loc 1 49 3 is_stmt 1 view .LVU9
  55              		.loc 1 49 22 is_stmt 0 view .LVU10
  56 0014 0361     		str	r3, [r0, #16]
  50:Core/Src/usart.c ****   huart4.Init.Mode = UART_MODE_TX_RX;
  57              		.loc 1 50 3 is_stmt 1 view .LVU11
  58              		.loc 1 50 20 is_stmt 0 view .LVU12
  59 0016 0C22     		movs	r2, #12
  60 0018 4261     		str	r2, [r0, #20]
  51:Core/Src/usart.c ****   huart4.Init.HwFlowCtl = UART_HWCONTROL_NONE;
  61              		.loc 1 51 3 is_stmt 1 view .LVU13
  62              		.loc 1 51 25 is_stmt 0 view .LVU14
  63 001a 8361     		str	r3, [r0, #24]
  52:Core/Src/usart.c ****   huart4.Init.OverSampling = UART_OVERSAMPLING_16;
ARM GAS  /var/folders/8x/_y6g3dfs0698dfd49y4vcg_w0000gn/T//ccPMt20O.s 			page 3


  64              		.loc 1 52 3 is_stmt 1 view .LVU15
  65              		.loc 1 52 28 is_stmt 0 view .LVU16
  66 001c C361     		str	r3, [r0, #28]
  53:Core/Src/usart.c ****   if (HAL_UART_Init(&huart4) != HAL_OK)
  67              		.loc 1 53 3 is_stmt 1 view .LVU17
  68              		.loc 1 53 7 is_stmt 0 view .LVU18
  69 001e FFF7FEFF 		bl	HAL_UART_Init
  70              	.LVL0:
  71              		.loc 1 53 6 discriminator 1 view .LVU19
  72 0022 00B9     		cbnz	r0, .L4
  73              	.L1:
  54:Core/Src/usart.c ****   {
  55:Core/Src/usart.c ****     Error_Handler();
  56:Core/Src/usart.c ****   }
  57:Core/Src/usart.c ****   /* USER CODE BEGIN UART4_Init 2 */
  58:Core/Src/usart.c **** 
  59:Core/Src/usart.c ****   /* USER CODE END UART4_Init 2 */
  60:Core/Src/usart.c **** 
  61:Core/Src/usart.c **** }
  74              		.loc 1 61 1 view .LVU20
  75 0024 08BD     		pop	{r3, pc}
  76              	.L4:
  55:Core/Src/usart.c ****   }
  77              		.loc 1 55 5 is_stmt 1 view .LVU21
  78 0026 FFF7FEFF 		bl	Error_Handler
  79              	.LVL1:
  80              		.loc 1 61 1 is_stmt 0 view .LVU22
  81 002a FBE7     		b	.L1
  82              	.L6:
  83              		.align	2
  84              	.L5:
  85 002c 00000000 		.word	huart4
  86 0030 004C0040 		.word	1073761280
  87              		.cfi_endproc
  88              	.LFE239:
  90              		.section	.text.MX_UART5_Init,"ax",%progbits
  91              		.align	1
  92              		.global	MX_UART5_Init
  93              		.syntax unified
  94              		.thumb
  95              		.thumb_func
  97              	MX_UART5_Init:
  98              	.LFB240:
  62:Core/Src/usart.c **** /* UART5 init function */
  63:Core/Src/usart.c **** void MX_UART5_Init(void)
  64:Core/Src/usart.c **** {
  99              		.loc 1 64 1 is_stmt 1 view -0
 100              		.cfi_startproc
 101              		@ args = 0, pretend = 0, frame = 0
 102              		@ frame_needed = 0, uses_anonymous_args = 0
 103 0000 08B5     		push	{r3, lr}
 104              	.LCFI1:
 105              		.cfi_def_cfa_offset 8
 106              		.cfi_offset 3, -8
 107              		.cfi_offset 14, -4
  65:Core/Src/usart.c **** 
  66:Core/Src/usart.c ****   /* USER CODE BEGIN UART5_Init 0 */
ARM GAS  /var/folders/8x/_y6g3dfs0698dfd49y4vcg_w0000gn/T//ccPMt20O.s 			page 4


  67:Core/Src/usart.c **** 
  68:Core/Src/usart.c ****   /* USER CODE END UART5_Init 0 */
  69:Core/Src/usart.c **** 
  70:Core/Src/usart.c ****   /* USER CODE BEGIN UART5_Init 1 */
  71:Core/Src/usart.c **** 
  72:Core/Src/usart.c ****   /* USER CODE END UART5_Init 1 */
  73:Core/Src/usart.c ****   huart5.Instance = UART5;
 108              		.loc 1 73 3 view .LVU24
 109              		.loc 1 73 19 is_stmt 0 view .LVU25
 110 0002 0A48     		ldr	r0, .L11
 111 0004 0A4B     		ldr	r3, .L11+4
 112 0006 0360     		str	r3, [r0]
  74:Core/Src/usart.c ****   huart5.Init.BaudRate = 115200;
 113              		.loc 1 74 3 is_stmt 1 view .LVU26
 114              		.loc 1 74 24 is_stmt 0 view .LVU27
 115 0008 4FF4E133 		mov	r3, #115200
 116 000c 4360     		str	r3, [r0, #4]
  75:Core/Src/usart.c ****   huart5.Init.WordLength = UART_WORDLENGTH_8B;
 117              		.loc 1 75 3 is_stmt 1 view .LVU28
 118              		.loc 1 75 26 is_stmt 0 view .LVU29
 119 000e 0023     		movs	r3, #0
 120 0010 8360     		str	r3, [r0, #8]
  76:Core/Src/usart.c ****   huart5.Init.StopBits = UART_STOPBITS_1;
 121              		.loc 1 76 3 is_stmt 1 view .LVU30
 122              		.loc 1 76 24 is_stmt 0 view .LVU31
 123 0012 C360     		str	r3, [r0, #12]
  77:Core/Src/usart.c ****   huart5.Init.Parity = UART_PARITY_NONE;
 124              		.loc 1 77 3 is_stmt 1 view .LVU32
 125              		.loc 1 77 22 is_stmt 0 view .LVU33
 126 0014 0361     		str	r3, [r0, #16]
  78:Core/Src/usart.c ****   huart5.Init.Mode = UART_MODE_TX_RX;
 127              		.loc 1 78 3 is_stmt 1 view .LVU34
 128              		.loc 1 78 20 is_stmt 0 view .LVU35
 129 0016 0C22     		movs	r2, #12
 130 0018 4261     		str	r2, [r0, #20]
  79:Core/Src/usart.c ****   huart5.Init.HwFlowCtl = UART_HWCONTROL_NONE;
 131              		.loc 1 79 3 is_stmt 1 view .LVU36
 132              		.loc 1 79 25 is_stmt 0 view .LVU37
 133 001a 8361     		str	r3, [r0, #24]
  80:Core/Src/usart.c ****   huart5.Init.OverSampling = UART_OVERSAMPLING_16;
 134              		.loc 1 80 3 is_stmt 1 view .LVU38
 135              		.loc 1 80 28 is_stmt 0 view .LVU39
 136 001c C361     		str	r3, [r0, #28]
  81:Core/Src/usart.c ****   if (HAL_UART_Init(&huart5) != HAL_OK)
 137              		.loc 1 81 3 is_stmt 1 view .LVU40
 138              		.loc 1 81 7 is_stmt 0 view .LVU41
 139 001e FFF7FEFF 		bl	HAL_UART_Init
 140              	.LVL2:
 141              		.loc 1 81 6 discriminator 1 view .LVU42
 142 0022 00B9     		cbnz	r0, .L10
 143              	.L7:
  82:Core/Src/usart.c ****   {
  83:Core/Src/usart.c ****     Error_Handler();
  84:Core/Src/usart.c ****   }
  85:Core/Src/usart.c ****   /* USER CODE BEGIN UART5_Init 2 */
  86:Core/Src/usart.c **** 
  87:Core/Src/usart.c ****   /* USER CODE END UART5_Init 2 */
ARM GAS  /var/folders/8x/_y6g3dfs0698dfd49y4vcg_w0000gn/T//ccPMt20O.s 			page 5


  88:Core/Src/usart.c **** 
  89:Core/Src/usart.c **** }
 144              		.loc 1 89 1 view .LVU43
 145 0024 08BD     		pop	{r3, pc}
 146              	.L10:
  83:Core/Src/usart.c ****   }
 147              		.loc 1 83 5 is_stmt 1 view .LVU44
 148 0026 FFF7FEFF 		bl	Error_Handler
 149              	.LVL3:
 150              		.loc 1 89 1 is_stmt 0 view .LVU45
 151 002a FBE7     		b	.L7
 152              	.L12:
 153              		.align	2
 154              	.L11:
 155 002c 00000000 		.word	huart5
 156 0030 00500040 		.word	1073762304
 157              		.cfi_endproc
 158              	.LFE240:
 160              		.section	.text.MX_USART1_UART_Init,"ax",%progbits
 161              		.align	1
 162              		.global	MX_USART1_UART_Init
 163              		.syntax unified
 164              		.thumb
 165              		.thumb_func
 167              	MX_USART1_UART_Init:
 168              	.LFB241:
  90:Core/Src/usart.c **** /* USART1 init function */
  91:Core/Src/usart.c **** 
  92:Core/Src/usart.c **** void MX_USART1_UART_Init(void)
  93:Core/Src/usart.c **** {
 169              		.loc 1 93 1 is_stmt 1 view -0
 170              		.cfi_startproc
 171              		@ args = 0, pretend = 0, frame = 0
 172              		@ frame_needed = 0, uses_anonymous_args = 0
 173 0000 08B5     		push	{r3, lr}
 174              	.LCFI2:
 175              		.cfi_def_cfa_offset 8
 176              		.cfi_offset 3, -8
 177              		.cfi_offset 14, -4
  94:Core/Src/usart.c **** 
  95:Core/Src/usart.c ****   /* USER CODE BEGIN USART1_Init 0 */
  96:Core/Src/usart.c **** 
  97:Core/Src/usart.c ****   /* USER CODE END USART1_Init 0 */
  98:Core/Src/usart.c **** 
  99:Core/Src/usart.c ****   /* USER CODE BEGIN USART1_Init 1 */
 100:Core/Src/usart.c **** 
 101:Core/Src/usart.c ****   /* USER CODE END USART1_Init 1 */
 102:Core/Src/usart.c ****   huart1.Instance = USART1;
 178              		.loc 1 102 3 view .LVU47
 179              		.loc 1 102 19 is_stmt 0 view .LVU48
 180 0002 0A48     		ldr	r0, .L17
 181 0004 0A4B     		ldr	r3, .L17+4
 182 0006 0360     		str	r3, [r0]
 103:Core/Src/usart.c ****   huart1.Init.BaudRate = 115200;
 183              		.loc 1 103 3 is_stmt 1 view .LVU49
 184              		.loc 1 103 24 is_stmt 0 view .LVU50
 185 0008 4FF4E133 		mov	r3, #115200
ARM GAS  /var/folders/8x/_y6g3dfs0698dfd49y4vcg_w0000gn/T//ccPMt20O.s 			page 6


 186 000c 4360     		str	r3, [r0, #4]
 104:Core/Src/usart.c ****   huart1.Init.WordLength = UART_WORDLENGTH_8B;
 187              		.loc 1 104 3 is_stmt 1 view .LVU51
 188              		.loc 1 104 26 is_stmt 0 view .LVU52
 189 000e 0023     		movs	r3, #0
 190 0010 8360     		str	r3, [r0, #8]
 105:Core/Src/usart.c ****   huart1.Init.StopBits = UART_STOPBITS_1;
 191              		.loc 1 105 3 is_stmt 1 view .LVU53
 192              		.loc 1 105 24 is_stmt 0 view .LVU54
 193 0012 C360     		str	r3, [r0, #12]
 106:Core/Src/usart.c ****   huart1.Init.Parity = UART_PARITY_NONE;
 194              		.loc 1 106 3 is_stmt 1 view .LVU55
 195              		.loc 1 106 22 is_stmt 0 view .LVU56
 196 0014 0361     		str	r3, [r0, #16]
 107:Core/Src/usart.c ****   huart1.Init.Mode = UART_MODE_TX_RX;
 197              		.loc 1 107 3 is_stmt 1 view .LVU57
 198              		.loc 1 107 20 is_stmt 0 view .LVU58
 199 0016 0C22     		movs	r2, #12
 200 0018 4261     		str	r2, [r0, #20]
 108:Core/Src/usart.c ****   huart1.Init.HwFlowCtl = UART_HWCONTROL_NONE;
 201              		.loc 1 108 3 is_stmt 1 view .LVU59
 202              		.loc 1 108 25 is_stmt 0 view .LVU60
 203 001a 8361     		str	r3, [r0, #24]
 109:Core/Src/usart.c ****   huart1.Init.OverSampling = UART_OVERSAMPLING_16;
 204              		.loc 1 109 3 is_stmt 1 view .LVU61
 205              		.loc 1 109 28 is_stmt 0 view .LVU62
 206 001c C361     		str	r3, [r0, #28]
 110:Core/Src/usart.c ****   if (HAL_UART_Init(&huart1) != HAL_OK)
 207              		.loc 1 110 3 is_stmt 1 view .LVU63
 208              		.loc 1 110 7 is_stmt 0 view .LVU64
 209 001e FFF7FEFF 		bl	HAL_UART_Init
 210              	.LVL4:
 211              		.loc 1 110 6 discriminator 1 view .LVU65
 212 0022 00B9     		cbnz	r0, .L16
 213              	.L13:
 111:Core/Src/usart.c ****   {
 112:Core/Src/usart.c ****     Error_Handler();
 113:Core/Src/usart.c ****   }
 114:Core/Src/usart.c ****   /* USER CODE BEGIN USART1_Init 2 */
 115:Core/Src/usart.c **** 
 116:Core/Src/usart.c ****   /* USER CODE END USART1_Init 2 */
 117:Core/Src/usart.c **** 
 118:Core/Src/usart.c **** }
 214              		.loc 1 118 1 view .LVU66
 215 0024 08BD     		pop	{r3, pc}
 216              	.L16:
 112:Core/Src/usart.c ****   }
 217              		.loc 1 112 5 is_stmt 1 view .LVU67
 218 0026 FFF7FEFF 		bl	Error_Handler
 219              	.LVL5:
 220              		.loc 1 118 1 is_stmt 0 view .LVU68
 221 002a FBE7     		b	.L13
 222              	.L18:
 223              		.align	2
 224              	.L17:
 225 002c 00000000 		.word	huart1
 226 0030 00100140 		.word	1073811456
ARM GAS  /var/folders/8x/_y6g3dfs0698dfd49y4vcg_w0000gn/T//ccPMt20O.s 			page 7


 227              		.cfi_endproc
 228              	.LFE241:
 230              		.section	.text.MX_USART2_UART_Init,"ax",%progbits
 231              		.align	1
 232              		.global	MX_USART2_UART_Init
 233              		.syntax unified
 234              		.thumb
 235              		.thumb_func
 237              	MX_USART2_UART_Init:
 238              	.LFB242:
 119:Core/Src/usart.c **** /* USART2 init function */
 120:Core/Src/usart.c **** 
 121:Core/Src/usart.c **** void MX_USART2_UART_Init(void)
 122:Core/Src/usart.c **** {
 239              		.loc 1 122 1 is_stmt 1 view -0
 240              		.cfi_startproc
 241              		@ args = 0, pretend = 0, frame = 0
 242              		@ frame_needed = 0, uses_anonymous_args = 0
 243 0000 08B5     		push	{r3, lr}
 244              	.LCFI3:
 245              		.cfi_def_cfa_offset 8
 246              		.cfi_offset 3, -8
 247              		.cfi_offset 14, -4
 123:Core/Src/usart.c **** 
 124:Core/Src/usart.c ****   /* USER CODE BEGIN USART2_Init 0 */
 125:Core/Src/usart.c **** 
 126:Core/Src/usart.c ****   /* USER CODE END USART2_Init 0 */
 127:Core/Src/usart.c **** 
 128:Core/Src/usart.c ****   /* USER CODE BEGIN USART2_Init 1 */
 129:Core/Src/usart.c **** 
 130:Core/Src/usart.c ****   /* USER CODE END USART2_Init 1 */
 131:Core/Src/usart.c ****   huart2.Instance = USART2;
 248              		.loc 1 131 3 view .LVU70
 249              		.loc 1 131 19 is_stmt 0 view .LVU71
 250 0002 0A48     		ldr	r0, .L23
 251 0004 0A4B     		ldr	r3, .L23+4
 252 0006 0360     		str	r3, [r0]
 132:Core/Src/usart.c ****   huart2.Init.BaudRate = 115200;
 253              		.loc 1 132 3 is_stmt 1 view .LVU72
 254              		.loc 1 132 24 is_stmt 0 view .LVU73
 255 0008 4FF4E133 		mov	r3, #115200
 256 000c 4360     		str	r3, [r0, #4]
 133:Core/Src/usart.c ****   huart2.Init.WordLength = UART_WORDLENGTH_8B;
 257              		.loc 1 133 3 is_stmt 1 view .LVU74
 258              		.loc 1 133 26 is_stmt 0 view .LVU75
 259 000e 0023     		movs	r3, #0
 260 0010 8360     		str	r3, [r0, #8]
 134:Core/Src/usart.c ****   huart2.Init.StopBits = UART_STOPBITS_1;
 261              		.loc 1 134 3 is_stmt 1 view .LVU76
 262              		.loc 1 134 24 is_stmt 0 view .LVU77
 263 0012 C360     		str	r3, [r0, #12]
 135:Core/Src/usart.c ****   huart2.Init.Parity = UART_PARITY_NONE;
 264              		.loc 1 135 3 is_stmt 1 view .LVU78
 265              		.loc 1 135 22 is_stmt 0 view .LVU79
 266 0014 0361     		str	r3, [r0, #16]
 136:Core/Src/usart.c ****   huart2.Init.Mode = UART_MODE_TX_RX;
 267              		.loc 1 136 3 is_stmt 1 view .LVU80
ARM GAS  /var/folders/8x/_y6g3dfs0698dfd49y4vcg_w0000gn/T//ccPMt20O.s 			page 8


 268              		.loc 1 136 20 is_stmt 0 view .LVU81
 269 0016 0C22     		movs	r2, #12
 270 0018 4261     		str	r2, [r0, #20]
 137:Core/Src/usart.c ****   huart2.Init.HwFlowCtl = UART_HWCONTROL_NONE;
 271              		.loc 1 137 3 is_stmt 1 view .LVU82
 272              		.loc 1 137 25 is_stmt 0 view .LVU83
 273 001a 8361     		str	r3, [r0, #24]
 138:Core/Src/usart.c ****   huart2.Init.OverSampling = UART_OVERSAMPLING_16;
 274              		.loc 1 138 3 is_stmt 1 view .LVU84
 275              		.loc 1 138 28 is_stmt 0 view .LVU85
 276 001c C361     		str	r3, [r0, #28]
 139:Core/Src/usart.c ****   if (HAL_UART_Init(&huart2) != HAL_OK)
 277              		.loc 1 139 3 is_stmt 1 view .LVU86
 278              		.loc 1 139 7 is_stmt 0 view .LVU87
 279 001e FFF7FEFF 		bl	HAL_UART_Init
 280              	.LVL6:
 281              		.loc 1 139 6 discriminator 1 view .LVU88
 282 0022 00B9     		cbnz	r0, .L22
 283              	.L19:
 140:Core/Src/usart.c ****   {
 141:Core/Src/usart.c ****     Error_Handler();
 142:Core/Src/usart.c ****   }
 143:Core/Src/usart.c ****   /* USER CODE BEGIN USART2_Init 2 */
 144:Core/Src/usart.c **** 
 145:Core/Src/usart.c ****   /* USER CODE END USART2_Init 2 */
 146:Core/Src/usart.c **** 
 147:Core/Src/usart.c **** }
 284              		.loc 1 147 1 view .LVU89
 285 0024 08BD     		pop	{r3, pc}
 286              	.L22:
 141:Core/Src/usart.c ****   }
 287              		.loc 1 141 5 is_stmt 1 view .LVU90
 288 0026 FFF7FEFF 		bl	Error_Handler
 289              	.LVL7:
 290              		.loc 1 147 1 is_stmt 0 view .LVU91
 291 002a FBE7     		b	.L19
 292              	.L24:
 293              		.align	2
 294              	.L23:
 295 002c 00000000 		.word	huart2
 296 0030 00440040 		.word	1073759232
 297              		.cfi_endproc
 298              	.LFE242:
 300              		.section	.text.MX_USART3_UART_Init,"ax",%progbits
 301              		.align	1
 302              		.global	MX_USART3_UART_Init
 303              		.syntax unified
 304              		.thumb
 305              		.thumb_func
 307              	MX_USART3_UART_Init:
 308              	.LFB243:
 148:Core/Src/usart.c **** /* USART3 init function */
 149:Core/Src/usart.c **** 
 150:Core/Src/usart.c **** void MX_USART3_UART_Init(void)
 151:Core/Src/usart.c **** {
 309              		.loc 1 151 1 is_stmt 1 view -0
 310              		.cfi_startproc
ARM GAS  /var/folders/8x/_y6g3dfs0698dfd49y4vcg_w0000gn/T//ccPMt20O.s 			page 9


 311              		@ args = 0, pretend = 0, frame = 0
 312              		@ frame_needed = 0, uses_anonymous_args = 0
 313 0000 08B5     		push	{r3, lr}
 314              	.LCFI4:
 315              		.cfi_def_cfa_offset 8
 316              		.cfi_offset 3, -8
 317              		.cfi_offset 14, -4
 152:Core/Src/usart.c **** 
 153:Core/Src/usart.c ****   /* USER CODE BEGIN USART3_Init 0 */
 154:Core/Src/usart.c **** 
 155:Core/Src/usart.c ****   /* USER CODE END USART3_Init 0 */
 156:Core/Src/usart.c **** 
 157:Core/Src/usart.c ****   /* USER CODE BEGIN USART3_Init 1 */
 158:Core/Src/usart.c **** 
 159:Core/Src/usart.c ****   /* USER CODE END USART3_Init 1 */
 160:Core/Src/usart.c ****   huart3.Instance = USART3;
 318              		.loc 1 160 3 view .LVU93
 319              		.loc 1 160 19 is_stmt 0 view .LVU94
 320 0002 0A48     		ldr	r0, .L29
 321 0004 0A4B     		ldr	r3, .L29+4
 322 0006 0360     		str	r3, [r0]
 161:Core/Src/usart.c ****   huart3.Init.BaudRate = 115200;
 323              		.loc 1 161 3 is_stmt 1 view .LVU95
 324              		.loc 1 161 24 is_stmt 0 view .LVU96
 325 0008 4FF4E133 		mov	r3, #115200
 326 000c 4360     		str	r3, [r0, #4]
 162:Core/Src/usart.c ****   huart3.Init.WordLength = UART_WORDLENGTH_8B;
 327              		.loc 1 162 3 is_stmt 1 view .LVU97
 328              		.loc 1 162 26 is_stmt 0 view .LVU98
 329 000e 0023     		movs	r3, #0
 330 0010 8360     		str	r3, [r0, #8]
 163:Core/Src/usart.c ****   huart3.Init.StopBits = UART_STOPBITS_1;
 331              		.loc 1 163 3 is_stmt 1 view .LVU99
 332              		.loc 1 163 24 is_stmt 0 view .LVU100
 333 0012 C360     		str	r3, [r0, #12]
 164:Core/Src/usart.c ****   huart3.Init.Parity = UART_PARITY_NONE;
 334              		.loc 1 164 3 is_stmt 1 view .LVU101
 335              		.loc 1 164 22 is_stmt 0 view .LVU102
 336 0014 0361     		str	r3, [r0, #16]
 165:Core/Src/usart.c ****   huart3.Init.Mode = UART_MODE_TX_RX;
 337              		.loc 1 165 3 is_stmt 1 view .LVU103
 338              		.loc 1 165 20 is_stmt 0 view .LVU104
 339 0016 0C22     		movs	r2, #12
 340 0018 4261     		str	r2, [r0, #20]
 166:Core/Src/usart.c ****   huart3.Init.HwFlowCtl = UART_HWCONTROL_NONE;
 341              		.loc 1 166 3 is_stmt 1 view .LVU105
 342              		.loc 1 166 25 is_stmt 0 view .LVU106
 343 001a 8361     		str	r3, [r0, #24]
 167:Core/Src/usart.c ****   huart3.Init.OverSampling = UART_OVERSAMPLING_16;
 344              		.loc 1 167 3 is_stmt 1 view .LVU107
 345              		.loc 1 167 28 is_stmt 0 view .LVU108
 346 001c C361     		str	r3, [r0, #28]
 168:Core/Src/usart.c ****   if (HAL_UART_Init(&huart3) != HAL_OK)
 347              		.loc 1 168 3 is_stmt 1 view .LVU109
 348              		.loc 1 168 7 is_stmt 0 view .LVU110
 349 001e FFF7FEFF 		bl	HAL_UART_Init
 350              	.LVL8:
ARM GAS  /var/folders/8x/_y6g3dfs0698dfd49y4vcg_w0000gn/T//ccPMt20O.s 			page 10


 351              		.loc 1 168 6 discriminator 1 view .LVU111
 352 0022 00B9     		cbnz	r0, .L28
 353              	.L25:
 169:Core/Src/usart.c ****   {
 170:Core/Src/usart.c ****     Error_Handler();
 171:Core/Src/usart.c ****   }
 172:Core/Src/usart.c ****   /* USER CODE BEGIN USART3_Init 2 */
 173:Core/Src/usart.c **** 
 174:Core/Src/usart.c ****   /* USER CODE END USART3_Init 2 */
 175:Core/Src/usart.c **** 
 176:Core/Src/usart.c **** }
 354              		.loc 1 176 1 view .LVU112
 355 0024 08BD     		pop	{r3, pc}
 356              	.L28:
 170:Core/Src/usart.c ****   }
 357              		.loc 1 170 5 is_stmt 1 view .LVU113
 358 0026 FFF7FEFF 		bl	Error_Handler
 359              	.LVL9:
 360              		.loc 1 176 1 is_stmt 0 view .LVU114
 361 002a FBE7     		b	.L25
 362              	.L30:
 363              		.align	2
 364              	.L29:
 365 002c 00000000 		.word	huart3
 366 0030 00480040 		.word	1073760256
 367              		.cfi_endproc
 368              	.LFE243:
 370              		.section	.text.MX_USART6_UART_Init,"ax",%progbits
 371              		.align	1
 372              		.global	MX_USART6_UART_Init
 373              		.syntax unified
 374              		.thumb
 375              		.thumb_func
 377              	MX_USART6_UART_Init:
 378              	.LFB244:
 177:Core/Src/usart.c **** /* USART6 init function */
 178:Core/Src/usart.c **** 
 179:Core/Src/usart.c **** void MX_USART6_UART_Init(void)
 180:Core/Src/usart.c **** {
 379              		.loc 1 180 1 is_stmt 1 view -0
 380              		.cfi_startproc
 381              		@ args = 0, pretend = 0, frame = 0
 382              		@ frame_needed = 0, uses_anonymous_args = 0
 383 0000 08B5     		push	{r3, lr}
 384              	.LCFI5:
 385              		.cfi_def_cfa_offset 8
 386              		.cfi_offset 3, -8
 387              		.cfi_offset 14, -4
 181:Core/Src/usart.c **** 
 182:Core/Src/usart.c ****   /* USER CODE BEGIN USART6_Init 0 */
 183:Core/Src/usart.c **** 
 184:Core/Src/usart.c ****   /* USER CODE END USART6_Init 0 */
 185:Core/Src/usart.c **** 
 186:Core/Src/usart.c ****   /* USER CODE BEGIN USART6_Init 1 */
 187:Core/Src/usart.c **** 
 188:Core/Src/usart.c ****   /* USER CODE END USART6_Init 1 */
 189:Core/Src/usart.c ****   huart6.Instance = USART6;
ARM GAS  /var/folders/8x/_y6g3dfs0698dfd49y4vcg_w0000gn/T//ccPMt20O.s 			page 11


 388              		.loc 1 189 3 view .LVU116
 389              		.loc 1 189 19 is_stmt 0 view .LVU117
 390 0002 0A48     		ldr	r0, .L35
 391 0004 0A4B     		ldr	r3, .L35+4
 392 0006 0360     		str	r3, [r0]
 190:Core/Src/usart.c ****   huart6.Init.BaudRate = 115200;
 393              		.loc 1 190 3 is_stmt 1 view .LVU118
 394              		.loc 1 190 24 is_stmt 0 view .LVU119
 395 0008 4FF4E133 		mov	r3, #115200
 396 000c 4360     		str	r3, [r0, #4]
 191:Core/Src/usart.c ****   huart6.Init.WordLength = UART_WORDLENGTH_8B;
 397              		.loc 1 191 3 is_stmt 1 view .LVU120
 398              		.loc 1 191 26 is_stmt 0 view .LVU121
 399 000e 0023     		movs	r3, #0
 400 0010 8360     		str	r3, [r0, #8]
 192:Core/Src/usart.c ****   huart6.Init.StopBits = UART_STOPBITS_1;
 401              		.loc 1 192 3 is_stmt 1 view .LVU122
 402              		.loc 1 192 24 is_stmt 0 view .LVU123
 403 0012 C360     		str	r3, [r0, #12]
 193:Core/Src/usart.c ****   huart6.Init.Parity = UART_PARITY_NONE;
 404              		.loc 1 193 3 is_stmt 1 view .LVU124
 405              		.loc 1 193 22 is_stmt 0 view .LVU125
 406 0014 0361     		str	r3, [r0, #16]
 194:Core/Src/usart.c ****   huart6.Init.Mode = UART_MODE_TX_RX;
 407              		.loc 1 194 3 is_stmt 1 view .LVU126
 408              		.loc 1 194 20 is_stmt 0 view .LVU127
 409 0016 0C22     		movs	r2, #12
 410 0018 4261     		str	r2, [r0, #20]
 195:Core/Src/usart.c ****   huart6.Init.HwFlowCtl = UART_HWCONTROL_NONE;
 411              		.loc 1 195 3 is_stmt 1 view .LVU128
 412              		.loc 1 195 25 is_stmt 0 view .LVU129
 413 001a 8361     		str	r3, [r0, #24]
 196:Core/Src/usart.c ****   huart6.Init.OverSampling = UART_OVERSAMPLING_16;
 414              		.loc 1 196 3 is_stmt 1 view .LVU130
 415              		.loc 1 196 28 is_stmt 0 view .LVU131
 416 001c C361     		str	r3, [r0, #28]
 197:Core/Src/usart.c ****   if (HAL_UART_Init(&huart6) != HAL_OK)
 417              		.loc 1 197 3 is_stmt 1 view .LVU132
 418              		.loc 1 197 7 is_stmt 0 view .LVU133
 419 001e FFF7FEFF 		bl	HAL_UART_Init
 420              	.LVL10:
 421              		.loc 1 197 6 discriminator 1 view .LVU134
 422 0022 00B9     		cbnz	r0, .L34
 423              	.L31:
 198:Core/Src/usart.c ****   {
 199:Core/Src/usart.c ****     Error_Handler();
 200:Core/Src/usart.c ****   }
 201:Core/Src/usart.c ****   /* USER CODE BEGIN USART6_Init 2 */
 202:Core/Src/usart.c **** 
 203:Core/Src/usart.c ****   /* USER CODE END USART6_Init 2 */
 204:Core/Src/usart.c **** 
 205:Core/Src/usart.c **** }
 424              		.loc 1 205 1 view .LVU135
 425 0024 08BD     		pop	{r3, pc}
 426              	.L34:
 199:Core/Src/usart.c ****   }
 427              		.loc 1 199 5 is_stmt 1 view .LVU136
ARM GAS  /var/folders/8x/_y6g3dfs0698dfd49y4vcg_w0000gn/T//ccPMt20O.s 			page 12


 428 0026 FFF7FEFF 		bl	Error_Handler
 429              	.LVL11:
 430              		.loc 1 205 1 is_stmt 0 view .LVU137
 431 002a FBE7     		b	.L31
 432              	.L36:
 433              		.align	2
 434              	.L35:
 435 002c 00000000 		.word	huart6
 436 0030 00140140 		.word	1073812480
 437              		.cfi_endproc
 438              	.LFE244:
 440              		.section	.text.HAL_UART_MspInit,"ax",%progbits
 441              		.align	1
 442              		.global	HAL_UART_MspInit
 443              		.syntax unified
 444              		.thumb
 445              		.thumb_func
 447              	HAL_UART_MspInit:
 448              	.LVL12:
 449              	.LFB245:
 206:Core/Src/usart.c **** 
 207:Core/Src/usart.c **** void HAL_UART_MspInit(UART_HandleTypeDef* uartHandle)
 208:Core/Src/usart.c **** {
 450              		.loc 1 208 1 is_stmt 1 view -0
 451              		.cfi_startproc
 452              		@ args = 0, pretend = 0, frame = 80
 453              		@ frame_needed = 0, uses_anonymous_args = 0
 454              		.loc 1 208 1 is_stmt 0 view .LVU139
 455 0000 F0B5     		push	{r4, r5, r6, r7, lr}
 456              	.LCFI6:
 457              		.cfi_def_cfa_offset 20
 458              		.cfi_offset 4, -20
 459              		.cfi_offset 5, -16
 460              		.cfi_offset 6, -12
 461              		.cfi_offset 7, -8
 462              		.cfi_offset 14, -4
 463 0002 95B0     		sub	sp, sp, #84
 464              	.LCFI7:
 465              		.cfi_def_cfa_offset 104
 209:Core/Src/usart.c **** 
 210:Core/Src/usart.c ****   GPIO_InitTypeDef GPIO_InitStruct = {0};
 466              		.loc 1 210 3 is_stmt 1 view .LVU140
 467              		.loc 1 210 20 is_stmt 0 view .LVU141
 468 0004 0023     		movs	r3, #0
 469 0006 0F93     		str	r3, [sp, #60]
 470 0008 1093     		str	r3, [sp, #64]
 471 000a 1193     		str	r3, [sp, #68]
 472 000c 1293     		str	r3, [sp, #72]
 473 000e 1393     		str	r3, [sp, #76]
 211:Core/Src/usart.c ****   if(uartHandle->Instance==UART4)
 474              		.loc 1 211 3 is_stmt 1 view .LVU142
 475              		.loc 1 211 16 is_stmt 0 view .LVU143
 476 0010 0368     		ldr	r3, [r0]
 477              		.loc 1 211 5 view .LVU144
 478 0012 8B4A     		ldr	r2, .L51
 479 0014 9342     		cmp	r3, r2
 480 0016 13D0     		beq	.L45
ARM GAS  /var/folders/8x/_y6g3dfs0698dfd49y4vcg_w0000gn/T//ccPMt20O.s 			page 13


 212:Core/Src/usart.c ****   {
 213:Core/Src/usart.c ****   /* USER CODE BEGIN UART4_MspInit 0 */
 214:Core/Src/usart.c **** 
 215:Core/Src/usart.c ****   /* USER CODE END UART4_MspInit 0 */
 216:Core/Src/usart.c ****     /* UART4 clock enable */
 217:Core/Src/usart.c ****     __HAL_RCC_UART4_CLK_ENABLE();
 218:Core/Src/usart.c **** 
 219:Core/Src/usart.c ****     __HAL_RCC_GPIOC_CLK_ENABLE();
 220:Core/Src/usart.c ****     /**UART4 GPIO Configuration
 221:Core/Src/usart.c ****     PC10     ------> UART4_TX
 222:Core/Src/usart.c ****     PC11     ------> UART4_RX
 223:Core/Src/usart.c ****     */
 224:Core/Src/usart.c ****     GPIO_InitStruct.Pin = GPIO_PIN_10|GPIO_PIN_11;
 225:Core/Src/usart.c ****     GPIO_InitStruct.Mode = GPIO_MODE_AF_PP;
 226:Core/Src/usart.c ****     GPIO_InitStruct.Pull = GPIO_NOPULL;
 227:Core/Src/usart.c ****     GPIO_InitStruct.Speed = GPIO_SPEED_FREQ_VERY_HIGH;
 228:Core/Src/usart.c ****     GPIO_InitStruct.Alternate = GPIO_AF8_UART4;
 229:Core/Src/usart.c ****     HAL_GPIO_Init(GPIOC, &GPIO_InitStruct);
 230:Core/Src/usart.c **** 
 231:Core/Src/usart.c ****   /* USER CODE BEGIN UART4_MspInit 1 */
 232:Core/Src/usart.c **** 
 233:Core/Src/usart.c ****   /* USER CODE END UART4_MspInit 1 */
 234:Core/Src/usart.c ****   }
 235:Core/Src/usart.c ****   else if(uartHandle->Instance==UART5)
 481              		.loc 1 235 8 is_stmt 1 view .LVU145
 482              		.loc 1 235 10 is_stmt 0 view .LVU146
 483 0018 8A4A     		ldr	r2, .L51+4
 484 001a 9342     		cmp	r3, r2
 485 001c 34D0     		beq	.L46
 236:Core/Src/usart.c ****   {
 237:Core/Src/usart.c ****   /* USER CODE BEGIN UART5_MspInit 0 */
 238:Core/Src/usart.c **** 
 239:Core/Src/usart.c ****   /* USER CODE END UART5_MspInit 0 */
 240:Core/Src/usart.c ****     /* UART5 clock enable */
 241:Core/Src/usart.c ****     __HAL_RCC_UART5_CLK_ENABLE();
 242:Core/Src/usart.c **** 
 243:Core/Src/usart.c ****     __HAL_RCC_GPIOC_CLK_ENABLE();
 244:Core/Src/usart.c ****     __HAL_RCC_GPIOD_CLK_ENABLE();
 245:Core/Src/usart.c ****     /**UART5 GPIO Configuration
 246:Core/Src/usart.c ****     PC12     ------> UART5_TX
 247:Core/Src/usart.c ****     PD2     ------> UART5_RX
 248:Core/Src/usart.c ****     */
 249:Core/Src/usart.c ****     GPIO_InitStruct.Pin = GPIO_PIN_12;
 250:Core/Src/usart.c ****     GPIO_InitStruct.Mode = GPIO_MODE_AF_PP;
 251:Core/Src/usart.c ****     GPIO_InitStruct.Pull = GPIO_NOPULL;
 252:Core/Src/usart.c ****     GPIO_InitStruct.Speed = GPIO_SPEED_FREQ_VERY_HIGH;
 253:Core/Src/usart.c ****     GPIO_InitStruct.Alternate = GPIO_AF8_UART5;
 254:Core/Src/usart.c ****     HAL_GPIO_Init(GPIOC, &GPIO_InitStruct);
 255:Core/Src/usart.c **** 
 256:Core/Src/usart.c ****     GPIO_InitStruct.Pin = GPIO_PIN_2;
 257:Core/Src/usart.c ****     GPIO_InitStruct.Mode = GPIO_MODE_AF_PP;
 258:Core/Src/usart.c ****     GPIO_InitStruct.Pull = GPIO_NOPULL;
 259:Core/Src/usart.c ****     GPIO_InitStruct.Speed = GPIO_SPEED_FREQ_VERY_HIGH;
 260:Core/Src/usart.c ****     GPIO_InitStruct.Alternate = GPIO_AF8_UART5;
 261:Core/Src/usart.c ****     HAL_GPIO_Init(GPIOD, &GPIO_InitStruct);
 262:Core/Src/usart.c **** 
 263:Core/Src/usart.c ****   /* USER CODE BEGIN UART5_MspInit 1 */
ARM GAS  /var/folders/8x/_y6g3dfs0698dfd49y4vcg_w0000gn/T//ccPMt20O.s 			page 14


 264:Core/Src/usart.c **** 
 265:Core/Src/usart.c ****   /* USER CODE END UART5_MspInit 1 */
 266:Core/Src/usart.c ****   }
 267:Core/Src/usart.c ****   else if(uartHandle->Instance==USART1)
 486              		.loc 1 267 8 is_stmt 1 view .LVU147
 487              		.loc 1 267 10 is_stmt 0 view .LVU148
 488 001e 8A4A     		ldr	r2, .L51+8
 489 0020 9342     		cmp	r3, r2
 490 0022 69D0     		beq	.L47
 268:Core/Src/usart.c ****   {
 269:Core/Src/usart.c ****   /* USER CODE BEGIN USART1_MspInit 0 */
 270:Core/Src/usart.c **** 
 271:Core/Src/usart.c ****   /* USER CODE END USART1_MspInit 0 */
 272:Core/Src/usart.c ****     /* USART1 clock enable */
 273:Core/Src/usart.c ****     __HAL_RCC_USART1_CLK_ENABLE();
 274:Core/Src/usart.c **** 
 275:Core/Src/usart.c ****     __HAL_RCC_GPIOA_CLK_ENABLE();
 276:Core/Src/usart.c ****     /**USART1 GPIO Configuration
 277:Core/Src/usart.c ****     PA9     ------> USART1_TX
 278:Core/Src/usart.c ****     PA10     ------> USART1_RX
 279:Core/Src/usart.c ****     */
 280:Core/Src/usart.c ****     GPIO_InitStruct.Pin = GPIO_PIN_9|GPIO_PIN_10;
 281:Core/Src/usart.c ****     GPIO_InitStruct.Mode = GPIO_MODE_AF_PP;
 282:Core/Src/usart.c ****     GPIO_InitStruct.Pull = GPIO_NOPULL;
 283:Core/Src/usart.c ****     GPIO_InitStruct.Speed = GPIO_SPEED_FREQ_VERY_HIGH;
 284:Core/Src/usart.c ****     GPIO_InitStruct.Alternate = GPIO_AF7_USART1;
 285:Core/Src/usart.c ****     HAL_GPIO_Init(GPIOA, &GPIO_InitStruct);
 286:Core/Src/usart.c **** 
 287:Core/Src/usart.c ****   /* USER CODE BEGIN USART1_MspInit 1 */
 288:Core/Src/usart.c **** 
 289:Core/Src/usart.c ****   /* USER CODE END USART1_MspInit 1 */
 290:Core/Src/usart.c ****   }
 291:Core/Src/usart.c ****   else if(uartHandle->Instance==USART2)
 491              		.loc 1 291 8 is_stmt 1 view .LVU149
 492              		.loc 1 291 10 is_stmt 0 view .LVU150
 493 0024 894A     		ldr	r2, .L51+12
 494 0026 9342     		cmp	r3, r2
 495 0028 00F08A80 		beq	.L48
 292:Core/Src/usart.c ****   {
 293:Core/Src/usart.c ****   /* USER CODE BEGIN USART2_MspInit 0 */
 294:Core/Src/usart.c **** 
 295:Core/Src/usart.c ****   /* USER CODE END USART2_MspInit 0 */
 296:Core/Src/usart.c ****     /* USART2 clock enable */
 297:Core/Src/usart.c ****     __HAL_RCC_USART2_CLK_ENABLE();
 298:Core/Src/usart.c **** 
 299:Core/Src/usart.c ****     __HAL_RCC_GPIOD_CLK_ENABLE();
 300:Core/Src/usart.c ****     /**USART2 GPIO Configuration
 301:Core/Src/usart.c ****     PD5     ------> USART2_TX
 302:Core/Src/usart.c ****     PD6     ------> USART2_RX
 303:Core/Src/usart.c ****     */
 304:Core/Src/usart.c ****     GPIO_InitStruct.Pin = GPIO_PIN_5|GPIO_PIN_6;
 305:Core/Src/usart.c ****     GPIO_InitStruct.Mode = GPIO_MODE_AF_PP;
 306:Core/Src/usart.c ****     GPIO_InitStruct.Pull = GPIO_NOPULL;
 307:Core/Src/usart.c ****     GPIO_InitStruct.Speed = GPIO_SPEED_FREQ_VERY_HIGH;
 308:Core/Src/usart.c ****     GPIO_InitStruct.Alternate = GPIO_AF7_USART2;
 309:Core/Src/usart.c ****     HAL_GPIO_Init(GPIOD, &GPIO_InitStruct);
 310:Core/Src/usart.c **** 
ARM GAS  /var/folders/8x/_y6g3dfs0698dfd49y4vcg_w0000gn/T//ccPMt20O.s 			page 15


 311:Core/Src/usart.c ****   /* USER CODE BEGIN USART2_MspInit 1 */
 312:Core/Src/usart.c **** 
 313:Core/Src/usart.c ****   /* USER CODE END USART2_MspInit 1 */
 314:Core/Src/usart.c ****   }
 315:Core/Src/usart.c ****   else if(uartHandle->Instance==USART3)
 496              		.loc 1 315 8 is_stmt 1 view .LVU151
 497              		.loc 1 315 10 is_stmt 0 view .LVU152
 498 002c 884A     		ldr	r2, .L51+16
 499 002e 9342     		cmp	r3, r2
 500 0030 00F0A980 		beq	.L49
 316:Core/Src/usart.c ****   {
 317:Core/Src/usart.c ****   /* USER CODE BEGIN USART3_MspInit 0 */
 318:Core/Src/usart.c **** 
 319:Core/Src/usart.c ****   /* USER CODE END USART3_MspInit 0 */
 320:Core/Src/usart.c ****     /* USART3 clock enable */
 321:Core/Src/usart.c ****     __HAL_RCC_USART3_CLK_ENABLE();
 322:Core/Src/usart.c **** 
 323:Core/Src/usart.c ****     __HAL_RCC_GPIOB_CLK_ENABLE();
 324:Core/Src/usart.c ****     __HAL_RCC_GPIOD_CLK_ENABLE();
 325:Core/Src/usart.c ****     /**USART3 GPIO Configuration
 326:Core/Src/usart.c ****     PB11     ------> USART3_RX
 327:Core/Src/usart.c ****     PD8     ------> USART3_TX
 328:Core/Src/usart.c ****     */
 329:Core/Src/usart.c ****     GPIO_InitStruct.Pin = GPIO_PIN_11;
 330:Core/Src/usart.c ****     GPIO_InitStruct.Mode = GPIO_MODE_AF_PP;
 331:Core/Src/usart.c ****     GPIO_InitStruct.Pull = GPIO_NOPULL;
 332:Core/Src/usart.c ****     GPIO_InitStruct.Speed = GPIO_SPEED_FREQ_VERY_HIGH;
 333:Core/Src/usart.c ****     GPIO_InitStruct.Alternate = GPIO_AF7_USART3;
 334:Core/Src/usart.c ****     HAL_GPIO_Init(GPIOB, &GPIO_InitStruct);
 335:Core/Src/usart.c **** 
 336:Core/Src/usart.c ****     GPIO_InitStruct.Pin = GPIO_PIN_8;
 337:Core/Src/usart.c ****     GPIO_InitStruct.Mode = GPIO_MODE_AF_PP;
 338:Core/Src/usart.c ****     GPIO_InitStruct.Pull = GPIO_NOPULL;
 339:Core/Src/usart.c ****     GPIO_InitStruct.Speed = GPIO_SPEED_FREQ_VERY_HIGH;
 340:Core/Src/usart.c ****     GPIO_InitStruct.Alternate = GPIO_AF7_USART3;
 341:Core/Src/usart.c ****     HAL_GPIO_Init(GPIOD, &GPIO_InitStruct);
 342:Core/Src/usart.c **** 
 343:Core/Src/usart.c ****   /* USER CODE BEGIN USART3_MspInit 1 */
 344:Core/Src/usart.c **** 
 345:Core/Src/usart.c ****   /* USER CODE END USART3_MspInit 1 */
 346:Core/Src/usart.c ****   }
 347:Core/Src/usart.c ****   else if(uartHandle->Instance==USART6)
 501              		.loc 1 347 8 is_stmt 1 view .LVU153
 502              		.loc 1 347 10 is_stmt 0 view .LVU154
 503 0034 874A     		ldr	r2, .L51+20
 504 0036 9342     		cmp	r3, r2
 505 0038 00F0DE80 		beq	.L50
 506              	.LVL13:
 507              	.L37:
 348:Core/Src/usart.c ****   {
 349:Core/Src/usart.c ****   /* USER CODE BEGIN USART6_MspInit 0 */
 350:Core/Src/usart.c **** 
 351:Core/Src/usart.c ****   /* USER CODE END USART6_MspInit 0 */
 352:Core/Src/usart.c ****     /* USART6 clock enable */
 353:Core/Src/usart.c ****     __HAL_RCC_USART6_CLK_ENABLE();
 354:Core/Src/usart.c **** 
 355:Core/Src/usart.c ****     __HAL_RCC_GPIOC_CLK_ENABLE();
ARM GAS  /var/folders/8x/_y6g3dfs0698dfd49y4vcg_w0000gn/T//ccPMt20O.s 			page 16


 356:Core/Src/usart.c ****     /**USART6 GPIO Configuration
 357:Core/Src/usart.c ****     PC6     ------> USART6_TX
 358:Core/Src/usart.c ****     PC7     ------> USART6_RX
 359:Core/Src/usart.c ****     */
 360:Core/Src/usart.c ****     GPIO_InitStruct.Pin = GPIO_PIN_6|GPIO_PIN_7;
 361:Core/Src/usart.c ****     GPIO_InitStruct.Mode = GPIO_MODE_AF_PP;
 362:Core/Src/usart.c ****     GPIO_InitStruct.Pull = GPIO_NOPULL;
 363:Core/Src/usart.c ****     GPIO_InitStruct.Speed = GPIO_SPEED_FREQ_VERY_HIGH;
 364:Core/Src/usart.c ****     GPIO_InitStruct.Alternate = GPIO_AF8_USART6;
 365:Core/Src/usart.c ****     HAL_GPIO_Init(GPIOC, &GPIO_InitStruct);
 366:Core/Src/usart.c **** 
 367:Core/Src/usart.c ****   /* USER CODE BEGIN USART6_MspInit 1 */
 368:Core/Src/usart.c **** 
 369:Core/Src/usart.c ****   /* USER CODE END USART6_MspInit 1 */
 370:Core/Src/usart.c ****   }
 371:Core/Src/usart.c **** }
 508              		.loc 1 371 1 view .LVU155
 509 003c 15B0     		add	sp, sp, #84
 510              	.LCFI8:
 511              		.cfi_remember_state
 512              		.cfi_def_cfa_offset 20
 513              		@ sp needed
 514 003e F0BD     		pop	{r4, r5, r6, r7, pc}
 515              	.LVL14:
 516              	.L45:
 517              	.LCFI9:
 518              		.cfi_restore_state
 217:Core/Src/usart.c **** 
 519              		.loc 1 217 5 is_stmt 1 view .LVU156
 520              	.LBB2:
 217:Core/Src/usart.c **** 
 521              		.loc 1 217 5 view .LVU157
 522 0040 0021     		movs	r1, #0
 523 0042 0191     		str	r1, [sp, #4]
 217:Core/Src/usart.c **** 
 524              		.loc 1 217 5 view .LVU158
 525 0044 844B     		ldr	r3, .L51+24
 526 0046 1A6C     		ldr	r2, [r3, #64]
 527 0048 42F40022 		orr	r2, r2, #524288
 528 004c 1A64     		str	r2, [r3, #64]
 217:Core/Src/usart.c **** 
 529              		.loc 1 217 5 view .LVU159
 530 004e 1A6C     		ldr	r2, [r3, #64]
 531 0050 02F40022 		and	r2, r2, #524288
 532 0054 0192     		str	r2, [sp, #4]
 217:Core/Src/usart.c **** 
 533              		.loc 1 217 5 view .LVU160
 534 0056 019A     		ldr	r2, [sp, #4]
 535              	.LBE2:
 217:Core/Src/usart.c **** 
 536              		.loc 1 217 5 view .LVU161
 219:Core/Src/usart.c ****     /**UART4 GPIO Configuration
 537              		.loc 1 219 5 view .LVU162
 538              	.LBB3:
 219:Core/Src/usart.c ****     /**UART4 GPIO Configuration
 539              		.loc 1 219 5 view .LVU163
 540 0058 0291     		str	r1, [sp, #8]
ARM GAS  /var/folders/8x/_y6g3dfs0698dfd49y4vcg_w0000gn/T//ccPMt20O.s 			page 17


 219:Core/Src/usart.c ****     /**UART4 GPIO Configuration
 541              		.loc 1 219 5 view .LVU164
 542 005a 1A6B     		ldr	r2, [r3, #48]
 543 005c 42F00402 		orr	r2, r2, #4
 544 0060 1A63     		str	r2, [r3, #48]
 219:Core/Src/usart.c ****     /**UART4 GPIO Configuration
 545              		.loc 1 219 5 view .LVU165
 546 0062 1B6B     		ldr	r3, [r3, #48]
 547 0064 03F00403 		and	r3, r3, #4
 548 0068 0293     		str	r3, [sp, #8]
 219:Core/Src/usart.c ****     /**UART4 GPIO Configuration
 549              		.loc 1 219 5 view .LVU166
 550 006a 029B     		ldr	r3, [sp, #8]
 551              	.LBE3:
 219:Core/Src/usart.c ****     /**UART4 GPIO Configuration
 552              		.loc 1 219 5 view .LVU167
 224:Core/Src/usart.c ****     GPIO_InitStruct.Mode = GPIO_MODE_AF_PP;
 553              		.loc 1 224 5 view .LVU168
 224:Core/Src/usart.c ****     GPIO_InitStruct.Mode = GPIO_MODE_AF_PP;
 554              		.loc 1 224 25 is_stmt 0 view .LVU169
 555 006c 4FF44063 		mov	r3, #3072
 556 0070 0F93     		str	r3, [sp, #60]
 225:Core/Src/usart.c ****     GPIO_InitStruct.Pull = GPIO_NOPULL;
 557              		.loc 1 225 5 is_stmt 1 view .LVU170
 225:Core/Src/usart.c ****     GPIO_InitStruct.Pull = GPIO_NOPULL;
 558              		.loc 1 225 26 is_stmt 0 view .LVU171
 559 0072 0223     		movs	r3, #2
 560 0074 1093     		str	r3, [sp, #64]
 226:Core/Src/usart.c ****     GPIO_InitStruct.Speed = GPIO_SPEED_FREQ_VERY_HIGH;
 561              		.loc 1 226 5 is_stmt 1 view .LVU172
 227:Core/Src/usart.c ****     GPIO_InitStruct.Alternate = GPIO_AF8_UART4;
 562              		.loc 1 227 5 view .LVU173
 227:Core/Src/usart.c ****     GPIO_InitStruct.Alternate = GPIO_AF8_UART4;
 563              		.loc 1 227 27 is_stmt 0 view .LVU174
 564 0076 0323     		movs	r3, #3
 565 0078 1293     		str	r3, [sp, #72]
 228:Core/Src/usart.c ****     HAL_GPIO_Init(GPIOC, &GPIO_InitStruct);
 566              		.loc 1 228 5 is_stmt 1 view .LVU175
 228:Core/Src/usart.c ****     HAL_GPIO_Init(GPIOC, &GPIO_InitStruct);
 567              		.loc 1 228 31 is_stmt 0 view .LVU176
 568 007a 0823     		movs	r3, #8
 569 007c 1393     		str	r3, [sp, #76]
 229:Core/Src/usart.c **** 
 570              		.loc 1 229 5 is_stmt 1 view .LVU177
 571 007e 0FA9     		add	r1, sp, #60
 572 0080 7648     		ldr	r0, .L51+28
 573              	.LVL15:
 229:Core/Src/usart.c **** 
 574              		.loc 1 229 5 is_stmt 0 view .LVU178
 575 0082 FFF7FEFF 		bl	HAL_GPIO_Init
 576              	.LVL16:
 577 0086 D9E7     		b	.L37
 578              	.LVL17:
 579              	.L46:
 241:Core/Src/usart.c **** 
 580              		.loc 1 241 5 is_stmt 1 view .LVU179
 581              	.LBB4:
ARM GAS  /var/folders/8x/_y6g3dfs0698dfd49y4vcg_w0000gn/T//ccPMt20O.s 			page 18


 241:Core/Src/usart.c **** 
 582              		.loc 1 241 5 view .LVU180
 583 0088 0024     		movs	r4, #0
 584 008a 0394     		str	r4, [sp, #12]
 241:Core/Src/usart.c **** 
 585              		.loc 1 241 5 view .LVU181
 586 008c 724B     		ldr	r3, .L51+24
 587 008e 1A6C     		ldr	r2, [r3, #64]
 588 0090 42F48012 		orr	r2, r2, #1048576
 589 0094 1A64     		str	r2, [r3, #64]
 241:Core/Src/usart.c **** 
 590              		.loc 1 241 5 view .LVU182
 591 0096 1A6C     		ldr	r2, [r3, #64]
 592 0098 02F48012 		and	r2, r2, #1048576
 593 009c 0392     		str	r2, [sp, #12]
 241:Core/Src/usart.c **** 
 594              		.loc 1 241 5 view .LVU183
 595 009e 039A     		ldr	r2, [sp, #12]
 596              	.LBE4:
 241:Core/Src/usart.c **** 
 597              		.loc 1 241 5 view .LVU184
 243:Core/Src/usart.c ****     __HAL_RCC_GPIOD_CLK_ENABLE();
 598              		.loc 1 243 5 view .LVU185
 599              	.LBB5:
 243:Core/Src/usart.c ****     __HAL_RCC_GPIOD_CLK_ENABLE();
 600              		.loc 1 243 5 view .LVU186
 601 00a0 0494     		str	r4, [sp, #16]
 243:Core/Src/usart.c ****     __HAL_RCC_GPIOD_CLK_ENABLE();
 602              		.loc 1 243 5 view .LVU187
 603 00a2 1A6B     		ldr	r2, [r3, #48]
 604 00a4 42F00402 		orr	r2, r2, #4
 605 00a8 1A63     		str	r2, [r3, #48]
 243:Core/Src/usart.c ****     __HAL_RCC_GPIOD_CLK_ENABLE();
 606              		.loc 1 243 5 view .LVU188
 607 00aa 1A6B     		ldr	r2, [r3, #48]
 608 00ac 02F00402 		and	r2, r2, #4
 609 00b0 0492     		str	r2, [sp, #16]
 243:Core/Src/usart.c ****     __HAL_RCC_GPIOD_CLK_ENABLE();
 610              		.loc 1 243 5 view .LVU189
 611 00b2 049A     		ldr	r2, [sp, #16]
 612              	.LBE5:
 243:Core/Src/usart.c ****     __HAL_RCC_GPIOD_CLK_ENABLE();
 613              		.loc 1 243 5 view .LVU190
 244:Core/Src/usart.c ****     /**UART5 GPIO Configuration
 614              		.loc 1 244 5 view .LVU191
 615              	.LBB6:
 244:Core/Src/usart.c ****     /**UART5 GPIO Configuration
 616              		.loc 1 244 5 view .LVU192
 617 00b4 0594     		str	r4, [sp, #20]
 244:Core/Src/usart.c ****     /**UART5 GPIO Configuration
 618              		.loc 1 244 5 view .LVU193
 619 00b6 1A6B     		ldr	r2, [r3, #48]
 620 00b8 42F00802 		orr	r2, r2, #8
 621 00bc 1A63     		str	r2, [r3, #48]
 244:Core/Src/usart.c ****     /**UART5 GPIO Configuration
 622              		.loc 1 244 5 view .LVU194
 623 00be 1B6B     		ldr	r3, [r3, #48]
ARM GAS  /var/folders/8x/_y6g3dfs0698dfd49y4vcg_w0000gn/T//ccPMt20O.s 			page 19


 624 00c0 03F00803 		and	r3, r3, #8
 625 00c4 0593     		str	r3, [sp, #20]
 244:Core/Src/usart.c ****     /**UART5 GPIO Configuration
 626              		.loc 1 244 5 view .LVU195
 627 00c6 059B     		ldr	r3, [sp, #20]
 628              	.LBE6:
 244:Core/Src/usart.c ****     /**UART5 GPIO Configuration
 629              		.loc 1 244 5 view .LVU196
 249:Core/Src/usart.c ****     GPIO_InitStruct.Mode = GPIO_MODE_AF_PP;
 630              		.loc 1 249 5 view .LVU197
 249:Core/Src/usart.c ****     GPIO_InitStruct.Mode = GPIO_MODE_AF_PP;
 631              		.loc 1 249 25 is_stmt 0 view .LVU198
 632 00c8 4FF48053 		mov	r3, #4096
 633 00cc 0F93     		str	r3, [sp, #60]
 250:Core/Src/usart.c ****     GPIO_InitStruct.Pull = GPIO_NOPULL;
 634              		.loc 1 250 5 is_stmt 1 view .LVU199
 250:Core/Src/usart.c ****     GPIO_InitStruct.Pull = GPIO_NOPULL;
 635              		.loc 1 250 26 is_stmt 0 view .LVU200
 636 00ce 0227     		movs	r7, #2
 637 00d0 1097     		str	r7, [sp, #64]
 251:Core/Src/usart.c ****     GPIO_InitStruct.Speed = GPIO_SPEED_FREQ_VERY_HIGH;
 638              		.loc 1 251 5 is_stmt 1 view .LVU201
 252:Core/Src/usart.c ****     GPIO_InitStruct.Alternate = GPIO_AF8_UART5;
 639              		.loc 1 252 5 view .LVU202
 252:Core/Src/usart.c ****     GPIO_InitStruct.Alternate = GPIO_AF8_UART5;
 640              		.loc 1 252 27 is_stmt 0 view .LVU203
 641 00d2 0326     		movs	r6, #3
 642 00d4 1296     		str	r6, [sp, #72]
 253:Core/Src/usart.c ****     HAL_GPIO_Init(GPIOC, &GPIO_InitStruct);
 643              		.loc 1 253 5 is_stmt 1 view .LVU204
 253:Core/Src/usart.c ****     HAL_GPIO_Init(GPIOC, &GPIO_InitStruct);
 644              		.loc 1 253 31 is_stmt 0 view .LVU205
 645 00d6 0825     		movs	r5, #8
 646 00d8 1395     		str	r5, [sp, #76]
 254:Core/Src/usart.c **** 
 647              		.loc 1 254 5 is_stmt 1 view .LVU206
 648 00da 0FA9     		add	r1, sp, #60
 649 00dc 5F48     		ldr	r0, .L51+28
 650              	.LVL18:
 254:Core/Src/usart.c **** 
 651              		.loc 1 254 5 is_stmt 0 view .LVU207
 652 00de FFF7FEFF 		bl	HAL_GPIO_Init
 653              	.LVL19:
 256:Core/Src/usart.c ****     GPIO_InitStruct.Mode = GPIO_MODE_AF_PP;
 654              		.loc 1 256 5 is_stmt 1 view .LVU208
 256:Core/Src/usart.c ****     GPIO_InitStruct.Mode = GPIO_MODE_AF_PP;
 655              		.loc 1 256 25 is_stmt 0 view .LVU209
 656 00e2 0423     		movs	r3, #4
 657 00e4 0F93     		str	r3, [sp, #60]
 257:Core/Src/usart.c ****     GPIO_InitStruct.Pull = GPIO_NOPULL;
 658              		.loc 1 257 5 is_stmt 1 view .LVU210
 257:Core/Src/usart.c ****     GPIO_InitStruct.Pull = GPIO_NOPULL;
 659              		.loc 1 257 26 is_stmt 0 view .LVU211
 660 00e6 1097     		str	r7, [sp, #64]
 258:Core/Src/usart.c ****     GPIO_InitStruct.Speed = GPIO_SPEED_FREQ_VERY_HIGH;
 661              		.loc 1 258 5 is_stmt 1 view .LVU212
 258:Core/Src/usart.c ****     GPIO_InitStruct.Speed = GPIO_SPEED_FREQ_VERY_HIGH;
ARM GAS  /var/folders/8x/_y6g3dfs0698dfd49y4vcg_w0000gn/T//ccPMt20O.s 			page 20


 662              		.loc 1 258 26 is_stmt 0 view .LVU213
 663 00e8 1194     		str	r4, [sp, #68]
 259:Core/Src/usart.c ****     GPIO_InitStruct.Alternate = GPIO_AF8_UART5;
 664              		.loc 1 259 5 is_stmt 1 view .LVU214
 259:Core/Src/usart.c ****     GPIO_InitStruct.Alternate = GPIO_AF8_UART5;
 665              		.loc 1 259 27 is_stmt 0 view .LVU215
 666 00ea 1296     		str	r6, [sp, #72]
 260:Core/Src/usart.c ****     HAL_GPIO_Init(GPIOD, &GPIO_InitStruct);
 667              		.loc 1 260 5 is_stmt 1 view .LVU216
 260:Core/Src/usart.c ****     HAL_GPIO_Init(GPIOD, &GPIO_InitStruct);
 668              		.loc 1 260 31 is_stmt 0 view .LVU217
 669 00ec 1395     		str	r5, [sp, #76]
 261:Core/Src/usart.c **** 
 670              		.loc 1 261 5 is_stmt 1 view .LVU218
 671 00ee 0FA9     		add	r1, sp, #60
 672 00f0 5B48     		ldr	r0, .L51+32
 673 00f2 FFF7FEFF 		bl	HAL_GPIO_Init
 674              	.LVL20:
 675 00f6 A1E7     		b	.L37
 676              	.LVL21:
 677              	.L47:
 273:Core/Src/usart.c **** 
 678              		.loc 1 273 5 view .LVU219
 679              	.LBB7:
 273:Core/Src/usart.c **** 
 680              		.loc 1 273 5 view .LVU220
 681 00f8 0021     		movs	r1, #0
 682 00fa 0691     		str	r1, [sp, #24]
 273:Core/Src/usart.c **** 
 683              		.loc 1 273 5 view .LVU221
 684 00fc 564B     		ldr	r3, .L51+24
 685 00fe 5A6C     		ldr	r2, [r3, #68]
 686 0100 42F01002 		orr	r2, r2, #16
 687 0104 5A64     		str	r2, [r3, #68]
 273:Core/Src/usart.c **** 
 688              		.loc 1 273 5 view .LVU222
 689 0106 5A6C     		ldr	r2, [r3, #68]
 690 0108 02F01002 		and	r2, r2, #16
 691 010c 0692     		str	r2, [sp, #24]
 273:Core/Src/usart.c **** 
 692              		.loc 1 273 5 view .LVU223
 693 010e 069A     		ldr	r2, [sp, #24]
 694              	.LBE7:
 273:Core/Src/usart.c **** 
 695              		.loc 1 273 5 view .LVU224
 275:Core/Src/usart.c ****     /**USART1 GPIO Configuration
 696              		.loc 1 275 5 view .LVU225
 697              	.LBB8:
 275:Core/Src/usart.c ****     /**USART1 GPIO Configuration
 698              		.loc 1 275 5 view .LVU226
 699 0110 0791     		str	r1, [sp, #28]
 275:Core/Src/usart.c ****     /**USART1 GPIO Configuration
 700              		.loc 1 275 5 view .LVU227
 701 0112 1A6B     		ldr	r2, [r3, #48]
 702 0114 42F00102 		orr	r2, r2, #1
 703 0118 1A63     		str	r2, [r3, #48]
 275:Core/Src/usart.c ****     /**USART1 GPIO Configuration
ARM GAS  /var/folders/8x/_y6g3dfs0698dfd49y4vcg_w0000gn/T//ccPMt20O.s 			page 21


 704              		.loc 1 275 5 view .LVU228
 705 011a 1B6B     		ldr	r3, [r3, #48]
 706 011c 03F00103 		and	r3, r3, #1
 707 0120 0793     		str	r3, [sp, #28]
 275:Core/Src/usart.c ****     /**USART1 GPIO Configuration
 708              		.loc 1 275 5 view .LVU229
 709 0122 079B     		ldr	r3, [sp, #28]
 710              	.LBE8:
 275:Core/Src/usart.c ****     /**USART1 GPIO Configuration
 711              		.loc 1 275 5 view .LVU230
 280:Core/Src/usart.c ****     GPIO_InitStruct.Mode = GPIO_MODE_AF_PP;
 712              		.loc 1 280 5 view .LVU231
 280:Core/Src/usart.c ****     GPIO_InitStruct.Mode = GPIO_MODE_AF_PP;
 713              		.loc 1 280 25 is_stmt 0 view .LVU232
 714 0124 4FF4C063 		mov	r3, #1536
 715 0128 0F93     		str	r3, [sp, #60]
 281:Core/Src/usart.c ****     GPIO_InitStruct.Pull = GPIO_NOPULL;
 716              		.loc 1 281 5 is_stmt 1 view .LVU233
 281:Core/Src/usart.c ****     GPIO_InitStruct.Pull = GPIO_NOPULL;
 717              		.loc 1 281 26 is_stmt 0 view .LVU234
 718 012a 0223     		movs	r3, #2
 719 012c 1093     		str	r3, [sp, #64]
 282:Core/Src/usart.c ****     GPIO_InitStruct.Speed = GPIO_SPEED_FREQ_VERY_HIGH;
 720              		.loc 1 282 5 is_stmt 1 view .LVU235
 283:Core/Src/usart.c ****     GPIO_InitStruct.Alternate = GPIO_AF7_USART1;
 721              		.loc 1 283 5 view .LVU236
 283:Core/Src/usart.c ****     GPIO_InitStruct.Alternate = GPIO_AF7_USART1;
 722              		.loc 1 283 27 is_stmt 0 view .LVU237
 723 012e 0323     		movs	r3, #3
 724 0130 1293     		str	r3, [sp, #72]
 284:Core/Src/usart.c ****     HAL_GPIO_Init(GPIOA, &GPIO_InitStruct);
 725              		.loc 1 284 5 is_stmt 1 view .LVU238
 284:Core/Src/usart.c ****     HAL_GPIO_Init(GPIOA, &GPIO_InitStruct);
 726              		.loc 1 284 31 is_stmt 0 view .LVU239
 727 0132 0723     		movs	r3, #7
 728 0134 1393     		str	r3, [sp, #76]
 285:Core/Src/usart.c **** 
 729              		.loc 1 285 5 is_stmt 1 view .LVU240
 730 0136 0FA9     		add	r1, sp, #60
 731 0138 4A48     		ldr	r0, .L51+36
 732              	.LVL22:
 285:Core/Src/usart.c **** 
 733              		.loc 1 285 5 is_stmt 0 view .LVU241
 734 013a FFF7FEFF 		bl	HAL_GPIO_Init
 735              	.LVL23:
 736 013e 7DE7     		b	.L37
 737              	.LVL24:
 738              	.L48:
 297:Core/Src/usart.c **** 
 739              		.loc 1 297 5 is_stmt 1 view .LVU242
 740              	.LBB9:
 297:Core/Src/usart.c **** 
 741              		.loc 1 297 5 view .LVU243
 742 0140 0021     		movs	r1, #0
 743 0142 0891     		str	r1, [sp, #32]
 297:Core/Src/usart.c **** 
 744              		.loc 1 297 5 view .LVU244
ARM GAS  /var/folders/8x/_y6g3dfs0698dfd49y4vcg_w0000gn/T//ccPMt20O.s 			page 22


 745 0144 444B     		ldr	r3, .L51+24
 746 0146 1A6C     		ldr	r2, [r3, #64]
 747 0148 42F40032 		orr	r2, r2, #131072
 748 014c 1A64     		str	r2, [r3, #64]
 297:Core/Src/usart.c **** 
 749              		.loc 1 297 5 view .LVU245
 750 014e 1A6C     		ldr	r2, [r3, #64]
 751 0150 02F40032 		and	r2, r2, #131072
 752 0154 0892     		str	r2, [sp, #32]
 297:Core/Src/usart.c **** 
 753              		.loc 1 297 5 view .LVU246
 754 0156 089A     		ldr	r2, [sp, #32]
 755              	.LBE9:
 297:Core/Src/usart.c **** 
 756              		.loc 1 297 5 view .LVU247
 299:Core/Src/usart.c ****     /**USART2 GPIO Configuration
 757              		.loc 1 299 5 view .LVU248
 758              	.LBB10:
 299:Core/Src/usart.c ****     /**USART2 GPIO Configuration
 759              		.loc 1 299 5 view .LVU249
 760 0158 0991     		str	r1, [sp, #36]
 299:Core/Src/usart.c ****     /**USART2 GPIO Configuration
 761              		.loc 1 299 5 view .LVU250
 762 015a 1A6B     		ldr	r2, [r3, #48]
 763 015c 42F00802 		orr	r2, r2, #8
 764 0160 1A63     		str	r2, [r3, #48]
 299:Core/Src/usart.c ****     /**USART2 GPIO Configuration
 765              		.loc 1 299 5 view .LVU251
 766 0162 1B6B     		ldr	r3, [r3, #48]
 767 0164 03F00803 		and	r3, r3, #8
 768 0168 0993     		str	r3, [sp, #36]
 299:Core/Src/usart.c ****     /**USART2 GPIO Configuration
 769              		.loc 1 299 5 view .LVU252
 770 016a 099B     		ldr	r3, [sp, #36]
 771              	.LBE10:
 299:Core/Src/usart.c ****     /**USART2 GPIO Configuration
 772              		.loc 1 299 5 view .LVU253
 304:Core/Src/usart.c ****     GPIO_InitStruct.Mode = GPIO_MODE_AF_PP;
 773              		.loc 1 304 5 view .LVU254
 304:Core/Src/usart.c ****     GPIO_InitStruct.Mode = GPIO_MODE_AF_PP;
 774              		.loc 1 304 25 is_stmt 0 view .LVU255
 775 016c 6023     		movs	r3, #96
 776 016e 0F93     		str	r3, [sp, #60]
 305:Core/Src/usart.c ****     GPIO_InitStruct.Pull = GPIO_NOPULL;
 777              		.loc 1 305 5 is_stmt 1 view .LVU256
 305:Core/Src/usart.c ****     GPIO_InitStruct.Pull = GPIO_NOPULL;
 778              		.loc 1 305 26 is_stmt 0 view .LVU257
 779 0170 0223     		movs	r3, #2
 780 0172 1093     		str	r3, [sp, #64]
 306:Core/Src/usart.c ****     GPIO_InitStruct.Speed = GPIO_SPEED_FREQ_VERY_HIGH;
 781              		.loc 1 306 5 is_stmt 1 view .LVU258
 307:Core/Src/usart.c ****     GPIO_InitStruct.Alternate = GPIO_AF7_USART2;
 782              		.loc 1 307 5 view .LVU259
 307:Core/Src/usart.c ****     GPIO_InitStruct.Alternate = GPIO_AF7_USART2;
 783              		.loc 1 307 27 is_stmt 0 view .LVU260
 784 0174 0323     		movs	r3, #3
 785 0176 1293     		str	r3, [sp, #72]
ARM GAS  /var/folders/8x/_y6g3dfs0698dfd49y4vcg_w0000gn/T//ccPMt20O.s 			page 23


 308:Core/Src/usart.c ****     HAL_GPIO_Init(GPIOD, &GPIO_InitStruct);
 786              		.loc 1 308 5 is_stmt 1 view .LVU261
 308:Core/Src/usart.c ****     HAL_GPIO_Init(GPIOD, &GPIO_InitStruct);
 787              		.loc 1 308 31 is_stmt 0 view .LVU262
 788 0178 0723     		movs	r3, #7
 789 017a 1393     		str	r3, [sp, #76]
 309:Core/Src/usart.c **** 
 790              		.loc 1 309 5 is_stmt 1 view .LVU263
 791 017c 0FA9     		add	r1, sp, #60
 792 017e 3848     		ldr	r0, .L51+32
 793              	.LVL25:
 309:Core/Src/usart.c **** 
 794              		.loc 1 309 5 is_stmt 0 view .LVU264
 795 0180 FFF7FEFF 		bl	HAL_GPIO_Init
 796              	.LVL26:
 797 0184 5AE7     		b	.L37
 798              	.LVL27:
 799              	.L49:
 321:Core/Src/usart.c **** 
 800              		.loc 1 321 5 is_stmt 1 view .LVU265
 801              	.LBB11:
 321:Core/Src/usart.c **** 
 802              		.loc 1 321 5 view .LVU266
 803 0186 0024     		movs	r4, #0
 804 0188 0A94     		str	r4, [sp, #40]
 321:Core/Src/usart.c **** 
 805              		.loc 1 321 5 view .LVU267
 806 018a 334B     		ldr	r3, .L51+24
 807 018c 1A6C     		ldr	r2, [r3, #64]
 808 018e 42F48022 		orr	r2, r2, #262144
 809 0192 1A64     		str	r2, [r3, #64]
 321:Core/Src/usart.c **** 
 810              		.loc 1 321 5 view .LVU268
 811 0194 1A6C     		ldr	r2, [r3, #64]
 812 0196 02F48022 		and	r2, r2, #262144
 813 019a 0A92     		str	r2, [sp, #40]
 321:Core/Src/usart.c **** 
 814              		.loc 1 321 5 view .LVU269
 815 019c 0A9A     		ldr	r2, [sp, #40]
 816              	.LBE11:
 321:Core/Src/usart.c **** 
 817              		.loc 1 321 5 view .LVU270
 323:Core/Src/usart.c ****     __HAL_RCC_GPIOD_CLK_ENABLE();
 818              		.loc 1 323 5 view .LVU271
 819              	.LBB12:
 323:Core/Src/usart.c ****     __HAL_RCC_GPIOD_CLK_ENABLE();
 820              		.loc 1 323 5 view .LVU272
 821 019e 0B94     		str	r4, [sp, #44]
 323:Core/Src/usart.c ****     __HAL_RCC_GPIOD_CLK_ENABLE();
 822              		.loc 1 323 5 view .LVU273
 823 01a0 1A6B     		ldr	r2, [r3, #48]
 824 01a2 42F00202 		orr	r2, r2, #2
 825 01a6 1A63     		str	r2, [r3, #48]
 323:Core/Src/usart.c ****     __HAL_RCC_GPIOD_CLK_ENABLE();
 826              		.loc 1 323 5 view .LVU274
 827 01a8 1A6B     		ldr	r2, [r3, #48]
 828 01aa 02F00202 		and	r2, r2, #2
ARM GAS  /var/folders/8x/_y6g3dfs0698dfd49y4vcg_w0000gn/T//ccPMt20O.s 			page 24


 829 01ae 0B92     		str	r2, [sp, #44]
 323:Core/Src/usart.c ****     __HAL_RCC_GPIOD_CLK_ENABLE();
 830              		.loc 1 323 5 view .LVU275
 831 01b0 0B9A     		ldr	r2, [sp, #44]
 832              	.LBE12:
 323:Core/Src/usart.c ****     __HAL_RCC_GPIOD_CLK_ENABLE();
 833              		.loc 1 323 5 view .LVU276
 324:Core/Src/usart.c ****     /**USART3 GPIO Configuration
 834              		.loc 1 324 5 view .LVU277
 835              	.LBB13:
 324:Core/Src/usart.c ****     /**USART3 GPIO Configuration
 836              		.loc 1 324 5 view .LVU278
 837 01b2 0C94     		str	r4, [sp, #48]
 324:Core/Src/usart.c ****     /**USART3 GPIO Configuration
 838              		.loc 1 324 5 view .LVU279
 839 01b4 1A6B     		ldr	r2, [r3, #48]
 840 01b6 42F00802 		orr	r2, r2, #8
 841 01ba 1A63     		str	r2, [r3, #48]
 324:Core/Src/usart.c ****     /**USART3 GPIO Configuration
 842              		.loc 1 324 5 view .LVU280
 843 01bc 1B6B     		ldr	r3, [r3, #48]
 844 01be 03F00803 		and	r3, r3, #8
 845 01c2 0C93     		str	r3, [sp, #48]
 324:Core/Src/usart.c ****     /**USART3 GPIO Configuration
 846              		.loc 1 324 5 view .LVU281
 847 01c4 0C9B     		ldr	r3, [sp, #48]
 848              	.LBE13:
 324:Core/Src/usart.c ****     /**USART3 GPIO Configuration
 849              		.loc 1 324 5 view .LVU282
 329:Core/Src/usart.c ****     GPIO_InitStruct.Mode = GPIO_MODE_AF_PP;
 850              		.loc 1 329 5 view .LVU283
 329:Core/Src/usart.c ****     GPIO_InitStruct.Mode = GPIO_MODE_AF_PP;
 851              		.loc 1 329 25 is_stmt 0 view .LVU284
 852 01c6 4FF40063 		mov	r3, #2048
 853 01ca 0F93     		str	r3, [sp, #60]
 330:Core/Src/usart.c ****     GPIO_InitStruct.Pull = GPIO_NOPULL;
 854              		.loc 1 330 5 is_stmt 1 view .LVU285
 330:Core/Src/usart.c ****     GPIO_InitStruct.Pull = GPIO_NOPULL;
 855              		.loc 1 330 26 is_stmt 0 view .LVU286
 856 01cc 0227     		movs	r7, #2
 857 01ce 1097     		str	r7, [sp, #64]
 331:Core/Src/usart.c ****     GPIO_InitStruct.Speed = GPIO_SPEED_FREQ_VERY_HIGH;
 858              		.loc 1 331 5 is_stmt 1 view .LVU287
 332:Core/Src/usart.c ****     GPIO_InitStruct.Alternate = GPIO_AF7_USART3;
 859              		.loc 1 332 5 view .LVU288
 332:Core/Src/usart.c ****     GPIO_InitStruct.Alternate = GPIO_AF7_USART3;
 860              		.loc 1 332 27 is_stmt 0 view .LVU289
 861 01d0 0326     		movs	r6, #3
 862 01d2 1296     		str	r6, [sp, #72]
 333:Core/Src/usart.c ****     HAL_GPIO_Init(GPIOB, &GPIO_InitStruct);
 863              		.loc 1 333 5 is_stmt 1 view .LVU290
 333:Core/Src/usart.c ****     HAL_GPIO_Init(GPIOB, &GPIO_InitStruct);
 864              		.loc 1 333 31 is_stmt 0 view .LVU291
 865 01d4 0725     		movs	r5, #7
 866 01d6 1395     		str	r5, [sp, #76]
 334:Core/Src/usart.c **** 
 867              		.loc 1 334 5 is_stmt 1 view .LVU292
ARM GAS  /var/folders/8x/_y6g3dfs0698dfd49y4vcg_w0000gn/T//ccPMt20O.s 			page 25


 868 01d8 0FA9     		add	r1, sp, #60
 869 01da 2348     		ldr	r0, .L51+40
 870              	.LVL28:
 334:Core/Src/usart.c **** 
 871              		.loc 1 334 5 is_stmt 0 view .LVU293
 872 01dc FFF7FEFF 		bl	HAL_GPIO_Init
 873              	.LVL29:
 336:Core/Src/usart.c ****     GPIO_InitStruct.Mode = GPIO_MODE_AF_PP;
 874              		.loc 1 336 5 is_stmt 1 view .LVU294
 336:Core/Src/usart.c ****     GPIO_InitStruct.Mode = GPIO_MODE_AF_PP;
 875              		.loc 1 336 25 is_stmt 0 view .LVU295
 876 01e0 4FF48073 		mov	r3, #256
 877 01e4 0F93     		str	r3, [sp, #60]
 337:Core/Src/usart.c ****     GPIO_InitStruct.Pull = GPIO_NOPULL;
 878              		.loc 1 337 5 is_stmt 1 view .LVU296
 337:Core/Src/usart.c ****     GPIO_InitStruct.Pull = GPIO_NOPULL;
 879              		.loc 1 337 26 is_stmt 0 view .LVU297
 880 01e6 1097     		str	r7, [sp, #64]
 338:Core/Src/usart.c ****     GPIO_InitStruct.Speed = GPIO_SPEED_FREQ_VERY_HIGH;
 881              		.loc 1 338 5 is_stmt 1 view .LVU298
 338:Core/Src/usart.c ****     GPIO_InitStruct.Speed = GPIO_SPEED_FREQ_VERY_HIGH;
 882              		.loc 1 338 26 is_stmt 0 view .LVU299
 883 01e8 1194     		str	r4, [sp, #68]
 339:Core/Src/usart.c ****     GPIO_InitStruct.Alternate = GPIO_AF7_USART3;
 884              		.loc 1 339 5 is_stmt 1 view .LVU300
 339:Core/Src/usart.c ****     GPIO_InitStruct.Alternate = GPIO_AF7_USART3;
 885              		.loc 1 339 27 is_stmt 0 view .LVU301
 886 01ea 1296     		str	r6, [sp, #72]
 340:Core/Src/usart.c ****     HAL_GPIO_Init(GPIOD, &GPIO_InitStruct);
 887              		.loc 1 340 5 is_stmt 1 view .LVU302
 340:Core/Src/usart.c ****     HAL_GPIO_Init(GPIOD, &GPIO_InitStruct);
 888              		.loc 1 340 31 is_stmt 0 view .LVU303
 889 01ec 1395     		str	r5, [sp, #76]
 341:Core/Src/usart.c **** 
 890              		.loc 1 341 5 is_stmt 1 view .LVU304
 891 01ee 0FA9     		add	r1, sp, #60
 892 01f0 1B48     		ldr	r0, .L51+32
 893 01f2 FFF7FEFF 		bl	HAL_GPIO_Init
 894              	.LVL30:
 895 01f6 21E7     		b	.L37
 896              	.LVL31:
 897              	.L50:
 353:Core/Src/usart.c **** 
 898              		.loc 1 353 5 view .LVU305
 899              	.LBB14:
 353:Core/Src/usart.c **** 
 900              		.loc 1 353 5 view .LVU306
 901 01f8 0021     		movs	r1, #0
 902 01fa 0D91     		str	r1, [sp, #52]
 353:Core/Src/usart.c **** 
 903              		.loc 1 353 5 view .LVU307
 904 01fc 164B     		ldr	r3, .L51+24
 905 01fe 5A6C     		ldr	r2, [r3, #68]
 906 0200 42F02002 		orr	r2, r2, #32
 907 0204 5A64     		str	r2, [r3, #68]
 353:Core/Src/usart.c **** 
 908              		.loc 1 353 5 view .LVU308
ARM GAS  /var/folders/8x/_y6g3dfs0698dfd49y4vcg_w0000gn/T//ccPMt20O.s 			page 26


 909 0206 5A6C     		ldr	r2, [r3, #68]
 910 0208 02F02002 		and	r2, r2, #32
 911 020c 0D92     		str	r2, [sp, #52]
 353:Core/Src/usart.c **** 
 912              		.loc 1 353 5 view .LVU309
 913 020e 0D9A     		ldr	r2, [sp, #52]
 914              	.LBE14:
 353:Core/Src/usart.c **** 
 915              		.loc 1 353 5 view .LVU310
 355:Core/Src/usart.c ****     /**USART6 GPIO Configuration
 916              		.loc 1 355 5 view .LVU311
 917              	.LBB15:
 355:Core/Src/usart.c ****     /**USART6 GPIO Configuration
 918              		.loc 1 355 5 view .LVU312
 919 0210 0E91     		str	r1, [sp, #56]
 355:Core/Src/usart.c ****     /**USART6 GPIO Configuration
 920              		.loc 1 355 5 view .LVU313
 921 0212 1A6B     		ldr	r2, [r3, #48]
 922 0214 42F00402 		orr	r2, r2, #4
 923 0218 1A63     		str	r2, [r3, #48]
 355:Core/Src/usart.c ****     /**USART6 GPIO Configuration
 924              		.loc 1 355 5 view .LVU314
 925 021a 1B6B     		ldr	r3, [r3, #48]
 926 021c 03F00403 		and	r3, r3, #4
 927 0220 0E93     		str	r3, [sp, #56]
 355:Core/Src/usart.c ****     /**USART6 GPIO Configuration
 928              		.loc 1 355 5 view .LVU315
 929 0222 0E9B     		ldr	r3, [sp, #56]
 930              	.LBE15:
 355:Core/Src/usart.c ****     /**USART6 GPIO Configuration
 931              		.loc 1 355 5 view .LVU316
 360:Core/Src/usart.c ****     GPIO_InitStruct.Mode = GPIO_MODE_AF_PP;
 932              		.loc 1 360 5 view .LVU317
 360:Core/Src/usart.c ****     GPIO_InitStruct.Mode = GPIO_MODE_AF_PP;
 933              		.loc 1 360 25 is_stmt 0 view .LVU318
 934 0224 C023     		movs	r3, #192
 935 0226 0F93     		str	r3, [sp, #60]
 361:Core/Src/usart.c ****     GPIO_InitStruct.Pull = GPIO_NOPULL;
 936              		.loc 1 361 5 is_stmt 1 view .LVU319
 361:Core/Src/usart.c ****     GPIO_InitStruct.Pull = GPIO_NOPULL;
 937              		.loc 1 361 26 is_stmt 0 view .LVU320
 938 0228 0223     		movs	r3, #2
 939 022a 1093     		str	r3, [sp, #64]
 362:Core/Src/usart.c ****     GPIO_InitStruct.Speed = GPIO_SPEED_FREQ_VERY_HIGH;
 940              		.loc 1 362 5 is_stmt 1 view .LVU321
 363:Core/Src/usart.c ****     GPIO_InitStruct.Alternate = GPIO_AF8_USART6;
 941              		.loc 1 363 5 view .LVU322
 363:Core/Src/usart.c ****     GPIO_InitStruct.Alternate = GPIO_AF8_USART6;
 942              		.loc 1 363 27 is_stmt 0 view .LVU323
 943 022c 0323     		movs	r3, #3
 944 022e 1293     		str	r3, [sp, #72]
 364:Core/Src/usart.c ****     HAL_GPIO_Init(GPIOC, &GPIO_InitStruct);
 945              		.loc 1 364 5 is_stmt 1 view .LVU324
 364:Core/Src/usart.c ****     HAL_GPIO_Init(GPIOC, &GPIO_InitStruct);
 946              		.loc 1 364 31 is_stmt 0 view .LVU325
 947 0230 0823     		movs	r3, #8
 948 0232 1393     		str	r3, [sp, #76]
ARM GAS  /var/folders/8x/_y6g3dfs0698dfd49y4vcg_w0000gn/T//ccPMt20O.s 			page 27


 365:Core/Src/usart.c **** 
 949              		.loc 1 365 5 is_stmt 1 view .LVU326
 950 0234 0FA9     		add	r1, sp, #60
 951 0236 0948     		ldr	r0, .L51+28
 952              	.LVL32:
 365:Core/Src/usart.c **** 
 953              		.loc 1 365 5 is_stmt 0 view .LVU327
 954 0238 FFF7FEFF 		bl	HAL_GPIO_Init
 955              	.LVL33:
 956              		.loc 1 371 1 view .LVU328
 957 023c FEE6     		b	.L37
 958              	.L52:
 959 023e 00BF     		.align	2
 960              	.L51:
 961 0240 004C0040 		.word	1073761280
 962 0244 00500040 		.word	1073762304
 963 0248 00100140 		.word	1073811456
 964 024c 00440040 		.word	1073759232
 965 0250 00480040 		.word	1073760256
 966 0254 00140140 		.word	1073812480
 967 0258 00380240 		.word	1073887232
 968 025c 00080240 		.word	1073874944
 969 0260 000C0240 		.word	1073875968
 970 0264 00000240 		.word	1073872896
 971 0268 00040240 		.word	1073873920
 972              		.cfi_endproc
 973              	.LFE245:
 975              		.section	.text.HAL_UART_MspDeInit,"ax",%progbits
 976              		.align	1
 977              		.global	HAL_UART_MspDeInit
 978              		.syntax unified
 979              		.thumb
 980              		.thumb_func
 982              	HAL_UART_MspDeInit:
 983              	.LVL34:
 984              	.LFB246:
 372:Core/Src/usart.c **** 
 373:Core/Src/usart.c **** void HAL_UART_MspDeInit(UART_HandleTypeDef* uartHandle)
 374:Core/Src/usart.c **** {
 985              		.loc 1 374 1 is_stmt 1 view -0
 986              		.cfi_startproc
 987              		@ args = 0, pretend = 0, frame = 0
 988              		@ frame_needed = 0, uses_anonymous_args = 0
 989              		.loc 1 374 1 is_stmt 0 view .LVU330
 990 0000 08B5     		push	{r3, lr}
 991              	.LCFI10:
 992              		.cfi_def_cfa_offset 8
 993              		.cfi_offset 3, -8
 994              		.cfi_offset 14, -4
 375:Core/Src/usart.c **** 
 376:Core/Src/usart.c ****   if(uartHandle->Instance==UART4)
 995              		.loc 1 376 3 is_stmt 1 view .LVU331
 996              		.loc 1 376 16 is_stmt 0 view .LVU332
 997 0002 0368     		ldr	r3, [r0]
 998              		.loc 1 376 5 view .LVU333
 999 0004 304A     		ldr	r2, .L67
 1000 0006 9342     		cmp	r3, r2
ARM GAS  /var/folders/8x/_y6g3dfs0698dfd49y4vcg_w0000gn/T//ccPMt20O.s 			page 28


 1001 0008 0FD0     		beq	.L61
 377:Core/Src/usart.c ****   {
 378:Core/Src/usart.c ****   /* USER CODE BEGIN UART4_MspDeInit 0 */
 379:Core/Src/usart.c **** 
 380:Core/Src/usart.c ****   /* USER CODE END UART4_MspDeInit 0 */
 381:Core/Src/usart.c ****     /* Peripheral clock disable */
 382:Core/Src/usart.c ****     __HAL_RCC_UART4_CLK_DISABLE();
 383:Core/Src/usart.c **** 
 384:Core/Src/usart.c ****     /**UART4 GPIO Configuration
 385:Core/Src/usart.c ****     PC10     ------> UART4_TX
 386:Core/Src/usart.c ****     PC11     ------> UART4_RX
 387:Core/Src/usart.c ****     */
 388:Core/Src/usart.c ****     HAL_GPIO_DeInit(GPIOC, GPIO_PIN_10|GPIO_PIN_11);
 389:Core/Src/usart.c **** 
 390:Core/Src/usart.c ****   /* USER CODE BEGIN UART4_MspDeInit 1 */
 391:Core/Src/usart.c **** 
 392:Core/Src/usart.c ****   /* USER CODE END UART4_MspDeInit 1 */
 393:Core/Src/usart.c ****   }
 394:Core/Src/usart.c ****   else if(uartHandle->Instance==UART5)
 1002              		.loc 1 394 8 is_stmt 1 view .LVU334
 1003              		.loc 1 394 10 is_stmt 0 view .LVU335
 1004 000a 304A     		ldr	r2, .L67+4
 1005 000c 9342     		cmp	r3, r2
 1006 000e 18D0     		beq	.L62
 395:Core/Src/usart.c ****   {
 396:Core/Src/usart.c ****   /* USER CODE BEGIN UART5_MspDeInit 0 */
 397:Core/Src/usart.c **** 
 398:Core/Src/usart.c ****   /* USER CODE END UART5_MspDeInit 0 */
 399:Core/Src/usart.c ****     /* Peripheral clock disable */
 400:Core/Src/usart.c ****     __HAL_RCC_UART5_CLK_DISABLE();
 401:Core/Src/usart.c **** 
 402:Core/Src/usart.c ****     /**UART5 GPIO Configuration
 403:Core/Src/usart.c ****     PC12     ------> UART5_TX
 404:Core/Src/usart.c ****     PD2     ------> UART5_RX
 405:Core/Src/usart.c ****     */
 406:Core/Src/usart.c ****     HAL_GPIO_DeInit(GPIOC, GPIO_PIN_12);
 407:Core/Src/usart.c **** 
 408:Core/Src/usart.c ****     HAL_GPIO_DeInit(GPIOD, GPIO_PIN_2);
 409:Core/Src/usart.c **** 
 410:Core/Src/usart.c ****   /* USER CODE BEGIN UART5_MspDeInit 1 */
 411:Core/Src/usart.c **** 
 412:Core/Src/usart.c ****   /* USER CODE END UART5_MspDeInit 1 */
 413:Core/Src/usart.c ****   }
 414:Core/Src/usart.c ****   else if(uartHandle->Instance==USART1)
 1007              		.loc 1 414 8 is_stmt 1 view .LVU336
 1008              		.loc 1 414 10 is_stmt 0 view .LVU337
 1009 0010 2F4A     		ldr	r2, .L67+8
 1010 0012 9342     		cmp	r3, r2
 1011 0014 25D0     		beq	.L63
 415:Core/Src/usart.c ****   {
 416:Core/Src/usart.c ****   /* USER CODE BEGIN USART1_MspDeInit 0 */
 417:Core/Src/usart.c **** 
 418:Core/Src/usart.c ****   /* USER CODE END USART1_MspDeInit 0 */
 419:Core/Src/usart.c ****     /* Peripheral clock disable */
 420:Core/Src/usart.c ****     __HAL_RCC_USART1_CLK_DISABLE();
 421:Core/Src/usart.c **** 
 422:Core/Src/usart.c ****     /**USART1 GPIO Configuration
ARM GAS  /var/folders/8x/_y6g3dfs0698dfd49y4vcg_w0000gn/T//ccPMt20O.s 			page 29


 423:Core/Src/usart.c ****     PA9     ------> USART1_TX
 424:Core/Src/usart.c ****     PA10     ------> USART1_RX
 425:Core/Src/usart.c ****     */
 426:Core/Src/usart.c ****     HAL_GPIO_DeInit(GPIOA, GPIO_PIN_9|GPIO_PIN_10);
 427:Core/Src/usart.c **** 
 428:Core/Src/usart.c ****   /* USER CODE BEGIN USART1_MspDeInit 1 */
 429:Core/Src/usart.c **** 
 430:Core/Src/usart.c ****   /* USER CODE END USART1_MspDeInit 1 */
 431:Core/Src/usart.c ****   }
 432:Core/Src/usart.c ****   else if(uartHandle->Instance==USART2)
 1012              		.loc 1 432 8 is_stmt 1 view .LVU338
 1013              		.loc 1 432 10 is_stmt 0 view .LVU339
 1014 0016 2F4A     		ldr	r2, .L67+12
 1015 0018 9342     		cmp	r3, r2
 1016 001a 2ED0     		beq	.L64
 433:Core/Src/usart.c ****   {
 434:Core/Src/usart.c ****   /* USER CODE BEGIN USART2_MspDeInit 0 */
 435:Core/Src/usart.c **** 
 436:Core/Src/usart.c ****   /* USER CODE END USART2_MspDeInit 0 */
 437:Core/Src/usart.c ****     /* Peripheral clock disable */
 438:Core/Src/usart.c ****     __HAL_RCC_USART2_CLK_DISABLE();
 439:Core/Src/usart.c **** 
 440:Core/Src/usart.c ****     /**USART2 GPIO Configuration
 441:Core/Src/usart.c ****     PD5     ------> USART2_TX
 442:Core/Src/usart.c ****     PD6     ------> USART2_RX
 443:Core/Src/usart.c ****     */
 444:Core/Src/usart.c ****     HAL_GPIO_DeInit(GPIOD, GPIO_PIN_5|GPIO_PIN_6);
 445:Core/Src/usart.c **** 
 446:Core/Src/usart.c ****   /* USER CODE BEGIN USART2_MspDeInit 1 */
 447:Core/Src/usart.c **** 
 448:Core/Src/usart.c ****   /* USER CODE END USART2_MspDeInit 1 */
 449:Core/Src/usart.c ****   }
 450:Core/Src/usart.c ****   else if(uartHandle->Instance==USART3)
 1017              		.loc 1 450 8 is_stmt 1 view .LVU340
 1018              		.loc 1 450 10 is_stmt 0 view .LVU341
 1019 001c 2E4A     		ldr	r2, .L67+16
 1020 001e 9342     		cmp	r3, r2
 1021 0020 36D0     		beq	.L65
 451:Core/Src/usart.c ****   {
 452:Core/Src/usart.c ****   /* USER CODE BEGIN USART3_MspDeInit 0 */
 453:Core/Src/usart.c **** 
 454:Core/Src/usart.c ****   /* USER CODE END USART3_MspDeInit 0 */
 455:Core/Src/usart.c ****     /* Peripheral clock disable */
 456:Core/Src/usart.c ****     __HAL_RCC_USART3_CLK_DISABLE();
 457:Core/Src/usart.c **** 
 458:Core/Src/usart.c ****     /**USART3 GPIO Configuration
 459:Core/Src/usart.c ****     PB11     ------> USART3_RX
 460:Core/Src/usart.c ****     PD8     ------> USART3_TX
 461:Core/Src/usart.c ****     */
 462:Core/Src/usart.c ****     HAL_GPIO_DeInit(GPIOB, GPIO_PIN_11);
 463:Core/Src/usart.c **** 
 464:Core/Src/usart.c ****     HAL_GPIO_DeInit(GPIOD, GPIO_PIN_8);
 465:Core/Src/usart.c **** 
 466:Core/Src/usart.c ****   /* USER CODE BEGIN USART3_MspDeInit 1 */
 467:Core/Src/usart.c **** 
 468:Core/Src/usart.c ****   /* USER CODE END USART3_MspDeInit 1 */
 469:Core/Src/usart.c ****   }
ARM GAS  /var/folders/8x/_y6g3dfs0698dfd49y4vcg_w0000gn/T//ccPMt20O.s 			page 30


 470:Core/Src/usart.c ****   else if(uartHandle->Instance==USART6)
 1022              		.loc 1 470 8 is_stmt 1 view .LVU342
 1023              		.loc 1 470 10 is_stmt 0 view .LVU343
 1024 0022 2E4A     		ldr	r2, .L67+20
 1025 0024 9342     		cmp	r3, r2
 1026 0026 44D0     		beq	.L66
 1027              	.LVL35:
 1028              	.L53:
 471:Core/Src/usart.c ****   {
 472:Core/Src/usart.c ****   /* USER CODE BEGIN USART6_MspDeInit 0 */
 473:Core/Src/usart.c **** 
 474:Core/Src/usart.c ****   /* USER CODE END USART6_MspDeInit 0 */
 475:Core/Src/usart.c ****     /* Peripheral clock disable */
 476:Core/Src/usart.c ****     __HAL_RCC_USART6_CLK_DISABLE();
 477:Core/Src/usart.c **** 
 478:Core/Src/usart.c ****     /**USART6 GPIO Configuration
 479:Core/Src/usart.c ****     PC6     ------> USART6_TX
 480:Core/Src/usart.c ****     PC7     ------> USART6_RX
 481:Core/Src/usart.c ****     */
 482:Core/Src/usart.c ****     HAL_GPIO_DeInit(GPIOC, GPIO_PIN_6|GPIO_PIN_7);
 483:Core/Src/usart.c **** 
 484:Core/Src/usart.c ****   /* USER CODE BEGIN USART6_MspDeInit 1 */
 485:Core/Src/usart.c **** 
 486:Core/Src/usart.c ****   /* USER CODE END USART6_MspDeInit 1 */
 487:Core/Src/usart.c ****   }
 488:Core/Src/usart.c **** }
 1029              		.loc 1 488 1 view .LVU344
 1030 0028 08BD     		pop	{r3, pc}
 1031              	.LVL36:
 1032              	.L61:
 382:Core/Src/usart.c **** 
 1033              		.loc 1 382 5 is_stmt 1 view .LVU345
 1034 002a 02F5F632 		add	r2, r2, #125952
 1035 002e 136C     		ldr	r3, [r2, #64]
 1036 0030 23F40023 		bic	r3, r3, #524288
 1037 0034 1364     		str	r3, [r2, #64]
 388:Core/Src/usart.c **** 
 1038              		.loc 1 388 5 view .LVU346
 1039 0036 4FF44061 		mov	r1, #3072
 1040 003a 2948     		ldr	r0, .L67+24
 1041              	.LVL37:
 388:Core/Src/usart.c **** 
 1042              		.loc 1 388 5 is_stmt 0 view .LVU347
 1043 003c FFF7FEFF 		bl	HAL_GPIO_DeInit
 1044              	.LVL38:
 1045 0040 F2E7     		b	.L53
 1046              	.LVL39:
 1047              	.L62:
 400:Core/Src/usart.c **** 
 1048              		.loc 1 400 5 is_stmt 1 view .LVU348
 1049 0042 02F5F432 		add	r2, r2, #124928
 1050 0046 136C     		ldr	r3, [r2, #64]
 1051 0048 23F48013 		bic	r3, r3, #1048576
 1052 004c 1364     		str	r3, [r2, #64]
 406:Core/Src/usart.c **** 
 1053              		.loc 1 406 5 view .LVU349
 1054 004e 4FF48051 		mov	r1, #4096
ARM GAS  /var/folders/8x/_y6g3dfs0698dfd49y4vcg_w0000gn/T//ccPMt20O.s 			page 31


 1055 0052 2348     		ldr	r0, .L67+24
 1056              	.LVL40:
 406:Core/Src/usart.c **** 
 1057              		.loc 1 406 5 is_stmt 0 view .LVU350
 1058 0054 FFF7FEFF 		bl	HAL_GPIO_DeInit
 1059              	.LVL41:
 408:Core/Src/usart.c **** 
 1060              		.loc 1 408 5 is_stmt 1 view .LVU351
 1061 0058 0421     		movs	r1, #4
 1062 005a 2248     		ldr	r0, .L67+28
 1063 005c FFF7FEFF 		bl	HAL_GPIO_DeInit
 1064              	.LVL42:
 1065 0060 E2E7     		b	.L53
 1066              	.LVL43:
 1067              	.L63:
 420:Core/Src/usart.c **** 
 1068              		.loc 1 420 5 view .LVU352
 1069 0062 02F59432 		add	r2, r2, #75776
 1070 0066 536C     		ldr	r3, [r2, #68]
 1071 0068 23F01003 		bic	r3, r3, #16
 1072 006c 5364     		str	r3, [r2, #68]
 426:Core/Src/usart.c **** 
 1073              		.loc 1 426 5 view .LVU353
 1074 006e 4FF4C061 		mov	r1, #1536
 1075 0072 1D48     		ldr	r0, .L67+32
 1076              	.LVL44:
 426:Core/Src/usart.c **** 
 1077              		.loc 1 426 5 is_stmt 0 view .LVU354
 1078 0074 FFF7FEFF 		bl	HAL_GPIO_DeInit
 1079              	.LVL45:
 1080 0078 D6E7     		b	.L53
 1081              	.LVL46:
 1082              	.L64:
 438:Core/Src/usart.c **** 
 1083              		.loc 1 438 5 is_stmt 1 view .LVU355
 1084 007a 02F5FA32 		add	r2, r2, #128000
 1085 007e 136C     		ldr	r3, [r2, #64]
 1086 0080 23F40033 		bic	r3, r3, #131072
 1087 0084 1364     		str	r3, [r2, #64]
 444:Core/Src/usart.c **** 
 1088              		.loc 1 444 5 view .LVU356
 1089 0086 6021     		movs	r1, #96
 1090 0088 1648     		ldr	r0, .L67+28
 1091              	.LVL47:
 444:Core/Src/usart.c **** 
 1092              		.loc 1 444 5 is_stmt 0 view .LVU357
 1093 008a FFF7FEFF 		bl	HAL_GPIO_DeInit
 1094              	.LVL48:
 1095 008e CBE7     		b	.L53
 1096              	.LVL49:
 1097              	.L65:
 456:Core/Src/usart.c **** 
 1098              		.loc 1 456 5 is_stmt 1 view .LVU358
 1099 0090 02F5F832 		add	r2, r2, #126976
 1100 0094 136C     		ldr	r3, [r2, #64]
 1101 0096 23F48023 		bic	r3, r3, #262144
 1102 009a 1364     		str	r3, [r2, #64]
ARM GAS  /var/folders/8x/_y6g3dfs0698dfd49y4vcg_w0000gn/T//ccPMt20O.s 			page 32


 462:Core/Src/usart.c **** 
 1103              		.loc 1 462 5 view .LVU359
 1104 009c 4FF40061 		mov	r1, #2048
 1105 00a0 1248     		ldr	r0, .L67+36
 1106              	.LVL50:
 462:Core/Src/usart.c **** 
 1107              		.loc 1 462 5 is_stmt 0 view .LVU360
 1108 00a2 FFF7FEFF 		bl	HAL_GPIO_DeInit
 1109              	.LVL51:
 464:Core/Src/usart.c **** 
 1110              		.loc 1 464 5 is_stmt 1 view .LVU361
 1111 00a6 4FF48071 		mov	r1, #256
 1112 00aa 0E48     		ldr	r0, .L67+28
 1113 00ac FFF7FEFF 		bl	HAL_GPIO_DeInit
 1114              	.LVL52:
 1115 00b0 BAE7     		b	.L53
 1116              	.LVL53:
 1117              	.L66:
 476:Core/Src/usart.c **** 
 1118              		.loc 1 476 5 view .LVU362
 1119 00b2 02F59232 		add	r2, r2, #74752
 1120 00b6 536C     		ldr	r3, [r2, #68]
 1121 00b8 23F02003 		bic	r3, r3, #32
 1122 00bc 5364     		str	r3, [r2, #68]
 482:Core/Src/usart.c **** 
 1123              		.loc 1 482 5 view .LVU363
 1124 00be C021     		movs	r1, #192
 1125 00c0 0748     		ldr	r0, .L67+24
 1126              	.LVL54:
 482:Core/Src/usart.c **** 
 1127              		.loc 1 482 5 is_stmt 0 view .LVU364
 1128 00c2 FFF7FEFF 		bl	HAL_GPIO_DeInit
 1129              	.LVL55:
 1130              		.loc 1 488 1 view .LVU365
 1131 00c6 AFE7     		b	.L53
 1132              	.L68:
 1133              		.align	2
 1134              	.L67:
 1135 00c8 004C0040 		.word	1073761280
 1136 00cc 00500040 		.word	1073762304
 1137 00d0 00100140 		.word	1073811456
 1138 00d4 00440040 		.word	1073759232
 1139 00d8 00480040 		.word	1073760256
 1140 00dc 00140140 		.word	1073812480
 1141 00e0 00080240 		.word	1073874944
 1142 00e4 000C0240 		.word	1073875968
 1143 00e8 00000240 		.word	1073872896
 1144 00ec 00040240 		.word	1073873920
 1145              		.cfi_endproc
 1146              	.LFE246:
 1148              		.global	huart6
 1149              		.section	.bss.huart6,"aw",%nobits
 1150              		.align	2
 1153              	huart6:
 1154 0000 00000000 		.space	72
 1154      00000000 
 1154      00000000 
ARM GAS  /var/folders/8x/_y6g3dfs0698dfd49y4vcg_w0000gn/T//ccPMt20O.s 			page 33


 1154      00000000 
 1154      00000000 
 1155              		.global	huart3
 1156              		.section	.bss.huart3,"aw",%nobits
 1157              		.align	2
 1160              	huart3:
 1161 0000 00000000 		.space	72
 1161      00000000 
 1161      00000000 
 1161      00000000 
 1161      00000000 
 1162              		.global	huart2
 1163              		.section	.bss.huart2,"aw",%nobits
 1164              		.align	2
 1167              	huart2:
 1168 0000 00000000 		.space	72
 1168      00000000 
 1168      00000000 
 1168      00000000 
 1168      00000000 
 1169              		.global	huart1
 1170              		.section	.bss.huart1,"aw",%nobits
 1171              		.align	2
 1174              	huart1:
 1175 0000 00000000 		.space	72
 1175      00000000 
 1175      00000000 
 1175      00000000 
 1175      00000000 
 1176              		.global	huart5
 1177              		.section	.bss.huart5,"aw",%nobits
 1178              		.align	2
 1181              	huart5:
 1182 0000 00000000 		.space	72
 1182      00000000 
 1182      00000000 
 1182      00000000 
 1182      00000000 
 1183              		.global	huart4
 1184              		.section	.bss.huart4,"aw",%nobits
 1185              		.align	2
 1188              	huart4:
 1189 0000 00000000 		.space	72
 1189      00000000 
 1189      00000000 
 1189      00000000 
 1189      00000000 
 1190              		.text
 1191              	.Letext0:
 1192              		.file 2 "/Applications/ArmGNUToolchain/13.3.rel1/arm-none-eabi/arm-none-eabi/include/machine/_defa
 1193              		.file 3 "/Applications/ArmGNUToolchain/13.3.rel1/arm-none-eabi/arm-none-eabi/include/sys/_stdint.h
 1194              		.file 4 "Drivers/CMSIS/Device/ST/STM32F4xx/Include/stm32f407xx.h"
 1195              		.file 5 "Drivers/STM32F4xx_HAL_Driver/Inc/stm32f4xx_hal_def.h"
 1196              		.file 6 "Drivers/STM32F4xx_HAL_Driver/Inc/stm32f4xx_hal_gpio.h"
 1197              		.file 7 "Drivers/STM32F4xx_HAL_Driver/Inc/stm32f4xx_hal_dma.h"
 1198              		.file 8 "Drivers/STM32F4xx_HAL_Driver/Inc/stm32f4xx_hal_uart.h"
 1199              		.file 9 "Core/Inc/usart.h"
ARM GAS  /var/folders/8x/_y6g3dfs0698dfd49y4vcg_w0000gn/T//ccPMt20O.s 			page 34


 1200              		.file 10 "Core/Inc/main.h"
ARM GAS  /var/folders/8x/_y6g3dfs0698dfd49y4vcg_w0000gn/T//ccPMt20O.s 			page 35


DEFINED SYMBOLS
                            *ABS*:00000000 usart.c
/var/folders/8x/_y6g3dfs0698dfd49y4vcg_w0000gn/T//ccPMt20O.s:21     .text.MX_UART4_Init:00000000 $t
/var/folders/8x/_y6g3dfs0698dfd49y4vcg_w0000gn/T//ccPMt20O.s:27     .text.MX_UART4_Init:00000000 MX_UART4_Init
/var/folders/8x/_y6g3dfs0698dfd49y4vcg_w0000gn/T//ccPMt20O.s:85     .text.MX_UART4_Init:0000002c $d
/var/folders/8x/_y6g3dfs0698dfd49y4vcg_w0000gn/T//ccPMt20O.s:1188   .bss.huart4:00000000 huart4
/var/folders/8x/_y6g3dfs0698dfd49y4vcg_w0000gn/T//ccPMt20O.s:91     .text.MX_UART5_Init:00000000 $t
/var/folders/8x/_y6g3dfs0698dfd49y4vcg_w0000gn/T//ccPMt20O.s:97     .text.MX_UART5_Init:00000000 MX_UART5_Init
/var/folders/8x/_y6g3dfs0698dfd49y4vcg_w0000gn/T//ccPMt20O.s:155    .text.MX_UART5_Init:0000002c $d
/var/folders/8x/_y6g3dfs0698dfd49y4vcg_w0000gn/T//ccPMt20O.s:1181   .bss.huart5:00000000 huart5
/var/folders/8x/_y6g3dfs0698dfd49y4vcg_w0000gn/T//ccPMt20O.s:161    .text.MX_USART1_UART_Init:00000000 $t
/var/folders/8x/_y6g3dfs0698dfd49y4vcg_w0000gn/T//ccPMt20O.s:167    .text.MX_USART1_UART_Init:00000000 MX_USART1_UART_Init
/var/folders/8x/_y6g3dfs0698dfd49y4vcg_w0000gn/T//ccPMt20O.s:225    .text.MX_USART1_UART_Init:0000002c $d
/var/folders/8x/_y6g3dfs0698dfd49y4vcg_w0000gn/T//ccPMt20O.s:1174   .bss.huart1:00000000 huart1
/var/folders/8x/_y6g3dfs0698dfd49y4vcg_w0000gn/T//ccPMt20O.s:231    .text.MX_USART2_UART_Init:00000000 $t
/var/folders/8x/_y6g3dfs0698dfd49y4vcg_w0000gn/T//ccPMt20O.s:237    .text.MX_USART2_UART_Init:00000000 MX_USART2_UART_Init
/var/folders/8x/_y6g3dfs0698dfd49y4vcg_w0000gn/T//ccPMt20O.s:295    .text.MX_USART2_UART_Init:0000002c $d
/var/folders/8x/_y6g3dfs0698dfd49y4vcg_w0000gn/T//ccPMt20O.s:1167   .bss.huart2:00000000 huart2
/var/folders/8x/_y6g3dfs0698dfd49y4vcg_w0000gn/T//ccPMt20O.s:301    .text.MX_USART3_UART_Init:00000000 $t
/var/folders/8x/_y6g3dfs0698dfd49y4vcg_w0000gn/T//ccPMt20O.s:307    .text.MX_USART3_UART_Init:00000000 MX_USART3_UART_Init
/var/folders/8x/_y6g3dfs0698dfd49y4vcg_w0000gn/T//ccPMt20O.s:365    .text.MX_USART3_UART_Init:0000002c $d
/var/folders/8x/_y6g3dfs0698dfd49y4vcg_w0000gn/T//ccPMt20O.s:1160   .bss.huart3:00000000 huart3
/var/folders/8x/_y6g3dfs0698dfd49y4vcg_w0000gn/T//ccPMt20O.s:371    .text.MX_USART6_UART_Init:00000000 $t
/var/folders/8x/_y6g3dfs0698dfd49y4vcg_w0000gn/T//ccPMt20O.s:377    .text.MX_USART6_UART_Init:00000000 MX_USART6_UART_Init
/var/folders/8x/_y6g3dfs0698dfd49y4vcg_w0000gn/T//ccPMt20O.s:435    .text.MX_USART6_UART_Init:0000002c $d
/var/folders/8x/_y6g3dfs0698dfd49y4vcg_w0000gn/T//ccPMt20O.s:1153   .bss.huart6:00000000 huart6
/var/folders/8x/_y6g3dfs0698dfd49y4vcg_w0000gn/T//ccPMt20O.s:441    .text.HAL_UART_MspInit:00000000 $t
/var/folders/8x/_y6g3dfs0698dfd49y4vcg_w0000gn/T//ccPMt20O.s:447    .text.HAL_UART_MspInit:00000000 HAL_UART_MspInit
/var/folders/8x/_y6g3dfs0698dfd49y4vcg_w0000gn/T//ccPMt20O.s:961    .text.HAL_UART_MspInit:00000240 $d
/var/folders/8x/_y6g3dfs0698dfd49y4vcg_w0000gn/T//ccPMt20O.s:976    .text.HAL_UART_MspDeInit:00000000 $t
/var/folders/8x/_y6g3dfs0698dfd49y4vcg_w0000gn/T//ccPMt20O.s:982    .text.HAL_UART_MspDeInit:00000000 HAL_UART_MspDeInit
/var/folders/8x/_y6g3dfs0698dfd49y4vcg_w0000gn/T//ccPMt20O.s:1135   .text.HAL_UART_MspDeInit:000000c8 $d
/var/folders/8x/_y6g3dfs0698dfd49y4vcg_w0000gn/T//ccPMt20O.s:1150   .bss.huart6:00000000 $d
/var/folders/8x/_y6g3dfs0698dfd49y4vcg_w0000gn/T//ccPMt20O.s:1157   .bss.huart3:00000000 $d
/var/folders/8x/_y6g3dfs0698dfd49y4vcg_w0000gn/T//ccPMt20O.s:1164   .bss.huart2:00000000 $d
/var/folders/8x/_y6g3dfs0698dfd49y4vcg_w0000gn/T//ccPMt20O.s:1171   .bss.huart1:00000000 $d
/var/folders/8x/_y6g3dfs0698dfd49y4vcg_w0000gn/T//ccPMt20O.s:1178   .bss.huart5:00000000 $d
/var/folders/8x/_y6g3dfs0698dfd49y4vcg_w0000gn/T//ccPMt20O.s:1185   .bss.huart4:00000000 $d

UNDEFINED SYMBOLS
HAL_UART_Init
Error_Handler
HAL_GPIO_Init
HAL_GPIO_DeInit
