ARM GAS  /var/folders/8x/_y6g3dfs0698dfd49y4vcg_w0000gn/T//ccjbPl1I.s 			page 1


   1              		.cpu cortex-m4
   2              		.arch armv7e-m
   3              		.fpu fpv4-sp-d16
   4              		.eabi_attribute 27, 1
   5              		.eabi_attribute 28, 1
   6              		.eabi_attribute 20, 1
   7              		.eabi_attribute 21, 1
   8              		.eabi_attribute 23, 3
   9              		.eabi_attribute 24, 1
  10              		.eabi_attribute 25, 1
  11              		.eabi_attribute 26, 1
  12              		.eabi_attribute 30, 1
  13              		.eabi_attribute 34, 1
  14              		.eabi_attribute 18, 4
  15              		.file	"usart.c"
  16              		.text
  17              	.Ltext0:
  18              		.cfi_sections	.debug_frame
  19              		.file 1 "Core/Src/usart.c"
  20              		.section	.text.MX_UART4_Init,"ax",%progbits
  21              		.align	1
  22              		.global	MX_UART4_Init
  23              		.syntax unified
  24              		.thumb
  25              		.thumb_func
  27              	MX_UART4_Init:
  28              	.LFB239:
   1:Core/Src/usart.c **** /* USER CODE BEGIN Header */
   2:Core/Src/usart.c **** /**
   3:Core/Src/usart.c ****   ******************************************************************************
   4:Core/Src/usart.c ****   * @file    usart.c
   5:Core/Src/usart.c ****   * @brief   This file provides code for the configuration
   6:Core/Src/usart.c ****   *          of the USART instances.
   7:Core/Src/usart.c ****   ******************************************************************************
   8:Core/Src/usart.c ****   * @attention
   9:Core/Src/usart.c ****   *
  10:Core/Src/usart.c ****   * Copyright (c) 2024 STMicroelectronics.
  11:Core/Src/usart.c ****   * All rights reserved.
  12:Core/Src/usart.c ****   *
  13:Core/Src/usart.c ****   * This software is licensed under terms that can be found in the LICENSE file
  14:Core/Src/usart.c ****   * in the root directory of this software component.
  15:Core/Src/usart.c ****   * If no LICENSE file comes with this software, it is provided AS-IS.
  16:Core/Src/usart.c ****   *
  17:Core/Src/usart.c ****   ******************************************************************************
  18:Core/Src/usart.c ****   */
  19:Core/Src/usart.c **** /* USER CODE END Header */
  20:Core/Src/usart.c **** /* Includes ------------------------------------------------------------------*/
  21:Core/Src/usart.c **** #include "usart.h"
  22:Core/Src/usart.c **** 
  23:Core/Src/usart.c **** /* USER CODE BEGIN 0 */
  24:Core/Src/usart.c **** 
  25:Core/Src/usart.c **** /* USER CODE END 0 */
  26:Core/Src/usart.c **** 
  27:Core/Src/usart.c **** UART_HandleTypeDef huart4;
  28:Core/Src/usart.c **** UART_HandleTypeDef huart5;
  29:Core/Src/usart.c **** UART_HandleTypeDef huart1;
  30:Core/Src/usart.c **** UART_HandleTypeDef huart2;
ARM GAS  /var/folders/8x/_y6g3dfs0698dfd49y4vcg_w0000gn/T//ccjbPl1I.s 			page 2


  31:Core/Src/usart.c **** UART_HandleTypeDef huart3;
  32:Core/Src/usart.c **** UART_HandleTypeDef huart6;
  33:Core/Src/usart.c **** 
  34:Core/Src/usart.c **** /* UART4 init function */
  35:Core/Src/usart.c **** void MX_UART4_Init(void)
  36:Core/Src/usart.c **** {
  29              		.loc 1 36 1 view -0
  30              		.cfi_startproc
  31              		@ args = 0, pretend = 0, frame = 0
  32              		@ frame_needed = 0, uses_anonymous_args = 0
  33 0000 08B5     		push	{r3, lr}
  34              	.LCFI0:
  35              		.cfi_def_cfa_offset 8
  36              		.cfi_offset 3, -8
  37              		.cfi_offset 14, -4
  37:Core/Src/usart.c **** 
  38:Core/Src/usart.c ****   /* USER CODE BEGIN UART4_Init 0 */
  39:Core/Src/usart.c **** 
  40:Core/Src/usart.c ****   /* USER CODE END UART4_Init 0 */
  41:Core/Src/usart.c **** 
  42:Core/Src/usart.c ****   /* USER CODE BEGIN UART4_Init 1 */
  43:Core/Src/usart.c **** 
  44:Core/Src/usart.c ****   /* USER CODE END UART4_Init 1 */
  45:Core/Src/usart.c ****   huart4.Instance = UART4;
  38              		.loc 1 45 3 view .LVU1
  39              		.loc 1 45 19 is_stmt 0 view .LVU2
  40 0002 0A48     		ldr	r0, .L5
  41 0004 0A4B     		ldr	r3, .L5+4
  42 0006 0360     		str	r3, [r0]
  46:Core/Src/usart.c ****   huart4.Init.BaudRate = 115200;
  43              		.loc 1 46 3 is_stmt 1 view .LVU3
  44              		.loc 1 46 24 is_stmt 0 view .LVU4
  45 0008 4FF4E133 		mov	r3, #115200
  46 000c 4360     		str	r3, [r0, #4]
  47:Core/Src/usart.c ****   huart4.Init.WordLength = UART_WORDLENGTH_8B;
  47              		.loc 1 47 3 is_stmt 1 view .LVU5
  48              		.loc 1 47 26 is_stmt 0 view .LVU6
  49 000e 0023     		movs	r3, #0
  50 0010 8360     		str	r3, [r0, #8]
  48:Core/Src/usart.c ****   huart4.Init.StopBits = UART_STOPBITS_1;
  51              		.loc 1 48 3 is_stmt 1 view .LVU7
  52              		.loc 1 48 24 is_stmt 0 view .LVU8
  53 0012 C360     		str	r3, [r0, #12]
  49:Core/Src/usart.c ****   huart4.Init.Parity = UART_PARITY_NONE;
  54              		.loc 1 49 3 is_stmt 1 view .LVU9
  55              		.loc 1 49 22 is_stmt 0 view .LVU10
  56 0014 0361     		str	r3, [r0, #16]
  50:Core/Src/usart.c ****   huart4.Init.Mode = UART_MODE_TX_RX;
  57              		.loc 1 50 3 is_stmt 1 view .LVU11
  58              		.loc 1 50 20 is_stmt 0 view .LVU12
  59 0016 0C22     		movs	r2, #12
  60 0018 4261     		str	r2, [r0, #20]
  51:Core/Src/usart.c ****   huart4.Init.HwFlowCtl = UART_HWCONTROL_NONE;
  61              		.loc 1 51 3 is_stmt 1 view .LVU13
  62              		.loc 1 51 25 is_stmt 0 view .LVU14
  63 001a 8361     		str	r3, [r0, #24]
  52:Core/Src/usart.c ****   huart4.Init.OverSampling = UART_OVERSAMPLING_16;
ARM GAS  /var/folders/8x/_y6g3dfs0698dfd49y4vcg_w0000gn/T//ccjbPl1I.s 			page 3


  64              		.loc 1 52 3 is_stmt 1 view .LVU15
  65              		.loc 1 52 28 is_stmt 0 view .LVU16
  66 001c C361     		str	r3, [r0, #28]
  53:Core/Src/usart.c ****   if (HAL_UART_Init(&huart4) != HAL_OK)
  67              		.loc 1 53 3 is_stmt 1 view .LVU17
  68              		.loc 1 53 7 is_stmt 0 view .LVU18
  69 001e FFF7FEFF 		bl	HAL_UART_Init
  70              	.LVL0:
  71              		.loc 1 53 6 discriminator 1 view .LVU19
  72 0022 00B9     		cbnz	r0, .L4
  73              	.L1:
  54:Core/Src/usart.c ****   {
  55:Core/Src/usart.c ****     Error_Handler();
  56:Core/Src/usart.c ****   }
  57:Core/Src/usart.c ****   /* USER CODE BEGIN UART4_Init 2 */
  58:Core/Src/usart.c **** 
  59:Core/Src/usart.c ****   /* USER CODE END UART4_Init 2 */
  60:Core/Src/usart.c **** 
  61:Core/Src/usart.c **** }
  74              		.loc 1 61 1 view .LVU20
  75 0024 08BD     		pop	{r3, pc}
  76              	.L4:
  55:Core/Src/usart.c ****   }
  77              		.loc 1 55 5 is_stmt 1 view .LVU21
  78 0026 FFF7FEFF 		bl	Error_Handler
  79              	.LVL1:
  80              		.loc 1 61 1 is_stmt 0 view .LVU22
  81 002a FBE7     		b	.L1
  82              	.L6:
  83              		.align	2
  84              	.L5:
  85 002c 00000000 		.word	huart4
  86 0030 004C0040 		.word	1073761280
  87              		.cfi_endproc
  88              	.LFE239:
  90              		.section	.text.MX_UART5_Init,"ax",%progbits
  91              		.align	1
  92              		.global	MX_UART5_Init
  93              		.syntax unified
  94              		.thumb
  95              		.thumb_func
  97              	MX_UART5_Init:
  98              	.LFB240:
  62:Core/Src/usart.c **** /* UART5 init function */
  63:Core/Src/usart.c **** void MX_UART5_Init(void)
  64:Core/Src/usart.c **** {
  99              		.loc 1 64 1 is_stmt 1 view -0
 100              		.cfi_startproc
 101              		@ args = 0, pretend = 0, frame = 0
 102              		@ frame_needed = 0, uses_anonymous_args = 0
 103 0000 08B5     		push	{r3, lr}
 104              	.LCFI1:
 105              		.cfi_def_cfa_offset 8
 106              		.cfi_offset 3, -8
 107              		.cfi_offset 14, -4
  65:Core/Src/usart.c **** 
  66:Core/Src/usart.c ****   /* USER CODE BEGIN UART5_Init 0 */
ARM GAS  /var/folders/8x/_y6g3dfs0698dfd49y4vcg_w0000gn/T//ccjbPl1I.s 			page 4


  67:Core/Src/usart.c **** 
  68:Core/Src/usart.c ****   /* USER CODE END UART5_Init 0 */
  69:Core/Src/usart.c **** 
  70:Core/Src/usart.c ****   /* USER CODE BEGIN UART5_Init 1 */
  71:Core/Src/usart.c **** 
  72:Core/Src/usart.c ****   /* USER CODE END UART5_Init 1 */
  73:Core/Src/usart.c ****   huart5.Instance = UART5;
 108              		.loc 1 73 3 view .LVU24
 109              		.loc 1 73 19 is_stmt 0 view .LVU25
 110 0002 0A48     		ldr	r0, .L11
 111 0004 0A4B     		ldr	r3, .L11+4
 112 0006 0360     		str	r3, [r0]
  74:Core/Src/usart.c ****   huart5.Init.BaudRate = 115200;
 113              		.loc 1 74 3 is_stmt 1 view .LVU26
 114              		.loc 1 74 24 is_stmt 0 view .LVU27
 115 0008 4FF4E133 		mov	r3, #115200
 116 000c 4360     		str	r3, [r0, #4]
  75:Core/Src/usart.c ****   huart5.Init.WordLength = UART_WORDLENGTH_8B;
 117              		.loc 1 75 3 is_stmt 1 view .LVU28
 118              		.loc 1 75 26 is_stmt 0 view .LVU29
 119 000e 0023     		movs	r3, #0
 120 0010 8360     		str	r3, [r0, #8]
  76:Core/Src/usart.c ****   huart5.Init.StopBits = UART_STOPBITS_1;
 121              		.loc 1 76 3 is_stmt 1 view .LVU30
 122              		.loc 1 76 24 is_stmt 0 view .LVU31
 123 0012 C360     		str	r3, [r0, #12]
  77:Core/Src/usart.c ****   huart5.Init.Parity = UART_PARITY_NONE;
 124              		.loc 1 77 3 is_stmt 1 view .LVU32
 125              		.loc 1 77 22 is_stmt 0 view .LVU33
 126 0014 0361     		str	r3, [r0, #16]
  78:Core/Src/usart.c ****   huart5.Init.Mode = UART_MODE_TX_RX;
 127              		.loc 1 78 3 is_stmt 1 view .LVU34
 128              		.loc 1 78 20 is_stmt 0 view .LVU35
 129 0016 0C22     		movs	r2, #12
 130 0018 4261     		str	r2, [r0, #20]
  79:Core/Src/usart.c ****   huart5.Init.HwFlowCtl = UART_HWCONTROL_NONE;
 131              		.loc 1 79 3 is_stmt 1 view .LVU36
 132              		.loc 1 79 25 is_stmt 0 view .LVU37
 133 001a 8361     		str	r3, [r0, #24]
  80:Core/Src/usart.c ****   huart5.Init.OverSampling = UART_OVERSAMPLING_16;
 134              		.loc 1 80 3 is_stmt 1 view .LVU38
 135              		.loc 1 80 28 is_stmt 0 view .LVU39
 136 001c C361     		str	r3, [r0, #28]
  81:Core/Src/usart.c ****   if (HAL_UART_Init(&huart5) != HAL_OK)
 137              		.loc 1 81 3 is_stmt 1 view .LVU40
 138              		.loc 1 81 7 is_stmt 0 view .LVU41
 139 001e FFF7FEFF 		bl	HAL_UART_Init
 140              	.LVL2:
 141              		.loc 1 81 6 discriminator 1 view .LVU42
 142 0022 00B9     		cbnz	r0, .L10
 143              	.L7:
  82:Core/Src/usart.c ****   {
  83:Core/Src/usart.c ****     Error_Handler();
  84:Core/Src/usart.c ****   }
  85:Core/Src/usart.c ****   /* USER CODE BEGIN UART5_Init 2 */
  86:Core/Src/usart.c **** 
  87:Core/Src/usart.c ****   /* USER CODE END UART5_Init 2 */
ARM GAS  /var/folders/8x/_y6g3dfs0698dfd49y4vcg_w0000gn/T//ccjbPl1I.s 			page 5


  88:Core/Src/usart.c **** 
  89:Core/Src/usart.c **** }
 144              		.loc 1 89 1 view .LVU43
 145 0024 08BD     		pop	{r3, pc}
 146              	.L10:
  83:Core/Src/usart.c ****   }
 147              		.loc 1 83 5 is_stmt 1 view .LVU44
 148 0026 FFF7FEFF 		bl	Error_Handler
 149              	.LVL3:
 150              		.loc 1 89 1 is_stmt 0 view .LVU45
 151 002a FBE7     		b	.L7
 152              	.L12:
 153              		.align	2
 154              	.L11:
 155 002c 00000000 		.word	huart5
 156 0030 00500040 		.word	1073762304
 157              		.cfi_endproc
 158              	.LFE240:
 160              		.section	.text.MX_USART1_UART_Init,"ax",%progbits
 161              		.align	1
 162              		.global	MX_USART1_UART_Init
 163              		.syntax unified
 164              		.thumb
 165              		.thumb_func
 167              	MX_USART1_UART_Init:
 168              	.LFB241:
  90:Core/Src/usart.c **** /* USART1 init function */
  91:Core/Src/usart.c **** 
  92:Core/Src/usart.c **** void MX_USART1_UART_Init(void)
  93:Core/Src/usart.c **** {
 169              		.loc 1 93 1 is_stmt 1 view -0
 170              		.cfi_startproc
 171              		@ args = 0, pretend = 0, frame = 0
 172              		@ frame_needed = 0, uses_anonymous_args = 0
 173 0000 08B5     		push	{r3, lr}
 174              	.LCFI2:
 175              		.cfi_def_cfa_offset 8
 176              		.cfi_offset 3, -8
 177              		.cfi_offset 14, -4
  94:Core/Src/usart.c **** 
  95:Core/Src/usart.c ****   /* USER CODE BEGIN USART1_Init 0 */
  96:Core/Src/usart.c **** 
  97:Core/Src/usart.c ****   /* USER CODE END USART1_Init 0 */
  98:Core/Src/usart.c **** 
  99:Core/Src/usart.c ****   /* USER CODE BEGIN USART1_Init 1 */
 100:Core/Src/usart.c **** 
 101:Core/Src/usart.c ****   /* USER CODE END USART1_Init 1 */
 102:Core/Src/usart.c ****   huart1.Instance = USART1;
 178              		.loc 1 102 3 view .LVU47
 179              		.loc 1 102 19 is_stmt 0 view .LVU48
 180 0002 0A48     		ldr	r0, .L17
 181 0004 0A4B     		ldr	r3, .L17+4
 182 0006 0360     		str	r3, [r0]
 103:Core/Src/usart.c ****   huart1.Init.BaudRate = 115200;
 183              		.loc 1 103 3 is_stmt 1 view .LVU49
 184              		.loc 1 103 24 is_stmt 0 view .LVU50
 185 0008 4FF4E133 		mov	r3, #115200
ARM GAS  /var/folders/8x/_y6g3dfs0698dfd49y4vcg_w0000gn/T//ccjbPl1I.s 			page 6


 186 000c 4360     		str	r3, [r0, #4]
 104:Core/Src/usart.c ****   huart1.Init.WordLength = UART_WORDLENGTH_8B;
 187              		.loc 1 104 3 is_stmt 1 view .LVU51
 188              		.loc 1 104 26 is_stmt 0 view .LVU52
 189 000e 0023     		movs	r3, #0
 190 0010 8360     		str	r3, [r0, #8]
 105:Core/Src/usart.c ****   huart1.Init.StopBits = UART_STOPBITS_1;
 191              		.loc 1 105 3 is_stmt 1 view .LVU53
 192              		.loc 1 105 24 is_stmt 0 view .LVU54
 193 0012 C360     		str	r3, [r0, #12]
 106:Core/Src/usart.c ****   huart1.Init.Parity = UART_PARITY_NONE;
 194              		.loc 1 106 3 is_stmt 1 view .LVU55
 195              		.loc 1 106 22 is_stmt 0 view .LVU56
 196 0014 0361     		str	r3, [r0, #16]
 107:Core/Src/usart.c ****   huart1.Init.Mode = UART_MODE_TX_RX;
 197              		.loc 1 107 3 is_stmt 1 view .LVU57
 198              		.loc 1 107 20 is_stmt 0 view .LVU58
 199 0016 0C22     		movs	r2, #12
 200 0018 4261     		str	r2, [r0, #20]
 108:Core/Src/usart.c ****   huart1.Init.HwFlowCtl = UART_HWCONTROL_NONE;
 201              		.loc 1 108 3 is_stmt 1 view .LVU59
 202              		.loc 1 108 25 is_stmt 0 view .LVU60
 203 001a 8361     		str	r3, [r0, #24]
 109:Core/Src/usart.c ****   huart1.Init.OverSampling = UART_OVERSAMPLING_16;
 204              		.loc 1 109 3 is_stmt 1 view .LVU61
 205              		.loc 1 109 28 is_stmt 0 view .LVU62
 206 001c C361     		str	r3, [r0, #28]
 110:Core/Src/usart.c ****   if (HAL_UART_Init(&huart1) != HAL_OK)
 207              		.loc 1 110 3 is_stmt 1 view .LVU63
 208              		.loc 1 110 7 is_stmt 0 view .LVU64
 209 001e FFF7FEFF 		bl	HAL_UART_Init
 210              	.LVL4:
 211              		.loc 1 110 6 discriminator 1 view .LVU65
 212 0022 00B9     		cbnz	r0, .L16
 213              	.L13:
 111:Core/Src/usart.c ****   {
 112:Core/Src/usart.c ****     Error_Handler();
 113:Core/Src/usart.c ****   }
 114:Core/Src/usart.c ****   /* USER CODE BEGIN USART1_Init 2 */
 115:Core/Src/usart.c **** 
 116:Core/Src/usart.c ****   /* USER CODE END USART1_Init 2 */
 117:Core/Src/usart.c **** 
 118:Core/Src/usart.c **** }
 214              		.loc 1 118 1 view .LVU66
 215 0024 08BD     		pop	{r3, pc}
 216              	.L16:
 112:Core/Src/usart.c ****   }
 217              		.loc 1 112 5 is_stmt 1 view .LVU67
 218 0026 FFF7FEFF 		bl	Error_Handler
 219              	.LVL5:
 220              		.loc 1 118 1 is_stmt 0 view .LVU68
 221 002a FBE7     		b	.L13
 222              	.L18:
 223              		.align	2
 224              	.L17:
 225 002c 00000000 		.word	huart1
 226 0030 00100140 		.word	1073811456
ARM GAS  /var/folders/8x/_y6g3dfs0698dfd49y4vcg_w0000gn/T//ccjbPl1I.s 			page 7


 227              		.cfi_endproc
 228              	.LFE241:
 230              		.section	.text.MX_USART2_UART_Init,"ax",%progbits
 231              		.align	1
 232              		.global	MX_USART2_UART_Init
 233              		.syntax unified
 234              		.thumb
 235              		.thumb_func
 237              	MX_USART2_UART_Init:
 238              	.LFB242:
 119:Core/Src/usart.c **** /* USART2 init function */
 120:Core/Src/usart.c **** 
 121:Core/Src/usart.c **** void MX_USART2_UART_Init(void)
 122:Core/Src/usart.c **** {
 239              		.loc 1 122 1 is_stmt 1 view -0
 240              		.cfi_startproc
 241              		@ args = 0, pretend = 0, frame = 0
 242              		@ frame_needed = 0, uses_anonymous_args = 0
 243 0000 08B5     		push	{r3, lr}
 244              	.LCFI3:
 245              		.cfi_def_cfa_offset 8
 246              		.cfi_offset 3, -8
 247              		.cfi_offset 14, -4
 123:Core/Src/usart.c **** 
 124:Core/Src/usart.c ****   /* USER CODE BEGIN USART2_Init 0 */
 125:Core/Src/usart.c **** 
 126:Core/Src/usart.c ****   /* USER CODE END USART2_Init 0 */
 127:Core/Src/usart.c **** 
 128:Core/Src/usart.c ****   /* USER CODE BEGIN USART2_Init 1 */
 129:Core/Src/usart.c **** 
 130:Core/Src/usart.c ****   /* USER CODE END USART2_Init 1 */
 131:Core/Src/usart.c ****   huart2.Instance = USART2;
 248              		.loc 1 131 3 view .LVU70
 249              		.loc 1 131 19 is_stmt 0 view .LVU71
 250 0002 0A48     		ldr	r0, .L23
 251 0004 0A4B     		ldr	r3, .L23+4
 252 0006 0360     		str	r3, [r0]
 132:Core/Src/usart.c ****   huart2.Init.BaudRate = 115200;
 253              		.loc 1 132 3 is_stmt 1 view .LVU72
 254              		.loc 1 132 24 is_stmt 0 view .LVU73
 255 0008 4FF4E133 		mov	r3, #115200
 256 000c 4360     		str	r3, [r0, #4]
 133:Core/Src/usart.c ****   huart2.Init.WordLength = UART_WORDLENGTH_8B;
 257              		.loc 1 133 3 is_stmt 1 view .LVU74
 258              		.loc 1 133 26 is_stmt 0 view .LVU75
 259 000e 0023     		movs	r3, #0
 260 0010 8360     		str	r3, [r0, #8]
 134:Core/Src/usart.c ****   huart2.Init.StopBits = UART_STOPBITS_1;
 261              		.loc 1 134 3 is_stmt 1 view .LVU76
 262              		.loc 1 134 24 is_stmt 0 view .LVU77
 263 0012 C360     		str	r3, [r0, #12]
 135:Core/Src/usart.c ****   huart2.Init.Parity = UART_PARITY_NONE;
 264              		.loc 1 135 3 is_stmt 1 view .LVU78
 265              		.loc 1 135 22 is_stmt 0 view .LVU79
 266 0014 0361     		str	r3, [r0, #16]
 136:Core/Src/usart.c ****   huart2.Init.Mode = UART_MODE_TX_RX;
 267              		.loc 1 136 3 is_stmt 1 view .LVU80
ARM GAS  /var/folders/8x/_y6g3dfs0698dfd49y4vcg_w0000gn/T//ccjbPl1I.s 			page 8


 268              		.loc 1 136 20 is_stmt 0 view .LVU81
 269 0016 0C22     		movs	r2, #12
 270 0018 4261     		str	r2, [r0, #20]
 137:Core/Src/usart.c ****   huart2.Init.HwFlowCtl = UART_HWCONTROL_NONE;
 271              		.loc 1 137 3 is_stmt 1 view .LVU82
 272              		.loc 1 137 25 is_stmt 0 view .LVU83
 273 001a 8361     		str	r3, [r0, #24]
 138:Core/Src/usart.c ****   huart2.Init.OverSampling = UART_OVERSAMPLING_16;
 274              		.loc 1 138 3 is_stmt 1 view .LVU84
 275              		.loc 1 138 28 is_stmt 0 view .LVU85
 276 001c C361     		str	r3, [r0, #28]
 139:Core/Src/usart.c ****   if (HAL_UART_Init(&huart2) != HAL_OK)
 277              		.loc 1 139 3 is_stmt 1 view .LVU86
 278              		.loc 1 139 7 is_stmt 0 view .LVU87
 279 001e FFF7FEFF 		bl	HAL_UART_Init
 280              	.LVL6:
 281              		.loc 1 139 6 discriminator 1 view .LVU88
 282 0022 00B9     		cbnz	r0, .L22
 283              	.L19:
 140:Core/Src/usart.c ****   {
 141:Core/Src/usart.c ****     Error_Handler();
 142:Core/Src/usart.c ****   }
 143:Core/Src/usart.c ****   /* USER CODE BEGIN USART2_Init 2 */
 144:Core/Src/usart.c **** 
 145:Core/Src/usart.c ****   /* USER CODE END USART2_Init 2 */
 146:Core/Src/usart.c **** 
 147:Core/Src/usart.c **** }
 284              		.loc 1 147 1 view .LVU89
 285 0024 08BD     		pop	{r3, pc}
 286              	.L22:
 141:Core/Src/usart.c ****   }
 287              		.loc 1 141 5 is_stmt 1 view .LVU90
 288 0026 FFF7FEFF 		bl	Error_Handler
 289              	.LVL7:
 290              		.loc 1 147 1 is_stmt 0 view .LVU91
 291 002a FBE7     		b	.L19
 292              	.L24:
 293              		.align	2
 294              	.L23:
 295 002c 00000000 		.word	huart2
 296 0030 00440040 		.word	1073759232
 297              		.cfi_endproc
 298              	.LFE242:
 300              		.section	.text.MX_USART3_UART_Init,"ax",%progbits
 301              		.align	1
 302              		.global	MX_USART3_UART_Init
 303              		.syntax unified
 304              		.thumb
 305              		.thumb_func
 307              	MX_USART3_UART_Init:
 308              	.LFB243:
 148:Core/Src/usart.c **** /* USART3 init function */
 149:Core/Src/usart.c **** 
 150:Core/Src/usart.c **** void MX_USART3_UART_Init(void)
 151:Core/Src/usart.c **** {
 309              		.loc 1 151 1 is_stmt 1 view -0
 310              		.cfi_startproc
ARM GAS  /var/folders/8x/_y6g3dfs0698dfd49y4vcg_w0000gn/T//ccjbPl1I.s 			page 9


 311              		@ args = 0, pretend = 0, frame = 0
 312              		@ frame_needed = 0, uses_anonymous_args = 0
 313 0000 08B5     		push	{r3, lr}
 314              	.LCFI4:
 315              		.cfi_def_cfa_offset 8
 316              		.cfi_offset 3, -8
 317              		.cfi_offset 14, -4
 152:Core/Src/usart.c **** 
 153:Core/Src/usart.c ****   /* USER CODE BEGIN USART3_Init 0 */
 154:Core/Src/usart.c **** 
 155:Core/Src/usart.c ****   /* USER CODE END USART3_Init 0 */
 156:Core/Src/usart.c **** 
 157:Core/Src/usart.c ****   /* USER CODE BEGIN USART3_Init 1 */
 158:Core/Src/usart.c **** 
 159:Core/Src/usart.c ****   /* USER CODE END USART3_Init 1 */
 160:Core/Src/usart.c ****   huart3.Instance = USART3;
 318              		.loc 1 160 3 view .LVU93
 319              		.loc 1 160 19 is_stmt 0 view .LVU94
 320 0002 0A48     		ldr	r0, .L29
 321 0004 0A4B     		ldr	r3, .L29+4
 322 0006 0360     		str	r3, [r0]
 161:Core/Src/usart.c ****   huart3.Init.BaudRate = 115200;
 323              		.loc 1 161 3 is_stmt 1 view .LVU95
 324              		.loc 1 161 24 is_stmt 0 view .LVU96
 325 0008 4FF4E133 		mov	r3, #115200
 326 000c 4360     		str	r3, [r0, #4]
 162:Core/Src/usart.c ****   huart3.Init.WordLength = UART_WORDLENGTH_8B;
 327              		.loc 1 162 3 is_stmt 1 view .LVU97
 328              		.loc 1 162 26 is_stmt 0 view .LVU98
 329 000e 0023     		movs	r3, #0
 330 0010 8360     		str	r3, [r0, #8]
 163:Core/Src/usart.c ****   huart3.Init.StopBits = UART_STOPBITS_1;
 331              		.loc 1 163 3 is_stmt 1 view .LVU99
 332              		.loc 1 163 24 is_stmt 0 view .LVU100
 333 0012 C360     		str	r3, [r0, #12]
 164:Core/Src/usart.c ****   huart3.Init.Parity = UART_PARITY_NONE;
 334              		.loc 1 164 3 is_stmt 1 view .LVU101
 335              		.loc 1 164 22 is_stmt 0 view .LVU102
 336 0014 0361     		str	r3, [r0, #16]
 165:Core/Src/usart.c ****   huart3.Init.Mode = UART_MODE_TX_RX;
 337              		.loc 1 165 3 is_stmt 1 view .LVU103
 338              		.loc 1 165 20 is_stmt 0 view .LVU104
 339 0016 0C22     		movs	r2, #12
 340 0018 4261     		str	r2, [r0, #20]
 166:Core/Src/usart.c ****   huart3.Init.HwFlowCtl = UART_HWCONTROL_NONE;
 341              		.loc 1 166 3 is_stmt 1 view .LVU105
 342              		.loc 1 166 25 is_stmt 0 view .LVU106
 343 001a 8361     		str	r3, [r0, #24]
 167:Core/Src/usart.c ****   huart3.Init.OverSampling = UART_OVERSAMPLING_16;
 344              		.loc 1 167 3 is_stmt 1 view .LVU107
 345              		.loc 1 167 28 is_stmt 0 view .LVU108
 346 001c C361     		str	r3, [r0, #28]
 168:Core/Src/usart.c ****   if (HAL_UART_Init(&huart3) != HAL_OK)
 347              		.loc 1 168 3 is_stmt 1 view .LVU109
 348              		.loc 1 168 7 is_stmt 0 view .LVU110
 349 001e FFF7FEFF 		bl	HAL_UART_Init
 350              	.LVL8:
ARM GAS  /var/folders/8x/_y6g3dfs0698dfd49y4vcg_w0000gn/T//ccjbPl1I.s 			page 10


 351              		.loc 1 168 6 discriminator 1 view .LVU111
 352 0022 00B9     		cbnz	r0, .L28
 353              	.L25:
 169:Core/Src/usart.c ****   {
 170:Core/Src/usart.c ****     Error_Handler();
 171:Core/Src/usart.c ****   }
 172:Core/Src/usart.c ****   /* USER CODE BEGIN USART3_Init 2 */
 173:Core/Src/usart.c **** 
 174:Core/Src/usart.c ****   /* USER CODE END USART3_Init 2 */
 175:Core/Src/usart.c **** 
 176:Core/Src/usart.c **** }
 354              		.loc 1 176 1 view .LVU112
 355 0024 08BD     		pop	{r3, pc}
 356              	.L28:
 170:Core/Src/usart.c ****   }
 357              		.loc 1 170 5 is_stmt 1 view .LVU113
 358 0026 FFF7FEFF 		bl	Error_Handler
 359              	.LVL9:
 360              		.loc 1 176 1 is_stmt 0 view .LVU114
 361 002a FBE7     		b	.L25
 362              	.L30:
 363              		.align	2
 364              	.L29:
 365 002c 00000000 		.word	huart3
 366 0030 00480040 		.word	1073760256
 367              		.cfi_endproc
 368              	.LFE243:
 370              		.section	.text.MX_USART6_UART_Init,"ax",%progbits
 371              		.align	1
 372              		.global	MX_USART6_UART_Init
 373              		.syntax unified
 374              		.thumb
 375              		.thumb_func
 377              	MX_USART6_UART_Init:
 378              	.LFB244:
 177:Core/Src/usart.c **** /* USART6 init function */
 178:Core/Src/usart.c **** 
 179:Core/Src/usart.c **** void MX_USART6_UART_Init(void)
 180:Core/Src/usart.c **** {
 379              		.loc 1 180 1 is_stmt 1 view -0
 380              		.cfi_startproc
 381              		@ args = 0, pretend = 0, frame = 0
 382              		@ frame_needed = 0, uses_anonymous_args = 0
 383 0000 08B5     		push	{r3, lr}
 384              	.LCFI5:
 385              		.cfi_def_cfa_offset 8
 386              		.cfi_offset 3, -8
 387              		.cfi_offset 14, -4
 181:Core/Src/usart.c **** 
 182:Core/Src/usart.c ****   /* USER CODE BEGIN USART6_Init 0 */
 183:Core/Src/usart.c **** 
 184:Core/Src/usart.c ****   /* USER CODE END USART6_Init 0 */
 185:Core/Src/usart.c **** 
 186:Core/Src/usart.c ****   /* USER CODE BEGIN USART6_Init 1 */
 187:Core/Src/usart.c **** 
 188:Core/Src/usart.c ****   /* USER CODE END USART6_Init 1 */
 189:Core/Src/usart.c ****   huart6.Instance = USART6;
ARM GAS  /var/folders/8x/_y6g3dfs0698dfd49y4vcg_w0000gn/T//ccjbPl1I.s 			page 11


 388              		.loc 1 189 3 view .LVU116
 389              		.loc 1 189 19 is_stmt 0 view .LVU117
 390 0002 0A48     		ldr	r0, .L35
 391 0004 0A4B     		ldr	r3, .L35+4
 392 0006 0360     		str	r3, [r0]
 190:Core/Src/usart.c ****   huart6.Init.BaudRate = 115200;
 393              		.loc 1 190 3 is_stmt 1 view .LVU118
 394              		.loc 1 190 24 is_stmt 0 view .LVU119
 395 0008 4FF4E133 		mov	r3, #115200
 396 000c 4360     		str	r3, [r0, #4]
 191:Core/Src/usart.c ****   huart6.Init.WordLength = UART_WORDLENGTH_8B;
 397              		.loc 1 191 3 is_stmt 1 view .LVU120
 398              		.loc 1 191 26 is_stmt 0 view .LVU121
 399 000e 0023     		movs	r3, #0
 400 0010 8360     		str	r3, [r0, #8]
 192:Core/Src/usart.c ****   huart6.Init.StopBits = UART_STOPBITS_1;
 401              		.loc 1 192 3 is_stmt 1 view .LVU122
 402              		.loc 1 192 24 is_stmt 0 view .LVU123
 403 0012 C360     		str	r3, [r0, #12]
 193:Core/Src/usart.c ****   huart6.Init.Parity = UART_PARITY_NONE;
 404              		.loc 1 193 3 is_stmt 1 view .LVU124
 405              		.loc 1 193 22 is_stmt 0 view .LVU125
 406 0014 0361     		str	r3, [r0, #16]
 194:Core/Src/usart.c ****   huart6.Init.Mode = UART_MODE_TX_RX;
 407              		.loc 1 194 3 is_stmt 1 view .LVU126
 408              		.loc 1 194 20 is_stmt 0 view .LVU127
 409 0016 0C22     		movs	r2, #12
 410 0018 4261     		str	r2, [r0, #20]
 195:Core/Src/usart.c ****   huart6.Init.HwFlowCtl = UART_HWCONTROL_NONE;
 411              		.loc 1 195 3 is_stmt 1 view .LVU128
 412              		.loc 1 195 25 is_stmt 0 view .LVU129
 413 001a 8361     		str	r3, [r0, #24]
 196:Core/Src/usart.c ****   huart6.Init.OverSampling = UART_OVERSAMPLING_16;
 414              		.loc 1 196 3 is_stmt 1 view .LVU130
 415              		.loc 1 196 28 is_stmt 0 view .LVU131
 416 001c C361     		str	r3, [r0, #28]
 197:Core/Src/usart.c ****   if (HAL_UART_Init(&huart6) != HAL_OK)
 417              		.loc 1 197 3 is_stmt 1 view .LVU132
 418              		.loc 1 197 7 is_stmt 0 view .LVU133
 419 001e FFF7FEFF 		bl	HAL_UART_Init
 420              	.LVL10:
 421              		.loc 1 197 6 discriminator 1 view .LVU134
 422 0022 00B9     		cbnz	r0, .L34
 423              	.L31:
 198:Core/Src/usart.c ****   {
 199:Core/Src/usart.c ****     Error_Handler();
 200:Core/Src/usart.c ****   }
 201:Core/Src/usart.c ****   /* USER CODE BEGIN USART6_Init 2 */
 202:Core/Src/usart.c **** 
 203:Core/Src/usart.c ****   /* USER CODE END USART6_Init 2 */
 204:Core/Src/usart.c **** 
 205:Core/Src/usart.c **** }
 424              		.loc 1 205 1 view .LVU135
 425 0024 08BD     		pop	{r3, pc}
 426              	.L34:
 199:Core/Src/usart.c ****   }
 427              		.loc 1 199 5 is_stmt 1 view .LVU136
ARM GAS  /var/folders/8x/_y6g3dfs0698dfd49y4vcg_w0000gn/T//ccjbPl1I.s 			page 12


 428 0026 FFF7FEFF 		bl	Error_Handler
 429              	.LVL11:
 430              		.loc 1 205 1 is_stmt 0 view .LVU137
 431 002a FBE7     		b	.L31
 432              	.L36:
 433              		.align	2
 434              	.L35:
 435 002c 00000000 		.word	huart6
 436 0030 00140140 		.word	1073812480
 437              		.cfi_endproc
 438              	.LFE244:
 440              		.section	.text.HAL_UART_MspInit,"ax",%progbits
 441              		.align	1
 442              		.global	HAL_UART_MspInit
 443              		.syntax unified
 444              		.thumb
 445              		.thumb_func
 447              	HAL_UART_MspInit:
 448              	.LVL12:
 449              	.LFB245:
 206:Core/Src/usart.c **** 
 207:Core/Src/usart.c **** void HAL_UART_MspInit(UART_HandleTypeDef* uartHandle)
 208:Core/Src/usart.c **** {
 450              		.loc 1 208 1 is_stmt 1 view -0
 451              		.cfi_startproc
 452              		@ args = 0, pretend = 0, frame = 80
 453              		@ frame_needed = 0, uses_anonymous_args = 0
 454              		.loc 1 208 1 is_stmt 0 view .LVU139
 455 0000 F0B5     		push	{r4, r5, r6, r7, lr}
 456              	.LCFI6:
 457              		.cfi_def_cfa_offset 20
 458              		.cfi_offset 4, -20
 459              		.cfi_offset 5, -16
 460              		.cfi_offset 6, -12
 461              		.cfi_offset 7, -8
 462              		.cfi_offset 14, -4
 463 0002 95B0     		sub	sp, sp, #84
 464              	.LCFI7:
 465              		.cfi_def_cfa_offset 104
 209:Core/Src/usart.c **** 
 210:Core/Src/usart.c ****   GPIO_InitTypeDef GPIO_InitStruct = {0};
 466              		.loc 1 210 3 is_stmt 1 view .LVU140
 467              		.loc 1 210 20 is_stmt 0 view .LVU141
 468 0004 0023     		movs	r3, #0
 469 0006 0F93     		str	r3, [sp, #60]
 470 0008 1093     		str	r3, [sp, #64]
 471 000a 1193     		str	r3, [sp, #68]
 472 000c 1293     		str	r3, [sp, #72]
 473 000e 1393     		str	r3, [sp, #76]
 211:Core/Src/usart.c ****   if(uartHandle->Instance==UART4)
 474              		.loc 1 211 3 is_stmt 1 view .LVU142
 475              		.loc 1 211 16 is_stmt 0 view .LVU143
 476 0010 0368     		ldr	r3, [r0]
 477              		.loc 1 211 5 view .LVU144
 478 0012 954A     		ldr	r2, .L51
 479 0014 9342     		cmp	r3, r2
 480 0016 13D0     		beq	.L45
ARM GAS  /var/folders/8x/_y6g3dfs0698dfd49y4vcg_w0000gn/T//ccjbPl1I.s 			page 13


 212:Core/Src/usart.c ****   {
 213:Core/Src/usart.c ****   /* USER CODE BEGIN UART4_MspInit 0 */
 214:Core/Src/usart.c **** 
 215:Core/Src/usart.c ****   /* USER CODE END UART4_MspInit 0 */
 216:Core/Src/usart.c ****     /* UART4 clock enable */
 217:Core/Src/usart.c ****     __HAL_RCC_UART4_CLK_ENABLE();
 218:Core/Src/usart.c **** 
 219:Core/Src/usart.c ****     __HAL_RCC_GPIOC_CLK_ENABLE();
 220:Core/Src/usart.c ****     /**UART4 GPIO Configuration
 221:Core/Src/usart.c ****     PC10     ------> UART4_TX
 222:Core/Src/usart.c ****     PC11     ------> UART4_RX
 223:Core/Src/usart.c ****     */
 224:Core/Src/usart.c ****     GPIO_InitStruct.Pin = GPIO_PIN_10|GPIO_PIN_11;
 225:Core/Src/usart.c ****     GPIO_InitStruct.Mode = GPIO_MODE_AF_PP;
 226:Core/Src/usart.c ****     GPIO_InitStruct.Pull = GPIO_NOPULL;
 227:Core/Src/usart.c ****     GPIO_InitStruct.Speed = GPIO_SPEED_FREQ_VERY_HIGH;
 228:Core/Src/usart.c ****     GPIO_InitStruct.Alternate = GPIO_AF8_UART4;
 229:Core/Src/usart.c ****     HAL_GPIO_Init(GPIOC, &GPIO_InitStruct);
 230:Core/Src/usart.c **** 
 231:Core/Src/usart.c ****   /* USER CODE BEGIN UART4_MspInit 1 */
 232:Core/Src/usart.c **** 
 233:Core/Src/usart.c ****   /* USER CODE END UART4_MspInit 1 */
 234:Core/Src/usart.c ****   }
 235:Core/Src/usart.c ****   else if(uartHandle->Instance==UART5)
 481              		.loc 1 235 8 is_stmt 1 view .LVU145
 482              		.loc 1 235 10 is_stmt 0 view .LVU146
 483 0018 944A     		ldr	r2, .L51+4
 484 001a 9342     		cmp	r3, r2
 485 001c 34D0     		beq	.L46
 236:Core/Src/usart.c ****   {
 237:Core/Src/usart.c ****   /* USER CODE BEGIN UART5_MspInit 0 */
 238:Core/Src/usart.c **** 
 239:Core/Src/usart.c ****   /* USER CODE END UART5_MspInit 0 */
 240:Core/Src/usart.c ****     /* UART5 clock enable */
 241:Core/Src/usart.c ****     __HAL_RCC_UART5_CLK_ENABLE();
 242:Core/Src/usart.c **** 
 243:Core/Src/usart.c ****     __HAL_RCC_GPIOC_CLK_ENABLE();
 244:Core/Src/usart.c ****     __HAL_RCC_GPIOD_CLK_ENABLE();
 245:Core/Src/usart.c ****     /**UART5 GPIO Configuration
 246:Core/Src/usart.c ****     PC12     ------> UART5_TX
 247:Core/Src/usart.c ****     PD2     ------> UART5_RX
 248:Core/Src/usart.c ****     */
 249:Core/Src/usart.c ****     GPIO_InitStruct.Pin = GPIO_PIN_12;
 250:Core/Src/usart.c ****     GPIO_InitStruct.Mode = GPIO_MODE_AF_PP;
 251:Core/Src/usart.c ****     GPIO_InitStruct.Pull = GPIO_NOPULL;
 252:Core/Src/usart.c ****     GPIO_InitStruct.Speed = GPIO_SPEED_FREQ_VERY_HIGH;
 253:Core/Src/usart.c ****     GPIO_InitStruct.Alternate = GPIO_AF8_UART5;
 254:Core/Src/usart.c ****     HAL_GPIO_Init(GPIOC, &GPIO_InitStruct);
 255:Core/Src/usart.c **** 
 256:Core/Src/usart.c ****     GPIO_InitStruct.Pin = GPIO_PIN_2;
 257:Core/Src/usart.c ****     GPIO_InitStruct.Mode = GPIO_MODE_AF_PP;
 258:Core/Src/usart.c ****     GPIO_InitStruct.Pull = GPIO_NOPULL;
 259:Core/Src/usart.c ****     GPIO_InitStruct.Speed = GPIO_SPEED_FREQ_VERY_HIGH;
 260:Core/Src/usart.c ****     GPIO_InitStruct.Alternate = GPIO_AF8_UART5;
 261:Core/Src/usart.c ****     HAL_GPIO_Init(GPIOD, &GPIO_InitStruct);
 262:Core/Src/usart.c **** 
 263:Core/Src/usart.c ****   /* USER CODE BEGIN UART5_MspInit 1 */
ARM GAS  /var/folders/8x/_y6g3dfs0698dfd49y4vcg_w0000gn/T//ccjbPl1I.s 			page 14


 264:Core/Src/usart.c **** 
 265:Core/Src/usart.c ****   /* USER CODE END UART5_MspInit 1 */
 266:Core/Src/usart.c ****   }
 267:Core/Src/usart.c ****   else if(uartHandle->Instance==USART1)
 486              		.loc 1 267 8 is_stmt 1 view .LVU147
 487              		.loc 1 267 10 is_stmt 0 view .LVU148
 488 001e 944A     		ldr	r2, .L51+8
 489 0020 9342     		cmp	r3, r2
 490 0022 69D0     		beq	.L47
 268:Core/Src/usart.c ****   {
 269:Core/Src/usart.c ****   /* USER CODE BEGIN USART1_MspInit 0 */
 270:Core/Src/usart.c **** 
 271:Core/Src/usart.c ****   /* USER CODE END USART1_MspInit 0 */
 272:Core/Src/usart.c ****     /* USART1 clock enable */
 273:Core/Src/usart.c ****     __HAL_RCC_USART1_CLK_ENABLE();
 274:Core/Src/usart.c **** 
 275:Core/Src/usart.c ****     __HAL_RCC_GPIOA_CLK_ENABLE();
 276:Core/Src/usart.c ****     __HAL_RCC_GPIOB_CLK_ENABLE();
 277:Core/Src/usart.c ****     /**USART1 GPIO Configuration
 278:Core/Src/usart.c ****     PA10     ------> USART1_RX
 279:Core/Src/usart.c ****     PB6     ------> USART1_TX
 280:Core/Src/usart.c ****     */
 281:Core/Src/usart.c ****     GPIO_InitStruct.Pin = GPIO_PIN_10;
 282:Core/Src/usart.c ****     GPIO_InitStruct.Mode = GPIO_MODE_AF_PP;
 283:Core/Src/usart.c ****     GPIO_InitStruct.Pull = GPIO_NOPULL;
 284:Core/Src/usart.c ****     GPIO_InitStruct.Speed = GPIO_SPEED_FREQ_VERY_HIGH;
 285:Core/Src/usart.c ****     GPIO_InitStruct.Alternate = GPIO_AF7_USART1;
 286:Core/Src/usart.c ****     HAL_GPIO_Init(GPIOA, &GPIO_InitStruct);
 287:Core/Src/usart.c **** 
 288:Core/Src/usart.c ****     GPIO_InitStruct.Pin = GPIO_PIN_6;
 289:Core/Src/usart.c ****     GPIO_InitStruct.Mode = GPIO_MODE_AF_PP;
 290:Core/Src/usart.c ****     GPIO_InitStruct.Pull = GPIO_NOPULL;
 291:Core/Src/usart.c ****     GPIO_InitStruct.Speed = GPIO_SPEED_FREQ_VERY_HIGH;
 292:Core/Src/usart.c ****     GPIO_InitStruct.Alternate = GPIO_AF7_USART1;
 293:Core/Src/usart.c ****     HAL_GPIO_Init(GPIOB, &GPIO_InitStruct);
 294:Core/Src/usart.c **** 
 295:Core/Src/usart.c ****   /* USER CODE BEGIN USART1_MspInit 1 */
 296:Core/Src/usart.c **** 
 297:Core/Src/usart.c ****   /* USER CODE END USART1_MspInit 1 */
 298:Core/Src/usart.c ****   }
 299:Core/Src/usart.c ****   else if(uartHandle->Instance==USART2)
 491              		.loc 1 299 8 is_stmt 1 view .LVU149
 492              		.loc 1 299 10 is_stmt 0 view .LVU150
 493 0024 934A     		ldr	r2, .L51+12
 494 0026 9342     		cmp	r3, r2
 495 0028 00F09E80 		beq	.L48
 300:Core/Src/usart.c ****   {
 301:Core/Src/usart.c ****   /* USER CODE BEGIN USART2_MspInit 0 */
 302:Core/Src/usart.c **** 
 303:Core/Src/usart.c ****   /* USER CODE END USART2_MspInit 0 */
 304:Core/Src/usart.c ****     /* USART2 clock enable */
 305:Core/Src/usart.c ****     __HAL_RCC_USART2_CLK_ENABLE();
 306:Core/Src/usart.c **** 
 307:Core/Src/usart.c ****     __HAL_RCC_GPIOD_CLK_ENABLE();
 308:Core/Src/usart.c ****     /**USART2 GPIO Configuration
 309:Core/Src/usart.c ****     PD5     ------> USART2_TX
 310:Core/Src/usart.c ****     PD6     ------> USART2_RX
ARM GAS  /var/folders/8x/_y6g3dfs0698dfd49y4vcg_w0000gn/T//ccjbPl1I.s 			page 15


 311:Core/Src/usart.c ****     */
 312:Core/Src/usart.c ****     GPIO_InitStruct.Pin = GPIO_PIN_5|GPIO_PIN_6;
 313:Core/Src/usart.c ****     GPIO_InitStruct.Mode = GPIO_MODE_AF_PP;
 314:Core/Src/usart.c ****     GPIO_InitStruct.Pull = GPIO_NOPULL;
 315:Core/Src/usart.c ****     GPIO_InitStruct.Speed = GPIO_SPEED_FREQ_VERY_HIGH;
 316:Core/Src/usart.c ****     GPIO_InitStruct.Alternate = GPIO_AF7_USART2;
 317:Core/Src/usart.c ****     HAL_GPIO_Init(GPIOD, &GPIO_InitStruct);
 318:Core/Src/usart.c **** 
 319:Core/Src/usart.c ****   /* USER CODE BEGIN USART2_MspInit 1 */
 320:Core/Src/usart.c **** 
 321:Core/Src/usart.c ****   /* USER CODE END USART2_MspInit 1 */
 322:Core/Src/usart.c ****   }
 323:Core/Src/usart.c ****   else if(uartHandle->Instance==USART3)
 496              		.loc 1 323 8 is_stmt 1 view .LVU151
 497              		.loc 1 323 10 is_stmt 0 view .LVU152
 498 002c 924A     		ldr	r2, .L51+16
 499 002e 9342     		cmp	r3, r2
 500 0030 00F0BD80 		beq	.L49
 324:Core/Src/usart.c ****   {
 325:Core/Src/usart.c ****   /* USER CODE BEGIN USART3_MspInit 0 */
 326:Core/Src/usart.c **** 
 327:Core/Src/usart.c ****   /* USER CODE END USART3_MspInit 0 */
 328:Core/Src/usart.c ****     /* USART3 clock enable */
 329:Core/Src/usart.c ****     __HAL_RCC_USART3_CLK_ENABLE();
 330:Core/Src/usart.c **** 
 331:Core/Src/usart.c ****     __HAL_RCC_GPIOB_CLK_ENABLE();
 332:Core/Src/usart.c ****     __HAL_RCC_GPIOD_CLK_ENABLE();
 333:Core/Src/usart.c ****     /**USART3 GPIO Configuration
 334:Core/Src/usart.c ****     PB11     ------> USART3_RX
 335:Core/Src/usart.c ****     PD8     ------> USART3_TX
 336:Core/Src/usart.c ****     */
 337:Core/Src/usart.c ****     GPIO_InitStruct.Pin = GPIO_PIN_11;
 338:Core/Src/usart.c ****     GPIO_InitStruct.Mode = GPIO_MODE_AF_PP;
 339:Core/Src/usart.c ****     GPIO_InitStruct.Pull = GPIO_NOPULL;
 340:Core/Src/usart.c ****     GPIO_InitStruct.Speed = GPIO_SPEED_FREQ_VERY_HIGH;
 341:Core/Src/usart.c ****     GPIO_InitStruct.Alternate = GPIO_AF7_USART3;
 342:Core/Src/usart.c ****     HAL_GPIO_Init(GPIOB, &GPIO_InitStruct);
 343:Core/Src/usart.c **** 
 344:Core/Src/usart.c ****     GPIO_InitStruct.Pin = GPIO_PIN_8;
 345:Core/Src/usart.c ****     GPIO_InitStruct.Mode = GPIO_MODE_AF_PP;
 346:Core/Src/usart.c ****     GPIO_InitStruct.Pull = GPIO_NOPULL;
 347:Core/Src/usart.c ****     GPIO_InitStruct.Speed = GPIO_SPEED_FREQ_VERY_HIGH;
 348:Core/Src/usart.c ****     GPIO_InitStruct.Alternate = GPIO_AF7_USART3;
 349:Core/Src/usart.c ****     HAL_GPIO_Init(GPIOD, &GPIO_InitStruct);
 350:Core/Src/usart.c **** 
 351:Core/Src/usart.c ****   /* USER CODE BEGIN USART3_MspInit 1 */
 352:Core/Src/usart.c **** 
 353:Core/Src/usart.c ****   /* USER CODE END USART3_MspInit 1 */
 354:Core/Src/usart.c ****   }
 355:Core/Src/usart.c ****   else if(uartHandle->Instance==USART6)
 501              		.loc 1 355 8 is_stmt 1 view .LVU153
 502              		.loc 1 355 10 is_stmt 0 view .LVU154
 503 0034 914A     		ldr	r2, .L51+20
 504 0036 9342     		cmp	r3, r2
 505 0038 00F0F280 		beq	.L50
 506              	.LVL13:
 507              	.L37:
ARM GAS  /var/folders/8x/_y6g3dfs0698dfd49y4vcg_w0000gn/T//ccjbPl1I.s 			page 16


 356:Core/Src/usart.c ****   {
 357:Core/Src/usart.c ****   /* USER CODE BEGIN USART6_MspInit 0 */
 358:Core/Src/usart.c **** 
 359:Core/Src/usart.c ****   /* USER CODE END USART6_MspInit 0 */
 360:Core/Src/usart.c ****     /* USART6 clock enable */
 361:Core/Src/usart.c ****     __HAL_RCC_USART6_CLK_ENABLE();
 362:Core/Src/usart.c **** 
 363:Core/Src/usart.c ****     __HAL_RCC_GPIOC_CLK_ENABLE();
 364:Core/Src/usart.c ****     /**USART6 GPIO Configuration
 365:Core/Src/usart.c ****     PC6     ------> USART6_TX
 366:Core/Src/usart.c ****     PC7     ------> USART6_RX
 367:Core/Src/usart.c ****     */
 368:Core/Src/usart.c ****     GPIO_InitStruct.Pin = GPIO_PIN_6|GPIO_PIN_7;
 369:Core/Src/usart.c ****     GPIO_InitStruct.Mode = GPIO_MODE_AF_PP;
 370:Core/Src/usart.c ****     GPIO_InitStruct.Pull = GPIO_NOPULL;
 371:Core/Src/usart.c ****     GPIO_InitStruct.Speed = GPIO_SPEED_FREQ_VERY_HIGH;
 372:Core/Src/usart.c ****     GPIO_InitStruct.Alternate = GPIO_AF8_USART6;
 373:Core/Src/usart.c ****     HAL_GPIO_Init(GPIOC, &GPIO_InitStruct);
 374:Core/Src/usart.c **** 
 375:Core/Src/usart.c ****   /* USER CODE BEGIN USART6_MspInit 1 */
 376:Core/Src/usart.c **** 
 377:Core/Src/usart.c ****   /* USER CODE END USART6_MspInit 1 */
 378:Core/Src/usart.c ****   }
 379:Core/Src/usart.c **** }
 508              		.loc 1 379 1 view .LVU155
 509 003c 15B0     		add	sp, sp, #84
 510              	.LCFI8:
 511              		.cfi_remember_state
 512              		.cfi_def_cfa_offset 20
 513              		@ sp needed
 514 003e F0BD     		pop	{r4, r5, r6, r7, pc}
 515              	.LVL14:
 516              	.L45:
 517              	.LCFI9:
 518              		.cfi_restore_state
 217:Core/Src/usart.c **** 
 519              		.loc 1 217 5 is_stmt 1 view .LVU156
 520              	.LBB2:
 217:Core/Src/usart.c **** 
 521              		.loc 1 217 5 view .LVU157
 522 0040 0021     		movs	r1, #0
 523 0042 0091     		str	r1, [sp]
 217:Core/Src/usart.c **** 
 524              		.loc 1 217 5 view .LVU158
 525 0044 8E4B     		ldr	r3, .L51+24
 526 0046 1A6C     		ldr	r2, [r3, #64]
 527 0048 42F40022 		orr	r2, r2, #524288
 528 004c 1A64     		str	r2, [r3, #64]
 217:Core/Src/usart.c **** 
 529              		.loc 1 217 5 view .LVU159
 530 004e 1A6C     		ldr	r2, [r3, #64]
 531 0050 02F40022 		and	r2, r2, #524288
 532 0054 0092     		str	r2, [sp]
 217:Core/Src/usart.c **** 
 533              		.loc 1 217 5 view .LVU160
 534 0056 009A     		ldr	r2, [sp]
 535              	.LBE2:
ARM GAS  /var/folders/8x/_y6g3dfs0698dfd49y4vcg_w0000gn/T//ccjbPl1I.s 			page 17


 217:Core/Src/usart.c **** 
 536              		.loc 1 217 5 view .LVU161
 219:Core/Src/usart.c ****     /**UART4 GPIO Configuration
 537              		.loc 1 219 5 view .LVU162
 538              	.LBB3:
 219:Core/Src/usart.c ****     /**UART4 GPIO Configuration
 539              		.loc 1 219 5 view .LVU163
 540 0058 0191     		str	r1, [sp, #4]
 219:Core/Src/usart.c ****     /**UART4 GPIO Configuration
 541              		.loc 1 219 5 view .LVU164
 542 005a 1A6B     		ldr	r2, [r3, #48]
 543 005c 42F00402 		orr	r2, r2, #4
 544 0060 1A63     		str	r2, [r3, #48]
 219:Core/Src/usart.c ****     /**UART4 GPIO Configuration
 545              		.loc 1 219 5 view .LVU165
 546 0062 1B6B     		ldr	r3, [r3, #48]
 547 0064 03F00403 		and	r3, r3, #4
 548 0068 0193     		str	r3, [sp, #4]
 219:Core/Src/usart.c ****     /**UART4 GPIO Configuration
 549              		.loc 1 219 5 view .LVU166
 550 006a 019B     		ldr	r3, [sp, #4]
 551              	.LBE3:
 219:Core/Src/usart.c ****     /**UART4 GPIO Configuration
 552              		.loc 1 219 5 view .LVU167
 224:Core/Src/usart.c ****     GPIO_InitStruct.Mode = GPIO_MODE_AF_PP;
 553              		.loc 1 224 5 view .LVU168
 224:Core/Src/usart.c ****     GPIO_InitStruct.Mode = GPIO_MODE_AF_PP;
 554              		.loc 1 224 25 is_stmt 0 view .LVU169
 555 006c 4FF44063 		mov	r3, #3072
 556 0070 0F93     		str	r3, [sp, #60]
 225:Core/Src/usart.c ****     GPIO_InitStruct.Pull = GPIO_NOPULL;
 557              		.loc 1 225 5 is_stmt 1 view .LVU170
 225:Core/Src/usart.c ****     GPIO_InitStruct.Pull = GPIO_NOPULL;
 558              		.loc 1 225 26 is_stmt 0 view .LVU171
 559 0072 0223     		movs	r3, #2
 560 0074 1093     		str	r3, [sp, #64]
 226:Core/Src/usart.c ****     GPIO_InitStruct.Speed = GPIO_SPEED_FREQ_VERY_HIGH;
 561              		.loc 1 226 5 is_stmt 1 view .LVU172
 227:Core/Src/usart.c ****     GPIO_InitStruct.Alternate = GPIO_AF8_UART4;
 562              		.loc 1 227 5 view .LVU173
 227:Core/Src/usart.c ****     GPIO_InitStruct.Alternate = GPIO_AF8_UART4;
 563              		.loc 1 227 27 is_stmt 0 view .LVU174
 564 0076 0323     		movs	r3, #3
 565 0078 1293     		str	r3, [sp, #72]
 228:Core/Src/usart.c ****     HAL_GPIO_Init(GPIOC, &GPIO_InitStruct);
 566              		.loc 1 228 5 is_stmt 1 view .LVU175
 228:Core/Src/usart.c ****     HAL_GPIO_Init(GPIOC, &GPIO_InitStruct);
 567              		.loc 1 228 31 is_stmt 0 view .LVU176
 568 007a 0823     		movs	r3, #8
 569 007c 1393     		str	r3, [sp, #76]
 229:Core/Src/usart.c **** 
 570              		.loc 1 229 5 is_stmt 1 view .LVU177
 571 007e 0FA9     		add	r1, sp, #60
 572 0080 8048     		ldr	r0, .L51+28
 573              	.LVL15:
 229:Core/Src/usart.c **** 
 574              		.loc 1 229 5 is_stmt 0 view .LVU178
ARM GAS  /var/folders/8x/_y6g3dfs0698dfd49y4vcg_w0000gn/T//ccjbPl1I.s 			page 18


 575 0082 FFF7FEFF 		bl	HAL_GPIO_Init
 576              	.LVL16:
 577 0086 D9E7     		b	.L37
 578              	.LVL17:
 579              	.L46:
 241:Core/Src/usart.c **** 
 580              		.loc 1 241 5 is_stmt 1 view .LVU179
 581              	.LBB4:
 241:Core/Src/usart.c **** 
 582              		.loc 1 241 5 view .LVU180
 583 0088 0024     		movs	r4, #0
 584 008a 0294     		str	r4, [sp, #8]
 241:Core/Src/usart.c **** 
 585              		.loc 1 241 5 view .LVU181
 586 008c 7C4B     		ldr	r3, .L51+24
 587 008e 1A6C     		ldr	r2, [r3, #64]
 588 0090 42F48012 		orr	r2, r2, #1048576
 589 0094 1A64     		str	r2, [r3, #64]
 241:Core/Src/usart.c **** 
 590              		.loc 1 241 5 view .LVU182
 591 0096 1A6C     		ldr	r2, [r3, #64]
 592 0098 02F48012 		and	r2, r2, #1048576
 593 009c 0292     		str	r2, [sp, #8]
 241:Core/Src/usart.c **** 
 594              		.loc 1 241 5 view .LVU183
 595 009e 029A     		ldr	r2, [sp, #8]
 596              	.LBE4:
 241:Core/Src/usart.c **** 
 597              		.loc 1 241 5 view .LVU184
 243:Core/Src/usart.c ****     __HAL_RCC_GPIOD_CLK_ENABLE();
 598              		.loc 1 243 5 view .LVU185
 599              	.LBB5:
 243:Core/Src/usart.c ****     __HAL_RCC_GPIOD_CLK_ENABLE();
 600              		.loc 1 243 5 view .LVU186
 601 00a0 0394     		str	r4, [sp, #12]
 243:Core/Src/usart.c ****     __HAL_RCC_GPIOD_CLK_ENABLE();
 602              		.loc 1 243 5 view .LVU187
 603 00a2 1A6B     		ldr	r2, [r3, #48]
 604 00a4 42F00402 		orr	r2, r2, #4
 605 00a8 1A63     		str	r2, [r3, #48]
 243:Core/Src/usart.c ****     __HAL_RCC_GPIOD_CLK_ENABLE();
 606              		.loc 1 243 5 view .LVU188
 607 00aa 1A6B     		ldr	r2, [r3, #48]
 608 00ac 02F00402 		and	r2, r2, #4
 609 00b0 0392     		str	r2, [sp, #12]
 243:Core/Src/usart.c ****     __HAL_RCC_GPIOD_CLK_ENABLE();
 610              		.loc 1 243 5 view .LVU189
 611 00b2 039A     		ldr	r2, [sp, #12]
 612              	.LBE5:
 243:Core/Src/usart.c ****     __HAL_RCC_GPIOD_CLK_ENABLE();
 613              		.loc 1 243 5 view .LVU190
 244:Core/Src/usart.c ****     /**UART5 GPIO Configuration
 614              		.loc 1 244 5 view .LVU191
 615              	.LBB6:
 244:Core/Src/usart.c ****     /**UART5 GPIO Configuration
 616              		.loc 1 244 5 view .LVU192
 617 00b4 0494     		str	r4, [sp, #16]
ARM GAS  /var/folders/8x/_y6g3dfs0698dfd49y4vcg_w0000gn/T//ccjbPl1I.s 			page 19


 244:Core/Src/usart.c ****     /**UART5 GPIO Configuration
 618              		.loc 1 244 5 view .LVU193
 619 00b6 1A6B     		ldr	r2, [r3, #48]
 620 00b8 42F00802 		orr	r2, r2, #8
 621 00bc 1A63     		str	r2, [r3, #48]
 244:Core/Src/usart.c ****     /**UART5 GPIO Configuration
 622              		.loc 1 244 5 view .LVU194
 623 00be 1B6B     		ldr	r3, [r3, #48]
 624 00c0 03F00803 		and	r3, r3, #8
 625 00c4 0493     		str	r3, [sp, #16]
 244:Core/Src/usart.c ****     /**UART5 GPIO Configuration
 626              		.loc 1 244 5 view .LVU195
 627 00c6 049B     		ldr	r3, [sp, #16]
 628              	.LBE6:
 244:Core/Src/usart.c ****     /**UART5 GPIO Configuration
 629              		.loc 1 244 5 view .LVU196
 249:Core/Src/usart.c ****     GPIO_InitStruct.Mode = GPIO_MODE_AF_PP;
 630              		.loc 1 249 5 view .LVU197
 249:Core/Src/usart.c ****     GPIO_InitStruct.Mode = GPIO_MODE_AF_PP;
 631              		.loc 1 249 25 is_stmt 0 view .LVU198
 632 00c8 4FF48053 		mov	r3, #4096
 633 00cc 0F93     		str	r3, [sp, #60]
 250:Core/Src/usart.c ****     GPIO_InitStruct.Pull = GPIO_NOPULL;
 634              		.loc 1 250 5 is_stmt 1 view .LVU199
 250:Core/Src/usart.c ****     GPIO_InitStruct.Pull = GPIO_NOPULL;
 635              		.loc 1 250 26 is_stmt 0 view .LVU200
 636 00ce 0227     		movs	r7, #2
 637 00d0 1097     		str	r7, [sp, #64]
 251:Core/Src/usart.c ****     GPIO_InitStruct.Speed = GPIO_SPEED_FREQ_VERY_HIGH;
 638              		.loc 1 251 5 is_stmt 1 view .LVU201
 252:Core/Src/usart.c ****     GPIO_InitStruct.Alternate = GPIO_AF8_UART5;
 639              		.loc 1 252 5 view .LVU202
 252:Core/Src/usart.c ****     GPIO_InitStruct.Alternate = GPIO_AF8_UART5;
 640              		.loc 1 252 27 is_stmt 0 view .LVU203
 641 00d2 0326     		movs	r6, #3
 642 00d4 1296     		str	r6, [sp, #72]
 253:Core/Src/usart.c ****     HAL_GPIO_Init(GPIOC, &GPIO_InitStruct);
 643              		.loc 1 253 5 is_stmt 1 view .LVU204
 253:Core/Src/usart.c ****     HAL_GPIO_Init(GPIOC, &GPIO_InitStruct);
 644              		.loc 1 253 31 is_stmt 0 view .LVU205
 645 00d6 0825     		movs	r5, #8
 646 00d8 1395     		str	r5, [sp, #76]
 254:Core/Src/usart.c **** 
 647              		.loc 1 254 5 is_stmt 1 view .LVU206
 648 00da 0FA9     		add	r1, sp, #60
 649 00dc 6948     		ldr	r0, .L51+28
 650              	.LVL18:
 254:Core/Src/usart.c **** 
 651              		.loc 1 254 5 is_stmt 0 view .LVU207
 652 00de FFF7FEFF 		bl	HAL_GPIO_Init
 653              	.LVL19:
 256:Core/Src/usart.c ****     GPIO_InitStruct.Mode = GPIO_MODE_AF_PP;
 654              		.loc 1 256 5 is_stmt 1 view .LVU208
 256:Core/Src/usart.c ****     GPIO_InitStruct.Mode = GPIO_MODE_AF_PP;
 655              		.loc 1 256 25 is_stmt 0 view .LVU209
 656 00e2 0423     		movs	r3, #4
 657 00e4 0F93     		str	r3, [sp, #60]
ARM GAS  /var/folders/8x/_y6g3dfs0698dfd49y4vcg_w0000gn/T//ccjbPl1I.s 			page 20


 257:Core/Src/usart.c ****     GPIO_InitStruct.Pull = GPIO_NOPULL;
 658              		.loc 1 257 5 is_stmt 1 view .LVU210
 257:Core/Src/usart.c ****     GPIO_InitStruct.Pull = GPIO_NOPULL;
 659              		.loc 1 257 26 is_stmt 0 view .LVU211
 660 00e6 1097     		str	r7, [sp, #64]
 258:Core/Src/usart.c ****     GPIO_InitStruct.Speed = GPIO_SPEED_FREQ_VERY_HIGH;
 661              		.loc 1 258 5 is_stmt 1 view .LVU212
 258:Core/Src/usart.c ****     GPIO_InitStruct.Speed = GPIO_SPEED_FREQ_VERY_HIGH;
 662              		.loc 1 258 26 is_stmt 0 view .LVU213
 663 00e8 1194     		str	r4, [sp, #68]
 259:Core/Src/usart.c ****     GPIO_InitStruct.Alternate = GPIO_AF8_UART5;
 664              		.loc 1 259 5 is_stmt 1 view .LVU214
 259:Core/Src/usart.c ****     GPIO_InitStruct.Alternate = GPIO_AF8_UART5;
 665              		.loc 1 259 27 is_stmt 0 view .LVU215
 666 00ea 1296     		str	r6, [sp, #72]
 260:Core/Src/usart.c ****     HAL_GPIO_Init(GPIOD, &GPIO_InitStruct);
 667              		.loc 1 260 5 is_stmt 1 view .LVU216
 260:Core/Src/usart.c ****     HAL_GPIO_Init(GPIOD, &GPIO_InitStruct);
 668              		.loc 1 260 31 is_stmt 0 view .LVU217
 669 00ec 1395     		str	r5, [sp, #76]
 261:Core/Src/usart.c **** 
 670              		.loc 1 261 5 is_stmt 1 view .LVU218
 671 00ee 0FA9     		add	r1, sp, #60
 672 00f0 6548     		ldr	r0, .L51+32
 673 00f2 FFF7FEFF 		bl	HAL_GPIO_Init
 674              	.LVL20:
 675 00f6 A1E7     		b	.L37
 676              	.LVL21:
 677              	.L47:
 273:Core/Src/usart.c **** 
 678              		.loc 1 273 5 view .LVU219
 679              	.LBB7:
 273:Core/Src/usart.c **** 
 680              		.loc 1 273 5 view .LVU220
 681 00f8 0024     		movs	r4, #0
 682 00fa 0594     		str	r4, [sp, #20]
 273:Core/Src/usart.c **** 
 683              		.loc 1 273 5 view .LVU221
 684 00fc 604B     		ldr	r3, .L51+24
 685 00fe 5A6C     		ldr	r2, [r3, #68]
 686 0100 42F01002 		orr	r2, r2, #16
 687 0104 5A64     		str	r2, [r3, #68]
 273:Core/Src/usart.c **** 
 688              		.loc 1 273 5 view .LVU222
 689 0106 5A6C     		ldr	r2, [r3, #68]
 690 0108 02F01002 		and	r2, r2, #16
 691 010c 0592     		str	r2, [sp, #20]
 273:Core/Src/usart.c **** 
 692              		.loc 1 273 5 view .LVU223
 693 010e 059A     		ldr	r2, [sp, #20]
 694              	.LBE7:
 273:Core/Src/usart.c **** 
 695              		.loc 1 273 5 view .LVU224
 275:Core/Src/usart.c ****     __HAL_RCC_GPIOB_CLK_ENABLE();
 696              		.loc 1 275 5 view .LVU225
 697              	.LBB8:
 275:Core/Src/usart.c ****     __HAL_RCC_GPIOB_CLK_ENABLE();
ARM GAS  /var/folders/8x/_y6g3dfs0698dfd49y4vcg_w0000gn/T//ccjbPl1I.s 			page 21


 698              		.loc 1 275 5 view .LVU226
 699 0110 0694     		str	r4, [sp, #24]
 275:Core/Src/usart.c ****     __HAL_RCC_GPIOB_CLK_ENABLE();
 700              		.loc 1 275 5 view .LVU227
 701 0112 1A6B     		ldr	r2, [r3, #48]
 702 0114 42F00102 		orr	r2, r2, #1
 703 0118 1A63     		str	r2, [r3, #48]
 275:Core/Src/usart.c ****     __HAL_RCC_GPIOB_CLK_ENABLE();
 704              		.loc 1 275 5 view .LVU228
 705 011a 1A6B     		ldr	r2, [r3, #48]
 706 011c 02F00102 		and	r2, r2, #1
 707 0120 0692     		str	r2, [sp, #24]
 275:Core/Src/usart.c ****     __HAL_RCC_GPIOB_CLK_ENABLE();
 708              		.loc 1 275 5 view .LVU229
 709 0122 069A     		ldr	r2, [sp, #24]
 710              	.LBE8:
 275:Core/Src/usart.c ****     __HAL_RCC_GPIOB_CLK_ENABLE();
 711              		.loc 1 275 5 view .LVU230
 276:Core/Src/usart.c ****     /**USART1 GPIO Configuration
 712              		.loc 1 276 5 view .LVU231
 713              	.LBB9:
 276:Core/Src/usart.c ****     /**USART1 GPIO Configuration
 714              		.loc 1 276 5 view .LVU232
 715 0124 0794     		str	r4, [sp, #28]
 276:Core/Src/usart.c ****     /**USART1 GPIO Configuration
 716              		.loc 1 276 5 view .LVU233
 717 0126 1A6B     		ldr	r2, [r3, #48]
 718 0128 42F00202 		orr	r2, r2, #2
 719 012c 1A63     		str	r2, [r3, #48]
 276:Core/Src/usart.c ****     /**USART1 GPIO Configuration
 720              		.loc 1 276 5 view .LVU234
 721 012e 1B6B     		ldr	r3, [r3, #48]
 722 0130 03F00203 		and	r3, r3, #2
 723 0134 0793     		str	r3, [sp, #28]
 276:Core/Src/usart.c ****     /**USART1 GPIO Configuration
 724              		.loc 1 276 5 view .LVU235
 725 0136 079B     		ldr	r3, [sp, #28]
 726              	.LBE9:
 276:Core/Src/usart.c ****     /**USART1 GPIO Configuration
 727              		.loc 1 276 5 view .LVU236
 281:Core/Src/usart.c ****     GPIO_InitStruct.Mode = GPIO_MODE_AF_PP;
 728              		.loc 1 281 5 view .LVU237
 281:Core/Src/usart.c ****     GPIO_InitStruct.Mode = GPIO_MODE_AF_PP;
 729              		.loc 1 281 25 is_stmt 0 view .LVU238
 730 0138 4FF48063 		mov	r3, #1024
 731 013c 0F93     		str	r3, [sp, #60]
 282:Core/Src/usart.c ****     GPIO_InitStruct.Pull = GPIO_NOPULL;
 732              		.loc 1 282 5 is_stmt 1 view .LVU239
 282:Core/Src/usart.c ****     GPIO_InitStruct.Pull = GPIO_NOPULL;
 733              		.loc 1 282 26 is_stmt 0 view .LVU240
 734 013e 0227     		movs	r7, #2
 735 0140 1097     		str	r7, [sp, #64]
 283:Core/Src/usart.c ****     GPIO_InitStruct.Speed = GPIO_SPEED_FREQ_VERY_HIGH;
 736              		.loc 1 283 5 is_stmt 1 view .LVU241
 284:Core/Src/usart.c ****     GPIO_InitStruct.Alternate = GPIO_AF7_USART1;
 737              		.loc 1 284 5 view .LVU242
 284:Core/Src/usart.c ****     GPIO_InitStruct.Alternate = GPIO_AF7_USART1;
ARM GAS  /var/folders/8x/_y6g3dfs0698dfd49y4vcg_w0000gn/T//ccjbPl1I.s 			page 22


 738              		.loc 1 284 27 is_stmt 0 view .LVU243
 739 0142 0326     		movs	r6, #3
 740 0144 1296     		str	r6, [sp, #72]
 285:Core/Src/usart.c ****     HAL_GPIO_Init(GPIOA, &GPIO_InitStruct);
 741              		.loc 1 285 5 is_stmt 1 view .LVU244
 285:Core/Src/usart.c ****     HAL_GPIO_Init(GPIOA, &GPIO_InitStruct);
 742              		.loc 1 285 31 is_stmt 0 view .LVU245
 743 0146 0725     		movs	r5, #7
 744 0148 1395     		str	r5, [sp, #76]
 286:Core/Src/usart.c **** 
 745              		.loc 1 286 5 is_stmt 1 view .LVU246
 746 014a 0FA9     		add	r1, sp, #60
 747 014c 4F48     		ldr	r0, .L51+36
 748              	.LVL22:
 286:Core/Src/usart.c **** 
 749              		.loc 1 286 5 is_stmt 0 view .LVU247
 750 014e FFF7FEFF 		bl	HAL_GPIO_Init
 751              	.LVL23:
 288:Core/Src/usart.c ****     GPIO_InitStruct.Mode = GPIO_MODE_AF_PP;
 752              		.loc 1 288 5 is_stmt 1 view .LVU248
 288:Core/Src/usart.c ****     GPIO_InitStruct.Mode = GPIO_MODE_AF_PP;
 753              		.loc 1 288 25 is_stmt 0 view .LVU249
 754 0152 4023     		movs	r3, #64
 755 0154 0F93     		str	r3, [sp, #60]
 289:Core/Src/usart.c ****     GPIO_InitStruct.Pull = GPIO_NOPULL;
 756              		.loc 1 289 5 is_stmt 1 view .LVU250
 289:Core/Src/usart.c ****     GPIO_InitStruct.Pull = GPIO_NOPULL;
 757              		.loc 1 289 26 is_stmt 0 view .LVU251
 758 0156 1097     		str	r7, [sp, #64]
 290:Core/Src/usart.c ****     GPIO_InitStruct.Speed = GPIO_SPEED_FREQ_VERY_HIGH;
 759              		.loc 1 290 5 is_stmt 1 view .LVU252
 290:Core/Src/usart.c ****     GPIO_InitStruct.Speed = GPIO_SPEED_FREQ_VERY_HIGH;
 760              		.loc 1 290 26 is_stmt 0 view .LVU253
 761 0158 1194     		str	r4, [sp, #68]
 291:Core/Src/usart.c ****     GPIO_InitStruct.Alternate = GPIO_AF7_USART1;
 762              		.loc 1 291 5 is_stmt 1 view .LVU254
 291:Core/Src/usart.c ****     GPIO_InitStruct.Alternate = GPIO_AF7_USART1;
 763              		.loc 1 291 27 is_stmt 0 view .LVU255
 764 015a 1296     		str	r6, [sp, #72]
 292:Core/Src/usart.c ****     HAL_GPIO_Init(GPIOB, &GPIO_InitStruct);
 765              		.loc 1 292 5 is_stmt 1 view .LVU256
 292:Core/Src/usart.c ****     HAL_GPIO_Init(GPIOB, &GPIO_InitStruct);
 766              		.loc 1 292 31 is_stmt 0 view .LVU257
 767 015c 1395     		str	r5, [sp, #76]
 293:Core/Src/usart.c **** 
 768              		.loc 1 293 5 is_stmt 1 view .LVU258
 769 015e 0FA9     		add	r1, sp, #60
 770 0160 4B48     		ldr	r0, .L51+40
 771 0162 FFF7FEFF 		bl	HAL_GPIO_Init
 772              	.LVL24:
 773 0166 69E7     		b	.L37
 774              	.LVL25:
 775              	.L48:
 305:Core/Src/usart.c **** 
 776              		.loc 1 305 5 view .LVU259
 777              	.LBB10:
 305:Core/Src/usart.c **** 
ARM GAS  /var/folders/8x/_y6g3dfs0698dfd49y4vcg_w0000gn/T//ccjbPl1I.s 			page 23


 778              		.loc 1 305 5 view .LVU260
 779 0168 0021     		movs	r1, #0
 780 016a 0891     		str	r1, [sp, #32]
 305:Core/Src/usart.c **** 
 781              		.loc 1 305 5 view .LVU261
 782 016c 444B     		ldr	r3, .L51+24
 783 016e 1A6C     		ldr	r2, [r3, #64]
 784 0170 42F40032 		orr	r2, r2, #131072
 785 0174 1A64     		str	r2, [r3, #64]
 305:Core/Src/usart.c **** 
 786              		.loc 1 305 5 view .LVU262
 787 0176 1A6C     		ldr	r2, [r3, #64]
 788 0178 02F40032 		and	r2, r2, #131072
 789 017c 0892     		str	r2, [sp, #32]
 305:Core/Src/usart.c **** 
 790              		.loc 1 305 5 view .LVU263
 791 017e 089A     		ldr	r2, [sp, #32]
 792              	.LBE10:
 305:Core/Src/usart.c **** 
 793              		.loc 1 305 5 view .LVU264
 307:Core/Src/usart.c ****     /**USART2 GPIO Configuration
 794              		.loc 1 307 5 view .LVU265
 795              	.LBB11:
 307:Core/Src/usart.c ****     /**USART2 GPIO Configuration
 796              		.loc 1 307 5 view .LVU266
 797 0180 0991     		str	r1, [sp, #36]
 307:Core/Src/usart.c ****     /**USART2 GPIO Configuration
 798              		.loc 1 307 5 view .LVU267
 799 0182 1A6B     		ldr	r2, [r3, #48]
 800 0184 42F00802 		orr	r2, r2, #8
 801 0188 1A63     		str	r2, [r3, #48]
 307:Core/Src/usart.c ****     /**USART2 GPIO Configuration
 802              		.loc 1 307 5 view .LVU268
 803 018a 1B6B     		ldr	r3, [r3, #48]
 804 018c 03F00803 		and	r3, r3, #8
 805 0190 0993     		str	r3, [sp, #36]
 307:Core/Src/usart.c ****     /**USART2 GPIO Configuration
 806              		.loc 1 307 5 view .LVU269
 807 0192 099B     		ldr	r3, [sp, #36]
 808              	.LBE11:
 307:Core/Src/usart.c ****     /**USART2 GPIO Configuration
 809              		.loc 1 307 5 view .LVU270
 312:Core/Src/usart.c ****     GPIO_InitStruct.Mode = GPIO_MODE_AF_PP;
 810              		.loc 1 312 5 view .LVU271
 312:Core/Src/usart.c ****     GPIO_InitStruct.Mode = GPIO_MODE_AF_PP;
 811              		.loc 1 312 25 is_stmt 0 view .LVU272
 812 0194 6023     		movs	r3, #96
 813 0196 0F93     		str	r3, [sp, #60]
 313:Core/Src/usart.c ****     GPIO_InitStruct.Pull = GPIO_NOPULL;
 814              		.loc 1 313 5 is_stmt 1 view .LVU273
 313:Core/Src/usart.c ****     GPIO_InitStruct.Pull = GPIO_NOPULL;
 815              		.loc 1 313 26 is_stmt 0 view .LVU274
 816 0198 0223     		movs	r3, #2
 817 019a 1093     		str	r3, [sp, #64]
 314:Core/Src/usart.c ****     GPIO_InitStruct.Speed = GPIO_SPEED_FREQ_VERY_HIGH;
 818              		.loc 1 314 5 is_stmt 1 view .LVU275
 315:Core/Src/usart.c ****     GPIO_InitStruct.Alternate = GPIO_AF7_USART2;
ARM GAS  /var/folders/8x/_y6g3dfs0698dfd49y4vcg_w0000gn/T//ccjbPl1I.s 			page 24


 819              		.loc 1 315 5 view .LVU276
 315:Core/Src/usart.c ****     GPIO_InitStruct.Alternate = GPIO_AF7_USART2;
 820              		.loc 1 315 27 is_stmt 0 view .LVU277
 821 019c 0323     		movs	r3, #3
 822 019e 1293     		str	r3, [sp, #72]
 316:Core/Src/usart.c ****     HAL_GPIO_Init(GPIOD, &GPIO_InitStruct);
 823              		.loc 1 316 5 is_stmt 1 view .LVU278
 316:Core/Src/usart.c ****     HAL_GPIO_Init(GPIOD, &GPIO_InitStruct);
 824              		.loc 1 316 31 is_stmt 0 view .LVU279
 825 01a0 0723     		movs	r3, #7
 826 01a2 1393     		str	r3, [sp, #76]
 317:Core/Src/usart.c **** 
 827              		.loc 1 317 5 is_stmt 1 view .LVU280
 828 01a4 0FA9     		add	r1, sp, #60
 829 01a6 3848     		ldr	r0, .L51+32
 830              	.LVL26:
 317:Core/Src/usart.c **** 
 831              		.loc 1 317 5 is_stmt 0 view .LVU281
 832 01a8 FFF7FEFF 		bl	HAL_GPIO_Init
 833              	.LVL27:
 834 01ac 46E7     		b	.L37
 835              	.LVL28:
 836              	.L49:
 329:Core/Src/usart.c **** 
 837              		.loc 1 329 5 is_stmt 1 view .LVU282
 838              	.LBB12:
 329:Core/Src/usart.c **** 
 839              		.loc 1 329 5 view .LVU283
 840 01ae 0024     		movs	r4, #0
 841 01b0 0A94     		str	r4, [sp, #40]
 329:Core/Src/usart.c **** 
 842              		.loc 1 329 5 view .LVU284
 843 01b2 334B     		ldr	r3, .L51+24
 844 01b4 1A6C     		ldr	r2, [r3, #64]
 845 01b6 42F48022 		orr	r2, r2, #262144
 846 01ba 1A64     		str	r2, [r3, #64]
 329:Core/Src/usart.c **** 
 847              		.loc 1 329 5 view .LVU285
 848 01bc 1A6C     		ldr	r2, [r3, #64]
 849 01be 02F48022 		and	r2, r2, #262144
 850 01c2 0A92     		str	r2, [sp, #40]
 329:Core/Src/usart.c **** 
 851              		.loc 1 329 5 view .LVU286
 852 01c4 0A9A     		ldr	r2, [sp, #40]
 853              	.LBE12:
 329:Core/Src/usart.c **** 
 854              		.loc 1 329 5 view .LVU287
 331:Core/Src/usart.c ****     __HAL_RCC_GPIOD_CLK_ENABLE();
 855              		.loc 1 331 5 view .LVU288
 856              	.LBB13:
 331:Core/Src/usart.c ****     __HAL_RCC_GPIOD_CLK_ENABLE();
 857              		.loc 1 331 5 view .LVU289
 858 01c6 0B94     		str	r4, [sp, #44]
 331:Core/Src/usart.c ****     __HAL_RCC_GPIOD_CLK_ENABLE();
 859              		.loc 1 331 5 view .LVU290
 860 01c8 1A6B     		ldr	r2, [r3, #48]
 861 01ca 42F00202 		orr	r2, r2, #2
ARM GAS  /var/folders/8x/_y6g3dfs0698dfd49y4vcg_w0000gn/T//ccjbPl1I.s 			page 25


 862 01ce 1A63     		str	r2, [r3, #48]
 331:Core/Src/usart.c ****     __HAL_RCC_GPIOD_CLK_ENABLE();
 863              		.loc 1 331 5 view .LVU291
 864 01d0 1A6B     		ldr	r2, [r3, #48]
 865 01d2 02F00202 		and	r2, r2, #2
 866 01d6 0B92     		str	r2, [sp, #44]
 331:Core/Src/usart.c ****     __HAL_RCC_GPIOD_CLK_ENABLE();
 867              		.loc 1 331 5 view .LVU292
 868 01d8 0B9A     		ldr	r2, [sp, #44]
 869              	.LBE13:
 331:Core/Src/usart.c ****     __HAL_RCC_GPIOD_CLK_ENABLE();
 870              		.loc 1 331 5 view .LVU293
 332:Core/Src/usart.c ****     /**USART3 GPIO Configuration
 871              		.loc 1 332 5 view .LVU294
 872              	.LBB14:
 332:Core/Src/usart.c ****     /**USART3 GPIO Configuration
 873              		.loc 1 332 5 view .LVU295
 874 01da 0C94     		str	r4, [sp, #48]
 332:Core/Src/usart.c ****     /**USART3 GPIO Configuration
 875              		.loc 1 332 5 view .LVU296
 876 01dc 1A6B     		ldr	r2, [r3, #48]
 877 01de 42F00802 		orr	r2, r2, #8
 878 01e2 1A63     		str	r2, [r3, #48]
 332:Core/Src/usart.c ****     /**USART3 GPIO Configuration
 879              		.loc 1 332 5 view .LVU297
 880 01e4 1B6B     		ldr	r3, [r3, #48]
 881 01e6 03F00803 		and	r3, r3, #8
 882 01ea 0C93     		str	r3, [sp, #48]
 332:Core/Src/usart.c ****     /**USART3 GPIO Configuration
 883              		.loc 1 332 5 view .LVU298
 884 01ec 0C9B     		ldr	r3, [sp, #48]
 885              	.LBE14:
 332:Core/Src/usart.c ****     /**USART3 GPIO Configuration
 886              		.loc 1 332 5 view .LVU299
 337:Core/Src/usart.c ****     GPIO_InitStruct.Mode = GPIO_MODE_AF_PP;
 887              		.loc 1 337 5 view .LVU300
 337:Core/Src/usart.c ****     GPIO_InitStruct.Mode = GPIO_MODE_AF_PP;
 888              		.loc 1 337 25 is_stmt 0 view .LVU301
 889 01ee 4FF40063 		mov	r3, #2048
 890 01f2 0F93     		str	r3, [sp, #60]
 338:Core/Src/usart.c ****     GPIO_InitStruct.Pull = GPIO_NOPULL;
 891              		.loc 1 338 5 is_stmt 1 view .LVU302
 338:Core/Src/usart.c ****     GPIO_InitStruct.Pull = GPIO_NOPULL;
 892              		.loc 1 338 26 is_stmt 0 view .LVU303
 893 01f4 0227     		movs	r7, #2
 894 01f6 1097     		str	r7, [sp, #64]
 339:Core/Src/usart.c ****     GPIO_InitStruct.Speed = GPIO_SPEED_FREQ_VERY_HIGH;
 895              		.loc 1 339 5 is_stmt 1 view .LVU304
 340:Core/Src/usart.c ****     GPIO_InitStruct.Alternate = GPIO_AF7_USART3;
 896              		.loc 1 340 5 view .LVU305
 340:Core/Src/usart.c ****     GPIO_InitStruct.Alternate = GPIO_AF7_USART3;
 897              		.loc 1 340 27 is_stmt 0 view .LVU306
 898 01f8 0326     		movs	r6, #3
 899 01fa 1296     		str	r6, [sp, #72]
 341:Core/Src/usart.c ****     HAL_GPIO_Init(GPIOB, &GPIO_InitStruct);
 900              		.loc 1 341 5 is_stmt 1 view .LVU307
 341:Core/Src/usart.c ****     HAL_GPIO_Init(GPIOB, &GPIO_InitStruct);
ARM GAS  /var/folders/8x/_y6g3dfs0698dfd49y4vcg_w0000gn/T//ccjbPl1I.s 			page 26


 901              		.loc 1 341 31 is_stmt 0 view .LVU308
 902 01fc 0725     		movs	r5, #7
 903 01fe 1395     		str	r5, [sp, #76]
 342:Core/Src/usart.c **** 
 904              		.loc 1 342 5 is_stmt 1 view .LVU309
 905 0200 0FA9     		add	r1, sp, #60
 906 0202 2348     		ldr	r0, .L51+40
 907              	.LVL29:
 342:Core/Src/usart.c **** 
 908              		.loc 1 342 5 is_stmt 0 view .LVU310
 909 0204 FFF7FEFF 		bl	HAL_GPIO_Init
 910              	.LVL30:
 344:Core/Src/usart.c ****     GPIO_InitStruct.Mode = GPIO_MODE_AF_PP;
 911              		.loc 1 344 5 is_stmt 1 view .LVU311
 344:Core/Src/usart.c ****     GPIO_InitStruct.Mode = GPIO_MODE_AF_PP;
 912              		.loc 1 344 25 is_stmt 0 view .LVU312
 913 0208 4FF48073 		mov	r3, #256
 914 020c 0F93     		str	r3, [sp, #60]
 345:Core/Src/usart.c ****     GPIO_InitStruct.Pull = GPIO_NOPULL;
 915              		.loc 1 345 5 is_stmt 1 view .LVU313
 345:Core/Src/usart.c ****     GPIO_InitStruct.Pull = GPIO_NOPULL;
 916              		.loc 1 345 26 is_stmt 0 view .LVU314
 917 020e 1097     		str	r7, [sp, #64]
 346:Core/Src/usart.c ****     GPIO_InitStruct.Speed = GPIO_SPEED_FREQ_VERY_HIGH;
 918              		.loc 1 346 5 is_stmt 1 view .LVU315
 346:Core/Src/usart.c ****     GPIO_InitStruct.Speed = GPIO_SPEED_FREQ_VERY_HIGH;
 919              		.loc 1 346 26 is_stmt 0 view .LVU316
 920 0210 1194     		str	r4, [sp, #68]
 347:Core/Src/usart.c ****     GPIO_InitStruct.Alternate = GPIO_AF7_USART3;
 921              		.loc 1 347 5 is_stmt 1 view .LVU317
 347:Core/Src/usart.c ****     GPIO_InitStruct.Alternate = GPIO_AF7_USART3;
 922              		.loc 1 347 27 is_stmt 0 view .LVU318
 923 0212 1296     		str	r6, [sp, #72]
 348:Core/Src/usart.c ****     HAL_GPIO_Init(GPIOD, &GPIO_InitStruct);
 924              		.loc 1 348 5 is_stmt 1 view .LVU319
 348:Core/Src/usart.c ****     HAL_GPIO_Init(GPIOD, &GPIO_InitStruct);
 925              		.loc 1 348 31 is_stmt 0 view .LVU320
 926 0214 1395     		str	r5, [sp, #76]
 349:Core/Src/usart.c **** 
 927              		.loc 1 349 5 is_stmt 1 view .LVU321
 928 0216 0FA9     		add	r1, sp, #60
 929 0218 1B48     		ldr	r0, .L51+32
 930 021a FFF7FEFF 		bl	HAL_GPIO_Init
 931              	.LVL31:
 932 021e 0DE7     		b	.L37
 933              	.LVL32:
 934              	.L50:
 361:Core/Src/usart.c **** 
 935              		.loc 1 361 5 view .LVU322
 936              	.LBB15:
 361:Core/Src/usart.c **** 
 937              		.loc 1 361 5 view .LVU323
 938 0220 0021     		movs	r1, #0
 939 0222 0D91     		str	r1, [sp, #52]
 361:Core/Src/usart.c **** 
 940              		.loc 1 361 5 view .LVU324
 941 0224 164B     		ldr	r3, .L51+24
ARM GAS  /var/folders/8x/_y6g3dfs0698dfd49y4vcg_w0000gn/T//ccjbPl1I.s 			page 27


 942 0226 5A6C     		ldr	r2, [r3, #68]
 943 0228 42F02002 		orr	r2, r2, #32
 944 022c 5A64     		str	r2, [r3, #68]
 361:Core/Src/usart.c **** 
 945              		.loc 1 361 5 view .LVU325
 946 022e 5A6C     		ldr	r2, [r3, #68]
 947 0230 02F02002 		and	r2, r2, #32
 948 0234 0D92     		str	r2, [sp, #52]
 361:Core/Src/usart.c **** 
 949              		.loc 1 361 5 view .LVU326
 950 0236 0D9A     		ldr	r2, [sp, #52]
 951              	.LBE15:
 361:Core/Src/usart.c **** 
 952              		.loc 1 361 5 view .LVU327
 363:Core/Src/usart.c ****     /**USART6 GPIO Configuration
 953              		.loc 1 363 5 view .LVU328
 954              	.LBB16:
 363:Core/Src/usart.c ****     /**USART6 GPIO Configuration
 955              		.loc 1 363 5 view .LVU329
 956 0238 0E91     		str	r1, [sp, #56]
 363:Core/Src/usart.c ****     /**USART6 GPIO Configuration
 957              		.loc 1 363 5 view .LVU330
 958 023a 1A6B     		ldr	r2, [r3, #48]
 959 023c 42F00402 		orr	r2, r2, #4
 960 0240 1A63     		str	r2, [r3, #48]
 363:Core/Src/usart.c ****     /**USART6 GPIO Configuration
 961              		.loc 1 363 5 view .LVU331
 962 0242 1B6B     		ldr	r3, [r3, #48]
 963 0244 03F00403 		and	r3, r3, #4
 964 0248 0E93     		str	r3, [sp, #56]
 363:Core/Src/usart.c ****     /**USART6 GPIO Configuration
 965              		.loc 1 363 5 view .LVU332
 966 024a 0E9B     		ldr	r3, [sp, #56]
 967              	.LBE16:
 363:Core/Src/usart.c ****     /**USART6 GPIO Configuration
 968              		.loc 1 363 5 view .LVU333
 368:Core/Src/usart.c ****     GPIO_InitStruct.Mode = GPIO_MODE_AF_PP;
 969              		.loc 1 368 5 view .LVU334
 368:Core/Src/usart.c ****     GPIO_InitStruct.Mode = GPIO_MODE_AF_PP;
 970              		.loc 1 368 25 is_stmt 0 view .LVU335
 971 024c C023     		movs	r3, #192
 972 024e 0F93     		str	r3, [sp, #60]
 369:Core/Src/usart.c ****     GPIO_InitStruct.Pull = GPIO_NOPULL;
 973              		.loc 1 369 5 is_stmt 1 view .LVU336
 369:Core/Src/usart.c ****     GPIO_InitStruct.Pull = GPIO_NOPULL;
 974              		.loc 1 369 26 is_stmt 0 view .LVU337
 975 0250 0223     		movs	r3, #2
 976 0252 1093     		str	r3, [sp, #64]
 370:Core/Src/usart.c ****     GPIO_InitStruct.Speed = GPIO_SPEED_FREQ_VERY_HIGH;
 977              		.loc 1 370 5 is_stmt 1 view .LVU338
 371:Core/Src/usart.c ****     GPIO_InitStruct.Alternate = GPIO_AF8_USART6;
 978              		.loc 1 371 5 view .LVU339
 371:Core/Src/usart.c ****     GPIO_InitStruct.Alternate = GPIO_AF8_USART6;
 979              		.loc 1 371 27 is_stmt 0 view .LVU340
 980 0254 0323     		movs	r3, #3
 981 0256 1293     		str	r3, [sp, #72]
 372:Core/Src/usart.c ****     HAL_GPIO_Init(GPIOC, &GPIO_InitStruct);
ARM GAS  /var/folders/8x/_y6g3dfs0698dfd49y4vcg_w0000gn/T//ccjbPl1I.s 			page 28


 982              		.loc 1 372 5 is_stmt 1 view .LVU341
 372:Core/Src/usart.c ****     HAL_GPIO_Init(GPIOC, &GPIO_InitStruct);
 983              		.loc 1 372 31 is_stmt 0 view .LVU342
 984 0258 0823     		movs	r3, #8
 985 025a 1393     		str	r3, [sp, #76]
 373:Core/Src/usart.c **** 
 986              		.loc 1 373 5 is_stmt 1 view .LVU343
 987 025c 0FA9     		add	r1, sp, #60
 988 025e 0948     		ldr	r0, .L51+28
 989              	.LVL33:
 373:Core/Src/usart.c **** 
 990              		.loc 1 373 5 is_stmt 0 view .LVU344
 991 0260 FFF7FEFF 		bl	HAL_GPIO_Init
 992              	.LVL34:
 993              		.loc 1 379 1 view .LVU345
 994 0264 EAE6     		b	.L37
 995              	.L52:
 996 0266 00BF     		.align	2
 997              	.L51:
 998 0268 004C0040 		.word	1073761280
 999 026c 00500040 		.word	1073762304
 1000 0270 00100140 		.word	1073811456
 1001 0274 00440040 		.word	1073759232
 1002 0278 00480040 		.word	1073760256
 1003 027c 00140140 		.word	1073812480
 1004 0280 00380240 		.word	1073887232
 1005 0284 00080240 		.word	1073874944
 1006 0288 000C0240 		.word	1073875968
 1007 028c 00000240 		.word	1073872896
 1008 0290 00040240 		.word	1073873920
 1009              		.cfi_endproc
 1010              	.LFE245:
 1012              		.section	.text.HAL_UART_MspDeInit,"ax",%progbits
 1013              		.align	1
 1014              		.global	HAL_UART_MspDeInit
 1015              		.syntax unified
 1016              		.thumb
 1017              		.thumb_func
 1019              	HAL_UART_MspDeInit:
 1020              	.LVL35:
 1021              	.LFB246:
 380:Core/Src/usart.c **** 
 381:Core/Src/usart.c **** void HAL_UART_MspDeInit(UART_HandleTypeDef* uartHandle)
 382:Core/Src/usart.c **** {
 1022              		.loc 1 382 1 is_stmt 1 view -0
 1023              		.cfi_startproc
 1024              		@ args = 0, pretend = 0, frame = 0
 1025              		@ frame_needed = 0, uses_anonymous_args = 0
 1026              		.loc 1 382 1 is_stmt 0 view .LVU347
 1027 0000 08B5     		push	{r3, lr}
 1028              	.LCFI10:
 1029              		.cfi_def_cfa_offset 8
 1030              		.cfi_offset 3, -8
 1031              		.cfi_offset 14, -4
 383:Core/Src/usart.c **** 
 384:Core/Src/usart.c ****   if(uartHandle->Instance==UART4)
 1032              		.loc 1 384 3 is_stmt 1 view .LVU348
ARM GAS  /var/folders/8x/_y6g3dfs0698dfd49y4vcg_w0000gn/T//ccjbPl1I.s 			page 29


 1033              		.loc 1 384 16 is_stmt 0 view .LVU349
 1034 0002 0368     		ldr	r3, [r0]
 1035              		.loc 1 384 5 view .LVU350
 1036 0004 324A     		ldr	r2, .L67
 1037 0006 9342     		cmp	r3, r2
 1038 0008 0FD0     		beq	.L61
 385:Core/Src/usart.c ****   {
 386:Core/Src/usart.c ****   /* USER CODE BEGIN UART4_MspDeInit 0 */
 387:Core/Src/usart.c **** 
 388:Core/Src/usart.c ****   /* USER CODE END UART4_MspDeInit 0 */
 389:Core/Src/usart.c ****     /* Peripheral clock disable */
 390:Core/Src/usart.c ****     __HAL_RCC_UART4_CLK_DISABLE();
 391:Core/Src/usart.c **** 
 392:Core/Src/usart.c ****     /**UART4 GPIO Configuration
 393:Core/Src/usart.c ****     PC10     ------> UART4_TX
 394:Core/Src/usart.c ****     PC11     ------> UART4_RX
 395:Core/Src/usart.c ****     */
 396:Core/Src/usart.c ****     HAL_GPIO_DeInit(GPIOC, GPIO_PIN_10|GPIO_PIN_11);
 397:Core/Src/usart.c **** 
 398:Core/Src/usart.c ****   /* USER CODE BEGIN UART4_MspDeInit 1 */
 399:Core/Src/usart.c **** 
 400:Core/Src/usart.c ****   /* USER CODE END UART4_MspDeInit 1 */
 401:Core/Src/usart.c ****   }
 402:Core/Src/usart.c ****   else if(uartHandle->Instance==UART5)
 1039              		.loc 1 402 8 is_stmt 1 view .LVU351
 1040              		.loc 1 402 10 is_stmt 0 view .LVU352
 1041 000a 324A     		ldr	r2, .L67+4
 1042 000c 9342     		cmp	r3, r2
 1043 000e 18D0     		beq	.L62
 403:Core/Src/usart.c ****   {
 404:Core/Src/usart.c ****   /* USER CODE BEGIN UART5_MspDeInit 0 */
 405:Core/Src/usart.c **** 
 406:Core/Src/usart.c ****   /* USER CODE END UART5_MspDeInit 0 */
 407:Core/Src/usart.c ****     /* Peripheral clock disable */
 408:Core/Src/usart.c ****     __HAL_RCC_UART5_CLK_DISABLE();
 409:Core/Src/usart.c **** 
 410:Core/Src/usart.c ****     /**UART5 GPIO Configuration
 411:Core/Src/usart.c ****     PC12     ------> UART5_TX
 412:Core/Src/usart.c ****     PD2     ------> UART5_RX
 413:Core/Src/usart.c ****     */
 414:Core/Src/usart.c ****     HAL_GPIO_DeInit(GPIOC, GPIO_PIN_12);
 415:Core/Src/usart.c **** 
 416:Core/Src/usart.c ****     HAL_GPIO_DeInit(GPIOD, GPIO_PIN_2);
 417:Core/Src/usart.c **** 
 418:Core/Src/usart.c ****   /* USER CODE BEGIN UART5_MspDeInit 1 */
 419:Core/Src/usart.c **** 
 420:Core/Src/usart.c ****   /* USER CODE END UART5_MspDeInit 1 */
 421:Core/Src/usart.c ****   }
 422:Core/Src/usart.c ****   else if(uartHandle->Instance==USART1)
 1044              		.loc 1 422 8 is_stmt 1 view .LVU353
 1045              		.loc 1 422 10 is_stmt 0 view .LVU354
 1046 0010 314A     		ldr	r2, .L67+8
 1047 0012 9342     		cmp	r3, r2
 1048 0014 25D0     		beq	.L63
 423:Core/Src/usart.c ****   {
 424:Core/Src/usart.c ****   /* USER CODE BEGIN USART1_MspDeInit 0 */
 425:Core/Src/usart.c **** 
ARM GAS  /var/folders/8x/_y6g3dfs0698dfd49y4vcg_w0000gn/T//ccjbPl1I.s 			page 30


 426:Core/Src/usart.c ****   /* USER CODE END USART1_MspDeInit 0 */
 427:Core/Src/usart.c ****     /* Peripheral clock disable */
 428:Core/Src/usart.c ****     __HAL_RCC_USART1_CLK_DISABLE();
 429:Core/Src/usart.c **** 
 430:Core/Src/usart.c ****     /**USART1 GPIO Configuration
 431:Core/Src/usart.c ****     PA10     ------> USART1_RX
 432:Core/Src/usart.c ****     PB6     ------> USART1_TX
 433:Core/Src/usart.c ****     */
 434:Core/Src/usart.c ****     HAL_GPIO_DeInit(GPIOA, GPIO_PIN_10);
 435:Core/Src/usart.c **** 
 436:Core/Src/usart.c ****     HAL_GPIO_DeInit(GPIOB, GPIO_PIN_6);
 437:Core/Src/usart.c **** 
 438:Core/Src/usart.c ****   /* USER CODE BEGIN USART1_MspDeInit 1 */
 439:Core/Src/usart.c **** 
 440:Core/Src/usart.c ****   /* USER CODE END USART1_MspDeInit 1 */
 441:Core/Src/usart.c ****   }
 442:Core/Src/usart.c ****   else if(uartHandle->Instance==USART2)
 1049              		.loc 1 442 8 is_stmt 1 view .LVU355
 1050              		.loc 1 442 10 is_stmt 0 view .LVU356
 1051 0016 314A     		ldr	r2, .L67+12
 1052 0018 9342     		cmp	r3, r2
 1053 001a 32D0     		beq	.L64
 443:Core/Src/usart.c ****   {
 444:Core/Src/usart.c ****   /* USER CODE BEGIN USART2_MspDeInit 0 */
 445:Core/Src/usart.c **** 
 446:Core/Src/usart.c ****   /* USER CODE END USART2_MspDeInit 0 */
 447:Core/Src/usart.c ****     /* Peripheral clock disable */
 448:Core/Src/usart.c ****     __HAL_RCC_USART2_CLK_DISABLE();
 449:Core/Src/usart.c **** 
 450:Core/Src/usart.c ****     /**USART2 GPIO Configuration
 451:Core/Src/usart.c ****     PD5     ------> USART2_TX
 452:Core/Src/usart.c ****     PD6     ------> USART2_RX
 453:Core/Src/usart.c ****     */
 454:Core/Src/usart.c ****     HAL_GPIO_DeInit(GPIOD, GPIO_PIN_5|GPIO_PIN_6);
 455:Core/Src/usart.c **** 
 456:Core/Src/usart.c ****   /* USER CODE BEGIN USART2_MspDeInit 1 */
 457:Core/Src/usart.c **** 
 458:Core/Src/usart.c ****   /* USER CODE END USART2_MspDeInit 1 */
 459:Core/Src/usart.c ****   }
 460:Core/Src/usart.c ****   else if(uartHandle->Instance==USART3)
 1054              		.loc 1 460 8 is_stmt 1 view .LVU357
 1055              		.loc 1 460 10 is_stmt 0 view .LVU358
 1056 001c 304A     		ldr	r2, .L67+16
 1057 001e 9342     		cmp	r3, r2
 1058 0020 3AD0     		beq	.L65
 461:Core/Src/usart.c ****   {
 462:Core/Src/usart.c ****   /* USER CODE BEGIN USART3_MspDeInit 0 */
 463:Core/Src/usart.c **** 
 464:Core/Src/usart.c ****   /* USER CODE END USART3_MspDeInit 0 */
 465:Core/Src/usart.c ****     /* Peripheral clock disable */
 466:Core/Src/usart.c ****     __HAL_RCC_USART3_CLK_DISABLE();
 467:Core/Src/usart.c **** 
 468:Core/Src/usart.c ****     /**USART3 GPIO Configuration
 469:Core/Src/usart.c ****     PB11     ------> USART3_RX
 470:Core/Src/usart.c ****     PD8     ------> USART3_TX
 471:Core/Src/usart.c ****     */
 472:Core/Src/usart.c ****     HAL_GPIO_DeInit(GPIOB, GPIO_PIN_11);
ARM GAS  /var/folders/8x/_y6g3dfs0698dfd49y4vcg_w0000gn/T//ccjbPl1I.s 			page 31


 473:Core/Src/usart.c **** 
 474:Core/Src/usart.c ****     HAL_GPIO_DeInit(GPIOD, GPIO_PIN_8);
 475:Core/Src/usart.c **** 
 476:Core/Src/usart.c ****   /* USER CODE BEGIN USART3_MspDeInit 1 */
 477:Core/Src/usart.c **** 
 478:Core/Src/usart.c ****   /* USER CODE END USART3_MspDeInit 1 */
 479:Core/Src/usart.c ****   }
 480:Core/Src/usart.c ****   else if(uartHandle->Instance==USART6)
 1059              		.loc 1 480 8 is_stmt 1 view .LVU359
 1060              		.loc 1 480 10 is_stmt 0 view .LVU360
 1061 0022 304A     		ldr	r2, .L67+20
 1062 0024 9342     		cmp	r3, r2
 1063 0026 48D0     		beq	.L66
 1064              	.LVL36:
 1065              	.L53:
 481:Core/Src/usart.c ****   {
 482:Core/Src/usart.c ****   /* USER CODE BEGIN USART6_MspDeInit 0 */
 483:Core/Src/usart.c **** 
 484:Core/Src/usart.c ****   /* USER CODE END USART6_MspDeInit 0 */
 485:Core/Src/usart.c ****     /* Peripheral clock disable */
 486:Core/Src/usart.c ****     __HAL_RCC_USART6_CLK_DISABLE();
 487:Core/Src/usart.c **** 
 488:Core/Src/usart.c ****     /**USART6 GPIO Configuration
 489:Core/Src/usart.c ****     PC6     ------> USART6_TX
 490:Core/Src/usart.c ****     PC7     ------> USART6_RX
 491:Core/Src/usart.c ****     */
 492:Core/Src/usart.c ****     HAL_GPIO_DeInit(GPIOC, GPIO_PIN_6|GPIO_PIN_7);
 493:Core/Src/usart.c **** 
 494:Core/Src/usart.c ****   /* USER CODE BEGIN USART6_MspDeInit 1 */
 495:Core/Src/usart.c **** 
 496:Core/Src/usart.c ****   /* USER CODE END USART6_MspDeInit 1 */
 497:Core/Src/usart.c ****   }
 498:Core/Src/usart.c **** }
 1066              		.loc 1 498 1 view .LVU361
 1067 0028 08BD     		pop	{r3, pc}
 1068              	.LVL37:
 1069              	.L61:
 390:Core/Src/usart.c **** 
 1070              		.loc 1 390 5 is_stmt 1 view .LVU362
 1071 002a 02F5F632 		add	r2, r2, #125952
 1072 002e 136C     		ldr	r3, [r2, #64]
 1073 0030 23F40023 		bic	r3, r3, #524288
 1074 0034 1364     		str	r3, [r2, #64]
 396:Core/Src/usart.c **** 
 1075              		.loc 1 396 5 view .LVU363
 1076 0036 4FF44061 		mov	r1, #3072
 1077 003a 2B48     		ldr	r0, .L67+24
 1078              	.LVL38:
 396:Core/Src/usart.c **** 
 1079              		.loc 1 396 5 is_stmt 0 view .LVU364
 1080 003c FFF7FEFF 		bl	HAL_GPIO_DeInit
 1081              	.LVL39:
 1082 0040 F2E7     		b	.L53
 1083              	.LVL40:
 1084              	.L62:
 408:Core/Src/usart.c **** 
 1085              		.loc 1 408 5 is_stmt 1 view .LVU365
ARM GAS  /var/folders/8x/_y6g3dfs0698dfd49y4vcg_w0000gn/T//ccjbPl1I.s 			page 32


 1086 0042 02F5F432 		add	r2, r2, #124928
 1087 0046 136C     		ldr	r3, [r2, #64]
 1088 0048 23F48013 		bic	r3, r3, #1048576
 1089 004c 1364     		str	r3, [r2, #64]
 414:Core/Src/usart.c **** 
 1090              		.loc 1 414 5 view .LVU366
 1091 004e 4FF48051 		mov	r1, #4096
 1092 0052 2548     		ldr	r0, .L67+24
 1093              	.LVL41:
 414:Core/Src/usart.c **** 
 1094              		.loc 1 414 5 is_stmt 0 view .LVU367
 1095 0054 FFF7FEFF 		bl	HAL_GPIO_DeInit
 1096              	.LVL42:
 416:Core/Src/usart.c **** 
 1097              		.loc 1 416 5 is_stmt 1 view .LVU368
 1098 0058 0421     		movs	r1, #4
 1099 005a 2448     		ldr	r0, .L67+28
 1100 005c FFF7FEFF 		bl	HAL_GPIO_DeInit
 1101              	.LVL43:
 1102 0060 E2E7     		b	.L53
 1103              	.LVL44:
 1104              	.L63:
 428:Core/Src/usart.c **** 
 1105              		.loc 1 428 5 view .LVU369
 1106 0062 02F59432 		add	r2, r2, #75776
 1107 0066 536C     		ldr	r3, [r2, #68]
 1108 0068 23F01003 		bic	r3, r3, #16
 1109 006c 5364     		str	r3, [r2, #68]
 434:Core/Src/usart.c **** 
 1110              		.loc 1 434 5 view .LVU370
 1111 006e 4FF48061 		mov	r1, #1024
 1112 0072 1F48     		ldr	r0, .L67+32
 1113              	.LVL45:
 434:Core/Src/usart.c **** 
 1114              		.loc 1 434 5 is_stmt 0 view .LVU371
 1115 0074 FFF7FEFF 		bl	HAL_GPIO_DeInit
 1116              	.LVL46:
 436:Core/Src/usart.c **** 
 1117              		.loc 1 436 5 is_stmt 1 view .LVU372
 1118 0078 4021     		movs	r1, #64
 1119 007a 1E48     		ldr	r0, .L67+36
 1120 007c FFF7FEFF 		bl	HAL_GPIO_DeInit
 1121              	.LVL47:
 1122 0080 D2E7     		b	.L53
 1123              	.LVL48:
 1124              	.L64:
 448:Core/Src/usart.c **** 
 1125              		.loc 1 448 5 view .LVU373
 1126 0082 02F5FA32 		add	r2, r2, #128000
 1127 0086 136C     		ldr	r3, [r2, #64]
 1128 0088 23F40033 		bic	r3, r3, #131072
 1129 008c 1364     		str	r3, [r2, #64]
 454:Core/Src/usart.c **** 
 1130              		.loc 1 454 5 view .LVU374
 1131 008e 6021     		movs	r1, #96
 1132 0090 1648     		ldr	r0, .L67+28
 1133              	.LVL49:
ARM GAS  /var/folders/8x/_y6g3dfs0698dfd49y4vcg_w0000gn/T//ccjbPl1I.s 			page 33


 454:Core/Src/usart.c **** 
 1134              		.loc 1 454 5 is_stmt 0 view .LVU375
 1135 0092 FFF7FEFF 		bl	HAL_GPIO_DeInit
 1136              	.LVL50:
 1137 0096 C7E7     		b	.L53
 1138              	.LVL51:
 1139              	.L65:
 466:Core/Src/usart.c **** 
 1140              		.loc 1 466 5 is_stmt 1 view .LVU376
 1141 0098 02F5F832 		add	r2, r2, #126976
 1142 009c 136C     		ldr	r3, [r2, #64]
 1143 009e 23F48023 		bic	r3, r3, #262144
 1144 00a2 1364     		str	r3, [r2, #64]
 472:Core/Src/usart.c **** 
 1145              		.loc 1 472 5 view .LVU377
 1146 00a4 4FF40061 		mov	r1, #2048
 1147 00a8 1248     		ldr	r0, .L67+36
 1148              	.LVL52:
 472:Core/Src/usart.c **** 
 1149              		.loc 1 472 5 is_stmt 0 view .LVU378
 1150 00aa FFF7FEFF 		bl	HAL_GPIO_DeInit
 1151              	.LVL53:
 474:Core/Src/usart.c **** 
 1152              		.loc 1 474 5 is_stmt 1 view .LVU379
 1153 00ae 4FF48071 		mov	r1, #256
 1154 00b2 0E48     		ldr	r0, .L67+28
 1155 00b4 FFF7FEFF 		bl	HAL_GPIO_DeInit
 1156              	.LVL54:
 1157 00b8 B6E7     		b	.L53
 1158              	.LVL55:
 1159              	.L66:
 486:Core/Src/usart.c **** 
 1160              		.loc 1 486 5 view .LVU380
 1161 00ba 02F59232 		add	r2, r2, #74752
 1162 00be 536C     		ldr	r3, [r2, #68]
 1163 00c0 23F02003 		bic	r3, r3, #32
 1164 00c4 5364     		str	r3, [r2, #68]
 492:Core/Src/usart.c **** 
 1165              		.loc 1 492 5 view .LVU381
 1166 00c6 C021     		movs	r1, #192
 1167 00c8 0748     		ldr	r0, .L67+24
 1168              	.LVL56:
 492:Core/Src/usart.c **** 
 1169              		.loc 1 492 5 is_stmt 0 view .LVU382
 1170 00ca FFF7FEFF 		bl	HAL_GPIO_DeInit
 1171              	.LVL57:
 1172              		.loc 1 498 1 view .LVU383
 1173 00ce ABE7     		b	.L53
 1174              	.L68:
 1175              		.align	2
 1176              	.L67:
 1177 00d0 004C0040 		.word	1073761280
 1178 00d4 00500040 		.word	1073762304
 1179 00d8 00100140 		.word	1073811456
 1180 00dc 00440040 		.word	1073759232
 1181 00e0 00480040 		.word	1073760256
 1182 00e4 00140140 		.word	1073812480
ARM GAS  /var/folders/8x/_y6g3dfs0698dfd49y4vcg_w0000gn/T//ccjbPl1I.s 			page 34


 1183 00e8 00080240 		.word	1073874944
 1184 00ec 000C0240 		.word	1073875968
 1185 00f0 00000240 		.word	1073872896
 1186 00f4 00040240 		.word	1073873920
 1187              		.cfi_endproc
 1188              	.LFE246:
 1190              		.global	huart6
 1191              		.section	.bss.huart6,"aw",%nobits
 1192              		.align	2
 1195              	huart6:
 1196 0000 00000000 		.space	72
 1196      00000000 
 1196      00000000 
 1196      00000000 
 1196      00000000 
 1197              		.global	huart3
 1198              		.section	.bss.huart3,"aw",%nobits
 1199              		.align	2
 1202              	huart3:
 1203 0000 00000000 		.space	72
 1203      00000000 
 1203      00000000 
 1203      00000000 
 1203      00000000 
 1204              		.global	huart2
 1205              		.section	.bss.huart2,"aw",%nobits
 1206              		.align	2
 1209              	huart2:
 1210 0000 00000000 		.space	72
 1210      00000000 
 1210      00000000 
 1210      00000000 
 1210      00000000 
 1211              		.global	huart1
 1212              		.section	.bss.huart1,"aw",%nobits
 1213              		.align	2
 1216              	huart1:
 1217 0000 00000000 		.space	72
 1217      00000000 
 1217      00000000 
 1217      00000000 
 1217      00000000 
 1218              		.global	huart5
 1219              		.section	.bss.huart5,"aw",%nobits
 1220              		.align	2
 1223              	huart5:
 1224 0000 00000000 		.space	72
 1224      00000000 
 1224      00000000 
 1224      00000000 
 1224      00000000 
 1225              		.global	huart4
 1226              		.section	.bss.huart4,"aw",%nobits
 1227              		.align	2
 1230              	huart4:
 1231 0000 00000000 		.space	72
 1231      00000000 
ARM GAS  /var/folders/8x/_y6g3dfs0698dfd49y4vcg_w0000gn/T//ccjbPl1I.s 			page 35


 1231      00000000 
 1231      00000000 
 1231      00000000 
 1232              		.text
 1233              	.Letext0:
 1234              		.file 2 "/Applications/ArmGNUToolchain/13.3.rel1/arm-none-eabi/arm-none-eabi/include/machine/_defa
 1235              		.file 3 "/Applications/ArmGNUToolchain/13.3.rel1/arm-none-eabi/arm-none-eabi/include/sys/_stdint.h
 1236              		.file 4 "Drivers/CMSIS/Device/ST/STM32F4xx/Include/stm32f407xx.h"
 1237              		.file 5 "Drivers/STM32F4xx_HAL_Driver/Inc/stm32f4xx_hal_def.h"
 1238              		.file 6 "Drivers/STM32F4xx_HAL_Driver/Inc/stm32f4xx_hal_gpio.h"
 1239              		.file 7 "Drivers/STM32F4xx_HAL_Driver/Inc/stm32f4xx_hal_dma.h"
 1240              		.file 8 "Drivers/STM32F4xx_HAL_Driver/Inc/stm32f4xx_hal_uart.h"
 1241              		.file 9 "Core/Inc/usart.h"
 1242              		.file 10 "Core/Inc/main.h"
ARM GAS  /var/folders/8x/_y6g3dfs0698dfd49y4vcg_w0000gn/T//ccjbPl1I.s 			page 36


DEFINED SYMBOLS
                            *ABS*:00000000 usart.c
/var/folders/8x/_y6g3dfs0698dfd49y4vcg_w0000gn/T//ccjbPl1I.s:21     .text.MX_UART4_Init:00000000 $t
/var/folders/8x/_y6g3dfs0698dfd49y4vcg_w0000gn/T//ccjbPl1I.s:27     .text.MX_UART4_Init:00000000 MX_UART4_Init
/var/folders/8x/_y6g3dfs0698dfd49y4vcg_w0000gn/T//ccjbPl1I.s:85     .text.MX_UART4_Init:0000002c $d
/var/folders/8x/_y6g3dfs0698dfd49y4vcg_w0000gn/T//ccjbPl1I.s:1230   .bss.huart4:00000000 huart4
/var/folders/8x/_y6g3dfs0698dfd49y4vcg_w0000gn/T//ccjbPl1I.s:91     .text.MX_UART5_Init:00000000 $t
/var/folders/8x/_y6g3dfs0698dfd49y4vcg_w0000gn/T//ccjbPl1I.s:97     .text.MX_UART5_Init:00000000 MX_UART5_Init
/var/folders/8x/_y6g3dfs0698dfd49y4vcg_w0000gn/T//ccjbPl1I.s:155    .text.MX_UART5_Init:0000002c $d
/var/folders/8x/_y6g3dfs0698dfd49y4vcg_w0000gn/T//ccjbPl1I.s:1223   .bss.huart5:00000000 huart5
/var/folders/8x/_y6g3dfs0698dfd49y4vcg_w0000gn/T//ccjbPl1I.s:161    .text.MX_USART1_UART_Init:00000000 $t
/var/folders/8x/_y6g3dfs0698dfd49y4vcg_w0000gn/T//ccjbPl1I.s:167    .text.MX_USART1_UART_Init:00000000 MX_USART1_UART_Init
/var/folders/8x/_y6g3dfs0698dfd49y4vcg_w0000gn/T//ccjbPl1I.s:225    .text.MX_USART1_UART_Init:0000002c $d
/var/folders/8x/_y6g3dfs0698dfd49y4vcg_w0000gn/T//ccjbPl1I.s:1216   .bss.huart1:00000000 huart1
/var/folders/8x/_y6g3dfs0698dfd49y4vcg_w0000gn/T//ccjbPl1I.s:231    .text.MX_USART2_UART_Init:00000000 $t
/var/folders/8x/_y6g3dfs0698dfd49y4vcg_w0000gn/T//ccjbPl1I.s:237    .text.MX_USART2_UART_Init:00000000 MX_USART2_UART_Init
/var/folders/8x/_y6g3dfs0698dfd49y4vcg_w0000gn/T//ccjbPl1I.s:295    .text.MX_USART2_UART_Init:0000002c $d
/var/folders/8x/_y6g3dfs0698dfd49y4vcg_w0000gn/T//ccjbPl1I.s:1209   .bss.huart2:00000000 huart2
/var/folders/8x/_y6g3dfs0698dfd49y4vcg_w0000gn/T//ccjbPl1I.s:301    .text.MX_USART3_UART_Init:00000000 $t
/var/folders/8x/_y6g3dfs0698dfd49y4vcg_w0000gn/T//ccjbPl1I.s:307    .text.MX_USART3_UART_Init:00000000 MX_USART3_UART_Init
/var/folders/8x/_y6g3dfs0698dfd49y4vcg_w0000gn/T//ccjbPl1I.s:365    .text.MX_USART3_UART_Init:0000002c $d
/var/folders/8x/_y6g3dfs0698dfd49y4vcg_w0000gn/T//ccjbPl1I.s:1202   .bss.huart3:00000000 huart3
/var/folders/8x/_y6g3dfs0698dfd49y4vcg_w0000gn/T//ccjbPl1I.s:371    .text.MX_USART6_UART_Init:00000000 $t
/var/folders/8x/_y6g3dfs0698dfd49y4vcg_w0000gn/T//ccjbPl1I.s:377    .text.MX_USART6_UART_Init:00000000 MX_USART6_UART_Init
/var/folders/8x/_y6g3dfs0698dfd49y4vcg_w0000gn/T//ccjbPl1I.s:435    .text.MX_USART6_UART_Init:0000002c $d
/var/folders/8x/_y6g3dfs0698dfd49y4vcg_w0000gn/T//ccjbPl1I.s:1195   .bss.huart6:00000000 huart6
/var/folders/8x/_y6g3dfs0698dfd49y4vcg_w0000gn/T//ccjbPl1I.s:441    .text.HAL_UART_MspInit:00000000 $t
/var/folders/8x/_y6g3dfs0698dfd49y4vcg_w0000gn/T//ccjbPl1I.s:447    .text.HAL_UART_MspInit:00000000 HAL_UART_MspInit
/var/folders/8x/_y6g3dfs0698dfd49y4vcg_w0000gn/T//ccjbPl1I.s:998    .text.HAL_UART_MspInit:00000268 $d
/var/folders/8x/_y6g3dfs0698dfd49y4vcg_w0000gn/T//ccjbPl1I.s:1013   .text.HAL_UART_MspDeInit:00000000 $t
/var/folders/8x/_y6g3dfs0698dfd49y4vcg_w0000gn/T//ccjbPl1I.s:1019   .text.HAL_UART_MspDeInit:00000000 HAL_UART_MspDeInit
/var/folders/8x/_y6g3dfs0698dfd49y4vcg_w0000gn/T//ccjbPl1I.s:1177   .text.HAL_UART_MspDeInit:000000d0 $d
/var/folders/8x/_y6g3dfs0698dfd49y4vcg_w0000gn/T//ccjbPl1I.s:1192   .bss.huart6:00000000 $d
/var/folders/8x/_y6g3dfs0698dfd49y4vcg_w0000gn/T//ccjbPl1I.s:1199   .bss.huart3:00000000 $d
/var/folders/8x/_y6g3dfs0698dfd49y4vcg_w0000gn/T//ccjbPl1I.s:1206   .bss.huart2:00000000 $d
/var/folders/8x/_y6g3dfs0698dfd49y4vcg_w0000gn/T//ccjbPl1I.s:1213   .bss.huart1:00000000 $d
/var/folders/8x/_y6g3dfs0698dfd49y4vcg_w0000gn/T//ccjbPl1I.s:1220   .bss.huart5:00000000 $d
/var/folders/8x/_y6g3dfs0698dfd49y4vcg_w0000gn/T//ccjbPl1I.s:1227   .bss.huart4:00000000 $d

UNDEFINED SYMBOLS
HAL_UART_Init
Error_Handler
HAL_GPIO_Init
HAL_GPIO_DeInit
