ARM GAS  /var/folders/8x/_y6g3dfs0698dfd49y4vcg_w0000gn/T//cc8kLptk.s 			page 1


   1              		.cpu cortex-m3
   2              		.arch armv7-m
   3              		.fpu softvfp
   4              		.eabi_attribute 20, 1
   5              		.eabi_attribute 21, 1
   6              		.eabi_attribute 23, 3
   7              		.eabi_attribute 24, 1
   8              		.eabi_attribute 25, 1
   9              		.eabi_attribute 26, 1
  10              		.eabi_attribute 30, 1
  11              		.eabi_attribute 34, 1
  12              		.eabi_attribute 18, 4
  13              		.file	"main.c"
  14              		.text
  15              	.Ltext0:
  16              		.cfi_sections	.debug_frame
  17              		.file 1 "Core/Src/main.c"
  18              		.section	.text.__io_putchar,"ax",%progbits
  19              		.align	1
  20              		.global	__io_putchar
  21              		.syntax unified
  22              		.thumb
  23              		.thumb_func
  25              	__io_putchar:
  26              	.LVL0:
  27              	.LFB70:
   1:Core/Src/main.c **** /* USER CODE BEGIN Header */
   2:Core/Src/main.c **** /**
   3:Core/Src/main.c ****   ******************************************************************************
   4:Core/Src/main.c ****   * @file           : main.c
   5:Core/Src/main.c ****   * @brief          : Main program body
   6:Core/Src/main.c ****   ******************************************************************************
   7:Core/Src/main.c ****   * @attention
   8:Core/Src/main.c ****   *
   9:Core/Src/main.c ****   * Copyright (c) 2025 STMicroelectronics.
  10:Core/Src/main.c ****   * All rights reserved.
  11:Core/Src/main.c ****   *
  12:Core/Src/main.c ****   * This software is licensed under terms that can be found in the LICENSE file
  13:Core/Src/main.c ****   * in the root directory of this software component.
  14:Core/Src/main.c ****   * If no LICENSE file comes with this software, it is provided AS-IS.
  15:Core/Src/main.c ****   *
  16:Core/Src/main.c ****   ******************************************************************************
  17:Core/Src/main.c ****   */
  18:Core/Src/main.c **** /* USER CODE END Header */
  19:Core/Src/main.c **** /* Includes ------------------------------------------------------------------*/
  20:Core/Src/main.c **** #include "main.h"
  21:Core/Src/main.c **** #include "i2c.h"
  22:Core/Src/main.c **** #include "usart.h"
  23:Core/Src/main.c **** #include "gpio.h"
  24:Core/Src/main.c **** 
  25:Core/Src/main.c **** 
  26:Core/Src/main.c **** /* Private includes ----------------------------------------------------------*/
  27:Core/Src/main.c **** /* USER CODE BEGIN Includes */
  28:Core/Src/main.c **** #include <stdio.h>
  29:Core/Src/main.c **** 
  30:Core/Src/main.c **** /* USER CODE END Includes */
  31:Core/Src/main.c **** 
ARM GAS  /var/folders/8x/_y6g3dfs0698dfd49y4vcg_w0000gn/T//cc8kLptk.s 			page 2


  32:Core/Src/main.c **** /* Private typedef -----------------------------------------------------------*/
  33:Core/Src/main.c **** /* USER CODE BEGIN PTD */
  34:Core/Src/main.c **** 
  35:Core/Src/main.c **** /* USER CODE END PTD */
  36:Core/Src/main.c **** 
  37:Core/Src/main.c **** /* Private define ------------------------------------------------------------*/
  38:Core/Src/main.c **** /* USER CODE BEGIN PD */
  39:Core/Src/main.c **** 
  40:Core/Src/main.c **** /* USER CODE END PD */
  41:Core/Src/main.c **** 
  42:Core/Src/main.c **** /* Private macro -------------------------------------------------------------*/
  43:Core/Src/main.c **** /* USER CODE BEGIN PM */
  44:Core/Src/main.c **** #define AS5600_I2C_ADDRESS (0x36 << 1) // Shift left for 8-bit address
  45:Core/Src/main.c **** #define AS5600_RAW_ANGLE_REGISTER 0x0C // Raw angle register address
  46:Core/Src/main.c **** 
  47:Core/Src/main.c **** /* USER CODE END PM */
  48:Core/Src/main.c **** 
  49:Core/Src/main.c **** /* Private variables ---------------------------------------------------------*/
  50:Core/Src/main.c **** 
  51:Core/Src/main.c **** /* USER CODE BEGIN PV */
  52:Core/Src/main.c **** 
  53:Core/Src/main.c **** /* USER CODE END PV */
  54:Core/Src/main.c **** 
  55:Core/Src/main.c **** /* Private function prototypes -----------------------------------------------*/
  56:Core/Src/main.c **** void SystemClock_Config(void);
  57:Core/Src/main.c **** /* USER CODE BEGIN PFP */
  58:Core/Src/main.c **** #define PUTCHAR_PROTOTYPE int __io_putchar(int ch)
  59:Core/Src/main.c **** uint16_t AS5600_ReadRawAngle(void);
  60:Core/Src/main.c **** 
  61:Core/Src/main.c **** 
  62:Core/Src/main.c **** /* USER CODE END PFP */
  63:Core/Src/main.c **** 
  64:Core/Src/main.c **** /* Private user code ---------------------------------------------------------*/
  65:Core/Src/main.c **** /* USER CODE BEGIN 0 */
  66:Core/Src/main.c **** 
  67:Core/Src/main.c **** /* USER CODE END 0 */
  68:Core/Src/main.c **** 
  69:Core/Src/main.c **** /**
  70:Core/Src/main.c ****   * @brief  The application entry point.
  71:Core/Src/main.c ****   * @retval int
  72:Core/Src/main.c ****   */
  73:Core/Src/main.c **** int main(void)
  74:Core/Src/main.c **** {
  75:Core/Src/main.c **** 
  76:Core/Src/main.c ****   /* USER CODE BEGIN 1 */
  77:Core/Src/main.c **** 
  78:Core/Src/main.c ****   /* USER CODE END 1 */
  79:Core/Src/main.c **** 
  80:Core/Src/main.c ****   /* MCU Configuration--------------------------------------------------------*/
  81:Core/Src/main.c **** 
  82:Core/Src/main.c ****   /* Reset of all peripherals, Initializes the Flash interface and the Systick. */
  83:Core/Src/main.c ****   HAL_Init();
  84:Core/Src/main.c **** 
  85:Core/Src/main.c ****   /* USER CODE BEGIN Init */
  86:Core/Src/main.c **** 
  87:Core/Src/main.c ****   /* USER CODE END Init */
  88:Core/Src/main.c **** 
ARM GAS  /var/folders/8x/_y6g3dfs0698dfd49y4vcg_w0000gn/T//cc8kLptk.s 			page 3


  89:Core/Src/main.c ****   /* Configure the system clock */
  90:Core/Src/main.c ****   SystemClock_Config();
  91:Core/Src/main.c **** 
  92:Core/Src/main.c ****   /* USER CODE BEGIN SysInit */
  93:Core/Src/main.c **** 
  94:Core/Src/main.c ****   /* USER CODE END SysInit */
  95:Core/Src/main.c **** 
  96:Core/Src/main.c ****   /* Initialize all configured peripherals */
  97:Core/Src/main.c ****   MX_GPIO_Init();
  98:Core/Src/main.c ****   MX_I2C1_Init();
  99:Core/Src/main.c ****   MX_USART1_UART_Init();
 100:Core/Src/main.c ****   /* USER CODE BEGIN 2 */
 101:Core/Src/main.c **** 
 102:Core/Src/main.c ****   uint16_t raw_angle;
 103:Core/Src/main.c **** 
 104:Core/Src/main.c ****   /* USER CODE END 2 */
 105:Core/Src/main.c **** 
 106:Core/Src/main.c ****   /* Infinite loop */
 107:Core/Src/main.c ****   /* USER CODE BEGIN WHILE */
 108:Core/Src/main.c ****   while (1)
 109:Core/Src/main.c ****   {
 110:Core/Src/main.c ****     /* USER CODE END WHILE */
 111:Core/Src/main.c **** 
 112:Core/Src/main.c ****     /* USER CODE BEGIN 3 */
 113:Core/Src/main.c ****     HAL_GPIO_TogglePin(LED_GPIO_Port, LED_Pin);
 114:Core/Src/main.c ****     printf("Calling AS5600...\n");
 115:Core/Src/main.c ****     raw_angle = AS5600_ReadRawAngle();
 116:Core/Src/main.c **** 
 117:Core/Src/main.c ****     char str[6]; // Enough to hold the maximum value of uint16_t (65535) + null terminator
 118:Core/Src/main.c ****     sprintf(str, "%u", raw_angle); // Format the number as an unsigned decimal
 119:Core/Src/main.c ****     printf(str);
 120:Core/Src/main.c ****     printf("\n");
 121:Core/Src/main.c **** 
 122:Core/Src/main.c ****     HAL_Delay(200);
 123:Core/Src/main.c ****   }
 124:Core/Src/main.c ****   /* USER CODE END 3 */
 125:Core/Src/main.c **** }
 126:Core/Src/main.c **** 
 127:Core/Src/main.c **** /**
 128:Core/Src/main.c ****   * @brief System Clock Configuration
 129:Core/Src/main.c ****   * @retval None
 130:Core/Src/main.c ****   */
 131:Core/Src/main.c **** void SystemClock_Config(void)
 132:Core/Src/main.c **** {
 133:Core/Src/main.c ****   RCC_OscInitTypeDef RCC_OscInitStruct = {0};
 134:Core/Src/main.c ****   RCC_ClkInitTypeDef RCC_ClkInitStruct = {0};
 135:Core/Src/main.c **** 
 136:Core/Src/main.c ****   /** Initializes the RCC Oscillators according to the specified parameters
 137:Core/Src/main.c ****   * in the RCC_OscInitTypeDef structure.
 138:Core/Src/main.c ****   */
 139:Core/Src/main.c ****   RCC_OscInitStruct.OscillatorType = RCC_OSCILLATORTYPE_HSI;
 140:Core/Src/main.c ****   RCC_OscInitStruct.HSIState = RCC_HSI_ON;
 141:Core/Src/main.c ****   RCC_OscInitStruct.HSICalibrationValue = RCC_HSICALIBRATION_DEFAULT;
 142:Core/Src/main.c ****   RCC_OscInitStruct.PLL.PLLState = RCC_PLL_NONE;
 143:Core/Src/main.c ****   if (HAL_RCC_OscConfig(&RCC_OscInitStruct) != HAL_OK)
 144:Core/Src/main.c ****   {
 145:Core/Src/main.c ****     Error_Handler();
ARM GAS  /var/folders/8x/_y6g3dfs0698dfd49y4vcg_w0000gn/T//cc8kLptk.s 			page 4


 146:Core/Src/main.c ****   }
 147:Core/Src/main.c **** 
 148:Core/Src/main.c ****   /** Initializes the CPU, AHB and APB buses clocks
 149:Core/Src/main.c ****   */
 150:Core/Src/main.c ****   RCC_ClkInitStruct.ClockType = RCC_CLOCKTYPE_HCLK|RCC_CLOCKTYPE_SYSCLK
 151:Core/Src/main.c ****                               |RCC_CLOCKTYPE_PCLK1|RCC_CLOCKTYPE_PCLK2;
 152:Core/Src/main.c ****   RCC_ClkInitStruct.SYSCLKSource = RCC_SYSCLKSOURCE_HSI;
 153:Core/Src/main.c ****   RCC_ClkInitStruct.AHBCLKDivider = RCC_SYSCLK_DIV1;
 154:Core/Src/main.c ****   RCC_ClkInitStruct.APB1CLKDivider = RCC_HCLK_DIV1;
 155:Core/Src/main.c ****   RCC_ClkInitStruct.APB2CLKDivider = RCC_HCLK_DIV1;
 156:Core/Src/main.c **** 
 157:Core/Src/main.c ****   if (HAL_RCC_ClockConfig(&RCC_ClkInitStruct, FLASH_LATENCY_0) != HAL_OK)
 158:Core/Src/main.c ****   {
 159:Core/Src/main.c ****     Error_Handler();
 160:Core/Src/main.c ****   }
 161:Core/Src/main.c **** }
 162:Core/Src/main.c **** 
 163:Core/Src/main.c **** /* USER CODE BEGIN 4 */
 164:Core/Src/main.c **** /**
 165:Core/Src/main.c ****   * @brief  Retargets the C library printf function to the USART.
 166:Core/Src/main.c ****   * @retval None
 167:Core/Src/main.c ****   */
 168:Core/Src/main.c ****  PUTCHAR_PROTOTYPE
 169:Core/Src/main.c ****  {
  28              		.loc 1 169 2 view -0
  29              		.cfi_startproc
  30              		@ args = 0, pretend = 0, frame = 8
  31              		@ frame_needed = 0, uses_anonymous_args = 0
  32              		.loc 1 169 2 is_stmt 0 view .LVU1
  33 0000 00B5     		push	{lr}
  34              	.LCFI0:
  35              		.cfi_def_cfa_offset 4
  36              		.cfi_offset 14, -4
  37 0002 83B0     		sub	sp, sp, #12
  38              	.LCFI1:
  39              		.cfi_def_cfa_offset 16
  40 0004 0190     		str	r0, [sp, #4]
 170:Core/Src/main.c ****    /* Place your implementation of fputc here */
 171:Core/Src/main.c ****    /* e.g. write a character to the USART1 and Loop until the end of transmission */
 172:Core/Src/main.c ****    HAL_UART_Transmit(&huart1, (uint8_t *)&ch, 1, 0xFFFF);
  41              		.loc 1 172 4 is_stmt 1 view .LVU2
  42 0006 4FF6FF73 		movw	r3, #65535
  43 000a 0122     		movs	r2, #1
  44 000c 01A9     		add	r1, sp, #4
  45 000e 0348     		ldr	r0, .L3
  46              	.LVL1:
  47              		.loc 1 172 4 is_stmt 0 view .LVU3
  48 0010 FFF7FEFF 		bl	HAL_UART_Transmit
  49              	.LVL2:
 173:Core/Src/main.c ****  
 174:Core/Src/main.c ****    return ch;
  50              		.loc 1 174 4 is_stmt 1 view .LVU4
 175:Core/Src/main.c ****  }
  51              		.loc 1 175 2 is_stmt 0 view .LVU5
  52 0014 0198     		ldr	r0, [sp, #4]
  53 0016 03B0     		add	sp, sp, #12
  54              	.LCFI2:
ARM GAS  /var/folders/8x/_y6g3dfs0698dfd49y4vcg_w0000gn/T//cc8kLptk.s 			page 5


  55              		.cfi_def_cfa_offset 4
  56              		@ sp needed
  57 0018 5DF804FB 		ldr	pc, [sp], #4
  58              	.L4:
  59              		.align	2
  60              	.L3:
  61 001c 00000000 		.word	huart1
  62              		.cfi_endproc
  63              	.LFE70:
  65              		.section	.rodata.AS5600_ReadRawAngle.str1.4,"aMS",%progbits,1
  66              		.align	2
  67              	.LC0:
  68 0000 73746172 		.ascii	"starting I2C scan...\000"
  68      74696E67 
  68      20493243 
  68      20736361 
  68      6E2E2E2E 
  69 0015 000000   		.align	2
  70              	.LC1:
  71 0018 49324320 		.ascii	"I2C bus busy, resetting...\000"
  71      62757320 
  71      62757379 
  71      2C207265 
  71      73657474 
  72              		.section	.text.AS5600_ReadRawAngle,"ax",%progbits
  73              		.align	1
  74              		.global	AS5600_ReadRawAngle
  75              		.syntax unified
  76              		.thumb
  77              		.thumb_func
  79              	AS5600_ReadRawAngle:
  80              	.LFB71:
 176:Core/Src/main.c **** 
 177:Core/Src/main.c ****  uint16_t AS5600_ReadRawAngle(void)
 178:Core/Src/main.c **** {
  81              		.loc 1 178 1 is_stmt 1 view -0
  82              		.cfi_startproc
  83              		@ args = 0, pretend = 0, frame = 8
  84              		@ frame_needed = 0, uses_anonymous_args = 0
  85 0000 10B5     		push	{r4, lr}
  86              	.LCFI3:
  87              		.cfi_def_cfa_offset 8
  88              		.cfi_offset 4, -8
  89              		.cfi_offset 14, -4
  90 0002 86B0     		sub	sp, sp, #24
  91              	.LCFI4:
  92              		.cfi_def_cfa_offset 32
 179:Core/Src/main.c ****     printf("starting I2C scan...\n");
  93              		.loc 1 179 5 view .LVU7
  94 0004 1948     		ldr	r0, .L11
  95 0006 FFF7FEFF 		bl	puts
  96              	.LVL3:
 180:Core/Src/main.c ****     uint8_t buffer[2] = {0};
  97              		.loc 1 180 5 view .LVU8
  98              		.loc 1 180 13 is_stmt 0 view .LVU9
  99 000a 0023     		movs	r3, #0
 100 000c ADF81430 		strh	r3, [sp, #20]	@ movhi
ARM GAS  /var/folders/8x/_y6g3dfs0698dfd49y4vcg_w0000gn/T//cc8kLptk.s 			page 6


 181:Core/Src/main.c ****     uint16_t raw_angle = 0;
 101              		.loc 1 181 5 is_stmt 1 view .LVU10
 102              	.LVL4:
 182:Core/Src/main.c **** 
 183:Core/Src/main.c ****     if (__HAL_I2C_GET_FLAG(&hi2c1, I2C_FLAG_BUSY))
 103              		.loc 1 183 5 view .LVU11
 104              		.loc 1 183 9 is_stmt 0 view .LVU12
 105 0010 174B     		ldr	r3, .L11+4
 106 0012 1B68     		ldr	r3, [r3]
 107 0014 9B69     		ldr	r3, [r3, #24]
 108              		.loc 1 183 8 view .LVU13
 109 0016 13F0020F 		tst	r3, #2
 110 001a 19D1     		bne	.L10
 111              	.L6:
 184:Core/Src/main.c ****     {
 185:Core/Src/main.c ****       printf("I2C bus busy, resetting...\n");
 186:Core/Src/main.c ****       HAL_I2C_DeInit(&hi2c1);
 187:Core/Src/main.c ****       HAL_I2C_Init(&hi2c1);
 188:Core/Src/main.c **** 
 189:Core/Src/main.c ****     }
 190:Core/Src/main.c ****     
 191:Core/Src/main.c **** 
 192:Core/Src/main.c ****     
 193:Core/Src/main.c **** 
 194:Core/Src/main.c ****     if (HAL_I2C_Mem_Read(&hi2c1, AS5600_I2C_ADDRESS, AS5600_RAW_ANGLE_REGISTER, 
 112              		.loc 1 194 5 is_stmt 1 view .LVU14
 113              		.loc 1 194 9 is_stmt 0 view .LVU15
 114 001c 4FF0FF33 		mov	r3, #-1
 115 0020 0293     		str	r3, [sp, #8]
 116 0022 0223     		movs	r3, #2
 117 0024 0193     		str	r3, [sp, #4]
 118 0026 05AB     		add	r3, sp, #20
 119 0028 0093     		str	r3, [sp]
 120 002a 0123     		movs	r3, #1
 121 002c 0C22     		movs	r2, #12
 122 002e 6C21     		movs	r1, #108
 123 0030 0F48     		ldr	r0, .L11+4
 124 0032 FFF7FEFF 		bl	HAL_I2C_Mem_Read
 125              	.LVL5:
 126              		.loc 1 194 8 discriminator 1 view .LVU16
 127 0036 B0B9     		cbnz	r0, .L8
 195:Core/Src/main.c ****                          I2C_MEMADD_SIZE_8BIT, buffer, 2, HAL_MAX_DELAY) == HAL_OK)
 196:Core/Src/main.c ****     {
 197:Core/Src/main.c ****         raw_angle = (buffer[0] << 8) | buffer[1]; // Combine MSB and LSB
 128              		.loc 1 197 9 is_stmt 1 view .LVU17
 129              		.loc 1 197 28 is_stmt 0 view .LVU18
 130 0038 9DF81430 		ldrb	r3, [sp, #20]	@ zero_extendqisi2
 131              		.loc 1 197 46 view .LVU19
 132 003c 9DF81540 		ldrb	r4, [sp, #21]	@ zero_extendqisi2
 133              		.loc 1 197 19 view .LVU20
 134 0040 44EA0324 		orr	r4, r4, r3, lsl #8
 135              	.LVL6:
 136              	.L7:
 198:Core/Src/main.c ****     }
 199:Core/Src/main.c ****     HAL_Delay(10); // 10 ms delay between I2C operations
 137              		.loc 1 199 5 is_stmt 1 view .LVU21
 138 0044 0A20     		movs	r0, #10
ARM GAS  /var/folders/8x/_y6g3dfs0698dfd49y4vcg_w0000gn/T//cc8kLptk.s 			page 7


 139 0046 FFF7FEFF 		bl	HAL_Delay
 140              	.LVL7:
 200:Core/Src/main.c **** 
 201:Core/Src/main.c ****     return raw_angle;
 141              		.loc 1 201 5 view .LVU22
 202:Core/Src/main.c **** }
 142              		.loc 1 202 1 is_stmt 0 view .LVU23
 143 004a 2046     		mov	r0, r4
 144 004c 06B0     		add	sp, sp, #24
 145              	.LCFI5:
 146              		.cfi_remember_state
 147              		.cfi_def_cfa_offset 8
 148              		@ sp needed
 149 004e 10BD     		pop	{r4, pc}
 150              	.LVL8:
 151              	.L10:
 152              	.LCFI6:
 153              		.cfi_restore_state
 185:Core/Src/main.c ****       HAL_I2C_DeInit(&hi2c1);
 154              		.loc 1 185 7 is_stmt 1 view .LVU24
 155 0050 0848     		ldr	r0, .L11+8
 156 0052 FFF7FEFF 		bl	puts
 157              	.LVL9:
 186:Core/Src/main.c ****       HAL_I2C_Init(&hi2c1);
 158              		.loc 1 186 7 view .LVU25
 159 0056 064C     		ldr	r4, .L11+4
 160 0058 2046     		mov	r0, r4
 161 005a FFF7FEFF 		bl	HAL_I2C_DeInit
 162              	.LVL10:
 187:Core/Src/main.c **** 
 163              		.loc 1 187 7 view .LVU26
 164 005e 2046     		mov	r0, r4
 165 0060 FFF7FEFF 		bl	HAL_I2C_Init
 166              	.LVL11:
 167 0064 DAE7     		b	.L6
 168              	.L8:
 181:Core/Src/main.c **** 
 169              		.loc 1 181 14 is_stmt 0 view .LVU27
 170 0066 0024     		movs	r4, #0
 171 0068 ECE7     		b	.L7
 172              	.L12:
 173 006a 00BF     		.align	2
 174              	.L11:
 175 006c 00000000 		.word	.LC0
 176 0070 00000000 		.word	hi2c1
 177 0074 18000000 		.word	.LC1
 178              		.cfi_endproc
 179              	.LFE71:
 181              		.section	.rodata.Error_Handler.str1.4,"aMS",%progbits,1
 182              		.align	2
 183              	.LC2:
 184 0000 62727568 		.ascii	"bruh\000"
 184      00
 185              		.section	.text.Error_Handler,"ax",%progbits
 186              		.align	1
 187              		.global	Error_Handler
 188              		.syntax unified
ARM GAS  /var/folders/8x/_y6g3dfs0698dfd49y4vcg_w0000gn/T//cc8kLptk.s 			page 8


 189              		.thumb
 190              		.thumb_func
 192              	Error_Handler:
 193              	.LFB72:
 203:Core/Src/main.c **** 
 204:Core/Src/main.c **** /* USER CODE END 4 */
 205:Core/Src/main.c **** 
 206:Core/Src/main.c **** /**
 207:Core/Src/main.c ****   * @brief  This function is executed in case of error occurrence.
 208:Core/Src/main.c ****   * @retval None
 209:Core/Src/main.c ****   */
 210:Core/Src/main.c **** void Error_Handler(void)
 211:Core/Src/main.c **** {
 194              		.loc 1 211 1 is_stmt 1 view -0
 195              		.cfi_startproc
 196              		@ Volatile: function does not return.
 197              		@ args = 0, pretend = 0, frame = 0
 198              		@ frame_needed = 0, uses_anonymous_args = 0
 199 0000 08B5     		push	{r3, lr}
 200              	.LCFI7:
 201              		.cfi_def_cfa_offset 8
 202              		.cfi_offset 3, -8
 203              		.cfi_offset 14, -4
 212:Core/Src/main.c ****   /* USER CODE BEGIN Error_Handler_Debug */
 213:Core/Src/main.c ****   /* User can add his own implementation to report the HAL error return state */
 214:Core/Src/main.c ****   printf("bruh");
 204              		.loc 1 214 3 view .LVU29
 205 0002 0248     		ldr	r0, .L16
 206 0004 FFF7FEFF 		bl	printf
 207              	.LVL12:
 215:Core/Src/main.c ****   __disable_irq();
 208              		.loc 1 215 3 view .LVU30
 209              	.LBB4:
 210              	.LBI4:
 211              		.file 2 "Drivers/CMSIS/Include/cmsis_gcc.h"
   1:Drivers/CMSIS/Include/cmsis_gcc.h **** /**************************************************************************//**
   2:Drivers/CMSIS/Include/cmsis_gcc.h ****  * @file     cmsis_gcc.h
   3:Drivers/CMSIS/Include/cmsis_gcc.h ****  * @brief    CMSIS compiler GCC header file
   4:Drivers/CMSIS/Include/cmsis_gcc.h ****  * @version  V5.0.4
   5:Drivers/CMSIS/Include/cmsis_gcc.h ****  * @date     09. April 2018
   6:Drivers/CMSIS/Include/cmsis_gcc.h ****  ******************************************************************************/
   7:Drivers/CMSIS/Include/cmsis_gcc.h **** /*
   8:Drivers/CMSIS/Include/cmsis_gcc.h ****  * Copyright (c) 2009-2018 Arm Limited. All rights reserved.
   9:Drivers/CMSIS/Include/cmsis_gcc.h ****  *
  10:Drivers/CMSIS/Include/cmsis_gcc.h ****  * SPDX-License-Identifier: Apache-2.0
  11:Drivers/CMSIS/Include/cmsis_gcc.h ****  *
  12:Drivers/CMSIS/Include/cmsis_gcc.h ****  * Licensed under the Apache License, Version 2.0 (the License); you may
  13:Drivers/CMSIS/Include/cmsis_gcc.h ****  * not use this file except in compliance with the License.
  14:Drivers/CMSIS/Include/cmsis_gcc.h ****  * You may obtain a copy of the License at
  15:Drivers/CMSIS/Include/cmsis_gcc.h ****  *
  16:Drivers/CMSIS/Include/cmsis_gcc.h ****  * www.apache.org/licenses/LICENSE-2.0
  17:Drivers/CMSIS/Include/cmsis_gcc.h ****  *
  18:Drivers/CMSIS/Include/cmsis_gcc.h ****  * Unless required by applicable law or agreed to in writing, software
  19:Drivers/CMSIS/Include/cmsis_gcc.h ****  * distributed under the License is distributed on an AS IS BASIS, WITHOUT
  20:Drivers/CMSIS/Include/cmsis_gcc.h ****  * WARRANTIES OR CONDITIONS OF ANY KIND, either express or implied.
  21:Drivers/CMSIS/Include/cmsis_gcc.h ****  * See the License for the specific language governing permissions and
  22:Drivers/CMSIS/Include/cmsis_gcc.h ****  * limitations under the License.
ARM GAS  /var/folders/8x/_y6g3dfs0698dfd49y4vcg_w0000gn/T//cc8kLptk.s 			page 9


  23:Drivers/CMSIS/Include/cmsis_gcc.h ****  */
  24:Drivers/CMSIS/Include/cmsis_gcc.h **** 
  25:Drivers/CMSIS/Include/cmsis_gcc.h **** #ifndef __CMSIS_GCC_H
  26:Drivers/CMSIS/Include/cmsis_gcc.h **** #define __CMSIS_GCC_H
  27:Drivers/CMSIS/Include/cmsis_gcc.h **** 
  28:Drivers/CMSIS/Include/cmsis_gcc.h **** /* ignore some GCC warnings */
  29:Drivers/CMSIS/Include/cmsis_gcc.h **** #pragma GCC diagnostic push
  30:Drivers/CMSIS/Include/cmsis_gcc.h **** #pragma GCC diagnostic ignored "-Wsign-conversion"
  31:Drivers/CMSIS/Include/cmsis_gcc.h **** #pragma GCC diagnostic ignored "-Wconversion"
  32:Drivers/CMSIS/Include/cmsis_gcc.h **** #pragma GCC diagnostic ignored "-Wunused-parameter"
  33:Drivers/CMSIS/Include/cmsis_gcc.h **** 
  34:Drivers/CMSIS/Include/cmsis_gcc.h **** /* Fallback for __has_builtin */
  35:Drivers/CMSIS/Include/cmsis_gcc.h **** #ifndef __has_builtin
  36:Drivers/CMSIS/Include/cmsis_gcc.h ****   #define __has_builtin(x) (0)
  37:Drivers/CMSIS/Include/cmsis_gcc.h **** #endif
  38:Drivers/CMSIS/Include/cmsis_gcc.h **** 
  39:Drivers/CMSIS/Include/cmsis_gcc.h **** /* CMSIS compiler specific defines */
  40:Drivers/CMSIS/Include/cmsis_gcc.h **** #ifndef   __ASM
  41:Drivers/CMSIS/Include/cmsis_gcc.h ****   #define __ASM                                  __asm
  42:Drivers/CMSIS/Include/cmsis_gcc.h **** #endif
  43:Drivers/CMSIS/Include/cmsis_gcc.h **** #ifndef   __INLINE
  44:Drivers/CMSIS/Include/cmsis_gcc.h ****   #define __INLINE                               inline
  45:Drivers/CMSIS/Include/cmsis_gcc.h **** #endif
  46:Drivers/CMSIS/Include/cmsis_gcc.h **** #ifndef   __STATIC_INLINE
  47:Drivers/CMSIS/Include/cmsis_gcc.h ****   #define __STATIC_INLINE                        static inline
  48:Drivers/CMSIS/Include/cmsis_gcc.h **** #endif
  49:Drivers/CMSIS/Include/cmsis_gcc.h **** #ifndef   __STATIC_FORCEINLINE                 
  50:Drivers/CMSIS/Include/cmsis_gcc.h ****   #define __STATIC_FORCEINLINE                   __attribute__((always_inline)) static inline
  51:Drivers/CMSIS/Include/cmsis_gcc.h **** #endif                                           
  52:Drivers/CMSIS/Include/cmsis_gcc.h **** #ifndef   __NO_RETURN
  53:Drivers/CMSIS/Include/cmsis_gcc.h ****   #define __NO_RETURN                            __attribute__((__noreturn__))
  54:Drivers/CMSIS/Include/cmsis_gcc.h **** #endif
  55:Drivers/CMSIS/Include/cmsis_gcc.h **** #ifndef   __USED
  56:Drivers/CMSIS/Include/cmsis_gcc.h ****   #define __USED                                 __attribute__((used))
  57:Drivers/CMSIS/Include/cmsis_gcc.h **** #endif
  58:Drivers/CMSIS/Include/cmsis_gcc.h **** #ifndef   __WEAK
  59:Drivers/CMSIS/Include/cmsis_gcc.h ****   #define __WEAK                                 __attribute__((weak))
  60:Drivers/CMSIS/Include/cmsis_gcc.h **** #endif
  61:Drivers/CMSIS/Include/cmsis_gcc.h **** #ifndef   __PACKED
  62:Drivers/CMSIS/Include/cmsis_gcc.h ****   #define __PACKED                               __attribute__((packed, aligned(1)))
  63:Drivers/CMSIS/Include/cmsis_gcc.h **** #endif
  64:Drivers/CMSIS/Include/cmsis_gcc.h **** #ifndef   __PACKED_STRUCT
  65:Drivers/CMSIS/Include/cmsis_gcc.h ****   #define __PACKED_STRUCT                        struct __attribute__((packed, aligned(1)))
  66:Drivers/CMSIS/Include/cmsis_gcc.h **** #endif
  67:Drivers/CMSIS/Include/cmsis_gcc.h **** #ifndef   __PACKED_UNION
  68:Drivers/CMSIS/Include/cmsis_gcc.h ****   #define __PACKED_UNION                         union __attribute__((packed, aligned(1)))
  69:Drivers/CMSIS/Include/cmsis_gcc.h **** #endif
  70:Drivers/CMSIS/Include/cmsis_gcc.h **** #ifndef   __UNALIGNED_UINT32        /* deprecated */
  71:Drivers/CMSIS/Include/cmsis_gcc.h ****   #pragma GCC diagnostic push
  72:Drivers/CMSIS/Include/cmsis_gcc.h ****   #pragma GCC diagnostic ignored "-Wpacked"
  73:Drivers/CMSIS/Include/cmsis_gcc.h ****   #pragma GCC diagnostic ignored "-Wattributes"
  74:Drivers/CMSIS/Include/cmsis_gcc.h ****   struct __attribute__((packed)) T_UINT32 { uint32_t v; };
  75:Drivers/CMSIS/Include/cmsis_gcc.h ****   #pragma GCC diagnostic pop
  76:Drivers/CMSIS/Include/cmsis_gcc.h ****   #define __UNALIGNED_UINT32(x)                  (((struct T_UINT32 *)(x))->v)
  77:Drivers/CMSIS/Include/cmsis_gcc.h **** #endif
  78:Drivers/CMSIS/Include/cmsis_gcc.h **** #ifndef   __UNALIGNED_UINT16_WRITE
  79:Drivers/CMSIS/Include/cmsis_gcc.h ****   #pragma GCC diagnostic push
ARM GAS  /var/folders/8x/_y6g3dfs0698dfd49y4vcg_w0000gn/T//cc8kLptk.s 			page 10


  80:Drivers/CMSIS/Include/cmsis_gcc.h ****   #pragma GCC diagnostic ignored "-Wpacked"
  81:Drivers/CMSIS/Include/cmsis_gcc.h ****   #pragma GCC diagnostic ignored "-Wattributes"
  82:Drivers/CMSIS/Include/cmsis_gcc.h ****   __PACKED_STRUCT T_UINT16_WRITE { uint16_t v; };
  83:Drivers/CMSIS/Include/cmsis_gcc.h ****   #pragma GCC diagnostic pop
  84:Drivers/CMSIS/Include/cmsis_gcc.h ****   #define __UNALIGNED_UINT16_WRITE(addr, val)    (void)((((struct T_UINT16_WRITE *)(void *)(addr))-
  85:Drivers/CMSIS/Include/cmsis_gcc.h **** #endif
  86:Drivers/CMSIS/Include/cmsis_gcc.h **** #ifndef   __UNALIGNED_UINT16_READ
  87:Drivers/CMSIS/Include/cmsis_gcc.h ****   #pragma GCC diagnostic push
  88:Drivers/CMSIS/Include/cmsis_gcc.h ****   #pragma GCC diagnostic ignored "-Wpacked"
  89:Drivers/CMSIS/Include/cmsis_gcc.h ****   #pragma GCC diagnostic ignored "-Wattributes"
  90:Drivers/CMSIS/Include/cmsis_gcc.h ****   __PACKED_STRUCT T_UINT16_READ { uint16_t v; };
  91:Drivers/CMSIS/Include/cmsis_gcc.h ****   #pragma GCC diagnostic pop
  92:Drivers/CMSIS/Include/cmsis_gcc.h ****   #define __UNALIGNED_UINT16_READ(addr)          (((const struct T_UINT16_READ *)(const void *)(add
  93:Drivers/CMSIS/Include/cmsis_gcc.h **** #endif
  94:Drivers/CMSIS/Include/cmsis_gcc.h **** #ifndef   __UNALIGNED_UINT32_WRITE
  95:Drivers/CMSIS/Include/cmsis_gcc.h ****   #pragma GCC diagnostic push
  96:Drivers/CMSIS/Include/cmsis_gcc.h ****   #pragma GCC diagnostic ignored "-Wpacked"
  97:Drivers/CMSIS/Include/cmsis_gcc.h ****   #pragma GCC diagnostic ignored "-Wattributes"
  98:Drivers/CMSIS/Include/cmsis_gcc.h ****   __PACKED_STRUCT T_UINT32_WRITE { uint32_t v; };
  99:Drivers/CMSIS/Include/cmsis_gcc.h ****   #pragma GCC diagnostic pop
 100:Drivers/CMSIS/Include/cmsis_gcc.h ****   #define __UNALIGNED_UINT32_WRITE(addr, val)    (void)((((struct T_UINT32_WRITE *)(void *)(addr))-
 101:Drivers/CMSIS/Include/cmsis_gcc.h **** #endif
 102:Drivers/CMSIS/Include/cmsis_gcc.h **** #ifndef   __UNALIGNED_UINT32_READ
 103:Drivers/CMSIS/Include/cmsis_gcc.h ****   #pragma GCC diagnostic push
 104:Drivers/CMSIS/Include/cmsis_gcc.h ****   #pragma GCC diagnostic ignored "-Wpacked"
 105:Drivers/CMSIS/Include/cmsis_gcc.h ****   #pragma GCC diagnostic ignored "-Wattributes"
 106:Drivers/CMSIS/Include/cmsis_gcc.h ****   __PACKED_STRUCT T_UINT32_READ { uint32_t v; };
 107:Drivers/CMSIS/Include/cmsis_gcc.h ****   #pragma GCC diagnostic pop
 108:Drivers/CMSIS/Include/cmsis_gcc.h ****   #define __UNALIGNED_UINT32_READ(addr)          (((const struct T_UINT32_READ *)(const void *)(add
 109:Drivers/CMSIS/Include/cmsis_gcc.h **** #endif
 110:Drivers/CMSIS/Include/cmsis_gcc.h **** #ifndef   __ALIGNED
 111:Drivers/CMSIS/Include/cmsis_gcc.h ****   #define __ALIGNED(x)                           __attribute__((aligned(x)))
 112:Drivers/CMSIS/Include/cmsis_gcc.h **** #endif
 113:Drivers/CMSIS/Include/cmsis_gcc.h **** #ifndef   __RESTRICT
 114:Drivers/CMSIS/Include/cmsis_gcc.h ****   #define __RESTRICT                             __restrict
 115:Drivers/CMSIS/Include/cmsis_gcc.h **** #endif
 116:Drivers/CMSIS/Include/cmsis_gcc.h **** 
 117:Drivers/CMSIS/Include/cmsis_gcc.h **** 
 118:Drivers/CMSIS/Include/cmsis_gcc.h **** /* ###########################  Core Function Access  ########################### */
 119:Drivers/CMSIS/Include/cmsis_gcc.h **** /** \ingroup  CMSIS_Core_FunctionInterface
 120:Drivers/CMSIS/Include/cmsis_gcc.h ****     \defgroup CMSIS_Core_RegAccFunctions CMSIS Core Register Access Functions
 121:Drivers/CMSIS/Include/cmsis_gcc.h ****   @{
 122:Drivers/CMSIS/Include/cmsis_gcc.h ****  */
 123:Drivers/CMSIS/Include/cmsis_gcc.h **** 
 124:Drivers/CMSIS/Include/cmsis_gcc.h **** /**
 125:Drivers/CMSIS/Include/cmsis_gcc.h ****   \brief   Enable IRQ Interrupts
 126:Drivers/CMSIS/Include/cmsis_gcc.h ****   \details Enables IRQ interrupts by clearing the I-bit in the CPSR.
 127:Drivers/CMSIS/Include/cmsis_gcc.h ****            Can only be executed in Privileged modes.
 128:Drivers/CMSIS/Include/cmsis_gcc.h ****  */
 129:Drivers/CMSIS/Include/cmsis_gcc.h **** __STATIC_FORCEINLINE void __enable_irq(void)
 130:Drivers/CMSIS/Include/cmsis_gcc.h **** {
 131:Drivers/CMSIS/Include/cmsis_gcc.h ****   __ASM volatile ("cpsie i" : : : "memory");
 132:Drivers/CMSIS/Include/cmsis_gcc.h **** }
 133:Drivers/CMSIS/Include/cmsis_gcc.h **** 
 134:Drivers/CMSIS/Include/cmsis_gcc.h **** 
 135:Drivers/CMSIS/Include/cmsis_gcc.h **** /**
 136:Drivers/CMSIS/Include/cmsis_gcc.h ****   \brief   Disable IRQ Interrupts
ARM GAS  /var/folders/8x/_y6g3dfs0698dfd49y4vcg_w0000gn/T//cc8kLptk.s 			page 11


 137:Drivers/CMSIS/Include/cmsis_gcc.h ****   \details Disables IRQ interrupts by setting the I-bit in the CPSR.
 138:Drivers/CMSIS/Include/cmsis_gcc.h ****            Can only be executed in Privileged modes.
 139:Drivers/CMSIS/Include/cmsis_gcc.h ****  */
 140:Drivers/CMSIS/Include/cmsis_gcc.h **** __STATIC_FORCEINLINE void __disable_irq(void)
 212              		.loc 2 140 27 view .LVU31
 213              	.LBB5:
 141:Drivers/CMSIS/Include/cmsis_gcc.h **** {
 142:Drivers/CMSIS/Include/cmsis_gcc.h ****   __ASM volatile ("cpsid i" : : : "memory");
 214              		.loc 2 142 3 view .LVU32
 215              		.syntax unified
 216              	@ 142 "Drivers/CMSIS/Include/cmsis_gcc.h" 1
 217 0008 72B6     		cpsid i
 218              	@ 0 "" 2
 219              		.thumb
 220              		.syntax unified
 221              	.L14:
 222              	.LBE5:
 223              	.LBE4:
 216:Core/Src/main.c ****   while (1)
 224              		.loc 1 216 3 view .LVU33
 217:Core/Src/main.c ****   {
 218:Core/Src/main.c ****       
 219:Core/Src/main.c ****   }
 225              		.loc 1 219 3 view .LVU34
 216:Core/Src/main.c ****   while (1)
 226              		.loc 1 216 9 view .LVU35
 227 000a FEE7     		b	.L14
 228              	.L17:
 229              		.align	2
 230              	.L16:
 231 000c 00000000 		.word	.LC2
 232              		.cfi_endproc
 233              	.LFE72:
 235              		.section	.text.SystemClock_Config,"ax",%progbits
 236              		.align	1
 237              		.global	SystemClock_Config
 238              		.syntax unified
 239              		.thumb
 240              		.thumb_func
 242              	SystemClock_Config:
 243              	.LFB69:
 132:Core/Src/main.c ****   RCC_OscInitTypeDef RCC_OscInitStruct = {0};
 244              		.loc 1 132 1 view -0
 245              		.cfi_startproc
 246              		@ args = 0, pretend = 0, frame = 64
 247              		@ frame_needed = 0, uses_anonymous_args = 0
 248 0000 00B5     		push	{lr}
 249              	.LCFI8:
 250              		.cfi_def_cfa_offset 4
 251              		.cfi_offset 14, -4
 252 0002 91B0     		sub	sp, sp, #68
 253              	.LCFI9:
 254              		.cfi_def_cfa_offset 72
 133:Core/Src/main.c ****   RCC_ClkInitTypeDef RCC_ClkInitStruct = {0};
 255              		.loc 1 133 3 view .LVU37
 133:Core/Src/main.c ****   RCC_ClkInitTypeDef RCC_ClkInitStruct = {0};
 256              		.loc 1 133 22 is_stmt 0 view .LVU38
ARM GAS  /var/folders/8x/_y6g3dfs0698dfd49y4vcg_w0000gn/T//cc8kLptk.s 			page 12


 257 0004 2822     		movs	r2, #40
 258 0006 0021     		movs	r1, #0
 259 0008 06A8     		add	r0, sp, #24
 260 000a FFF7FEFF 		bl	memset
 261              	.LVL13:
 134:Core/Src/main.c **** 
 262              		.loc 1 134 3 is_stmt 1 view .LVU39
 134:Core/Src/main.c **** 
 263              		.loc 1 134 22 is_stmt 0 view .LVU40
 264 000e 0023     		movs	r3, #0
 265 0010 0193     		str	r3, [sp, #4]
 266 0012 0293     		str	r3, [sp, #8]
 267 0014 0393     		str	r3, [sp, #12]
 268 0016 0493     		str	r3, [sp, #16]
 269 0018 0593     		str	r3, [sp, #20]
 139:Core/Src/main.c ****   RCC_OscInitStruct.HSIState = RCC_HSI_ON;
 270              		.loc 1 139 3 is_stmt 1 view .LVU41
 139:Core/Src/main.c ****   RCC_OscInitStruct.HSIState = RCC_HSI_ON;
 271              		.loc 1 139 36 is_stmt 0 view .LVU42
 272 001a 0223     		movs	r3, #2
 273 001c 0693     		str	r3, [sp, #24]
 140:Core/Src/main.c ****   RCC_OscInitStruct.HSICalibrationValue = RCC_HSICALIBRATION_DEFAULT;
 274              		.loc 1 140 3 is_stmt 1 view .LVU43
 140:Core/Src/main.c ****   RCC_OscInitStruct.HSICalibrationValue = RCC_HSICALIBRATION_DEFAULT;
 275              		.loc 1 140 30 is_stmt 0 view .LVU44
 276 001e 0123     		movs	r3, #1
 277 0020 0A93     		str	r3, [sp, #40]
 141:Core/Src/main.c ****   RCC_OscInitStruct.PLL.PLLState = RCC_PLL_NONE;
 278              		.loc 1 141 3 is_stmt 1 view .LVU45
 141:Core/Src/main.c ****   RCC_OscInitStruct.PLL.PLLState = RCC_PLL_NONE;
 279              		.loc 1 141 41 is_stmt 0 view .LVU46
 280 0022 1023     		movs	r3, #16
 281 0024 0B93     		str	r3, [sp, #44]
 142:Core/Src/main.c ****   if (HAL_RCC_OscConfig(&RCC_OscInitStruct) != HAL_OK)
 282              		.loc 1 142 3 is_stmt 1 view .LVU47
 143:Core/Src/main.c ****   {
 283              		.loc 1 143 3 view .LVU48
 143:Core/Src/main.c ****   {
 284              		.loc 1 143 7 is_stmt 0 view .LVU49
 285 0026 06A8     		add	r0, sp, #24
 286 0028 FFF7FEFF 		bl	HAL_RCC_OscConfig
 287              	.LVL14:
 143:Core/Src/main.c ****   {
 288              		.loc 1 143 6 discriminator 1 view .LVU50
 289 002c 68B9     		cbnz	r0, .L22
 150:Core/Src/main.c ****                               |RCC_CLOCKTYPE_PCLK1|RCC_CLOCKTYPE_PCLK2;
 290              		.loc 1 150 3 is_stmt 1 view .LVU51
 150:Core/Src/main.c ****                               |RCC_CLOCKTYPE_PCLK1|RCC_CLOCKTYPE_PCLK2;
 291              		.loc 1 150 31 is_stmt 0 view .LVU52
 292 002e 0F23     		movs	r3, #15
 293 0030 0193     		str	r3, [sp, #4]
 152:Core/Src/main.c ****   RCC_ClkInitStruct.AHBCLKDivider = RCC_SYSCLK_DIV1;
 294              		.loc 1 152 3 is_stmt 1 view .LVU53
 152:Core/Src/main.c ****   RCC_ClkInitStruct.AHBCLKDivider = RCC_SYSCLK_DIV1;
 295              		.loc 1 152 34 is_stmt 0 view .LVU54
 296 0032 0021     		movs	r1, #0
 297 0034 0291     		str	r1, [sp, #8]
ARM GAS  /var/folders/8x/_y6g3dfs0698dfd49y4vcg_w0000gn/T//cc8kLptk.s 			page 13


 153:Core/Src/main.c ****   RCC_ClkInitStruct.APB1CLKDivider = RCC_HCLK_DIV1;
 298              		.loc 1 153 3 is_stmt 1 view .LVU55
 153:Core/Src/main.c ****   RCC_ClkInitStruct.APB1CLKDivider = RCC_HCLK_DIV1;
 299              		.loc 1 153 35 is_stmt 0 view .LVU56
 300 0036 0391     		str	r1, [sp, #12]
 154:Core/Src/main.c ****   RCC_ClkInitStruct.APB2CLKDivider = RCC_HCLK_DIV1;
 301              		.loc 1 154 3 is_stmt 1 view .LVU57
 154:Core/Src/main.c ****   RCC_ClkInitStruct.APB2CLKDivider = RCC_HCLK_DIV1;
 302              		.loc 1 154 36 is_stmt 0 view .LVU58
 303 0038 0491     		str	r1, [sp, #16]
 155:Core/Src/main.c **** 
 304              		.loc 1 155 3 is_stmt 1 view .LVU59
 155:Core/Src/main.c **** 
 305              		.loc 1 155 36 is_stmt 0 view .LVU60
 306 003a 0591     		str	r1, [sp, #20]
 157:Core/Src/main.c ****   {
 307              		.loc 1 157 3 is_stmt 1 view .LVU61
 157:Core/Src/main.c ****   {
 308              		.loc 1 157 7 is_stmt 0 view .LVU62
 309 003c 01A8     		add	r0, sp, #4
 310 003e FFF7FEFF 		bl	HAL_RCC_ClockConfig
 311              	.LVL15:
 157:Core/Src/main.c ****   {
 312              		.loc 1 157 6 discriminator 1 view .LVU63
 313 0042 20B9     		cbnz	r0, .L23
 161:Core/Src/main.c **** 
 314              		.loc 1 161 1 view .LVU64
 315 0044 11B0     		add	sp, sp, #68
 316              	.LCFI10:
 317              		.cfi_remember_state
 318              		.cfi_def_cfa_offset 4
 319              		@ sp needed
 320 0046 5DF804FB 		ldr	pc, [sp], #4
 321              	.L22:
 322              	.LCFI11:
 323              		.cfi_restore_state
 145:Core/Src/main.c ****   }
 324              		.loc 1 145 5 is_stmt 1 view .LVU65
 325 004a FFF7FEFF 		bl	Error_Handler
 326              	.LVL16:
 327              	.L23:
 159:Core/Src/main.c ****   }
 328              		.loc 1 159 5 view .LVU66
 329 004e FFF7FEFF 		bl	Error_Handler
 330              	.LVL17:
 331              		.cfi_endproc
 332              	.LFE69:
 334              		.section	.rodata.main.str1.4,"aMS",%progbits,1
 335              		.align	2
 336              	.LC3:
 337 0000 43616C6C 		.ascii	"Calling AS5600...\000"
 337      696E6720 
 337      41533536 
 337      30302E2E 
 337      2E00
 338 0012 0000     		.align	2
 339              	.LC4:
ARM GAS  /var/folders/8x/_y6g3dfs0698dfd49y4vcg_w0000gn/T//cc8kLptk.s 			page 14


 340 0014 257500   		.ascii	"%u\000"
 341              		.section	.text.main,"ax",%progbits
 342              		.align	1
 343              		.global	main
 344              		.syntax unified
 345              		.thumb
 346              		.thumb_func
 348              	main:
 349              	.LFB68:
  74:Core/Src/main.c **** 
 350              		.loc 1 74 1 view -0
 351              		.cfi_startproc
 352              		@ args = 0, pretend = 0, frame = 8
 353              		@ frame_needed = 0, uses_anonymous_args = 0
 354 0000 00B5     		push	{lr}
 355              	.LCFI12:
 356              		.cfi_def_cfa_offset 4
 357              		.cfi_offset 14, -4
 358 0002 83B0     		sub	sp, sp, #12
 359              	.LCFI13:
 360              		.cfi_def_cfa_offset 16
  83:Core/Src/main.c **** 
 361              		.loc 1 83 3 view .LVU68
 362 0004 FFF7FEFF 		bl	HAL_Init
 363              	.LVL18:
  90:Core/Src/main.c **** 
 364              		.loc 1 90 3 view .LVU69
 365 0008 FFF7FEFF 		bl	SystemClock_Config
 366              	.LVL19:
  97:Core/Src/main.c ****   MX_I2C1_Init();
 367              		.loc 1 97 3 view .LVU70
 368 000c FFF7FEFF 		bl	MX_GPIO_Init
 369              	.LVL20:
  98:Core/Src/main.c ****   MX_USART1_UART_Init();
 370              		.loc 1 98 3 view .LVU71
 371 0010 FFF7FEFF 		bl	MX_I2C1_Init
 372              	.LVL21:
  99:Core/Src/main.c ****   /* USER CODE BEGIN 2 */
 373              		.loc 1 99 3 view .LVU72
 374 0014 FFF7FEFF 		bl	MX_USART1_UART_Init
 375              	.LVL22:
 376              	.L25:
 102:Core/Src/main.c **** 
 377              		.loc 1 102 3 view .LVU73
 108:Core/Src/main.c ****   {
 378              		.loc 1 108 3 view .LVU74
 379              	.LBB6:
 113:Core/Src/main.c ****     printf("Calling AS5600...\n");
 380              		.loc 1 113 5 view .LVU75
 381 0018 4FF40051 		mov	r1, #8192
 382 001c 0B48     		ldr	r0, .L27
 383 001e FFF7FEFF 		bl	HAL_GPIO_TogglePin
 384              	.LVL23:
 114:Core/Src/main.c ****     raw_angle = AS5600_ReadRawAngle();
 385              		.loc 1 114 5 view .LVU76
 386 0022 0B48     		ldr	r0, .L27+4
 387 0024 FFF7FEFF 		bl	puts
ARM GAS  /var/folders/8x/_y6g3dfs0698dfd49y4vcg_w0000gn/T//cc8kLptk.s 			page 15


 388              	.LVL24:
 115:Core/Src/main.c **** 
 389              		.loc 1 115 5 view .LVU77
 115:Core/Src/main.c **** 
 390              		.loc 1 115 17 is_stmt 0 view .LVU78
 391 0028 FFF7FEFF 		bl	AS5600_ReadRawAngle
 392              	.LVL25:
 393 002c 0246     		mov	r2, r0
 394              	.LVL26:
 117:Core/Src/main.c ****     sprintf(str, "%u", raw_angle); // Format the number as an unsigned decimal
 395              		.loc 1 117 5 is_stmt 1 view .LVU79
 118:Core/Src/main.c ****     printf(str);
 396              		.loc 1 118 5 view .LVU80
 397 002e 0949     		ldr	r1, .L27+8
 398 0030 6846     		mov	r0, sp
 399 0032 FFF7FEFF 		bl	sprintf
 400              	.LVL27:
 119:Core/Src/main.c ****     printf("\n");
 401              		.loc 1 119 5 view .LVU81
 402 0036 6846     		mov	r0, sp
 403 0038 FFF7FEFF 		bl	printf
 404              	.LVL28:
 120:Core/Src/main.c **** 
 405              		.loc 1 120 5 view .LVU82
 406 003c 0A20     		movs	r0, #10
 407 003e FFF7FEFF 		bl	putchar
 408              	.LVL29:
 122:Core/Src/main.c ****   }
 409              		.loc 1 122 5 view .LVU83
 410 0042 C820     		movs	r0, #200
 411 0044 FFF7FEFF 		bl	HAL_Delay
 412              	.LVL30:
 413              	.LBE6:
 108:Core/Src/main.c ****   {
 414              		.loc 1 108 9 view .LVU84
 415 0048 E6E7     		b	.L25
 416              	.L28:
 417 004a 00BF     		.align	2
 418              	.L27:
 419 004c 00100140 		.word	1073811456
 420 0050 00000000 		.word	.LC3
 421 0054 14000000 		.word	.LC4
 422              		.cfi_endproc
 423              	.LFE68:
 425              		.text
 426              	.Letext0:
 427              		.file 3 "/Applications/ArmGNUToolchain/13.3.rel1/arm-none-eabi/arm-none-eabi/include/machine/_defa
 428              		.file 4 "/Applications/ArmGNUToolchain/13.3.rel1/arm-none-eabi/arm-none-eabi/include/sys/_stdint.h
 429              		.file 5 "Drivers/CMSIS/Device/ST/STM32F1xx/Include/stm32f103xb.h"
 430              		.file 6 "Drivers/CMSIS/Device/ST/STM32F1xx/Include/stm32f1xx.h"
 431              		.file 7 "Drivers/STM32F1xx_HAL_Driver/Inc/stm32f1xx_hal_def.h"
 432              		.file 8 "Drivers/STM32F1xx_HAL_Driver/Inc/stm32f1xx_hal_rcc.h"
 433              		.file 9 "Drivers/STM32F1xx_HAL_Driver/Inc/stm32f1xx_hal_rcc_ex.h"
 434              		.file 10 "Drivers/STM32F1xx_HAL_Driver/Inc/stm32f1xx_hal_dma.h"
 435              		.file 11 "Drivers/STM32F1xx_HAL_Driver/Inc/stm32f1xx_hal_i2c.h"
 436              		.file 12 "Drivers/STM32F1xx_HAL_Driver/Inc/stm32f1xx_hal_uart.h"
 437              		.file 13 "Core/Inc/i2c.h"
ARM GAS  /var/folders/8x/_y6g3dfs0698dfd49y4vcg_w0000gn/T//cc8kLptk.s 			page 16


 438              		.file 14 "Core/Inc/usart.h"
 439              		.file 15 "/Applications/ArmGNUToolchain/13.3.rel1/arm-none-eabi/arm-none-eabi/include/stdio.h"
 440              		.file 16 "Drivers/STM32F1xx_HAL_Driver/Inc/stm32f1xx_hal.h"
 441              		.file 17 "Drivers/STM32F1xx_HAL_Driver/Inc/stm32f1xx_hal_gpio.h"
 442              		.file 18 "Core/Inc/gpio.h"
 443              		.file 19 "<built-in>"
ARM GAS  /var/folders/8x/_y6g3dfs0698dfd49y4vcg_w0000gn/T//cc8kLptk.s 			page 17


DEFINED SYMBOLS
                            *ABS*:00000000 main.c
/var/folders/8x/_y6g3dfs0698dfd49y4vcg_w0000gn/T//cc8kLptk.s:19     .text.__io_putchar:00000000 $t
/var/folders/8x/_y6g3dfs0698dfd49y4vcg_w0000gn/T//cc8kLptk.s:25     .text.__io_putchar:00000000 __io_putchar
/var/folders/8x/_y6g3dfs0698dfd49y4vcg_w0000gn/T//cc8kLptk.s:61     .text.__io_putchar:0000001c $d
/var/folders/8x/_y6g3dfs0698dfd49y4vcg_w0000gn/T//cc8kLptk.s:66     .rodata.AS5600_ReadRawAngle.str1.4:00000000 $d
/var/folders/8x/_y6g3dfs0698dfd49y4vcg_w0000gn/T//cc8kLptk.s:73     .text.AS5600_ReadRawAngle:00000000 $t
/var/folders/8x/_y6g3dfs0698dfd49y4vcg_w0000gn/T//cc8kLptk.s:79     .text.AS5600_ReadRawAngle:00000000 AS5600_ReadRawAngle
/var/folders/8x/_y6g3dfs0698dfd49y4vcg_w0000gn/T//cc8kLptk.s:175    .text.AS5600_ReadRawAngle:0000006c $d
/var/folders/8x/_y6g3dfs0698dfd49y4vcg_w0000gn/T//cc8kLptk.s:182    .rodata.Error_Handler.str1.4:00000000 $d
/var/folders/8x/_y6g3dfs0698dfd49y4vcg_w0000gn/T//cc8kLptk.s:186    .text.Error_Handler:00000000 $t
/var/folders/8x/_y6g3dfs0698dfd49y4vcg_w0000gn/T//cc8kLptk.s:192    .text.Error_Handler:00000000 Error_Handler
/var/folders/8x/_y6g3dfs0698dfd49y4vcg_w0000gn/T//cc8kLptk.s:231    .text.Error_Handler:0000000c $d
/var/folders/8x/_y6g3dfs0698dfd49y4vcg_w0000gn/T//cc8kLptk.s:236    .text.SystemClock_Config:00000000 $t
/var/folders/8x/_y6g3dfs0698dfd49y4vcg_w0000gn/T//cc8kLptk.s:242    .text.SystemClock_Config:00000000 SystemClock_Config
/var/folders/8x/_y6g3dfs0698dfd49y4vcg_w0000gn/T//cc8kLptk.s:335    .rodata.main.str1.4:00000000 $d
/var/folders/8x/_y6g3dfs0698dfd49y4vcg_w0000gn/T//cc8kLptk.s:342    .text.main:00000000 $t
/var/folders/8x/_y6g3dfs0698dfd49y4vcg_w0000gn/T//cc8kLptk.s:348    .text.main:00000000 main
/var/folders/8x/_y6g3dfs0698dfd49y4vcg_w0000gn/T//cc8kLptk.s:419    .text.main:0000004c $d

UNDEFINED SYMBOLS
HAL_UART_Transmit
huart1
puts
HAL_I2C_Mem_Read
HAL_Delay
HAL_I2C_DeInit
HAL_I2C_Init
hi2c1
printf
memset
HAL_RCC_OscConfig
HAL_RCC_ClockConfig
HAL_Init
MX_GPIO_Init
MX_I2C1_Init
MX_USART1_UART_Init
HAL_GPIO_TogglePin
sprintf
putchar
