ARM GAS  /var/folders/8x/_y6g3dfs0698dfd49y4vcg_w0000gn/T//ccde3Jsw.s 			page 1


   1              		.cpu cortex-m3
   2              		.arch armv7-m
   3              		.fpu softvfp
   4              		.eabi_attribute 20, 1
   5              		.eabi_attribute 21, 1
   6              		.eabi_attribute 23, 3
   7              		.eabi_attribute 24, 1
   8              		.eabi_attribute 25, 1
   9              		.eabi_attribute 26, 1
  10              		.eabi_attribute 30, 1
  11              		.eabi_attribute 34, 1
  12              		.eabi_attribute 18, 4
  13              		.file	"stm32f1xx_hal_msp.c"
  14              		.text
  15              	.Ltext0:
  16              		.cfi_sections	.debug_frame
  17              		.file 1 "Core/Src/stm32f1xx_hal_msp.c"
  18              		.section	.text.HAL_MspInit,"ax",%progbits
  19              		.align	1
  20              		.global	HAL_MspInit
  21              		.syntax unified
  22              		.thumb
  23              		.thumb_func
  25              	HAL_MspInit:
  26              	.LFB65:
   1:Core/Src/stm32f1xx_hal_msp.c **** /* USER CODE BEGIN Header */
   2:Core/Src/stm32f1xx_hal_msp.c **** /**
   3:Core/Src/stm32f1xx_hal_msp.c ****   ******************************************************************************
   4:Core/Src/stm32f1xx_hal_msp.c ****   * @file         stm32f1xx_hal_msp.c
   5:Core/Src/stm32f1xx_hal_msp.c ****   * @brief        This file provides code for the MSP Initialization
   6:Core/Src/stm32f1xx_hal_msp.c ****   *               and de-Initialization codes.
   7:Core/Src/stm32f1xx_hal_msp.c ****   ******************************************************************************
   8:Core/Src/stm32f1xx_hal_msp.c ****   * @attention
   9:Core/Src/stm32f1xx_hal_msp.c ****   *
  10:Core/Src/stm32f1xx_hal_msp.c ****   * Copyright (c) 2025 STMicroelectronics.
  11:Core/Src/stm32f1xx_hal_msp.c ****   * All rights reserved.
  12:Core/Src/stm32f1xx_hal_msp.c ****   *
  13:Core/Src/stm32f1xx_hal_msp.c ****   * This software is licensed under terms that can be found in the LICENSE file
  14:Core/Src/stm32f1xx_hal_msp.c ****   * in the root directory of this software component.
  15:Core/Src/stm32f1xx_hal_msp.c ****   * If no LICENSE file comes with this software, it is provided AS-IS.
  16:Core/Src/stm32f1xx_hal_msp.c ****   *
  17:Core/Src/stm32f1xx_hal_msp.c ****   ******************************************************************************
  18:Core/Src/stm32f1xx_hal_msp.c ****   */
  19:Core/Src/stm32f1xx_hal_msp.c **** /* USER CODE END Header */
  20:Core/Src/stm32f1xx_hal_msp.c **** 
  21:Core/Src/stm32f1xx_hal_msp.c **** /* Includes ------------------------------------------------------------------*/
  22:Core/Src/stm32f1xx_hal_msp.c **** #include "main.h"
  23:Core/Src/stm32f1xx_hal_msp.c **** /* USER CODE BEGIN Includes */
  24:Core/Src/stm32f1xx_hal_msp.c **** 
  25:Core/Src/stm32f1xx_hal_msp.c **** /* USER CODE END Includes */
  26:Core/Src/stm32f1xx_hal_msp.c **** 
  27:Core/Src/stm32f1xx_hal_msp.c **** /* Private typedef -----------------------------------------------------------*/
  28:Core/Src/stm32f1xx_hal_msp.c **** /* USER CODE BEGIN TD */
  29:Core/Src/stm32f1xx_hal_msp.c **** 
  30:Core/Src/stm32f1xx_hal_msp.c **** /* USER CODE END TD */
  31:Core/Src/stm32f1xx_hal_msp.c **** 
  32:Core/Src/stm32f1xx_hal_msp.c **** /* Private define ------------------------------------------------------------*/
ARM GAS  /var/folders/8x/_y6g3dfs0698dfd49y4vcg_w0000gn/T//ccde3Jsw.s 			page 2


  33:Core/Src/stm32f1xx_hal_msp.c **** /* USER CODE BEGIN Define */
  34:Core/Src/stm32f1xx_hal_msp.c **** 
  35:Core/Src/stm32f1xx_hal_msp.c **** /* USER CODE END Define */
  36:Core/Src/stm32f1xx_hal_msp.c **** 
  37:Core/Src/stm32f1xx_hal_msp.c **** /* Private macro -------------------------------------------------------------*/
  38:Core/Src/stm32f1xx_hal_msp.c **** /* USER CODE BEGIN Macro */
  39:Core/Src/stm32f1xx_hal_msp.c **** 
  40:Core/Src/stm32f1xx_hal_msp.c **** /* USER CODE END Macro */
  41:Core/Src/stm32f1xx_hal_msp.c **** 
  42:Core/Src/stm32f1xx_hal_msp.c **** /* Private variables ---------------------------------------------------------*/
  43:Core/Src/stm32f1xx_hal_msp.c **** /* USER CODE BEGIN PV */
  44:Core/Src/stm32f1xx_hal_msp.c **** 
  45:Core/Src/stm32f1xx_hal_msp.c **** /* USER CODE END PV */
  46:Core/Src/stm32f1xx_hal_msp.c **** 
  47:Core/Src/stm32f1xx_hal_msp.c **** /* Private function prototypes -----------------------------------------------*/
  48:Core/Src/stm32f1xx_hal_msp.c **** /* USER CODE BEGIN PFP */
  49:Core/Src/stm32f1xx_hal_msp.c **** 
  50:Core/Src/stm32f1xx_hal_msp.c **** /* USER CODE END PFP */
  51:Core/Src/stm32f1xx_hal_msp.c **** 
  52:Core/Src/stm32f1xx_hal_msp.c **** /* External functions --------------------------------------------------------*/
  53:Core/Src/stm32f1xx_hal_msp.c **** /* USER CODE BEGIN ExternalFunctions */
  54:Core/Src/stm32f1xx_hal_msp.c **** 
  55:Core/Src/stm32f1xx_hal_msp.c **** /* USER CODE END ExternalFunctions */
  56:Core/Src/stm32f1xx_hal_msp.c **** 
  57:Core/Src/stm32f1xx_hal_msp.c **** /* USER CODE BEGIN 0 */
  58:Core/Src/stm32f1xx_hal_msp.c **** 
  59:Core/Src/stm32f1xx_hal_msp.c **** /* USER CODE END 0 */
  60:Core/Src/stm32f1xx_hal_msp.c **** /**
  61:Core/Src/stm32f1xx_hal_msp.c ****   * Initializes the Global MSP.
  62:Core/Src/stm32f1xx_hal_msp.c ****   */
  63:Core/Src/stm32f1xx_hal_msp.c **** void HAL_MspInit(void)
  64:Core/Src/stm32f1xx_hal_msp.c **** {
  27              		.loc 1 64 1 view -0
  28              		.cfi_startproc
  29              		@ args = 0, pretend = 0, frame = 8
  30              		@ frame_needed = 0, uses_anonymous_args = 0
  31              		@ link register save eliminated.
  32 0000 82B0     		sub	sp, sp, #8
  33              	.LCFI0:
  34              		.cfi_def_cfa_offset 8
  65:Core/Src/stm32f1xx_hal_msp.c **** 
  66:Core/Src/stm32f1xx_hal_msp.c ****   /* USER CODE BEGIN MspInit 0 */
  67:Core/Src/stm32f1xx_hal_msp.c **** 
  68:Core/Src/stm32f1xx_hal_msp.c ****   /* USER CODE END MspInit 0 */
  69:Core/Src/stm32f1xx_hal_msp.c **** 
  70:Core/Src/stm32f1xx_hal_msp.c ****   __HAL_RCC_AFIO_CLK_ENABLE();
  35              		.loc 1 70 3 view .LVU1
  36              	.LBB2:
  37              		.loc 1 70 3 view .LVU2
  38              		.loc 1 70 3 view .LVU3
  39 0002 0E4B     		ldr	r3, .L3
  40 0004 9A69     		ldr	r2, [r3, #24]
  41 0006 42F00102 		orr	r2, r2, #1
  42 000a 9A61     		str	r2, [r3, #24]
  43              		.loc 1 70 3 view .LVU4
  44 000c 9A69     		ldr	r2, [r3, #24]
  45 000e 02F00102 		and	r2, r2, #1
ARM GAS  /var/folders/8x/_y6g3dfs0698dfd49y4vcg_w0000gn/T//ccde3Jsw.s 			page 3


  46 0012 0092     		str	r2, [sp]
  47              		.loc 1 70 3 view .LVU5
  48 0014 009A     		ldr	r2, [sp]
  49              	.LBE2:
  50              		.loc 1 70 3 view .LVU6
  71:Core/Src/stm32f1xx_hal_msp.c ****   __HAL_RCC_PWR_CLK_ENABLE();
  51              		.loc 1 71 3 view .LVU7
  52              	.LBB3:
  53              		.loc 1 71 3 view .LVU8
  54              		.loc 1 71 3 view .LVU9
  55 0016 DA69     		ldr	r2, [r3, #28]
  56 0018 42F08052 		orr	r2, r2, #268435456
  57 001c DA61     		str	r2, [r3, #28]
  58              		.loc 1 71 3 view .LVU10
  59 001e DB69     		ldr	r3, [r3, #28]
  60 0020 03F08053 		and	r3, r3, #268435456
  61 0024 0193     		str	r3, [sp, #4]
  62              		.loc 1 71 3 view .LVU11
  63 0026 019B     		ldr	r3, [sp, #4]
  64              	.LBE3:
  65              		.loc 1 71 3 view .LVU12
  72:Core/Src/stm32f1xx_hal_msp.c **** 
  73:Core/Src/stm32f1xx_hal_msp.c ****   /* System interrupt init*/
  74:Core/Src/stm32f1xx_hal_msp.c **** 
  75:Core/Src/stm32f1xx_hal_msp.c ****   /** NOJTAG: JTAG-DP Disabled and SW-DP Enabled
  76:Core/Src/stm32f1xx_hal_msp.c ****   */
  77:Core/Src/stm32f1xx_hal_msp.c ****   __HAL_AFIO_REMAP_SWJ_NOJTAG();
  66              		.loc 1 77 3 view .LVU13
  67              	.LBB4:
  68              		.loc 1 77 3 view .LVU14
  69 0028 054A     		ldr	r2, .L3+4
  70 002a 5368     		ldr	r3, [r2, #4]
  71              	.LVL0:
  72              		.loc 1 77 3 view .LVU15
  73 002c 23F0E063 		bic	r3, r3, #117440512
  74              	.LVL1:
  75              		.loc 1 77 3 view .LVU16
  76 0030 43F00073 		orr	r3, r3, #33554432
  77              	.LVL2:
  78              		.loc 1 77 3 view .LVU17
  79 0034 5360     		str	r3, [r2, #4]
  80              	.LBE4:
  81              		.loc 1 77 3 view .LVU18
  78:Core/Src/stm32f1xx_hal_msp.c **** 
  79:Core/Src/stm32f1xx_hal_msp.c ****   /* USER CODE BEGIN MspInit 1 */
  80:Core/Src/stm32f1xx_hal_msp.c **** 
  81:Core/Src/stm32f1xx_hal_msp.c ****   /* USER CODE END MspInit 1 */
  82:Core/Src/stm32f1xx_hal_msp.c **** }
  82              		.loc 1 82 1 is_stmt 0 view .LVU19
  83 0036 02B0     		add	sp, sp, #8
  84              	.LCFI1:
  85              		.cfi_def_cfa_offset 0
  86              		@ sp needed
  87 0038 7047     		bx	lr
  88              	.L4:
  89 003a 00BF     		.align	2
  90              	.L3:
ARM GAS  /var/folders/8x/_y6g3dfs0698dfd49y4vcg_w0000gn/T//ccde3Jsw.s 			page 4


  91 003c 00100240 		.word	1073876992
  92 0040 00000140 		.word	1073807360
  93              		.cfi_endproc
  94              	.LFE65:
  96              		.section	.text.HAL_I2C_MspInit,"ax",%progbits
  97              		.align	1
  98              		.global	HAL_I2C_MspInit
  99              		.syntax unified
 100              		.thumb
 101              		.thumb_func
 103              	HAL_I2C_MspInit:
 104              	.LVL3:
 105              	.LFB66:
  83:Core/Src/stm32f1xx_hal_msp.c **** 
  84:Core/Src/stm32f1xx_hal_msp.c **** /**
  85:Core/Src/stm32f1xx_hal_msp.c **** * @brief I2C MSP Initialization
  86:Core/Src/stm32f1xx_hal_msp.c **** * This function configures the hardware resources used in this example
  87:Core/Src/stm32f1xx_hal_msp.c **** * @param hi2c: I2C handle pointer
  88:Core/Src/stm32f1xx_hal_msp.c **** * @retval None
  89:Core/Src/stm32f1xx_hal_msp.c **** */
  90:Core/Src/stm32f1xx_hal_msp.c **** void HAL_I2C_MspInit(I2C_HandleTypeDef* hi2c)
  91:Core/Src/stm32f1xx_hal_msp.c **** {
 106              		.loc 1 91 1 is_stmt 1 view -0
 107              		.cfi_startproc
 108              		@ args = 0, pretend = 0, frame = 24
 109              		@ frame_needed = 0, uses_anonymous_args = 0
 110              		.loc 1 91 1 is_stmt 0 view .LVU21
 111 0000 10B5     		push	{r4, lr}
 112              	.LCFI2:
 113              		.cfi_def_cfa_offset 8
 114              		.cfi_offset 4, -8
 115              		.cfi_offset 14, -4
 116 0002 86B0     		sub	sp, sp, #24
 117              	.LCFI3:
 118              		.cfi_def_cfa_offset 32
  92:Core/Src/stm32f1xx_hal_msp.c ****   GPIO_InitTypeDef GPIO_InitStruct = {0};
 119              		.loc 1 92 3 is_stmt 1 view .LVU22
 120              		.loc 1 92 20 is_stmt 0 view .LVU23
 121 0004 0023     		movs	r3, #0
 122 0006 0293     		str	r3, [sp, #8]
 123 0008 0393     		str	r3, [sp, #12]
 124 000a 0493     		str	r3, [sp, #16]
 125 000c 0593     		str	r3, [sp, #20]
  93:Core/Src/stm32f1xx_hal_msp.c ****   if(hi2c->Instance==I2C1)
 126              		.loc 1 93 3 is_stmt 1 view .LVU24
 127              		.loc 1 93 10 is_stmt 0 view .LVU25
 128 000e 0268     		ldr	r2, [r0]
 129              		.loc 1 93 5 view .LVU26
 130 0010 114B     		ldr	r3, .L9
 131 0012 9A42     		cmp	r2, r3
 132 0014 01D0     		beq	.L8
 133              	.LVL4:
 134              	.L5:
  94:Core/Src/stm32f1xx_hal_msp.c ****   {
  95:Core/Src/stm32f1xx_hal_msp.c ****   /* USER CODE BEGIN I2C1_MspInit 0 */
  96:Core/Src/stm32f1xx_hal_msp.c **** 
  97:Core/Src/stm32f1xx_hal_msp.c ****   /* USER CODE END I2C1_MspInit 0 */
ARM GAS  /var/folders/8x/_y6g3dfs0698dfd49y4vcg_w0000gn/T//ccde3Jsw.s 			page 5


  98:Core/Src/stm32f1xx_hal_msp.c **** 
  99:Core/Src/stm32f1xx_hal_msp.c ****     __HAL_RCC_GPIOB_CLK_ENABLE();
 100:Core/Src/stm32f1xx_hal_msp.c ****     /**I2C1 GPIO Configuration
 101:Core/Src/stm32f1xx_hal_msp.c ****     PB6     ------> I2C1_SCL
 102:Core/Src/stm32f1xx_hal_msp.c ****     PB7     ------> I2C1_SDA
 103:Core/Src/stm32f1xx_hal_msp.c ****     */
 104:Core/Src/stm32f1xx_hal_msp.c ****     GPIO_InitStruct.Pin = GPIO_PIN_6|GPIO_PIN_7;
 105:Core/Src/stm32f1xx_hal_msp.c ****     GPIO_InitStruct.Mode = GPIO_MODE_AF_OD;
 106:Core/Src/stm32f1xx_hal_msp.c ****     GPIO_InitStruct.Speed = GPIO_SPEED_FREQ_HIGH;
 107:Core/Src/stm32f1xx_hal_msp.c ****     HAL_GPIO_Init(GPIOB, &GPIO_InitStruct);
 108:Core/Src/stm32f1xx_hal_msp.c **** 
 109:Core/Src/stm32f1xx_hal_msp.c ****     /* Peripheral clock enable */
 110:Core/Src/stm32f1xx_hal_msp.c ****     __HAL_RCC_I2C1_CLK_ENABLE();
 111:Core/Src/stm32f1xx_hal_msp.c ****   /* USER CODE BEGIN I2C1_MspInit 1 */
 112:Core/Src/stm32f1xx_hal_msp.c **** 
 113:Core/Src/stm32f1xx_hal_msp.c ****   /* USER CODE END I2C1_MspInit 1 */
 114:Core/Src/stm32f1xx_hal_msp.c **** 
 115:Core/Src/stm32f1xx_hal_msp.c ****   }
 116:Core/Src/stm32f1xx_hal_msp.c **** 
 117:Core/Src/stm32f1xx_hal_msp.c **** }
 135              		.loc 1 117 1 view .LVU27
 136 0016 06B0     		add	sp, sp, #24
 137              	.LCFI4:
 138              		.cfi_remember_state
 139              		.cfi_def_cfa_offset 8
 140              		@ sp needed
 141 0018 10BD     		pop	{r4, pc}
 142              	.LVL5:
 143              	.L8:
 144              	.LCFI5:
 145              		.cfi_restore_state
  99:Core/Src/stm32f1xx_hal_msp.c ****     /**I2C1 GPIO Configuration
 146              		.loc 1 99 5 is_stmt 1 view .LVU28
 147              	.LBB5:
  99:Core/Src/stm32f1xx_hal_msp.c ****     /**I2C1 GPIO Configuration
 148              		.loc 1 99 5 view .LVU29
  99:Core/Src/stm32f1xx_hal_msp.c ****     /**I2C1 GPIO Configuration
 149              		.loc 1 99 5 view .LVU30
 150 001a 104C     		ldr	r4, .L9+4
 151 001c A369     		ldr	r3, [r4, #24]
 152 001e 43F00803 		orr	r3, r3, #8
 153 0022 A361     		str	r3, [r4, #24]
  99:Core/Src/stm32f1xx_hal_msp.c ****     /**I2C1 GPIO Configuration
 154              		.loc 1 99 5 view .LVU31
 155 0024 A369     		ldr	r3, [r4, #24]
 156 0026 03F00803 		and	r3, r3, #8
 157 002a 0093     		str	r3, [sp]
  99:Core/Src/stm32f1xx_hal_msp.c ****     /**I2C1 GPIO Configuration
 158              		.loc 1 99 5 view .LVU32
 159 002c 009B     		ldr	r3, [sp]
 160              	.LBE5:
  99:Core/Src/stm32f1xx_hal_msp.c ****     /**I2C1 GPIO Configuration
 161              		.loc 1 99 5 view .LVU33
 104:Core/Src/stm32f1xx_hal_msp.c ****     GPIO_InitStruct.Mode = GPIO_MODE_AF_OD;
 162              		.loc 1 104 5 view .LVU34
 104:Core/Src/stm32f1xx_hal_msp.c ****     GPIO_InitStruct.Mode = GPIO_MODE_AF_OD;
 163              		.loc 1 104 25 is_stmt 0 view .LVU35
ARM GAS  /var/folders/8x/_y6g3dfs0698dfd49y4vcg_w0000gn/T//ccde3Jsw.s 			page 6


 164 002e C023     		movs	r3, #192
 165 0030 0293     		str	r3, [sp, #8]
 105:Core/Src/stm32f1xx_hal_msp.c ****     GPIO_InitStruct.Speed = GPIO_SPEED_FREQ_HIGH;
 166              		.loc 1 105 5 is_stmt 1 view .LVU36
 105:Core/Src/stm32f1xx_hal_msp.c ****     GPIO_InitStruct.Speed = GPIO_SPEED_FREQ_HIGH;
 167              		.loc 1 105 26 is_stmt 0 view .LVU37
 168 0032 1223     		movs	r3, #18
 169 0034 0393     		str	r3, [sp, #12]
 106:Core/Src/stm32f1xx_hal_msp.c ****     HAL_GPIO_Init(GPIOB, &GPIO_InitStruct);
 170              		.loc 1 106 5 is_stmt 1 view .LVU38
 106:Core/Src/stm32f1xx_hal_msp.c ****     HAL_GPIO_Init(GPIOB, &GPIO_InitStruct);
 171              		.loc 1 106 27 is_stmt 0 view .LVU39
 172 0036 0323     		movs	r3, #3
 173 0038 0593     		str	r3, [sp, #20]
 107:Core/Src/stm32f1xx_hal_msp.c **** 
 174              		.loc 1 107 5 is_stmt 1 view .LVU40
 175 003a 02A9     		add	r1, sp, #8
 176 003c 0848     		ldr	r0, .L9+8
 177              	.LVL6:
 107:Core/Src/stm32f1xx_hal_msp.c **** 
 178              		.loc 1 107 5 is_stmt 0 view .LVU41
 179 003e FFF7FEFF 		bl	HAL_GPIO_Init
 180              	.LVL7:
 110:Core/Src/stm32f1xx_hal_msp.c ****   /* USER CODE BEGIN I2C1_MspInit 1 */
 181              		.loc 1 110 5 is_stmt 1 view .LVU42
 182              	.LBB6:
 110:Core/Src/stm32f1xx_hal_msp.c ****   /* USER CODE BEGIN I2C1_MspInit 1 */
 183              		.loc 1 110 5 view .LVU43
 110:Core/Src/stm32f1xx_hal_msp.c ****   /* USER CODE BEGIN I2C1_MspInit 1 */
 184              		.loc 1 110 5 view .LVU44
 185 0042 E369     		ldr	r3, [r4, #28]
 186 0044 43F40013 		orr	r3, r3, #2097152
 187 0048 E361     		str	r3, [r4, #28]
 110:Core/Src/stm32f1xx_hal_msp.c ****   /* USER CODE BEGIN I2C1_MspInit 1 */
 188              		.loc 1 110 5 view .LVU45
 189 004a E369     		ldr	r3, [r4, #28]
 190 004c 03F40013 		and	r3, r3, #2097152
 191 0050 0193     		str	r3, [sp, #4]
 110:Core/Src/stm32f1xx_hal_msp.c ****   /* USER CODE BEGIN I2C1_MspInit 1 */
 192              		.loc 1 110 5 view .LVU46
 193 0052 019B     		ldr	r3, [sp, #4]
 194              	.LBE6:
 110:Core/Src/stm32f1xx_hal_msp.c ****   /* USER CODE BEGIN I2C1_MspInit 1 */
 195              		.loc 1 110 5 discriminator 1 view .LVU47
 196              		.loc 1 117 1 is_stmt 0 view .LVU48
 197 0054 DFE7     		b	.L5
 198              	.L10:
 199 0056 00BF     		.align	2
 200              	.L9:
 201 0058 00540040 		.word	1073763328
 202 005c 00100240 		.word	1073876992
 203 0060 000C0140 		.word	1073810432
 204              		.cfi_endproc
 205              	.LFE66:
 207              		.section	.text.HAL_I2C_MspDeInit,"ax",%progbits
 208              		.align	1
 209              		.global	HAL_I2C_MspDeInit
ARM GAS  /var/folders/8x/_y6g3dfs0698dfd49y4vcg_w0000gn/T//ccde3Jsw.s 			page 7


 210              		.syntax unified
 211              		.thumb
 212              		.thumb_func
 214              	HAL_I2C_MspDeInit:
 215              	.LVL8:
 216              	.LFB67:
 118:Core/Src/stm32f1xx_hal_msp.c **** 
 119:Core/Src/stm32f1xx_hal_msp.c **** /**
 120:Core/Src/stm32f1xx_hal_msp.c **** * @brief I2C MSP De-Initialization
 121:Core/Src/stm32f1xx_hal_msp.c **** * This function freeze the hardware resources used in this example
 122:Core/Src/stm32f1xx_hal_msp.c **** * @param hi2c: I2C handle pointer
 123:Core/Src/stm32f1xx_hal_msp.c **** * @retval None
 124:Core/Src/stm32f1xx_hal_msp.c **** */
 125:Core/Src/stm32f1xx_hal_msp.c **** void HAL_I2C_MspDeInit(I2C_HandleTypeDef* hi2c)
 126:Core/Src/stm32f1xx_hal_msp.c **** {
 217              		.loc 1 126 1 is_stmt 1 view -0
 218              		.cfi_startproc
 219              		@ args = 0, pretend = 0, frame = 0
 220              		@ frame_needed = 0, uses_anonymous_args = 0
 127:Core/Src/stm32f1xx_hal_msp.c ****   if(hi2c->Instance==I2C1)
 221              		.loc 1 127 3 view .LVU50
 222              		.loc 1 127 10 is_stmt 0 view .LVU51
 223 0000 0268     		ldr	r2, [r0]
 224              		.loc 1 127 5 view .LVU52
 225 0002 0A4B     		ldr	r3, .L18
 226 0004 9A42     		cmp	r2, r3
 227 0006 00D0     		beq	.L17
 228 0008 7047     		bx	lr
 229              	.L17:
 126:Core/Src/stm32f1xx_hal_msp.c ****   if(hi2c->Instance==I2C1)
 230              		.loc 1 126 1 view .LVU53
 231 000a 10B5     		push	{r4, lr}
 232              	.LCFI6:
 233              		.cfi_def_cfa_offset 8
 234              		.cfi_offset 4, -8
 235              		.cfi_offset 14, -4
 128:Core/Src/stm32f1xx_hal_msp.c ****   {
 129:Core/Src/stm32f1xx_hal_msp.c ****   /* USER CODE BEGIN I2C1_MspDeInit 0 */
 130:Core/Src/stm32f1xx_hal_msp.c **** 
 131:Core/Src/stm32f1xx_hal_msp.c ****   /* USER CODE END I2C1_MspDeInit 0 */
 132:Core/Src/stm32f1xx_hal_msp.c ****     /* Peripheral clock disable */
 133:Core/Src/stm32f1xx_hal_msp.c ****     __HAL_RCC_I2C1_CLK_DISABLE();
 236              		.loc 1 133 5 is_stmt 1 view .LVU54
 237 000c 084A     		ldr	r2, .L18+4
 238 000e D369     		ldr	r3, [r2, #28]
 239 0010 23F40013 		bic	r3, r3, #2097152
 240 0014 D361     		str	r3, [r2, #28]
 134:Core/Src/stm32f1xx_hal_msp.c **** 
 135:Core/Src/stm32f1xx_hal_msp.c ****     /**I2C1 GPIO Configuration
 136:Core/Src/stm32f1xx_hal_msp.c ****     PB6     ------> I2C1_SCL
 137:Core/Src/stm32f1xx_hal_msp.c ****     PB7     ------> I2C1_SDA
 138:Core/Src/stm32f1xx_hal_msp.c ****     */
 139:Core/Src/stm32f1xx_hal_msp.c ****     HAL_GPIO_DeInit(GPIOB, GPIO_PIN_6);
 241              		.loc 1 139 5 view .LVU55
 242 0016 074C     		ldr	r4, .L18+8
 243 0018 4021     		movs	r1, #64
 244 001a 2046     		mov	r0, r4
ARM GAS  /var/folders/8x/_y6g3dfs0698dfd49y4vcg_w0000gn/T//ccde3Jsw.s 			page 8


 245              	.LVL9:
 246              		.loc 1 139 5 is_stmt 0 view .LVU56
 247 001c FFF7FEFF 		bl	HAL_GPIO_DeInit
 248              	.LVL10:
 140:Core/Src/stm32f1xx_hal_msp.c **** 
 141:Core/Src/stm32f1xx_hal_msp.c ****     HAL_GPIO_DeInit(GPIOB, GPIO_PIN_7);
 249              		.loc 1 141 5 is_stmt 1 view .LVU57
 250 0020 8021     		movs	r1, #128
 251 0022 2046     		mov	r0, r4
 252 0024 FFF7FEFF 		bl	HAL_GPIO_DeInit
 253              	.LVL11:
 142:Core/Src/stm32f1xx_hal_msp.c **** 
 143:Core/Src/stm32f1xx_hal_msp.c ****   /* USER CODE BEGIN I2C1_MspDeInit 1 */
 144:Core/Src/stm32f1xx_hal_msp.c **** 
 145:Core/Src/stm32f1xx_hal_msp.c ****   /* USER CODE END I2C1_MspDeInit 1 */
 146:Core/Src/stm32f1xx_hal_msp.c ****   }
 147:Core/Src/stm32f1xx_hal_msp.c **** 
 148:Core/Src/stm32f1xx_hal_msp.c **** }
 254              		.loc 1 148 1 is_stmt 0 view .LVU58
 255 0028 10BD     		pop	{r4, pc}
 256              	.L19:
 257 002a 00BF     		.align	2
 258              	.L18:
 259 002c 00540040 		.word	1073763328
 260 0030 00100240 		.word	1073876992
 261 0034 000C0140 		.word	1073810432
 262              		.cfi_endproc
 263              	.LFE67:
 265              		.section	.text.HAL_UART_MspInit,"ax",%progbits
 266              		.align	1
 267              		.global	HAL_UART_MspInit
 268              		.syntax unified
 269              		.thumb
 270              		.thumb_func
 272              	HAL_UART_MspInit:
 273              	.LVL12:
 274              	.LFB68:
 149:Core/Src/stm32f1xx_hal_msp.c **** 
 150:Core/Src/stm32f1xx_hal_msp.c **** /**
 151:Core/Src/stm32f1xx_hal_msp.c **** * @brief UART MSP Initialization
 152:Core/Src/stm32f1xx_hal_msp.c **** * This function configures the hardware resources used in this example
 153:Core/Src/stm32f1xx_hal_msp.c **** * @param huart: UART handle pointer
 154:Core/Src/stm32f1xx_hal_msp.c **** * @retval None
 155:Core/Src/stm32f1xx_hal_msp.c **** */
 156:Core/Src/stm32f1xx_hal_msp.c **** void HAL_UART_MspInit(UART_HandleTypeDef* huart)
 157:Core/Src/stm32f1xx_hal_msp.c **** {
 275              		.loc 1 157 1 is_stmt 1 view -0
 276              		.cfi_startproc
 277              		@ args = 0, pretend = 0, frame = 24
 278              		@ frame_needed = 0, uses_anonymous_args = 0
 279              		.loc 1 157 1 is_stmt 0 view .LVU60
 280 0000 10B5     		push	{r4, lr}
 281              	.LCFI7:
 282              		.cfi_def_cfa_offset 8
 283              		.cfi_offset 4, -8
 284              		.cfi_offset 14, -4
 285 0002 86B0     		sub	sp, sp, #24
ARM GAS  /var/folders/8x/_y6g3dfs0698dfd49y4vcg_w0000gn/T//ccde3Jsw.s 			page 9


 286              	.LCFI8:
 287              		.cfi_def_cfa_offset 32
 158:Core/Src/stm32f1xx_hal_msp.c ****   GPIO_InitTypeDef GPIO_InitStruct = {0};
 288              		.loc 1 158 3 is_stmt 1 view .LVU61
 289              		.loc 1 158 20 is_stmt 0 view .LVU62
 290 0004 0023     		movs	r3, #0
 291 0006 0293     		str	r3, [sp, #8]
 292 0008 0393     		str	r3, [sp, #12]
 293 000a 0493     		str	r3, [sp, #16]
 294 000c 0593     		str	r3, [sp, #20]
 159:Core/Src/stm32f1xx_hal_msp.c ****   if(huart->Instance==USART1)
 295              		.loc 1 159 3 is_stmt 1 view .LVU63
 296              		.loc 1 159 11 is_stmt 0 view .LVU64
 297 000e 0268     		ldr	r2, [r0]
 298              		.loc 1 159 5 view .LVU65
 299 0010 174B     		ldr	r3, .L24
 300 0012 9A42     		cmp	r2, r3
 301 0014 01D0     		beq	.L23
 302              	.LVL13:
 303              	.L20:
 160:Core/Src/stm32f1xx_hal_msp.c ****   {
 161:Core/Src/stm32f1xx_hal_msp.c ****   /* USER CODE BEGIN USART1_MspInit 0 */
 162:Core/Src/stm32f1xx_hal_msp.c **** 
 163:Core/Src/stm32f1xx_hal_msp.c ****   /* USER CODE END USART1_MspInit 0 */
 164:Core/Src/stm32f1xx_hal_msp.c ****     /* Peripheral clock enable */
 165:Core/Src/stm32f1xx_hal_msp.c ****     __HAL_RCC_USART1_CLK_ENABLE();
 166:Core/Src/stm32f1xx_hal_msp.c **** 
 167:Core/Src/stm32f1xx_hal_msp.c ****     __HAL_RCC_GPIOA_CLK_ENABLE();
 168:Core/Src/stm32f1xx_hal_msp.c ****     /**USART1 GPIO Configuration
 169:Core/Src/stm32f1xx_hal_msp.c ****     PA9     ------> USART1_TX
 170:Core/Src/stm32f1xx_hal_msp.c ****     PA10     ------> USART1_RX
 171:Core/Src/stm32f1xx_hal_msp.c ****     */
 172:Core/Src/stm32f1xx_hal_msp.c ****     GPIO_InitStruct.Pin = GPIO_PIN_9;
 173:Core/Src/stm32f1xx_hal_msp.c ****     GPIO_InitStruct.Mode = GPIO_MODE_AF_PP;
 174:Core/Src/stm32f1xx_hal_msp.c ****     GPIO_InitStruct.Speed = GPIO_SPEED_FREQ_HIGH;
 175:Core/Src/stm32f1xx_hal_msp.c ****     HAL_GPIO_Init(GPIOA, &GPIO_InitStruct);
 176:Core/Src/stm32f1xx_hal_msp.c **** 
 177:Core/Src/stm32f1xx_hal_msp.c ****     GPIO_InitStruct.Pin = GPIO_PIN_10;
 178:Core/Src/stm32f1xx_hal_msp.c ****     GPIO_InitStruct.Mode = GPIO_MODE_INPUT;
 179:Core/Src/stm32f1xx_hal_msp.c ****     GPIO_InitStruct.Pull = GPIO_NOPULL;
 180:Core/Src/stm32f1xx_hal_msp.c ****     HAL_GPIO_Init(GPIOA, &GPIO_InitStruct);
 181:Core/Src/stm32f1xx_hal_msp.c **** 
 182:Core/Src/stm32f1xx_hal_msp.c ****   /* USER CODE BEGIN USART1_MspInit 1 */
 183:Core/Src/stm32f1xx_hal_msp.c **** 
 184:Core/Src/stm32f1xx_hal_msp.c ****   /* USER CODE END USART1_MspInit 1 */
 185:Core/Src/stm32f1xx_hal_msp.c **** 
 186:Core/Src/stm32f1xx_hal_msp.c ****   }
 187:Core/Src/stm32f1xx_hal_msp.c **** 
 188:Core/Src/stm32f1xx_hal_msp.c **** }
 304              		.loc 1 188 1 view .LVU66
 305 0016 06B0     		add	sp, sp, #24
 306              	.LCFI9:
 307              		.cfi_remember_state
 308              		.cfi_def_cfa_offset 8
 309              		@ sp needed
 310 0018 10BD     		pop	{r4, pc}
 311              	.LVL14:
ARM GAS  /var/folders/8x/_y6g3dfs0698dfd49y4vcg_w0000gn/T//ccde3Jsw.s 			page 10


 312              	.L23:
 313              	.LCFI10:
 314              		.cfi_restore_state
 165:Core/Src/stm32f1xx_hal_msp.c **** 
 315              		.loc 1 165 5 is_stmt 1 view .LVU67
 316              	.LBB7:
 165:Core/Src/stm32f1xx_hal_msp.c **** 
 317              		.loc 1 165 5 view .LVU68
 165:Core/Src/stm32f1xx_hal_msp.c **** 
 318              		.loc 1 165 5 view .LVU69
 319 001a 03F55843 		add	r3, r3, #55296
 320 001e 9A69     		ldr	r2, [r3, #24]
 321 0020 42F48042 		orr	r2, r2, #16384
 322 0024 9A61     		str	r2, [r3, #24]
 165:Core/Src/stm32f1xx_hal_msp.c **** 
 323              		.loc 1 165 5 view .LVU70
 324 0026 9A69     		ldr	r2, [r3, #24]
 325 0028 02F48042 		and	r2, r2, #16384
 326 002c 0092     		str	r2, [sp]
 165:Core/Src/stm32f1xx_hal_msp.c **** 
 327              		.loc 1 165 5 view .LVU71
 328 002e 009A     		ldr	r2, [sp]
 329              	.LBE7:
 165:Core/Src/stm32f1xx_hal_msp.c **** 
 330              		.loc 1 165 5 view .LVU72
 167:Core/Src/stm32f1xx_hal_msp.c ****     /**USART1 GPIO Configuration
 331              		.loc 1 167 5 view .LVU73
 332              	.LBB8:
 167:Core/Src/stm32f1xx_hal_msp.c ****     /**USART1 GPIO Configuration
 333              		.loc 1 167 5 view .LVU74
 167:Core/Src/stm32f1xx_hal_msp.c ****     /**USART1 GPIO Configuration
 334              		.loc 1 167 5 view .LVU75
 335 0030 9A69     		ldr	r2, [r3, #24]
 336 0032 42F00402 		orr	r2, r2, #4
 337 0036 9A61     		str	r2, [r3, #24]
 167:Core/Src/stm32f1xx_hal_msp.c ****     /**USART1 GPIO Configuration
 338              		.loc 1 167 5 view .LVU76
 339 0038 9B69     		ldr	r3, [r3, #24]
 340 003a 03F00403 		and	r3, r3, #4
 341 003e 0193     		str	r3, [sp, #4]
 167:Core/Src/stm32f1xx_hal_msp.c ****     /**USART1 GPIO Configuration
 342              		.loc 1 167 5 view .LVU77
 343 0040 019B     		ldr	r3, [sp, #4]
 344              	.LBE8:
 167:Core/Src/stm32f1xx_hal_msp.c ****     /**USART1 GPIO Configuration
 345              		.loc 1 167 5 view .LVU78
 172:Core/Src/stm32f1xx_hal_msp.c ****     GPIO_InitStruct.Mode = GPIO_MODE_AF_PP;
 346              		.loc 1 172 5 view .LVU79
 172:Core/Src/stm32f1xx_hal_msp.c ****     GPIO_InitStruct.Mode = GPIO_MODE_AF_PP;
 347              		.loc 1 172 25 is_stmt 0 view .LVU80
 348 0042 4FF40073 		mov	r3, #512
 349 0046 0293     		str	r3, [sp, #8]
 173:Core/Src/stm32f1xx_hal_msp.c ****     GPIO_InitStruct.Speed = GPIO_SPEED_FREQ_HIGH;
 350              		.loc 1 173 5 is_stmt 1 view .LVU81
 173:Core/Src/stm32f1xx_hal_msp.c ****     GPIO_InitStruct.Speed = GPIO_SPEED_FREQ_HIGH;
 351              		.loc 1 173 26 is_stmt 0 view .LVU82
 352 0048 0223     		movs	r3, #2
ARM GAS  /var/folders/8x/_y6g3dfs0698dfd49y4vcg_w0000gn/T//ccde3Jsw.s 			page 11


 353 004a 0393     		str	r3, [sp, #12]
 174:Core/Src/stm32f1xx_hal_msp.c ****     HAL_GPIO_Init(GPIOA, &GPIO_InitStruct);
 354              		.loc 1 174 5 is_stmt 1 view .LVU83
 174:Core/Src/stm32f1xx_hal_msp.c ****     HAL_GPIO_Init(GPIOA, &GPIO_InitStruct);
 355              		.loc 1 174 27 is_stmt 0 view .LVU84
 356 004c 0323     		movs	r3, #3
 357 004e 0593     		str	r3, [sp, #20]
 175:Core/Src/stm32f1xx_hal_msp.c **** 
 358              		.loc 1 175 5 is_stmt 1 view .LVU85
 359 0050 084C     		ldr	r4, .L24+4
 360 0052 02A9     		add	r1, sp, #8
 361 0054 2046     		mov	r0, r4
 362              	.LVL15:
 175:Core/Src/stm32f1xx_hal_msp.c **** 
 363              		.loc 1 175 5 is_stmt 0 view .LVU86
 364 0056 FFF7FEFF 		bl	HAL_GPIO_Init
 365              	.LVL16:
 177:Core/Src/stm32f1xx_hal_msp.c ****     GPIO_InitStruct.Mode = GPIO_MODE_INPUT;
 366              		.loc 1 177 5 is_stmt 1 view .LVU87
 177:Core/Src/stm32f1xx_hal_msp.c ****     GPIO_InitStruct.Mode = GPIO_MODE_INPUT;
 367              		.loc 1 177 25 is_stmt 0 view .LVU88
 368 005a 4FF48063 		mov	r3, #1024
 369 005e 0293     		str	r3, [sp, #8]
 178:Core/Src/stm32f1xx_hal_msp.c ****     GPIO_InitStruct.Pull = GPIO_NOPULL;
 370              		.loc 1 178 5 is_stmt 1 view .LVU89
 178:Core/Src/stm32f1xx_hal_msp.c ****     GPIO_InitStruct.Pull = GPIO_NOPULL;
 371              		.loc 1 178 26 is_stmt 0 view .LVU90
 372 0060 0023     		movs	r3, #0
 373 0062 0393     		str	r3, [sp, #12]
 179:Core/Src/stm32f1xx_hal_msp.c ****     HAL_GPIO_Init(GPIOA, &GPIO_InitStruct);
 374              		.loc 1 179 5 is_stmt 1 view .LVU91
 179:Core/Src/stm32f1xx_hal_msp.c ****     HAL_GPIO_Init(GPIOA, &GPIO_InitStruct);
 375              		.loc 1 179 26 is_stmt 0 view .LVU92
 376 0064 0493     		str	r3, [sp, #16]
 180:Core/Src/stm32f1xx_hal_msp.c **** 
 377              		.loc 1 180 5 is_stmt 1 view .LVU93
 378 0066 02A9     		add	r1, sp, #8
 379 0068 2046     		mov	r0, r4
 380 006a FFF7FEFF 		bl	HAL_GPIO_Init
 381              	.LVL17:
 382              		.loc 1 188 1 is_stmt 0 view .LVU94
 383 006e D2E7     		b	.L20
 384              	.L25:
 385              		.align	2
 386              	.L24:
 387 0070 00380140 		.word	1073821696
 388 0074 00080140 		.word	1073809408
 389              		.cfi_endproc
 390              	.LFE68:
 392              		.section	.text.HAL_UART_MspDeInit,"ax",%progbits
 393              		.align	1
 394              		.global	HAL_UART_MspDeInit
 395              		.syntax unified
 396              		.thumb
 397              		.thumb_func
 399              	HAL_UART_MspDeInit:
 400              	.LVL18:
ARM GAS  /var/folders/8x/_y6g3dfs0698dfd49y4vcg_w0000gn/T//ccde3Jsw.s 			page 12


 401              	.LFB69:
 189:Core/Src/stm32f1xx_hal_msp.c **** 
 190:Core/Src/stm32f1xx_hal_msp.c **** /**
 191:Core/Src/stm32f1xx_hal_msp.c **** * @brief UART MSP De-Initialization
 192:Core/Src/stm32f1xx_hal_msp.c **** * This function freeze the hardware resources used in this example
 193:Core/Src/stm32f1xx_hal_msp.c **** * @param huart: UART handle pointer
 194:Core/Src/stm32f1xx_hal_msp.c **** * @retval None
 195:Core/Src/stm32f1xx_hal_msp.c **** */
 196:Core/Src/stm32f1xx_hal_msp.c **** void HAL_UART_MspDeInit(UART_HandleTypeDef* huart)
 197:Core/Src/stm32f1xx_hal_msp.c **** {
 402              		.loc 1 197 1 is_stmt 1 view -0
 403              		.cfi_startproc
 404              		@ args = 0, pretend = 0, frame = 0
 405              		@ frame_needed = 0, uses_anonymous_args = 0
 406              		.loc 1 197 1 is_stmt 0 view .LVU96
 407 0000 08B5     		push	{r3, lr}
 408              	.LCFI11:
 409              		.cfi_def_cfa_offset 8
 410              		.cfi_offset 3, -8
 411              		.cfi_offset 14, -4
 198:Core/Src/stm32f1xx_hal_msp.c ****   if(huart->Instance==USART1)
 412              		.loc 1 198 3 is_stmt 1 view .LVU97
 413              		.loc 1 198 11 is_stmt 0 view .LVU98
 414 0002 0268     		ldr	r2, [r0]
 415              		.loc 1 198 5 view .LVU99
 416 0004 074B     		ldr	r3, .L30
 417 0006 9A42     		cmp	r2, r3
 418 0008 00D0     		beq	.L29
 419              	.LVL19:
 420              	.L26:
 199:Core/Src/stm32f1xx_hal_msp.c ****   {
 200:Core/Src/stm32f1xx_hal_msp.c ****   /* USER CODE BEGIN USART1_MspDeInit 0 */
 201:Core/Src/stm32f1xx_hal_msp.c **** 
 202:Core/Src/stm32f1xx_hal_msp.c ****   /* USER CODE END USART1_MspDeInit 0 */
 203:Core/Src/stm32f1xx_hal_msp.c ****     /* Peripheral clock disable */
 204:Core/Src/stm32f1xx_hal_msp.c ****     __HAL_RCC_USART1_CLK_DISABLE();
 205:Core/Src/stm32f1xx_hal_msp.c **** 
 206:Core/Src/stm32f1xx_hal_msp.c ****     /**USART1 GPIO Configuration
 207:Core/Src/stm32f1xx_hal_msp.c ****     PA9     ------> USART1_TX
 208:Core/Src/stm32f1xx_hal_msp.c ****     PA10     ------> USART1_RX
 209:Core/Src/stm32f1xx_hal_msp.c ****     */
 210:Core/Src/stm32f1xx_hal_msp.c ****     HAL_GPIO_DeInit(GPIOA, GPIO_PIN_9|GPIO_PIN_10);
 211:Core/Src/stm32f1xx_hal_msp.c **** 
 212:Core/Src/stm32f1xx_hal_msp.c ****   /* USER CODE BEGIN USART1_MspDeInit 1 */
 213:Core/Src/stm32f1xx_hal_msp.c **** 
 214:Core/Src/stm32f1xx_hal_msp.c ****   /* USER CODE END USART1_MspDeInit 1 */
 215:Core/Src/stm32f1xx_hal_msp.c ****   }
 216:Core/Src/stm32f1xx_hal_msp.c **** 
 217:Core/Src/stm32f1xx_hal_msp.c **** }
 421              		.loc 1 217 1 view .LVU100
 422 000a 08BD     		pop	{r3, pc}
 423              	.LVL20:
 424              	.L29:
 204:Core/Src/stm32f1xx_hal_msp.c **** 
 425              		.loc 1 204 5 is_stmt 1 view .LVU101
 426 000c 064A     		ldr	r2, .L30+4
 427 000e 9369     		ldr	r3, [r2, #24]
ARM GAS  /var/folders/8x/_y6g3dfs0698dfd49y4vcg_w0000gn/T//ccde3Jsw.s 			page 13


 428 0010 23F48043 		bic	r3, r3, #16384
 429 0014 9361     		str	r3, [r2, #24]
 210:Core/Src/stm32f1xx_hal_msp.c **** 
 430              		.loc 1 210 5 view .LVU102
 431 0016 4FF4C061 		mov	r1, #1536
 432 001a 0448     		ldr	r0, .L30+8
 433              	.LVL21:
 210:Core/Src/stm32f1xx_hal_msp.c **** 
 434              		.loc 1 210 5 is_stmt 0 view .LVU103
 435 001c FFF7FEFF 		bl	HAL_GPIO_DeInit
 436              	.LVL22:
 437              		.loc 1 217 1 view .LVU104
 438 0020 F3E7     		b	.L26
 439              	.L31:
 440 0022 00BF     		.align	2
 441              	.L30:
 442 0024 00380140 		.word	1073821696
 443 0028 00100240 		.word	1073876992
 444 002c 00080140 		.word	1073809408
 445              		.cfi_endproc
 446              	.LFE69:
 448              		.text
 449              	.Letext0:
 450              		.file 2 "/Applications/ArmGNUToolchain/13.3.rel1/arm-none-eabi/arm-none-eabi/include/machine/_defa
 451              		.file 3 "/Applications/ArmGNUToolchain/13.3.rel1/arm-none-eabi/arm-none-eabi/include/sys/_stdint.h
 452              		.file 4 "Drivers/CMSIS/Device/ST/STM32F1xx/Include/stm32f103xb.h"
 453              		.file 5 "Drivers/STM32F1xx_HAL_Driver/Inc/stm32f1xx_hal_def.h"
 454              		.file 6 "Drivers/STM32F1xx_HAL_Driver/Inc/stm32f1xx_hal_gpio.h"
 455              		.file 7 "Drivers/STM32F1xx_HAL_Driver/Inc/stm32f1xx_hal_dma.h"
 456              		.file 8 "Drivers/STM32F1xx_HAL_Driver/Inc/stm32f1xx_hal_i2c.h"
 457              		.file 9 "Drivers/STM32F1xx_HAL_Driver/Inc/stm32f1xx_hal_uart.h"
ARM GAS  /var/folders/8x/_y6g3dfs0698dfd49y4vcg_w0000gn/T//ccde3Jsw.s 			page 14


DEFINED SYMBOLS
                            *ABS*:00000000 stm32f1xx_hal_msp.c
/var/folders/8x/_y6g3dfs0698dfd49y4vcg_w0000gn/T//ccde3Jsw.s:19     .text.HAL_MspInit:00000000 $t
/var/folders/8x/_y6g3dfs0698dfd49y4vcg_w0000gn/T//ccde3Jsw.s:25     .text.HAL_MspInit:00000000 HAL_MspInit
/var/folders/8x/_y6g3dfs0698dfd49y4vcg_w0000gn/T//ccde3Jsw.s:91     .text.HAL_MspInit:0000003c $d
/var/folders/8x/_y6g3dfs0698dfd49y4vcg_w0000gn/T//ccde3Jsw.s:97     .text.HAL_I2C_MspInit:00000000 $t
/var/folders/8x/_y6g3dfs0698dfd49y4vcg_w0000gn/T//ccde3Jsw.s:103    .text.HAL_I2C_MspInit:00000000 HAL_I2C_MspInit
/var/folders/8x/_y6g3dfs0698dfd49y4vcg_w0000gn/T//ccde3Jsw.s:201    .text.HAL_I2C_MspInit:00000058 $d
/var/folders/8x/_y6g3dfs0698dfd49y4vcg_w0000gn/T//ccde3Jsw.s:208    .text.HAL_I2C_MspDeInit:00000000 $t
/var/folders/8x/_y6g3dfs0698dfd49y4vcg_w0000gn/T//ccde3Jsw.s:214    .text.HAL_I2C_MspDeInit:00000000 HAL_I2C_MspDeInit
/var/folders/8x/_y6g3dfs0698dfd49y4vcg_w0000gn/T//ccde3Jsw.s:259    .text.HAL_I2C_MspDeInit:0000002c $d
/var/folders/8x/_y6g3dfs0698dfd49y4vcg_w0000gn/T//ccde3Jsw.s:266    .text.HAL_UART_MspInit:00000000 $t
/var/folders/8x/_y6g3dfs0698dfd49y4vcg_w0000gn/T//ccde3Jsw.s:272    .text.HAL_UART_MspInit:00000000 HAL_UART_MspInit
/var/folders/8x/_y6g3dfs0698dfd49y4vcg_w0000gn/T//ccde3Jsw.s:387    .text.HAL_UART_MspInit:00000070 $d
/var/folders/8x/_y6g3dfs0698dfd49y4vcg_w0000gn/T//ccde3Jsw.s:393    .text.HAL_UART_MspDeInit:00000000 $t
/var/folders/8x/_y6g3dfs0698dfd49y4vcg_w0000gn/T//ccde3Jsw.s:399    .text.HAL_UART_MspDeInit:00000000 HAL_UART_MspDeInit
/var/folders/8x/_y6g3dfs0698dfd49y4vcg_w0000gn/T//ccde3Jsw.s:442    .text.HAL_UART_MspDeInit:00000024 $d

UNDEFINED SYMBOLS
HAL_GPIO_Init
HAL_GPIO_DeInit
